ERROR - 2022-11-10 08:51:27 --> Error connecting to the database: mysqli_sql_exception: Unknown database 'stellarpc' in C:\xampp\htdocs\DarshenFYP\system\Database\MySQLi\Connection.php:171
Stack trace:
#0 C:\xampp\htdocs\DarshenFYP\system\Database\MySQLi\Connection.php(171): mysqli->real_connect('localhost', 'root', '', 'stellarpc', 3306, '', 0)
#1 C:\xampp\htdocs\DarshenFYP\system\Database\BaseConnection.php(382): CodeIgniter\Database\MySQLi\Connection->connect(false)
#2 C:\xampp\htdocs\DarshenFYP\system\Database\BaseConnection.php(588): CodeIgniter\Database\BaseConnection->initialize()
#3 C:\xampp\htdocs\DarshenFYP\system\Database\BaseBuilder.php(1585): CodeIgniter\Database\BaseConnection->query('SELECT *\nFROM `...', Array, false)
#4 C:\xampp\htdocs\DarshenFYP\system\Model.php(250): CodeIgniter\Database\BaseBuilder->get()
#5 C:\xampp\htdocs\DarshenFYP\system\BaseModel.php(622): CodeIgniter\Model->doFirst()
#6 C:\xampp\htdocs\DarshenFYP\app\Controllers\Home.php(23): CodeIgniter\BaseModel->first()
#7 C:\xampp\htdocs\DarshenFYP\system\CodeIgniter.php(904): App\Controllers\Home->index()
#8 C:\xampp\htdocs\DarshenFYP\system\CodeIgniter.php(457): CodeIgniter\CodeIgniter->runController(Object(App\Controllers\Home))
#9 C:\xampp\htdocs\DarshenFYP\system\CodeIgniter.php(340): CodeIgniter\CodeIgniter->handleRequest(NULL, Object(Config\Cache), false)
#10 C:\xampp\htdocs\DarshenFYP\public\index.php(67): CodeIgniter\CodeIgniter->run()
#11 {main}

Next CodeIgniter\Database\Exceptions\DatabaseException: Unknown database 'stellarpc' in C:\xampp\htdocs\DarshenFYP\system\Database\MySQLi\Connection.php:215
Stack trace:
#0 C:\xampp\htdocs\DarshenFYP\system\Database\BaseConnection.php(382): CodeIgniter\Database\MySQLi\Connection->connect(false)
#1 C:\xampp\htdocs\DarshenFYP\system\Database\BaseConnection.php(588): CodeIgniter\Database\BaseConnection->initialize()
#2 C:\xampp\htdocs\DarshenFYP\system\Database\BaseBuilder.php(1585): CodeIgniter\Database\BaseConnection->query('SELECT *\nFROM `...', Array, false)
#3 C:\xampp\htdocs\DarshenFYP\system\Model.php(250): CodeIgniter\Database\BaseBuilder->get()
#4 C:\xampp\htdocs\DarshenFYP\system\BaseModel.php(622): CodeIgniter\Model->doFirst()
#5 C:\xampp\htdocs\DarshenFYP\app\Controllers\Home.php(23): CodeIgniter\BaseModel->first()
#6 C:\xampp\htdocs\DarshenFYP\system\CodeIgniter.php(904): App\Controllers\Home->index()
#7 C:\xampp\htdocs\DarshenFYP\system\CodeIgniter.php(457): CodeIgniter\CodeIgniter->runController(Object(App\Controllers\Home))
#8 C:\xampp\htdocs\DarshenFYP\system\CodeIgniter.php(340): CodeIgniter\CodeIgniter->handleRequest(NULL, Object(Config\Cache), false)
#9 C:\xampp\htdocs\DarshenFYP\public\index.php(67): CodeIgniter\CodeIgniter->run()
#10 {main}
CRITICAL - 2022-11-10 08:51:27 --> Unable to connect to the database.
Main connection [MySQLi]: Unknown database 'stellarpc'
in SYSTEMPATH\Database\BaseConnection.php on line 418.
 1 SYSTEMPATH\Database\BaseConnection.php(588): CodeIgniter\Database\BaseConnection->initialize()
 2 SYSTEMPATH\Database\BaseBuilder.php(1585): CodeIgniter\Database\BaseConnection->query('SELECT *
FROM `product`
ORDER BY `ProductPrice` ASC
 LIMIT 1', [], false)
 3 SYSTEMPATH\Model.php(250): CodeIgniter\Database\BaseBuilder->get()
 4 SYSTEMPATH\BaseModel.php(622): CodeIgniter\Model->doFirst()
 5 APPPATH\Controllers\Home.php(23): CodeIgniter\BaseModel->first()
 6 SYSTEMPATH\CodeIgniter.php(904): App\Controllers\Home->index()
 7 SYSTEMPATH\CodeIgniter.php(457): CodeIgniter\CodeIgniter->runController(Object(App\Controllers\Home))
 8 SYSTEMPATH\CodeIgniter.php(340): CodeIgniter\CodeIgniter->handleRequest(null, Object(Config\Cache), false)
 9 FCPATH\index.php(67): CodeIgniter\CodeIgniter->run()
CRITICAL - 2022-11-10 08:58:34 --> Unclosed '{' on line 101
in APPPATH\Views\Home\PromotionDetails.php on line 177.
 1 SYSTEMPATH\View\View.php(216): CodeIgniter\View\View->CodeIgniter\View\{closure}()
 2 SYSTEMPATH\Common.php(1142): CodeIgniter\View\View->render('Home/PromotionDetails.php', [], true)
 3 APPPATH\Controllers\Home.php(227): view('Home/PromotionDetails.php', [...])
 4 SYSTEMPATH\CodeIgniter.php(904): App\Controllers\Home->PromotionDetails('3004')
 5 SYSTEMPATH\CodeIgniter.php(457): CodeIgniter\CodeIgniter->runController(Object(App\Controllers\Home))
 6 SYSTEMPATH\CodeIgniter.php(340): CodeIgniter\CodeIgniter->handleRequest(null, Object(Config\Cache), false)
 7 FCPATH\index.php(67): CodeIgniter\CodeIgniter->run()
CRITICAL - 2022-11-10 08:59:52 --> Undefined variable $NoreadyPromo
in APPPATH\Views\Home\PromotionDetails.php on line 101.
 1 APPPATH\Views\Home\PromotionDetails.php(101): CodeIgniter\Debug\Exceptions->errorHandler(2, 'Undefined variable $NoreadyPromo', 'APPPATH\\Views\\Home\\PromotionDetails.php', 101)
 2 SYSTEMPATH\View\View.php(213): include('APPPATH\\Views\\Home\\PromotionDetails.php')
 3 SYSTEMPATH\View\View.php(216): CodeIgniter\View\View->CodeIgniter\View\{closure}()
 4 SYSTEMPATH\Common.php(1142): CodeIgniter\View\View->render('Home/PromotionDetails.php', [], true)
 5 APPPATH\Controllers\Home.php(227): view('Home/PromotionDetails.php', [...])
 6 SYSTEMPATH\CodeIgniter.php(904): App\Controllers\Home->PromotionDetails('3004')
 7 SYSTEMPATH\CodeIgniter.php(457): CodeIgniter\CodeIgniter->runController(Object(App\Controllers\Home))
 8 SYSTEMPATH\CodeIgniter.php(340): CodeIgniter\CodeIgniter->handleRequest(null, Object(Config\Cache), false)
 9 FCPATH\index.php(67): CodeIgniter\CodeIgniter->run()
