CRITICAL - 2022-09-12 23:02:54 --> Undefined variable $result
in APPPATH\Models\Product_model.php on line 10.
 1 APPPATH\Models\Product_model.php(10): CodeIgniter\Debug\Exceptions->errorHandler(2, 'Undefined variable $result', 'APPPATH\\Models\\Product_model.php', 10)
 2 APPPATH\Controllers\Home.php(120): App\Models\Product_model->product_list()
 3 SYSTEMPATH\CodeIgniter.php(904): App\Controllers\Home->Products()
 4 SYSTEMPATH\CodeIgniter.php(457): CodeIgniter\CodeIgniter->runController(Object(App\Controllers\Home))
 5 SYSTEMPATH\CodeIgniter.php(340): CodeIgniter\CodeIgniter->handleRequest(null, Object(Config\Cache), false)
 6 FCPATH\index.php(67): CodeIgniter\CodeIgniter->run()
CRITICAL - 2022-09-12 23:03:59 --> mysqli_query(): Argument #1 ($mysql) must be of type mysqli, CodeIgniter\Database\MySQLi\Result given
in APPPATH\Models\Product_model.php on line 10.
 1 APPPATH\Models\Product_model.php(10): mysqli_query(Object(CodeIgniter\Database\MySQLi\Result), 'select ProductImage from product')
 2 APPPATH\Controllers\Home.php(120): App\Models\Product_model->product_list()
 3 SYSTEMPATH\CodeIgniter.php(904): App\Controllers\Home->Products()
 4 SYSTEMPATH\CodeIgniter.php(457): CodeIgniter\CodeIgniter->runController(Object(App\Controllers\Home))
 5 SYSTEMPATH\CodeIgniter.php(340): CodeIgniter\CodeIgniter->handleRequest(null, Object(Config\Cache), false)
 6 FCPATH\index.php(67): CodeIgniter\CodeIgniter->run()
CRITICAL - 2022-09-12 23:04:06 --> mysqli_query(): Argument #1 ($mysql) must be of type mysqli, CodeIgniter\Database\MySQLi\Connection given
in APPPATH\Models\Product_model.php on line 10.
 1 APPPATH\Models\Product_model.php(10): mysqli_query(Object(CodeIgniter\Database\MySQLi\Connection), 'select ProductImage from product')
 2 APPPATH\Controllers\Home.php(120): App\Models\Product_model->product_list()
 3 SYSTEMPATH\CodeIgniter.php(904): App\Controllers\Home->Products()
 4 SYSTEMPATH\CodeIgniter.php(457): CodeIgniter\CodeIgniter->runController(Object(App\Controllers\Home))
 5 SYSTEMPATH\CodeIgniter.php(340): CodeIgniter\CodeIgniter->handleRequest(null, Object(Config\Cache), false)
 6 FCPATH\index.php(67): CodeIgniter\CodeIgniter->run()
CRITICAL - 2022-09-12 23:04:28 --> mysqli_fetch_array(): Argument #1 ($result) must be of type mysqli_result, CodeIgniter\Database\MySQLi\Result given
in APPPATH\Models\Product_model.php on line 11.
 1 APPPATH\Models\Product_model.php(11): mysqli_fetch_array(Object(CodeIgniter\Database\MySQLi\Result))
 2 APPPATH\Controllers\Home.php(120): App\Models\Product_model->product_list()
 3 SYSTEMPATH\CodeIgniter.php(904): App\Controllers\Home->Products()
 4 SYSTEMPATH\CodeIgniter.php(457): CodeIgniter\CodeIgniter->runController(Object(App\Controllers\Home))
 5 SYSTEMPATH\CodeIgniter.php(340): CodeIgniter\CodeIgniter->handleRequest(null, Object(Config\Cache), false)
 6 FCPATH\index.php(67): CodeIgniter\CodeIgniter->run()
CRITICAL - 2022-09-12 23:05:34 --> mysqli_fetch_array(): Argument #1 ($result) must be of type mysqli_result, CodeIgniter\Database\MySQLi\Result given
in APPPATH\Models\Product_model.php on line 11.
 1 APPPATH\Models\Product_model.php(11): mysqli_fetch_array(Object(CodeIgniter\Database\MySQLi\Result))
 2 APPPATH\Controllers\Home.php(120): App\Models\Product_model->product_list()
 3 SYSTEMPATH\CodeIgniter.php(904): App\Controllers\Home->Products()
 4 SYSTEMPATH\CodeIgniter.php(457): CodeIgniter\CodeIgniter->runController(Object(App\Controllers\Home))
 5 SYSTEMPATH\CodeIgniter.php(340): CodeIgniter\CodeIgniter->handleRequest(null, Object(Config\Cache), false)
 6 FCPATH\index.php(67): CodeIgniter\CodeIgniter->run()
CRITICAL - 2022-09-12 23:07:30 --> 'break' not in the 'loop' or 'switch' context
in APPPATH\Models\Product_model.php on line 14.
 1 [internal function]: CodeIgniter\Debug\Exceptions->shutdownHandler()
CRITICAL - 2022-09-12 23:07:56 --> mysqli_fetch_array(): Argument #1 ($result) must be of type mysqli_result, CodeIgniter\Database\MySQLi\Result given
in APPPATH\Models\Product_model.php on line 11.
 1 APPPATH\Models\Product_model.php(11): mysqli_fetch_array(Object(CodeIgniter\Database\MySQLi\Result))
 2 APPPATH\Controllers\Home.php(120): App\Models\Product_model->product_list()
 3 SYSTEMPATH\CodeIgniter.php(904): App\Controllers\Home->Products()
 4 SYSTEMPATH\CodeIgniter.php(457): CodeIgniter\CodeIgniter->runController(Object(App\Controllers\Home))
 5 SYSTEMPATH\CodeIgniter.php(340): CodeIgniter\CodeIgniter->handleRequest(null, Object(Config\Cache), false)
 6 FCPATH\index.php(67): CodeIgniter\CodeIgniter->run()
CRITICAL - 2022-09-12 23:08:25 --> mysqli_fetch_array(): Argument #1 ($result) must be of type mysqli_result, CodeIgniter\Database\MySQLi\Result given
in APPPATH\Models\Product_model.php on line 18.
 1 APPPATH\Models\Product_model.php(18): mysqli_fetch_array(Object(CodeIgniter\Database\MySQLi\Result))
 2 APPPATH\Controllers\Home.php(120): App\Models\Product_model->product_list()
 3 SYSTEMPATH\CodeIgniter.php(904): App\Controllers\Home->Products()
 4 SYSTEMPATH\CodeIgniter.php(457): CodeIgniter\CodeIgniter->runController(Object(App\Controllers\Home))
 5 SYSTEMPATH\CodeIgniter.php(340): CodeIgniter\CodeIgniter->handleRequest(null, Object(Config\Cache), false)
 6 FCPATH\index.php(67): CodeIgniter\CodeIgniter->run()
CRITICAL - 2022-09-12 23:13:48 --> syntax error, unexpected token "}"
in APPPATH\Models\Product_model.php on line 17.
 1 SYSTEMPATH\Autoloader\Autoloader.php(259): CodeIgniter\Autoloader\Autoloader->includeFile('APPPATH\\Models\\Product_model.php')
 2 SYSTEMPATH\Autoloader\Autoloader.php(237): CodeIgniter\Autoloader\Autoloader->loadInNamespace('App\\Models\\product_model')
 3 APPPATH\Controllers\Home.php(119): CodeIgniter\Autoloader\Autoloader->loadClass('App\\Models\\product_model')
 4 SYSTEMPATH\CodeIgniter.php(904): App\Controllers\Home->Products()
 5 SYSTEMPATH\CodeIgniter.php(457): CodeIgniter\CodeIgniter->runController(Object(App\Controllers\Home))
 6 SYSTEMPATH\CodeIgniter.php(340): CodeIgniter\CodeIgniter->handleRequest(null, Object(Config\Cache), false)
 7 FCPATH\index.php(67): CodeIgniter\CodeIgniter->run()
CRITICAL - 2022-09-12 23:13:59 --> mysqli_fetch_array(): Argument #1 ($result) must be of type mysqli_result, CodeIgniter\Database\MySQLi\Result given
in APPPATH\Models\Product_model.php on line 14.
 1 APPPATH\Models\Product_model.php(14): mysqli_fetch_array(Object(CodeIgniter\Database\MySQLi\Result))
 2 APPPATH\Controllers\Home.php(120): App\Models\Product_model->product_list()
 3 SYSTEMPATH\CodeIgniter.php(904): App\Controllers\Home->Products()
 4 SYSTEMPATH\CodeIgniter.php(457): CodeIgniter\CodeIgniter->runController(Object(App\Controllers\Home))
 5 SYSTEMPATH\CodeIgniter.php(340): CodeIgniter\CodeIgniter->handleRequest(null, Object(Config\Cache), false)
 6 FCPATH\index.php(67): CodeIgniter\CodeIgniter->run()
CRITICAL - 2022-09-12 23:15:44 --> syntax error, unexpected token ","
in APPPATH\Models\Product_model.php on line 9.
 1 SYSTEMPATH\Autoloader\Autoloader.php(259): CodeIgniter\Autoloader\Autoloader->includeFile('APPPATH\\Models\\Product_model.php')
 2 SYSTEMPATH\Autoloader\Autoloader.php(237): CodeIgniter\Autoloader\Autoloader->loadInNamespace('App\\Models\\product_model')
 3 APPPATH\Controllers\Home.php(119): CodeIgniter\Autoloader\Autoloader->loadClass('App\\Models\\product_model')
 4 SYSTEMPATH\CodeIgniter.php(904): App\Controllers\Home->Products()
 5 SYSTEMPATH\CodeIgniter.php(457): CodeIgniter\CodeIgniter->runController(Object(App\Controllers\Home))
 6 SYSTEMPATH\CodeIgniter.php(340): CodeIgniter\CodeIgniter->handleRequest(null, Object(Config\Cache), false)
 7 FCPATH\index.php(67): CodeIgniter\CodeIgniter->run()
CRITICAL - 2022-09-12 23:17:35 --> mysqli_fetch_array(): Argument #1 ($result) must be of type mysqli_result, CodeIgniter\Database\MySQLi\Result given
in APPPATH\Models\Product_model.php on line 12.
 1 APPPATH\Models\Product_model.php(12): mysqli_fetch_array(Object(CodeIgniter\Database\MySQLi\Result))
 2 APPPATH\Controllers\Home.php(120): App\Models\Product_model->product_list()
 3 SYSTEMPATH\CodeIgniter.php(904): App\Controllers\Home->Products()
 4 SYSTEMPATH\CodeIgniter.php(457): CodeIgniter\CodeIgniter->runController(Object(App\Controllers\Home))
 5 SYSTEMPATH\CodeIgniter.php(340): CodeIgniter\CodeIgniter->handleRequest(null, Object(Config\Cache), false)
 6 FCPATH\index.php(67): CodeIgniter\CodeIgniter->run()
CRITICAL - 2022-09-12 23:19:48 --> Call to a member function result_array() on array
in APPPATH\Models\Product_model.php on line 15.
 1 APPPATH\Controllers\Home.php(120): App\Models\Product_model->product_list()
 2 SYSTEMPATH\CodeIgniter.php(904): App\Controllers\Home->Products()
 3 SYSTEMPATH\CodeIgniter.php(457): CodeIgniter\CodeIgniter->runController(Object(App\Controllers\Home))
 4 SYSTEMPATH\CodeIgniter.php(340): CodeIgniter\CodeIgniter->handleRequest(null, Object(Config\Cache), false)
 5 FCPATH\index.php(67): CodeIgniter\CodeIgniter->run()
CRITICAL - 2022-09-12 23:20:34 --> Call to undefined method CodeIgniter\Database\MySQLi\Result::result_array()
in APPPATH\Models\Product_model.php on line 11.
 1 APPPATH\Controllers\Home.php(120): App\Models\Product_model->product_list()
 2 SYSTEMPATH\CodeIgniter.php(904): App\Controllers\Home->Products()
 3 SYSTEMPATH\CodeIgniter.php(457): CodeIgniter\CodeIgniter->runController(Object(App\Controllers\Home))
 4 SYSTEMPATH\CodeIgniter.php(340): CodeIgniter\CodeIgniter->handleRequest(null, Object(Config\Cache), false)
 5 FCPATH\index.php(67): CodeIgniter\CodeIgniter->run()
CRITICAL - 2022-09-12 23:23:49 --> Call to undefined method CodeIgniter\Database\MySQLi\Result::result_array()
in APPPATH\Models\Product_model.php on line 11.
 1 APPPATH\Controllers\Home.php(120): App\Models\Product_model->product_list()
 2 SYSTEMPATH\CodeIgniter.php(904): App\Controllers\Home->Products()
 3 SYSTEMPATH\CodeIgniter.php(457): CodeIgniter\CodeIgniter->runController(Object(App\Controllers\Home))
 4 SYSTEMPATH\CodeIgniter.php(340): CodeIgniter\CodeIgniter->handleRequest(null, Object(Config\Cache), false)
 5 FCPATH\index.php(67): CodeIgniter\CodeIgniter->run()
CRITICAL - 2022-09-12 23:24:28 --> syntax error, unexpected token "}", expecting ";"
in APPPATH\Models\Product_model.php on line 16.
 1 SYSTEMPATH\Autoloader\Autoloader.php(259): CodeIgniter\Autoloader\Autoloader->includeFile('APPPATH\\Models\\Product_model.php')
 2 SYSTEMPATH\Autoloader\Autoloader.php(237): CodeIgniter\Autoloader\Autoloader->loadInNamespace('App\\Models\\product_model')
 3 APPPATH\Controllers\Home.php(119): CodeIgniter\Autoloader\Autoloader->loadClass('App\\Models\\product_model')
 4 SYSTEMPATH\CodeIgniter.php(904): App\Controllers\Home->Products()
 5 SYSTEMPATH\CodeIgniter.php(457): CodeIgniter\CodeIgniter->runController(Object(App\Controllers\Home))
 6 SYSTEMPATH\CodeIgniter.php(340): CodeIgniter\CodeIgniter->handleRequest(null, Object(Config\Cache), false)
 7 FCPATH\index.php(67): CodeIgniter\CodeIgniter->run()
CRITICAL - 2022-09-12 23:24:36 --> Call to undefined method CodeIgniter\Database\MySQLi\Result::result_array()
in APPPATH\Models\Product_model.php on line 11.
 1 APPPATH\Controllers\Home.php(120): App\Models\Product_model->product_list()
 2 SYSTEMPATH\CodeIgniter.php(904): App\Controllers\Home->Products()
 3 SYSTEMPATH\CodeIgniter.php(457): CodeIgniter\CodeIgniter->runController(Object(App\Controllers\Home))
 4 SYSTEMPATH\CodeIgniter.php(340): CodeIgniter\CodeIgniter->handleRequest(null, Object(Config\Cache), false)
 5 FCPATH\index.php(67): CodeIgniter\CodeIgniter->run()
CRITICAL - 2022-09-12 23:27:32 --> Call to undefined method CodeIgniter\Database\MySQLi\Result::result_array()
in APPPATH\Models\Product_model.php on line 12.
 1 APPPATH\Controllers\Home.php(120): App\Models\Product_model->product_list()
 2 SYSTEMPATH\CodeIgniter.php(904): App\Controllers\Home->Products()
 3 SYSTEMPATH\CodeIgniter.php(457): CodeIgniter\CodeIgniter->runController(Object(App\Controllers\Home))
 4 SYSTEMPATH\CodeIgniter.php(340): CodeIgniter\CodeIgniter->handleRequest(null, Object(Config\Cache), false)
 5 FCPATH\index.php(67): CodeIgniter\CodeIgniter->run()
CRITICAL - 2022-09-12 23:27:33 --> Call to undefined method CodeIgniter\Database\MySQLi\Result::result_array()
in APPPATH\Models\Product_model.php on line 12.
 1 APPPATH\Controllers\Home.php(120): App\Models\Product_model->product_list()
 2 SYSTEMPATH\CodeIgniter.php(904): App\Controllers\Home->Products()
 3 SYSTEMPATH\CodeIgniter.php(457): CodeIgniter\CodeIgniter->runController(Object(App\Controllers\Home))
 4 SYSTEMPATH\CodeIgniter.php(340): CodeIgniter\CodeIgniter->handleRequest(null, Object(Config\Cache), false)
 5 FCPATH\index.php(67): CodeIgniter\CodeIgniter->run()
CRITICAL - 2022-09-12 23:29:37 --> Call to undefined method CodeIgniter\Database\MySQLi\Result::result_array()
in APPPATH\Models\Product_model.php on line 10.
 1 APPPATH\Controllers\Home.php(120): App\Models\Product_model->product_list()
 2 SYSTEMPATH\CodeIgniter.php(904): App\Controllers\Home->Products()
 3 SYSTEMPATH\CodeIgniter.php(457): CodeIgniter\CodeIgniter->runController(Object(App\Controllers\Home))
 4 SYSTEMPATH\CodeIgniter.php(340): CodeIgniter\CodeIgniter->handleRequest(null, Object(Config\Cache), false)
 5 FCPATH\index.php(67): CodeIgniter\CodeIgniter->run()
CRITICAL - 2022-09-12 23:29:58 --> Undefined property: stdClass::$img_src
in APPPATH\Views\Home\Products.php on line 13.
 1 APPPATH\Views\Home\Products.php(13): CodeIgniter\Debug\Exceptions->errorHandler(2, 'Undefined property: stdClass::$img_src', 'APPPATH\\Views\\Home\\Products.php', 13)
 2 SYSTEMPATH\View\View.php(213): include('APPPATH\\Views\\Home\\Products.php')
 3 SYSTEMPATH\View\View.php(216): CodeIgniter\View\View->CodeIgniter\View\{closure}()
 4 SYSTEMPATH\Common.php(1142): CodeIgniter\View\View->render('Home/Products.php', [], true)
 5 APPPATH\Controllers\Home.php(124): view('Home/Products.php', [...])
 6 SYSTEMPATH\CodeIgniter.php(904): App\Controllers\Home->Products()
 7 SYSTEMPATH\CodeIgniter.php(457): CodeIgniter\CodeIgniter->runController(Object(App\Controllers\Home))
 8 SYSTEMPATH\CodeIgniter.php(340): CodeIgniter\CodeIgniter->handleRequest(null, Object(Config\Cache), false)
 9 FCPATH\index.php(67): CodeIgniter\CodeIgniter->run()
CRITICAL - 2022-09-12 23:30:29 --> Undefined property: stdClass::$img_src
in APPPATH\Views\Home\Products.php on line 13.
 1 APPPATH\Views\Home\Products.php(13): CodeIgniter\Debug\Exceptions->errorHandler(2, 'Undefined property: stdClass::$img_src', 'APPPATH\\Views\\Home\\Products.php', 13)
 2 SYSTEMPATH\View\View.php(213): include('APPPATH\\Views\\Home\\Products.php')
 3 SYSTEMPATH\View\View.php(216): CodeIgniter\View\View->CodeIgniter\View\{closure}()
 4 SYSTEMPATH\Common.php(1142): CodeIgniter\View\View->render('Home/Products.php', [], true)
 5 APPPATH\Controllers\Home.php(124): view('Home/Products.php', [...])
 6 SYSTEMPATH\CodeIgniter.php(904): App\Controllers\Home->Products()
 7 SYSTEMPATH\CodeIgniter.php(457): CodeIgniter\CodeIgniter->runController(Object(App\Controllers\Home))
 8 SYSTEMPATH\CodeIgniter.php(340): CodeIgniter\CodeIgniter->handleRequest(null, Object(Config\Cache), false)
 9 FCPATH\index.php(67): CodeIgniter\CodeIgniter->run()
CRITICAL - 2022-09-12 23:30:30 --> Undefined property: stdClass::$img_src
in APPPATH\Views\Home\Products.php on line 13.
 1 APPPATH\Views\Home\Products.php(13): CodeIgniter\Debug\Exceptions->errorHandler(2, 'Undefined property: stdClass::$img_src', 'APPPATH\\Views\\Home\\Products.php', 13)
 2 SYSTEMPATH\View\View.php(213): include('APPPATH\\Views\\Home\\Products.php')
 3 SYSTEMPATH\View\View.php(216): CodeIgniter\View\View->CodeIgniter\View\{closure}()
 4 SYSTEMPATH\Common.php(1142): CodeIgniter\View\View->render('Home/Products.php', [], true)
 5 APPPATH\Controllers\Home.php(124): view('Home/Products.php', [...])
 6 SYSTEMPATH\CodeIgniter.php(904): App\Controllers\Home->Products()
 7 SYSTEMPATH\CodeIgniter.php(457): CodeIgniter\CodeIgniter->runController(Object(App\Controllers\Home))
 8 SYSTEMPATH\CodeIgniter.php(340): CodeIgniter\CodeIgniter->handleRequest(null, Object(Config\Cache), false)
 9 FCPATH\index.php(67): CodeIgniter\CodeIgniter->run()
CRITICAL - 2022-09-12 23:30:32 --> Undefined property: stdClass::$img_src
in APPPATH\Views\Home\Products.php on line 13.
 1 APPPATH\Views\Home\Products.php(13): CodeIgniter\Debug\Exceptions->errorHandler(2, 'Undefined property: stdClass::$img_src', 'APPPATH\\Views\\Home\\Products.php', 13)
 2 SYSTEMPATH\View\View.php(213): include('APPPATH\\Views\\Home\\Products.php')
 3 SYSTEMPATH\View\View.php(216): CodeIgniter\View\View->CodeIgniter\View\{closure}()
 4 SYSTEMPATH\Common.php(1142): CodeIgniter\View\View->render('Home/Products.php', [], true)
 5 APPPATH\Controllers\Home.php(124): view('Home/Products.php', [...])
 6 SYSTEMPATH\CodeIgniter.php(904): App\Controllers\Home->Products()
 7 SYSTEMPATH\CodeIgniter.php(457): CodeIgniter\CodeIgniter->runController(Object(App\Controllers\Home))
 8 SYSTEMPATH\CodeIgniter.php(340): CodeIgniter\CodeIgniter->handleRequest(null, Object(Config\Cache), false)
 9 FCPATH\index.php(67): CodeIgniter\CodeIgniter->run()
CRITICAL - 2022-09-12 23:30:50 --> Undefined property: stdClass::$img_src
in APPPATH\Views\Home\Products.php on line 13.
 1 APPPATH\Views\Home\Products.php(13): CodeIgniter\Debug\Exceptions->errorHandler(2, 'Undefined property: stdClass::$img_src', 'APPPATH\\Views\\Home\\Products.php', 13)
 2 SYSTEMPATH\View\View.php(213): include('APPPATH\\Views\\Home\\Products.php')
 3 SYSTEMPATH\View\View.php(216): CodeIgniter\View\View->CodeIgniter\View\{closure}()
 4 SYSTEMPATH\Common.php(1142): CodeIgniter\View\View->render('Home/Products.php', [], true)
 5 APPPATH\Controllers\Home.php(121): view('Home/Products.php', [...])
 6 SYSTEMPATH\CodeIgniter.php(904): App\Controllers\Home->Products()
 7 SYSTEMPATH\CodeIgniter.php(457): CodeIgniter\CodeIgniter->runController(Object(App\Controllers\Home))
 8 SYSTEMPATH\CodeIgniter.php(340): CodeIgniter\CodeIgniter->handleRequest(null, Object(Config\Cache), false)
 9 FCPATH\index.php(67): CodeIgniter\CodeIgniter->run()
CRITICAL - 2022-09-12 23:33:06 --> Call to undefined method CodeIgniter\Database\MySQLi\Result::getResult_array()
in APPPATH\Models\Product_model.php on line 12.
 1 APPPATH\Controllers\Home.php(120): App\Models\Product_model->product_list()
 2 SYSTEMPATH\CodeIgniter.php(904): App\Controllers\Home->Products()
 3 SYSTEMPATH\CodeIgniter.php(457): CodeIgniter\CodeIgniter->runController(Object(App\Controllers\Home))
 4 SYSTEMPATH\CodeIgniter.php(340): CodeIgniter\CodeIgniter->handleRequest(null, Object(Config\Cache), false)
 5 FCPATH\index.php(67): CodeIgniter\CodeIgniter->run()
CRITICAL - 2022-09-12 23:33:43 --> Call to undefined method CodeIgniter\Database\MySQLi\Result::getResult_array()
in APPPATH\Models\Product_model.php on line 12.
 1 APPPATH\Controllers\Home.php(120): App\Models\Product_model->product_list()
 2 SYSTEMPATH\CodeIgniter.php(904): App\Controllers\Home->Products()
 3 SYSTEMPATH\CodeIgniter.php(457): CodeIgniter\CodeIgniter->runController(Object(App\Controllers\Home))
 4 SYSTEMPATH\CodeIgniter.php(340): CodeIgniter\CodeIgniter->handleRequest(null, Object(Config\Cache), false)
 5 FCPATH\index.php(67): CodeIgniter\CodeIgniter->run()
CRITICAL - 2022-09-12 23:34:45 --> Call to undefined method CodeIgniter\Database\MySQLi\Result::getResult_array()
in APPPATH\Models\Product_model.php on line 12.
 1 APPPATH\Controllers\Home.php(120): App\Models\Product_model->product_list()
 2 SYSTEMPATH\CodeIgniter.php(904): App\Controllers\Home->Products()
 3 SYSTEMPATH\CodeIgniter.php(457): CodeIgniter\CodeIgniter->runController(Object(App\Controllers\Home))
 4 SYSTEMPATH\CodeIgniter.php(340): CodeIgniter\CodeIgniter->handleRequest(null, Object(Config\Cache), false)
 5 FCPATH\index.php(67): CodeIgniter\CodeIgniter->run()
CRITICAL - 2022-09-12 23:35:05 --> Call to undefined method CodeIgniter\Database\MySQLi\Result::getResult_array()
in APPPATH\Models\Product_model.php on line 12.
 1 APPPATH\Controllers\Home.php(120): App\Models\Product_model->product_list()
 2 SYSTEMPATH\CodeIgniter.php(904): App\Controllers\Home->Products()
 3 SYSTEMPATH\CodeIgniter.php(457): CodeIgniter\CodeIgniter->runController(Object(App\Controllers\Home))
 4 SYSTEMPATH\CodeIgniter.php(340): CodeIgniter\CodeIgniter->handleRequest(null, Object(Config\Cache), false)
 5 FCPATH\index.php(67): CodeIgniter\CodeIgniter->run()
CRITICAL - 2022-09-12 23:35:22 --> Call to undefined method CodeIgniter\Database\MySQLi\Result::getResult_array()
in APPPATH\Models\Product_model.php on line 12.
 1 APPPATH\Controllers\Home.php(120): App\Models\Product_model->product_list()
 2 SYSTEMPATH\CodeIgniter.php(904): App\Controllers\Home->Products()
 3 SYSTEMPATH\CodeIgniter.php(457): CodeIgniter\CodeIgniter->runController(Object(App\Controllers\Home))
 4 SYSTEMPATH\CodeIgniter.php(340): CodeIgniter\CodeIgniter->handleRequest(null, Object(Config\Cache), false)
 5 FCPATH\index.php(67): CodeIgniter\CodeIgniter->run()
CRITICAL - 2022-09-12 23:40:45 --> You must set the database table to be used with your query.
in SYSTEMPATH\Database\BaseConnection.php on line 872.
 1 SYSTEMPATH\Model.php(587): CodeIgniter\Database\BaseConnection->table(null)
 2 SYSTEMPATH\Model.php(764): CodeIgniter\Model->builder()
 3 APPPATH\Controllers\Home.php(120): CodeIgniter\Model->__call('product_list_array', [])
 4 SYSTEMPATH\CodeIgniter.php(904): App\Controllers\Home->Products()
 5 SYSTEMPATH\CodeIgniter.php(457): CodeIgniter\CodeIgniter->runController(Object(App\Controllers\Home))
 6 SYSTEMPATH\CodeIgniter.php(340): CodeIgniter\CodeIgniter->handleRequest(null, Object(Config\Cache), false)
 7 FCPATH\index.php(67): CodeIgniter\CodeIgniter->run()
CRITICAL - 2022-09-12 23:41:19 --> You must set the database table to be used with your query.
in SYSTEMPATH\Database\BaseConnection.php on line 872.
 1 SYSTEMPATH\Model.php(587): CodeIgniter\Database\BaseConnection->table(null)
 2 SYSTEMPATH\Model.php(764): CodeIgniter\Model->builder()
 3 APPPATH\Controllers\Home.php(120): CodeIgniter\Model->__call('product_list_array', [])
 4 SYSTEMPATH\CodeIgniter.php(904): App\Controllers\Home->Products()
 5 SYSTEMPATH\CodeIgniter.php(457): CodeIgniter\CodeIgniter->runController(Object(App\Controllers\Home))
 6 SYSTEMPATH\CodeIgniter.php(340): CodeIgniter\CodeIgniter->handleRequest(null, Object(Config\Cache), false)
 7 FCPATH\index.php(67): CodeIgniter\CodeIgniter->run()
CRITICAL - 2022-09-12 23:41:53 --> You must set the database table to be used with your query.
in SYSTEMPATH\Database\BaseConnection.php on line 872.
 1 SYSTEMPATH\Model.php(587): CodeIgniter\Database\BaseConnection->table(null)
 2 SYSTEMPATH\Model.php(764): CodeIgniter\Model->builder()
 3 APPPATH\Controllers\Home.php(120): CodeIgniter\Model->__call('product_list_array', [])
 4 SYSTEMPATH\CodeIgniter.php(904): App\Controllers\Home->Products()
 5 SYSTEMPATH\CodeIgniter.php(457): CodeIgniter\CodeIgniter->runController(Object(App\Controllers\Home))
 6 SYSTEMPATH\CodeIgniter.php(340): CodeIgniter\CodeIgniter->handleRequest(null, Object(Config\Cache), false)
 7 FCPATH\index.php(67): CodeIgniter\CodeIgniter->run()
CRITICAL - 2022-09-12 23:41:55 --> You must set the database table to be used with your query.
in SYSTEMPATH\Database\BaseConnection.php on line 872.
 1 SYSTEMPATH\Model.php(587): CodeIgniter\Database\BaseConnection->table(null)
 2 SYSTEMPATH\Model.php(764): CodeIgniter\Model->builder()
 3 APPPATH\Controllers\Home.php(120): CodeIgniter\Model->__call('product_list_array', [])
 4 SYSTEMPATH\CodeIgniter.php(904): App\Controllers\Home->Products()
 5 SYSTEMPATH\CodeIgniter.php(457): CodeIgniter\CodeIgniter->runController(Object(App\Controllers\Home))
 6 SYSTEMPATH\CodeIgniter.php(340): CodeIgniter\CodeIgniter->handleRequest(null, Object(Config\Cache), false)
 7 FCPATH\index.php(67): CodeIgniter\CodeIgniter->run()
CRITICAL - 2022-09-12 23:41:56 --> You must set the database table to be used with your query.
in SYSTEMPATH\Database\BaseConnection.php on line 872.
 1 SYSTEMPATH\Model.php(587): CodeIgniter\Database\BaseConnection->table(null)
 2 SYSTEMPATH\Model.php(764): CodeIgniter\Model->builder()
 3 APPPATH\Controllers\Home.php(120): CodeIgniter\Model->__call('product_list_array', [])
 4 SYSTEMPATH\CodeIgniter.php(904): App\Controllers\Home->Products()
 5 SYSTEMPATH\CodeIgniter.php(457): CodeIgniter\CodeIgniter->runController(Object(App\Controllers\Home))
 6 SYSTEMPATH\CodeIgniter.php(340): CodeIgniter\CodeIgniter->handleRequest(null, Object(Config\Cache), false)
 7 FCPATH\index.php(67): CodeIgniter\CodeIgniter->run()
CRITICAL - 2022-09-12 23:41:56 --> You must set the database table to be used with your query.
in SYSTEMPATH\Database\BaseConnection.php on line 872.
 1 SYSTEMPATH\Model.php(587): CodeIgniter\Database\BaseConnection->table(null)
 2 SYSTEMPATH\Model.php(764): CodeIgniter\Model->builder()
 3 APPPATH\Controllers\Home.php(120): CodeIgniter\Model->__call('product_list_array', [])
 4 SYSTEMPATH\CodeIgniter.php(904): App\Controllers\Home->Products()
 5 SYSTEMPATH\CodeIgniter.php(457): CodeIgniter\CodeIgniter->runController(Object(App\Controllers\Home))
 6 SYSTEMPATH\CodeIgniter.php(340): CodeIgniter\CodeIgniter->handleRequest(null, Object(Config\Cache), false)
 7 FCPATH\index.php(67): CodeIgniter\CodeIgniter->run()
CRITICAL - 2022-09-12 23:41:57 --> You must set the database table to be used with your query.
in SYSTEMPATH\Database\BaseConnection.php on line 872.
 1 SYSTEMPATH\Model.php(587): CodeIgniter\Database\BaseConnection->table(null)
 2 SYSTEMPATH\Model.php(764): CodeIgniter\Model->builder()
 3 APPPATH\Controllers\Home.php(120): CodeIgniter\Model->__call('product_list_array', [])
 4 SYSTEMPATH\CodeIgniter.php(904): App\Controllers\Home->Products()
 5 SYSTEMPATH\CodeIgniter.php(457): CodeIgniter\CodeIgniter->runController(Object(App\Controllers\Home))
 6 SYSTEMPATH\CodeIgniter.php(340): CodeIgniter\CodeIgniter->handleRequest(null, Object(Config\Cache), false)
 7 FCPATH\index.php(67): CodeIgniter\CodeIgniter->run()
CRITICAL - 2022-09-12 23:42:47 --> You must set the database table to be used with your query.
in SYSTEMPATH\Database\BaseConnection.php on line 872.
 1 SYSTEMPATH\Model.php(587): CodeIgniter\Database\BaseConnection->table(null)
 2 SYSTEMPATH\Model.php(764): CodeIgniter\Model->builder()
 3 APPPATH\Controllers\Home.php(120): CodeIgniter\Model->__call('product_list_array', [])
 4 SYSTEMPATH\CodeIgniter.php(904): App\Controllers\Home->Products()
 5 SYSTEMPATH\CodeIgniter.php(457): CodeIgniter\CodeIgniter->runController(Object(App\Controllers\Home))
 6 SYSTEMPATH\CodeIgniter.php(340): CodeIgniter\CodeIgniter->handleRequest(null, Object(Config\Cache), false)
 7 FCPATH\index.php(67): CodeIgniter\CodeIgniter->run()
CRITICAL - 2022-09-12 23:42:48 --> You must set the database table to be used with your query.
in SYSTEMPATH\Database\BaseConnection.php on line 872.
 1 SYSTEMPATH\Model.php(587): CodeIgniter\Database\BaseConnection->table(null)
 2 SYSTEMPATH\Model.php(764): CodeIgniter\Model->builder()
 3 APPPATH\Controllers\Home.php(120): CodeIgniter\Model->__call('product_list_array', [])
 4 SYSTEMPATH\CodeIgniter.php(904): App\Controllers\Home->Products()
 5 SYSTEMPATH\CodeIgniter.php(457): CodeIgniter\CodeIgniter->runController(Object(App\Controllers\Home))
 6 SYSTEMPATH\CodeIgniter.php(340): CodeIgniter\CodeIgniter->handleRequest(null, Object(Config\Cache), false)
 7 FCPATH\index.php(67): CodeIgniter\CodeIgniter->run()
CRITICAL - 2022-09-12 23:44:02 --> You must set the database table to be used with your query.
in SYSTEMPATH\Database\BaseConnection.php on line 872.
 1 SYSTEMPATH\Model.php(587): CodeIgniter\Database\BaseConnection->table(null)
 2 SYSTEMPATH\Model.php(764): CodeIgniter\Model->builder()
 3 APPPATH\Controllers\Home.php(120): CodeIgniter\Model->__call('product_list_array', [])
 4 SYSTEMPATH\CodeIgniter.php(904): App\Controllers\Home->Products()
 5 SYSTEMPATH\CodeIgniter.php(457): CodeIgniter\CodeIgniter->runController(Object(App\Controllers\Home))
 6 SYSTEMPATH\CodeIgniter.php(340): CodeIgniter\CodeIgniter->handleRequest(null, Object(Config\Cache), false)
 7 FCPATH\index.php(67): CodeIgniter\CodeIgniter->run()
CRITICAL - 2022-09-12 23:44:07 --> You must set the database table to be used with your query.
in SYSTEMPATH\Database\BaseConnection.php on line 872.
 1 SYSTEMPATH\Model.php(587): CodeIgniter\Database\BaseConnection->table(null)
 2 SYSTEMPATH\Model.php(764): CodeIgniter\Model->builder()
 3 APPPATH\Controllers\Home.php(120): CodeIgniter\Model->__call('product_list_array', [])
 4 SYSTEMPATH\CodeIgniter.php(904): App\Controllers\Home->Products()
 5 SYSTEMPATH\CodeIgniter.php(457): CodeIgniter\CodeIgniter->runController(Object(App\Controllers\Home))
 6 SYSTEMPATH\CodeIgniter.php(340): CodeIgniter\CodeIgniter->handleRequest(null, Object(Config\Cache), false)
 7 FCPATH\index.php(67): CodeIgniter\CodeIgniter->run()
CRITICAL - 2022-09-12 23:44:13 --> You must set the database table to be used with your query.
in SYSTEMPATH\Database\BaseConnection.php on line 872.
 1 SYSTEMPATH\Model.php(587): CodeIgniter\Database\BaseConnection->table(null)
 2 SYSTEMPATH\Model.php(764): CodeIgniter\Model->builder()
 3 APPPATH\Controllers\Home.php(120): CodeIgniter\Model->__call('product_list_array', [])
 4 SYSTEMPATH\CodeIgniter.php(904): App\Controllers\Home->Products()
 5 SYSTEMPATH\CodeIgniter.php(457): CodeIgniter\CodeIgniter->runController(Object(App\Controllers\Home))
 6 SYSTEMPATH\CodeIgniter.php(340): CodeIgniter\CodeIgniter->handleRequest(null, Object(Config\Cache), false)
 7 FCPATH\index.php(67): CodeIgniter\CodeIgniter->run()
CRITICAL - 2022-09-12 23:44:22 --> Call to undefined method CodeIgniter\Database\MySQLi\Result::getResult_array()
in APPPATH\Models\Product_model.php on line 12.
 1 APPPATH\Controllers\Home.php(120): App\Models\Product_model->product_list()
 2 SYSTEMPATH\CodeIgniter.php(904): App\Controllers\Home->Products()
 3 SYSTEMPATH\CodeIgniter.php(457): CodeIgniter\CodeIgniter->runController(Object(App\Controllers\Home))
 4 SYSTEMPATH\CodeIgniter.php(340): CodeIgniter\CodeIgniter->handleRequest(null, Object(Config\Cache), false)
 5 FCPATH\index.php(67): CodeIgniter\CodeIgniter->run()
CRITICAL - 2022-09-12 23:46:01 --> Call to undefined method CodeIgniter\Database\MySQLi\Result::getResult_array()
in APPPATH\Models\Product_model.php on line 12.
 1 APPPATH\Controllers\Home.php(120): App\Models\Product_model->product_list()
 2 SYSTEMPATH\CodeIgniter.php(904): App\Controllers\Home->Products()
 3 SYSTEMPATH\CodeIgniter.php(457): CodeIgniter\CodeIgniter->runController(Object(App\Controllers\Home))
 4 SYSTEMPATH\CodeIgniter.php(340): CodeIgniter\CodeIgniter->handleRequest(null, Object(Config\Cache), false)
 5 FCPATH\index.php(67): CodeIgniter\CodeIgniter->run()
CRITICAL - 2022-09-12 23:46:03 --> Call to undefined method CodeIgniter\Database\MySQLi\Result::getResult_array()
in APPPATH\Models\Product_model.php on line 12.
 1 APPPATH\Controllers\Home.php(120): App\Models\Product_model->product_list()
 2 SYSTEMPATH\CodeIgniter.php(904): App\Controllers\Home->Products()
 3 SYSTEMPATH\CodeIgniter.php(457): CodeIgniter\CodeIgniter->runController(Object(App\Controllers\Home))
 4 SYSTEMPATH\CodeIgniter.php(340): CodeIgniter\CodeIgniter->handleRequest(null, Object(Config\Cache), false)
 5 FCPATH\index.php(67): CodeIgniter\CodeIgniter->run()
CRITICAL - 2022-09-12 23:46:12 --> Call to a member function getResultArray() on array
in APPPATH\Views\Home\Products.php on line 11.
 1 SYSTEMPATH\View\View.php(213): include()
 2 SYSTEMPATH\View\View.php(216): CodeIgniter\View\View->CodeIgniter\View\{closure}()
 3 SYSTEMPATH\Common.php(1142): CodeIgniter\View\View->render('Home/Products.php', [], true)
 4 APPPATH\Controllers\Home.php(121): view('Home/Products.php', [...])
 5 SYSTEMPATH\CodeIgniter.php(904): App\Controllers\Home->Products()
 6 SYSTEMPATH\CodeIgniter.php(457): CodeIgniter\CodeIgniter->runController(Object(App\Controllers\Home))
 7 SYSTEMPATH\CodeIgniter.php(340): CodeIgniter\CodeIgniter->handleRequest(null, Object(Config\Cache), false)
 8 FCPATH\index.php(67): CodeIgniter\CodeIgniter->run()
CRITICAL - 2022-09-12 23:46:19 --> Call to a member function getResultArray() on array
in APPPATH\Views\Home\Products.php on line 11.
 1 SYSTEMPATH\View\View.php(213): include()
 2 SYSTEMPATH\View\View.php(216): CodeIgniter\View\View->CodeIgniter\View\{closure}()
 3 SYSTEMPATH\Common.php(1142): CodeIgniter\View\View->render('Home/Products.php', [], true)
 4 APPPATH\Controllers\Home.php(121): view('Home/Products.php', [...])
 5 SYSTEMPATH\CodeIgniter.php(904): App\Controllers\Home->Products()
 6 SYSTEMPATH\CodeIgniter.php(457): CodeIgniter\CodeIgniter->runController(Object(App\Controllers\Home))
 7 SYSTEMPATH\CodeIgniter.php(340): CodeIgniter\CodeIgniter->handleRequest(null, Object(Config\Cache), false)
 8 FCPATH\index.php(67): CodeIgniter\CodeIgniter->run()
CRITICAL - 2022-09-12 23:47:37 --> Call to a member function getResult() on array
in APPPATH\Views\Home\Products.php on line 11.
 1 SYSTEMPATH\View\View.php(213): include()
 2 SYSTEMPATH\View\View.php(216): CodeIgniter\View\View->CodeIgniter\View\{closure}()
 3 SYSTEMPATH\Common.php(1142): CodeIgniter\View\View->render('Home/Products.php', [], true)
 4 APPPATH\Controllers\Home.php(121): view('Home/Products.php', [...])
 5 SYSTEMPATH\CodeIgniter.php(904): App\Controllers\Home->Products()
 6 SYSTEMPATH\CodeIgniter.php(457): CodeIgniter\CodeIgniter->runController(Object(App\Controllers\Home))
 7 SYSTEMPATH\CodeIgniter.php(340): CodeIgniter\CodeIgniter->handleRequest(null, Object(Config\Cache), false)
 8 FCPATH\index.php(67): CodeIgniter\CodeIgniter->run()
CRITICAL - 2022-09-12 23:48:35 --> Call to a member function getResult() on array
in APPPATH\Views\Home\Products.php on line 11.
 1 SYSTEMPATH\View\View.php(213): include()
 2 SYSTEMPATH\View\View.php(216): CodeIgniter\View\View->CodeIgniter\View\{closure}()
 3 SYSTEMPATH\Common.php(1142): CodeIgniter\View\View->render('Home/Products.php', [], true)
 4 APPPATH\Controllers\Home.php(121): view('Home/Products.php', [...])
 5 SYSTEMPATH\CodeIgniter.php(904): App\Controllers\Home->Products()
 6 SYSTEMPATH\CodeIgniter.php(457): CodeIgniter\CodeIgniter->runController(Object(App\Controllers\Home))
 7 SYSTEMPATH\CodeIgniter.php(340): CodeIgniter\CodeIgniter->handleRequest(null, Object(Config\Cache), false)
 8 FCPATH\index.php(67): CodeIgniter\CodeIgniter->run()
