CRITICAL - 2022-09-04 06:24:11 --> Undefined variable $title
in APPPATH\Views\sections\Header.php on line 6.
 1 APPPATH\Views\sections\Header.php(6): CodeIgniter\Debug\Exceptions->errorHandler(2, 'Undefined variable $title', 'APPPATH\\Views\\sections\\Header.php', 6)
 2 SYSTEMPATH\View\View.php(213): include('APPPATH\\Views\\sections\\Header.php')
 3 SYSTEMPATH\View\View.php(216): CodeIgniter\View\View->CodeIgniter\View\{closure}()
 4 SYSTEMPATH\Common.php(1142): CodeIgniter\View\View->render('sections/header.php', [], true)
 5 APPPATH\Views\Home\index.php(3): view('sections/header.php')
 6 SYSTEMPATH\View\View.php(213): include('APPPATH\\Views\\Home\\index.php')
 7 SYSTEMPATH\View\View.php(216): CodeIgniter\View\View->CodeIgniter\View\{closure}()
 8 SYSTEMPATH\Common.php(1142): CodeIgniter\View\View->render('Home/index.php', [], true)
 9 APPPATH\Controllers\Home.php(9): view('Home/index.php')
10 SYSTEMPATH\CodeIgniter.php(904): App\Controllers\Home->index()
11 SYSTEMPATH\CodeIgniter.php(457): CodeIgniter\CodeIgniter->runController(Object(App\Controllers\Home))
12 SYSTEMPATH\CodeIgniter.php(340): CodeIgniter\CodeIgniter->handleRequest(null, Object(Config\Cache), false)
13 FCPATH\index.php(67): CodeIgniter\CodeIgniter->run()
CRITICAL - 2022-09-04 07:54:34 --> Invalid file: Home/Loinregister.php
in SYSTEMPATH\Exceptions\FrameworkException.php on line 33.
 1 SYSTEMPATH\View\View.php(201): CodeIgniter\Exceptions\FrameworkException::forInvalidFile('Home/Loinregister.php')
 2 SYSTEMPATH\Common.php(1142): CodeIgniter\View\View->render('Home/Loinregister.php', [], true)
 3 APPPATH\Controllers\Home.php(13): view('Home/Loinregister.php')
 4 SYSTEMPATH\CodeIgniter.php(904): App\Controllers\Home->Loinregister()
 5 SYSTEMPATH\CodeIgniter.php(457): CodeIgniter\CodeIgniter->runController(Object(App\Controllers\Home))
 6 SYSTEMPATH\CodeIgniter.php(340): CodeIgniter\CodeIgniter->handleRequest(null, Object(Config\Cache), false)
 7 FCPATH\index.php(67): CodeIgniter\CodeIgniter->run()
CRITICAL - 2022-09-04 07:54:43 --> Invalid file: Home/Loinregister.php
in SYSTEMPATH\Exceptions\FrameworkException.php on line 33.
 1 SYSTEMPATH\View\View.php(201): CodeIgniter\Exceptions\FrameworkException::forInvalidFile('Home/Loinregister.php')
 2 SYSTEMPATH\Common.php(1142): CodeIgniter\View\View->render('Home/Loinregister.php', [], true)
 3 APPPATH\Controllers\Home.php(13): view('Home/Loinregister.php')
 4 SYSTEMPATH\CodeIgniter.php(904): App\Controllers\Home->Loinregister()
 5 SYSTEMPATH\CodeIgniter.php(457): CodeIgniter\CodeIgniter->runController(Object(App\Controllers\Home))
 6 SYSTEMPATH\CodeIgniter.php(340): CodeIgniter\CodeIgniter->handleRequest(null, Object(Config\Cache), false)
 7 FCPATH\index.php(67): CodeIgniter\CodeIgniter->run()
