CRITICAL - 2022-09-14 02:17:55 --> Call to a member function getResult() on array
in APPPATH\Views\Home\Products.php on line 11.
 1 SYSTEMPATH\View\View.php(213): include()
 2 SYSTEMPATH\View\View.php(216): CodeIgniter\View\View->CodeIgniter\View\{closure}()
 3 SYSTEMPATH\Common.php(1142): CodeIgniter\View\View->render('Home/Products.php', [], true)
 4 APPPATH\Controllers\Home.php(121): view('Home/Products.php', [...])
 5 SYSTEMPATH\CodeIgniter.php(904): App\Controllers\Home->Products()
 6 SYSTEMPATH\CodeIgniter.php(457): CodeIgniter\CodeIgniter->runController(Object(App\Controllers\Home))
 7 SYSTEMPATH\CodeIgniter.php(340): CodeIgniter\CodeIgniter->handleRequest(null, Object(Config\Cache), false)
 8 FCPATH\index.php(67): CodeIgniter\CodeIgniter->run()
CRITICAL - 2022-09-14 02:24:53 --> Cannot use object of type stdClass as array
in APPPATH\Views\Home\Products.php on line 13.
 1 SYSTEMPATH\View\View.php(213): include()
 2 SYSTEMPATH\View\View.php(216): CodeIgniter\View\View->CodeIgniter\View\{closure}()
 3 SYSTEMPATH\Common.php(1142): CodeIgniter\View\View->render('Home/Products.php', [], true)
 4 APPPATH\Controllers\Home.php(121): view('Home/Products.php', [...])
 5 SYSTEMPATH\CodeIgniter.php(904): App\Controllers\Home->Products()
 6 SYSTEMPATH\CodeIgniter.php(457): CodeIgniter\CodeIgniter->runController(Object(App\Controllers\Home))
 7 SYSTEMPATH\CodeIgniter.php(340): CodeIgniter\CodeIgniter->handleRequest(null, Object(Config\Cache), false)
 8 FCPATH\index.php(67): CodeIgniter\CodeIgniter->run()
CRITICAL - 2022-09-14 02:25:47 --> Cannot use object of type stdClass as array
in APPPATH\Views\Home\Products.php on line 13.
 1 SYSTEMPATH\View\View.php(213): include()
 2 SYSTEMPATH\View\View.php(216): CodeIgniter\View\View->CodeIgniter\View\{closure}()
 3 SYSTEMPATH\Common.php(1142): CodeIgniter\View\View->render('Home/Products.php', [], true)
 4 APPPATH\Controllers\Home.php(121): view('Home/Products.php', [...])
 5 SYSTEMPATH\CodeIgniter.php(904): App\Controllers\Home->Products()
 6 SYSTEMPATH\CodeIgniter.php(457): CodeIgniter\CodeIgniter->runController(Object(App\Controllers\Home))
 7 SYSTEMPATH\CodeIgniter.php(340): CodeIgniter\CodeIgniter->handleRequest(null, Object(Config\Cache), false)
 8 FCPATH\index.php(67): CodeIgniter\CodeIgniter->run()
CRITICAL - 2022-09-14 02:35:15 --> Call to undefined method App\Models\Product_model::product_list
in SYSTEMPATH\Model.php on line 774.
 1 APPPATH\Controllers\Home.php(120): CodeIgniter\Model->__call('product_list', [])
 2 SYSTEMPATH\CodeIgniter.php(904): App\Controllers\Home->Products()
 3 SYSTEMPATH\CodeIgniter.php(457): CodeIgniter\CodeIgniter->runController(Object(App\Controllers\Home))
 4 SYSTEMPATH\CodeIgniter.php(340): CodeIgniter\CodeIgniter->handleRequest(null, Object(Config\Cache), false)
 5 FCPATH\index.php(67): CodeIgniter\CodeIgniter->run()
CRITICAL - 2022-09-14 02:39:12 --> Attempt to read property "ProductName" on array
in APPPATH\Views\Home\Products.php on line 14.
 1 APPPATH\Views\Home\Products.php(14): CodeIgniter\Debug\Exceptions->errorHandler(2, 'Attempt to read property "ProductName" on array', 'APPPATH\\Views\\Home\\Products.php', 14)
 2 SYSTEMPATH\View\View.php(213): include('APPPATH\\Views\\Home\\Products.php')
 3 SYSTEMPATH\View\View.php(216): CodeIgniter\View\View->CodeIgniter\View\{closure}()
 4 SYSTEMPATH\Common.php(1142): CodeIgniter\View\View->render('Home/Products.php', [], true)
 5 APPPATH\Controllers\Home.php(121): view('Home/Products.php', [...])
 6 SYSTEMPATH\CodeIgniter.php(904): App\Controllers\Home->Products()
 7 SYSTEMPATH\CodeIgniter.php(457): CodeIgniter\CodeIgniter->runController(Object(App\Controllers\Home))
 8 SYSTEMPATH\CodeIgniter.php(340): CodeIgniter\CodeIgniter->handleRequest(null, Object(Config\Cache), false)
 9 FCPATH\index.php(67): CodeIgniter\CodeIgniter->run()
CRITICAL - 2022-09-14 02:57:31 --> syntax error, unexpected token ";", expecting ")"
in APPPATH\Views\Home\Products.php on line 13.
 1 SYSTEMPATH\View\View.php(216): CodeIgniter\View\View->CodeIgniter\View\{closure}()
 2 SYSTEMPATH\Common.php(1142): CodeIgniter\View\View->render('Home/Products.php', [], true)
 3 APPPATH\Controllers\Home.php(121): view('Home/Products.php', [...])
 4 SYSTEMPATH\CodeIgniter.php(904): App\Controllers\Home->Products()
 5 SYSTEMPATH\CodeIgniter.php(457): CodeIgniter\CodeIgniter->runController(Object(App\Controllers\Home))
 6 SYSTEMPATH\CodeIgniter.php(340): CodeIgniter\CodeIgniter->handleRequest(null, Object(Config\Cache), false)
 7 FCPATH\index.php(67): CodeIgniter\CodeIgniter->run()
