CRITICAL - 2022-10-12 04:51:02 --> Undefined array key "ItemTotalPrice"
in APPPATH\Views\Home\Cart.php on line 55.
 1 APPPATH\Views\Home\Cart.php(55): CodeIgniter\Debug\Exceptions->errorHandler(2, 'Undefined array key "ItemTotalPrice"', 'APPPATH\\Views\\Home\\Cart.php', 55)
 2 SYSTEMPATH\View\View.php(213): include('APPPATH\\Views\\Home\\Cart.php')
 3 SYSTEMPATH\View\View.php(216): CodeIgniter\View\View->CodeIgniter\View\{closure}()
 4 SYSTEMPATH\Common.php(1142): CodeIgniter\View\View->render('Home/Cart.php', [], true)
 5 APPPATH\Controllers\Home.php(246): view('Home/Cart.php', [...])
 6 SYSTEMPATH\CodeIgniter.php(904): App\Controllers\Home->Cart()
 7 SYSTEMPATH\CodeIgniter.php(457): CodeIgniter\CodeIgniter->runController(Object(App\Controllers\Home))
 8 SYSTEMPATH\CodeIgniter.php(340): CodeIgniter\CodeIgniter->handleRequest(null, Object(Config\Cache), false)
 9 FCPATH\index.php(67): CodeIgniter\CodeIgniter->run()
CRITICAL - 2022-10-12 04:55:08 --> syntax error, unexpected token ";", expecting ")"
in APPPATH\Views\Home\Cart.php on line 56.
 1 SYSTEMPATH\View\View.php(216): CodeIgniter\View\View->CodeIgniter\View\{closure}()
 2 SYSTEMPATH\Common.php(1142): CodeIgniter\View\View->render('Home/Cart.php', [], true)
 3 APPPATH\Controllers\Home.php(246): view('Home/Cart.php', [...])
 4 SYSTEMPATH\CodeIgniter.php(904): App\Controllers\Home->Cart()
 5 SYSTEMPATH\CodeIgniter.php(457): CodeIgniter\CodeIgniter->runController(Object(App\Controllers\Home))
 6 SYSTEMPATH\CodeIgniter.php(340): CodeIgniter\CodeIgniter->handleRequest(null, Object(Config\Cache), false)
 7 FCPATH\index.php(67): CodeIgniter\CodeIgniter->run()
CRITICAL - 2022-10-12 05:01:14 --> syntax error, unexpected token ","
in APPPATH\Views\Home\Cart.php on line 44.
 1 SYSTEMPATH\View\View.php(216): CodeIgniter\View\View->CodeIgniter\View\{closure}()
 2 SYSTEMPATH\Common.php(1142): CodeIgniter\View\View->render('Home/Cart.php', [], true)
 3 APPPATH\Controllers\Home.php(246): view('Home/Cart.php', [...])
 4 SYSTEMPATH\CodeIgniter.php(904): App\Controllers\Home->Cart()
 5 SYSTEMPATH\CodeIgniter.php(457): CodeIgniter\CodeIgniter->runController(Object(App\Controllers\Home))
 6 SYSTEMPATH\CodeIgniter.php(340): CodeIgniter\CodeIgniter->handleRequest(null, Object(Config\Cache), false)
 7 FCPATH\index.php(67): CodeIgniter\CodeIgniter->run()
CRITICAL - 2022-10-12 05:01:33 --> Unclosed '{' on line 39
in APPPATH\Views\Home\Cart.php on line 75.
 1 SYSTEMPATH\View\View.php(216): CodeIgniter\View\View->CodeIgniter\View\{closure}()
 2 SYSTEMPATH\Common.php(1142): CodeIgniter\View\View->render('Home/Cart.php', [], true)
 3 APPPATH\Controllers\Home.php(246): view('Home/Cart.php', [...])
 4 SYSTEMPATH\CodeIgniter.php(904): App\Controllers\Home->Cart()
 5 SYSTEMPATH\CodeIgniter.php(457): CodeIgniter\CodeIgniter->runController(Object(App\Controllers\Home))
 6 SYSTEMPATH\CodeIgniter.php(340): CodeIgniter\CodeIgniter->handleRequest(null, Object(Config\Cache), false)
 7 FCPATH\index.php(67): CodeIgniter\CodeIgniter->run()
CRITICAL - 2022-10-12 05:04:13 --> syntax error, unexpected token ";"
in APPPATH\Views\Home\Cart.php on line 44.
 1 SYSTEMPATH\View\View.php(216): CodeIgniter\View\View->CodeIgniter\View\{closure}()
 2 SYSTEMPATH\Common.php(1142): CodeIgniter\View\View->render('Home/Cart.php', [], true)
 3 APPPATH\Controllers\Home.php(246): view('Home/Cart.php', [...])
 4 SYSTEMPATH\CodeIgniter.php(904): App\Controllers\Home->Cart()
 5 SYSTEMPATH\CodeIgniter.php(457): CodeIgniter\CodeIgniter->runController(Object(App\Controllers\Home))
 6 SYSTEMPATH\CodeIgniter.php(340): CodeIgniter\CodeIgniter->handleRequest(null, Object(Config\Cache), false)
 7 FCPATH\index.php(67): CodeIgniter\CodeIgniter->run()
CRITICAL - 2022-10-12 05:11:57 --> Unclosed '{' on line 39
in APPPATH\Views\Home\Cart.php on line 80.
 1 SYSTEMPATH\View\View.php(216): CodeIgniter\View\View->CodeIgniter\View\{closure}()
 2 SYSTEMPATH\Common.php(1142): CodeIgniter\View\View->render('Home/Cart.php', [], true)
 3 APPPATH\Controllers\Home.php(246): view('Home/Cart.php', [...])
 4 SYSTEMPATH\CodeIgniter.php(904): App\Controllers\Home->Cart()
 5 SYSTEMPATH\CodeIgniter.php(457): CodeIgniter\CodeIgniter->runController(Object(App\Controllers\Home))
 6 SYSTEMPATH\CodeIgniter.php(340): CodeIgniter\CodeIgniter->handleRequest(null, Object(Config\Cache), false)
 7 FCPATH\index.php(67): CodeIgniter\CodeIgniter->run()
CRITICAL - 2022-10-12 05:12:31 --> syntax error, unexpected token "else", expecting end of file
in APPPATH\Views\Home\Cart.php on line 45.
 1 SYSTEMPATH\View\View.php(216): CodeIgniter\View\View->CodeIgniter\View\{closure}()
 2 SYSTEMPATH\Common.php(1142): CodeIgniter\View\View->render('Home/Cart.php', [], true)
 3 APPPATH\Controllers\Home.php(246): view('Home/Cart.php', [...])
 4 SYSTEMPATH\CodeIgniter.php(904): App\Controllers\Home->Cart()
 5 SYSTEMPATH\CodeIgniter.php(457): CodeIgniter\CodeIgniter->runController(Object(App\Controllers\Home))
 6 SYSTEMPATH\CodeIgniter.php(340): CodeIgniter\CodeIgniter->handleRequest(null, Object(Config\Cache), false)
 7 FCPATH\index.php(67): CodeIgniter\CodeIgniter->run()
CRITICAL - 2022-10-12 05:35:56 --> Too few arguments to function CodeIgniter\HTTP\Response::redirect(), 0 passed in C:\xampp\htdocs\DarshenFYP\app\Controllers\Home.php on line 211 and at least 1 expected
in SYSTEMPATH\HTTP\ResponseTrait.php on line 502.
 1 APPPATH\Controllers\Home.php(211): CodeIgniter\HTTP\Response->redirect()
 2 SYSTEMPATH\CodeIgniter.php(904): App\Controllers\Home->AddCart1('1002')
 3 SYSTEMPATH\CodeIgniter.php(457): CodeIgniter\CodeIgniter->runController(Object(App\Controllers\Home))
 4 SYSTEMPATH\CodeIgniter.php(340): CodeIgniter\CodeIgniter->handleRequest(null, Object(Config\Cache), false)
 5 FCPATH\index.php(67): CodeIgniter\CodeIgniter->run()
CRITICAL - 2022-10-12 05:36:08 --> Too few arguments to function CodeIgniter\HTTP\Response::redirect(), 0 passed in C:\xampp\htdocs\DarshenFYP\app\Controllers\Home.php on line 211 and at least 1 expected
in SYSTEMPATH\HTTP\ResponseTrait.php on line 502.
 1 APPPATH\Controllers\Home.php(211): CodeIgniter\HTTP\Response->redirect()
 2 SYSTEMPATH\CodeIgniter.php(904): App\Controllers\Home->AddCart1('1002')
 3 SYSTEMPATH\CodeIgniter.php(457): CodeIgniter\CodeIgniter->runController(Object(App\Controllers\Home))
 4 SYSTEMPATH\CodeIgniter.php(340): CodeIgniter\CodeIgniter->handleRequest(null, Object(Config\Cache), false)
 5 FCPATH\index.php(67): CodeIgniter\CodeIgniter->run()
CRITICAL - 2022-10-12 05:48:47 --> Undefined variable $request
in APPPATH\Controllers\Home.php on line 214.
 1 APPPATH\Controllers\Home.php(214): CodeIgniter\Debug\Exceptions->errorHandler(2, 'Undefined variable $request', 'APPPATH\\Controllers\\Home.php', 214)
 2 SYSTEMPATH\CodeIgniter.php(904): App\Controllers\Home->AddCart1('1002')
 3 SYSTEMPATH\CodeIgniter.php(457): CodeIgniter\CodeIgniter->runController(Object(App\Controllers\Home))
 4 SYSTEMPATH\CodeIgniter.php(340): CodeIgniter\CodeIgniter->handleRequest(null, Object(Config\Cache), false)
 5 FCPATH\index.php(67): CodeIgniter\CodeIgniter->run()
CRITICAL - 2022-10-12 05:48:54 --> Call to undefined method CodeIgniter\HTTP\IncomingRequest::file()
in APPPATH\Controllers\Home.php on line 214.
 1 SYSTEMPATH\CodeIgniter.php(904): App\Controllers\Home->AddCart1('1002')
 2 SYSTEMPATH\CodeIgniter.php(457): CodeIgniter\CodeIgniter->runController(Object(App\Controllers\Home))
 3 SYSTEMPATH\CodeIgniter.php(340): CodeIgniter\CodeIgniter->handleRequest(null, Object(Config\Cache), false)
 4 FCPATH\index.php(67): CodeIgniter\CodeIgniter->run()
CRITICAL - 2022-10-12 05:50:08 --> Undefined variable $model
in APPPATH\Controllers\Home.php on line 216.
 1 APPPATH\Controllers\Home.php(216): CodeIgniter\Debug\Exceptions->errorHandler(2, 'Undefined variable $model', 'APPPATH\\Controllers\\Home.php', 216)
 2 SYSTEMPATH\CodeIgniter.php(904): App\Controllers\Home->AddCart1('1002')
 3 SYSTEMPATH\CodeIgniter.php(457): CodeIgniter\CodeIgniter->runController(Object(App\Controllers\Home))
 4 SYSTEMPATH\CodeIgniter.php(340): CodeIgniter\CodeIgniter->handleRequest(null, Object(Config\Cache), false)
 5 FCPATH\index.php(67): CodeIgniter\CodeIgniter->run()
CRITICAL - 2022-10-12 05:50:18 --> There is no data to insert.
in SYSTEMPATH\BaseModel.php on line 718.
 1 SYSTEMPATH\BaseModel.php(718): CodeIgniter\Database\Exceptions\DataException::forEmptyDataset('insert')
 2 SYSTEMPATH\Model.php(667): CodeIgniter\BaseModel->insert([], false)
 3 SYSTEMPATH\BaseModel.php(658): CodeIgniter\Model->insert([...], false)
 4 APPPATH\Controllers\Home.php(216): CodeIgniter\BaseModel->save([...])
 5 SYSTEMPATH\CodeIgniter.php(904): App\Controllers\Home->AddCart1('1002')
 6 SYSTEMPATH\CodeIgniter.php(457): CodeIgniter\CodeIgniter->runController(Object(App\Controllers\Home))
 7 SYSTEMPATH\CodeIgniter.php(340): CodeIgniter\CodeIgniter->handleRequest(null, Object(Config\Cache), false)
 8 FCPATH\index.php(67): CodeIgniter\CodeIgniter->run()
CRITICAL - 2022-10-12 05:50:30 --> There is no data to insert.
in SYSTEMPATH\BaseModel.php on line 718.
 1 SYSTEMPATH\BaseModel.php(718): CodeIgniter\Database\Exceptions\DataException::forEmptyDataset('insert')
 2 SYSTEMPATH\Model.php(667): CodeIgniter\BaseModel->insert([], false)
 3 SYSTEMPATH\BaseModel.php(658): CodeIgniter\Model->insert([...], false)
 4 APPPATH\Controllers\Home.php(216): CodeIgniter\BaseModel->save([...])
 5 SYSTEMPATH\CodeIgniter.php(904): App\Controllers\Home->AddCart1('1002')
 6 SYSTEMPATH\CodeIgniter.php(457): CodeIgniter\CodeIgniter->runController(Object(App\Controllers\Home))
 7 SYSTEMPATH\CodeIgniter.php(340): CodeIgniter\CodeIgniter->handleRequest(null, Object(Config\Cache), false)
 8 FCPATH\index.php(67): CodeIgniter\CodeIgniter->run()
CRITICAL - 2022-10-12 05:51:25 --> There is no data to insert.
in SYSTEMPATH\BaseModel.php on line 718.
 1 SYSTEMPATH\BaseModel.php(718): CodeIgniter\Database\Exceptions\DataException::forEmptyDataset('insert')
 2 SYSTEMPATH\Model.php(667): CodeIgniter\BaseModel->insert([], false)
 3 SYSTEMPATH\BaseModel.php(658): CodeIgniter\Model->insert([...], false)
 4 APPPATH\Controllers\Home.php(216): CodeIgniter\BaseModel->save([...])
 5 SYSTEMPATH\CodeIgniter.php(904): App\Controllers\Home->AddCart1('1002')
 6 SYSTEMPATH\CodeIgniter.php(457): CodeIgniter\CodeIgniter->runController(Object(App\Controllers\Home))
 7 SYSTEMPATH\CodeIgniter.php(340): CodeIgniter\CodeIgniter->handleRequest(null, Object(Config\Cache), false)
 8 FCPATH\index.php(67): CodeIgniter\CodeIgniter->run()
CRITICAL - 2022-10-12 05:52:08 --> syntax error, unexpected variable "$cart_model", expecting "," or ";"
in APPPATH\Controllers\Home.php on line 217.
 1 SYSTEMPATH\Router\Router.php(499): CodeIgniter\Router\AutoRouter->getRoute('Home/AddCart1/1002')
 2 SYSTEMPATH\Router\Router.php(205): CodeIgniter\Router\Router->autoRoute('Home/AddCart1/1002')
 3 SYSTEMPATH\CodeIgniter.php(779): CodeIgniter\Router\Router->handle('Home/AddCart1/1002')
 4 SYSTEMPATH\CodeIgniter.php(406): CodeIgniter\CodeIgniter->tryToRouteIt(Object(CodeIgniter\Router\RouteCollection))
 5 SYSTEMPATH\CodeIgniter.php(340): CodeIgniter\CodeIgniter->handleRequest(null, Object(Config\Cache), false)
 6 FCPATH\index.php(67): CodeIgniter\CodeIgniter->run()
CRITICAL - 2022-10-12 05:52:18 --> There is no data to insert.
in SYSTEMPATH\BaseModel.php on line 718.
 1 SYSTEMPATH\BaseModel.php(718): CodeIgniter\Database\Exceptions\DataException::forEmptyDataset('insert')
 2 SYSTEMPATH\Model.php(667): CodeIgniter\BaseModel->insert([], false)
 3 SYSTEMPATH\BaseModel.php(658): CodeIgniter\Model->insert([...], false)
 4 APPPATH\Controllers\Home.php(217): CodeIgniter\BaseModel->save([...])
 5 SYSTEMPATH\CodeIgniter.php(904): App\Controllers\Home->AddCart1('1002')
 6 SYSTEMPATH\CodeIgniter.php(457): CodeIgniter\CodeIgniter->runController(Object(App\Controllers\Home))
 7 SYSTEMPATH\CodeIgniter.php(340): CodeIgniter\CodeIgniter->handleRequest(null, Object(Config\Cache), false)
 8 FCPATH\index.php(67): CodeIgniter\CodeIgniter->run()
CRITICAL - 2022-10-12 05:52:45 --> syntax error, unexpected token ";", expecting "]"
in APPPATH\Controllers\Home.php on line 211.
 1 SYSTEMPATH\Router\Router.php(499): CodeIgniter\Router\AutoRouter->getRoute('Home/AddCart1/1002')
 2 SYSTEMPATH\Router\Router.php(205): CodeIgniter\Router\Router->autoRoute('Home/AddCart1/1002')
 3 SYSTEMPATH\CodeIgniter.php(779): CodeIgniter\Router\Router->handle('Home/AddCart1/1002')
 4 SYSTEMPATH\CodeIgniter.php(406): CodeIgniter\CodeIgniter->tryToRouteIt(Object(CodeIgniter\Router\RouteCollection))
 5 SYSTEMPATH\CodeIgniter.php(340): CodeIgniter\CodeIgniter->handleRequest(null, Object(Config\Cache), false)
 6 FCPATH\index.php(67): CodeIgniter\CodeIgniter->run()
CRITICAL - 2022-10-12 05:54:22 --> There is no data to insert.
in SYSTEMPATH\BaseModel.php on line 718.
 1 SYSTEMPATH\BaseModel.php(718): CodeIgniter\Database\Exceptions\DataException::forEmptyDataset('insert')
 2 SYSTEMPATH\Model.php(667): CodeIgniter\BaseModel->insert([], false)
 3 SYSTEMPATH\BaseModel.php(658): CodeIgniter\Model->insert([...], false)
 4 APPPATH\Controllers\Home.php(222): CodeIgniter\BaseModel->save([...])
 5 SYSTEMPATH\CodeIgniter.php(904): App\Controllers\Home->AddCart1('1002')
 6 SYSTEMPATH\CodeIgniter.php(457): CodeIgniter\CodeIgniter->runController(Object(App\Controllers\Home))
 7 SYSTEMPATH\CodeIgniter.php(340): CodeIgniter\CodeIgniter->handleRequest(null, Object(Config\Cache), false)
 8 FCPATH\index.php(67): CodeIgniter\CodeIgniter->run()
CRITICAL - 2022-10-12 05:54:37 --> syntax error, unexpected variable "$cart_model", expecting "," or ";"
in APPPATH\Controllers\Home.php on line 217.
 1 SYSTEMPATH\Router\Router.php(499): CodeIgniter\Router\AutoRouter->getRoute('Home/AddCart1/1002')
 2 SYSTEMPATH\Router\Router.php(205): CodeIgniter\Router\Router->autoRoute('Home/AddCart1/1002')
 3 SYSTEMPATH\CodeIgniter.php(779): CodeIgniter\Router\Router->handle('Home/AddCart1/1002')
 4 SYSTEMPATH\CodeIgniter.php(406): CodeIgniter\CodeIgniter->tryToRouteIt(Object(CodeIgniter\Router\RouteCollection))
 5 SYSTEMPATH\CodeIgniter.php(340): CodeIgniter\CodeIgniter->handleRequest(null, Object(Config\Cache), false)
 6 FCPATH\index.php(67): CodeIgniter\CodeIgniter->run()
CRITICAL - 2022-10-12 05:54:41 --> There is no data to insert.
in SYSTEMPATH\BaseModel.php on line 718.
 1 SYSTEMPATH\BaseModel.php(718): CodeIgniter\Database\Exceptions\DataException::forEmptyDataset('insert')
 2 SYSTEMPATH\Model.php(667): CodeIgniter\BaseModel->insert([], false)
 3 SYSTEMPATH\BaseModel.php(658): CodeIgniter\Model->insert([...], false)
 4 APPPATH\Controllers\Home.php(224): CodeIgniter\BaseModel->save([...])
 5 SYSTEMPATH\CodeIgniter.php(904): App\Controllers\Home->AddCart1('1002')
 6 SYSTEMPATH\CodeIgniter.php(457): CodeIgniter\CodeIgniter->runController(Object(App\Controllers\Home))
 7 SYSTEMPATH\CodeIgniter.php(340): CodeIgniter\CodeIgniter->handleRequest(null, Object(Config\Cache), false)
 8 FCPATH\index.php(67): CodeIgniter\CodeIgniter->run()
CRITICAL - 2022-10-12 05:54:56 --> syntax error, unexpected token ";", expecting "]"
in APPPATH\Controllers\Home.php on line 219.
 1 SYSTEMPATH\Router\Router.php(499): CodeIgniter\Router\AutoRouter->getRoute('Home/AddCart1/1002')
 2 SYSTEMPATH\Router\Router.php(205): CodeIgniter\Router\Router->autoRoute('Home/AddCart1/1002')
 3 SYSTEMPATH\CodeIgniter.php(779): CodeIgniter\Router\Router->handle('Home/AddCart1/1002')
 4 SYSTEMPATH\CodeIgniter.php(406): CodeIgniter\CodeIgniter->tryToRouteIt(Object(CodeIgniter\Router\RouteCollection))
 5 SYSTEMPATH\CodeIgniter.php(340): CodeIgniter\CodeIgniter->handleRequest(null, Object(Config\Cache), false)
 6 FCPATH\index.php(67): CodeIgniter\CodeIgniter->run()
CRITICAL - 2022-10-12 05:55:22 --> syntax error, unexpected token ";", expecting "]"
in APPPATH\Controllers\Home.php on line 214.
 1 SYSTEMPATH\Router\Router.php(499): CodeIgniter\Router\AutoRouter->getRoute('Home/AddCart1/1002')
 2 SYSTEMPATH\Router\Router.php(205): CodeIgniter\Router\Router->autoRoute('Home/AddCart1/1002')
 3 SYSTEMPATH\CodeIgniter.php(779): CodeIgniter\Router\Router->handle('Home/AddCart1/1002')
 4 SYSTEMPATH\CodeIgniter.php(406): CodeIgniter\CodeIgniter->tryToRouteIt(Object(CodeIgniter\Router\RouteCollection))
 5 SYSTEMPATH\CodeIgniter.php(340): CodeIgniter\CodeIgniter->handleRequest(null, Object(Config\Cache), false)
 6 FCPATH\index.php(67): CodeIgniter\CodeIgniter->run()
CRITICAL - 2022-10-12 06:02:21 --> Undefined property: CodeIgniter\HTTP\IncomingRequest::$14
in APPPATH\Controllers\Home.php on line 213.
 1 APPPATH\Controllers\Home.php(213): CodeIgniter\Debug\Exceptions->errorHandler(2, 'Undefined property: CodeIgniter\\HTTP\\IncomingRequest::$14', 'APPPATH\\Controllers\\Home.php', 213)
 2 SYSTEMPATH\CodeIgniter.php(904): App\Controllers\Home->AddCart1('1003')
 3 SYSTEMPATH\CodeIgniter.php(457): CodeIgniter\CodeIgniter->runController(Object(App\Controllers\Home))
 4 SYSTEMPATH\CodeIgniter.php(340): CodeIgniter\CodeIgniter->handleRequest(null, Object(Config\Cache), false)
 5 FCPATH\index.php(67): CodeIgniter\CodeIgniter->run()
CRITICAL - 2022-10-12 06:05:08 --> Undefined property: CodeIgniter\HTTP\IncomingRequest::$14
in APPPATH\Controllers\Home.php on line 217.
 1 APPPATH\Controllers\Home.php(217): CodeIgniter\Debug\Exceptions->errorHandler(2, 'Undefined property: CodeIgniter\\HTTP\\IncomingRequest::$14', 'APPPATH\\Controllers\\Home.php', 217)
 2 SYSTEMPATH\CodeIgniter.php(904): App\Controllers\Home->AddCart1('1003')
 3 SYSTEMPATH\CodeIgniter.php(457): CodeIgniter\CodeIgniter->runController(Object(App\Controllers\Home))
 4 SYSTEMPATH\CodeIgniter.php(340): CodeIgniter\CodeIgniter->handleRequest(null, Object(Config\Cache), false)
 5 FCPATH\index.php(67): CodeIgniter\CodeIgniter->run()
CRITICAL - 2022-10-12 06:05:38 --> Call to undefined method App\Models\Cart_model::add
in SYSTEMPATH\Model.php on line 774.
 1 APPPATH\Controllers\Home.php(223): CodeIgniter\Model->__call('add', [...])
 2 SYSTEMPATH\CodeIgniter.php(904): App\Controllers\Home->AddCart1('1003')
 3 SYSTEMPATH\CodeIgniter.php(457): CodeIgniter\CodeIgniter->runController(Object(App\Controllers\Home))
 4 SYSTEMPATH\CodeIgniter.php(340): CodeIgniter\CodeIgniter->handleRequest(null, Object(Config\Cache), false)
 5 FCPATH\index.php(67): CodeIgniter\CodeIgniter->run()
CRITICAL - 2022-10-12 06:05:46 --> There is no data to insert.
in SYSTEMPATH\BaseModel.php on line 718.
 1 SYSTEMPATH\BaseModel.php(718): CodeIgniter\Database\Exceptions\DataException::forEmptyDataset('insert')
 2 SYSTEMPATH\Model.php(667): CodeIgniter\BaseModel->insert([], false)
 3 SYSTEMPATH\BaseModel.php(658): CodeIgniter\Model->insert([...], false)
 4 APPPATH\Controllers\Home.php(223): CodeIgniter\BaseModel->save([...])
 5 SYSTEMPATH\CodeIgniter.php(904): App\Controllers\Home->AddCart1('1003')
 6 SYSTEMPATH\CodeIgniter.php(457): CodeIgniter\CodeIgniter->runController(Object(App\Controllers\Home))
 7 SYSTEMPATH\CodeIgniter.php(340): CodeIgniter\CodeIgniter->handleRequest(null, Object(Config\Cache), false)
 8 FCPATH\index.php(67): CodeIgniter\CodeIgniter->run()
CRITICAL - 2022-10-12 06:09:22 --> Undefined property: App\Controllers\Home::$userModel
in APPPATH\Controllers\Home.php on line 223.
 1 APPPATH\Controllers\Home.php(223): CodeIgniter\Debug\Exceptions->errorHandler(2, 'Undefined property: App\\Controllers\\Home::$userModel', 'APPPATH\\Controllers\\Home.php', 223)
 2 SYSTEMPATH\CodeIgniter.php(904): App\Controllers\Home->AddCart1('1003')
 3 SYSTEMPATH\CodeIgniter.php(457): CodeIgniter\CodeIgniter->runController(Object(App\Controllers\Home))
 4 SYSTEMPATH\CodeIgniter.php(340): CodeIgniter\CodeIgniter->handleRequest(null, Object(Config\Cache), false)
 5 FCPATH\index.php(67): CodeIgniter\CodeIgniter->run()
CRITICAL - 2022-10-12 06:09:56 --> Undefined property: App\Controllers\Home::$cart_model
in APPPATH\Controllers\Home.php on line 224.
 1 APPPATH\Controllers\Home.php(224): CodeIgniter\Debug\Exceptions->errorHandler(2, 'Undefined property: App\\Controllers\\Home::$cart_model', 'APPPATH\\Controllers\\Home.php', 224)
 2 SYSTEMPATH\CodeIgniter.php(904): App\Controllers\Home->AddCart1('1003')
 3 SYSTEMPATH\CodeIgniter.php(457): CodeIgniter\CodeIgniter->runController(Object(App\Controllers\Home))
 4 SYSTEMPATH\CodeIgniter.php(340): CodeIgniter\CodeIgniter->handleRequest(null, Object(Config\Cache), false)
 5 FCPATH\index.php(67): CodeIgniter\CodeIgniter->run()
CRITICAL - 2022-10-12 06:11:05 --> Object of class App\Models\Cart_model could not be converted to string
in APPPATH\Controllers\Home.php on line 224.
 1 SYSTEMPATH\CodeIgniter.php(904): App\Controllers\Home->AddCart1('1003')
 2 SYSTEMPATH\CodeIgniter.php(457): CodeIgniter\CodeIgniter->runController(Object(App\Controllers\Home))
 3 SYSTEMPATH\CodeIgniter.php(340): CodeIgniter\CodeIgniter->handleRequest(null, Object(Config\Cache), false)
 4 FCPATH\index.php(67): CodeIgniter\CodeIgniter->run()
CRITICAL - 2022-10-12 06:20:57 --> syntax error, unexpected token ";", expecting "]"
in APPPATH\Controllers\Home.php on line 212.
 1 SYSTEMPATH\Router\Router.php(499): CodeIgniter\Router\AutoRouter->getRoute('Home/ProductDetails/1001')
 2 SYSTEMPATH\Router\Router.php(205): CodeIgniter\Router\Router->autoRoute('Home/ProductDetails/1001')
 3 SYSTEMPATH\CodeIgniter.php(779): CodeIgniter\Router\Router->handle('Home/ProductDetails/1001')
 4 SYSTEMPATH\CodeIgniter.php(406): CodeIgniter\CodeIgniter->tryToRouteIt(Object(CodeIgniter\Router\RouteCollection))
 5 SYSTEMPATH\CodeIgniter.php(340): CodeIgniter\CodeIgniter->handleRequest(null, Object(Config\Cache), false)
 6 FCPATH\index.php(67): CodeIgniter\CodeIgniter->run()
CRITICAL - 2022-10-12 06:21:14 --> Undefined property: App\Controllers\Home::$input
in APPPATH\Controllers\Home.php on line 212.
 1 APPPATH\Controllers\Home.php(212): CodeIgniter\Debug\Exceptions->errorHandler(2, 'Undefined property: App\\Controllers\\Home::$input', 'APPPATH\\Controllers\\Home.php', 212)
 2 SYSTEMPATH\CodeIgniter.php(904): App\Controllers\Home->AddCart1('1001')
 3 SYSTEMPATH\CodeIgniter.php(457): CodeIgniter\CodeIgniter->runController(Object(App\Controllers\Home))
 4 SYSTEMPATH\CodeIgniter.php(340): CodeIgniter\CodeIgniter->handleRequest(null, Object(Config\Cache), false)
 5 FCPATH\index.php(67): CodeIgniter\CodeIgniter->run()
CRITICAL - 2022-10-12 06:21:34 --> Undefined property: App\Controllers\Home::$14
in APPPATH\Controllers\Home.php on line 212.
 1 APPPATH\Controllers\Home.php(212): CodeIgniter\Debug\Exceptions->errorHandler(2, 'Undefined property: App\\Controllers\\Home::$14', 'APPPATH\\Controllers\\Home.php', 212)
 2 SYSTEMPATH\CodeIgniter.php(904): App\Controllers\Home->AddCart1('1001')
 3 SYSTEMPATH\CodeIgniter.php(457): CodeIgniter\CodeIgniter->runController(Object(App\Controllers\Home))
 4 SYSTEMPATH\CodeIgniter.php(340): CodeIgniter\CodeIgniter->handleRequest(null, Object(Config\Cache), false)
 5 FCPATH\index.php(67): CodeIgniter\CodeIgniter->run()
CRITICAL - 2022-10-12 06:21:55 --> Undefined property: App\Controllers\Home::$input
in APPPATH\Controllers\Home.php on line 212.
 1 APPPATH\Controllers\Home.php(212): CodeIgniter\Debug\Exceptions->errorHandler(2, 'Undefined property: App\\Controllers\\Home::$input', 'APPPATH\\Controllers\\Home.php', 212)
 2 SYSTEMPATH\CodeIgniter.php(904): App\Controllers\Home->AddCart1('1001')
 3 SYSTEMPATH\CodeIgniter.php(457): CodeIgniter\CodeIgniter->runController(Object(App\Controllers\Home))
 4 SYSTEMPATH\CodeIgniter.php(340): CodeIgniter\CodeIgniter->handleRequest(null, Object(Config\Cache), false)
 5 FCPATH\index.php(67): CodeIgniter\CodeIgniter->run()
CRITICAL - 2022-10-12 06:22:18 --> syntax error, unexpected token ";", expecting "]"
in APPPATH\Controllers\Home.php on line 212.
 1 SYSTEMPATH\Router\Router.php(499): CodeIgniter\Router\AutoRouter->getRoute('Home/AddCart1/1001')
 2 SYSTEMPATH\Router\Router.php(205): CodeIgniter\Router\Router->autoRoute('Home/AddCart1/1001')
 3 SYSTEMPATH\CodeIgniter.php(779): CodeIgniter\Router\Router->handle('Home/AddCart1/1001')
 4 SYSTEMPATH\CodeIgniter.php(406): CodeIgniter\CodeIgniter->tryToRouteIt(Object(CodeIgniter\Router\RouteCollection))
 5 SYSTEMPATH\CodeIgniter.php(340): CodeIgniter\CodeIgniter->handleRequest(null, Object(Config\Cache), false)
 6 FCPATH\index.php(67): CodeIgniter\CodeIgniter->run()
CRITICAL - 2022-10-12 06:22:28 --> Undefined property: App\Controllers\Home::$input
in APPPATH\Controllers\Home.php on line 212.
 1 APPPATH\Controllers\Home.php(212): CodeIgniter\Debug\Exceptions->errorHandler(2, 'Undefined property: App\\Controllers\\Home::$input', 'APPPATH\\Controllers\\Home.php', 212)
 2 SYSTEMPATH\CodeIgniter.php(904): App\Controllers\Home->AddCart1('1001')
 3 SYSTEMPATH\CodeIgniter.php(457): CodeIgniter\CodeIgniter->runController(Object(App\Controllers\Home))
 4 SYSTEMPATH\CodeIgniter.php(340): CodeIgniter\CodeIgniter->handleRequest(null, Object(Config\Cache), false)
 5 FCPATH\index.php(67): CodeIgniter\CodeIgniter->run()
CRITICAL - 2022-10-12 06:22:37 --> Call to undefined method App\Controllers\Home::post()
in APPPATH\Controllers\Home.php on line 212.
 1 SYSTEMPATH\CodeIgniter.php(904): App\Controllers\Home->AddCart1('1001')
 2 SYSTEMPATH\CodeIgniter.php(457): CodeIgniter\CodeIgniter->runController(Object(App\Controllers\Home))
 3 SYSTEMPATH\CodeIgniter.php(340): CodeIgniter\CodeIgniter->handleRequest(null, Object(Config\Cache), false)
 4 FCPATH\index.php(67): CodeIgniter\CodeIgniter->run()
CRITICAL - 2022-10-12 06:23:38 --> There is no data to insert.
in SYSTEMPATH\BaseModel.php on line 718.
 1 SYSTEMPATH\BaseModel.php(718): CodeIgniter\Database\Exceptions\DataException::forEmptyDataset('insert')
 2 SYSTEMPATH\Model.php(667): CodeIgniter\BaseModel->insert([], false)
 3 SYSTEMPATH\BaseModel.php(658): CodeIgniter\Model->insert([...], false)
 4 APPPATH\Controllers\Home.php(216): CodeIgniter\BaseModel->save([...])
 5 SYSTEMPATH\CodeIgniter.php(904): App\Controllers\Home->AddCart1('1001')
 6 SYSTEMPATH\CodeIgniter.php(457): CodeIgniter\CodeIgniter->runController(Object(App\Controllers\Home))
 7 SYSTEMPATH\CodeIgniter.php(340): CodeIgniter\CodeIgniter->handleRequest(null, Object(Config\Cache), false)
 8 FCPATH\index.php(67): CodeIgniter\CodeIgniter->run()
CRITICAL - 2022-10-12 06:24:33 --> Undefined property: App\Controllers\Home::$input
in APPPATH\Controllers\Home.php on line 212.
 1 APPPATH\Controllers\Home.php(212): CodeIgniter\Debug\Exceptions->errorHandler(2, 'Undefined property: App\\Controllers\\Home::$input', 'APPPATH\\Controllers\\Home.php', 212)
 2 SYSTEMPATH\CodeIgniter.php(904): App\Controllers\Home->AddCart1('1001')
 3 SYSTEMPATH\CodeIgniter.php(457): CodeIgniter\CodeIgniter->runController(Object(App\Controllers\Home))
 4 SYSTEMPATH\CodeIgniter.php(340): CodeIgniter\CodeIgniter->handleRequest(null, Object(Config\Cache), false)
 5 FCPATH\index.php(67): CodeIgniter\CodeIgniter->run()
CRITICAL - 2022-10-12 06:26:11 --> Undefined property: CodeIgniter\HTTP\IncomingRequest::$14
in APPPATH\Controllers\Home.php on line 212.
 1 APPPATH\Controllers\Home.php(212): CodeIgniter\Debug\Exceptions->errorHandler(2, 'Undefined property: CodeIgniter\\HTTP\\IncomingRequest::$14', 'APPPATH\\Controllers\\Home.php', 212)
 2 SYSTEMPATH\CodeIgniter.php(904): App\Controllers\Home->AddCart1('1001')
 3 SYSTEMPATH\CodeIgniter.php(457): CodeIgniter\CodeIgniter->runController(Object(App\Controllers\Home))
 4 SYSTEMPATH\CodeIgniter.php(340): CodeIgniter\CodeIgniter->handleRequest(null, Object(Config\Cache), false)
 5 FCPATH\index.php(67): CodeIgniter\CodeIgniter->run()
CRITICAL - 2022-10-12 06:27:41 --> Undefined property: CodeIgniter\HTTP\IncomingRequest::$14
in APPPATH\Controllers\Home.php on line 212.
 1 APPPATH\Controllers\Home.php(212): CodeIgniter\Debug\Exceptions->errorHandler(2, 'Undefined property: CodeIgniter\\HTTP\\IncomingRequest::$14', 'APPPATH\\Controllers\\Home.php', 212)
 2 SYSTEMPATH\CodeIgniter.php(904): App\Controllers\Home->AddCart1('1001')
 3 SYSTEMPATH\CodeIgniter.php(457): CodeIgniter\CodeIgniter->runController(Object(App\Controllers\Home))
 4 SYSTEMPATH\CodeIgniter.php(340): CodeIgniter\CodeIgniter->handleRequest(null, Object(Config\Cache), false)
 5 FCPATH\index.php(67): CodeIgniter\CodeIgniter->run()
CRITICAL - 2022-10-12 06:28:21 --> Undefined property: CodeIgniter\HTTP\IncomingRequest::$14
in APPPATH\Controllers\Home.php on line 212.
 1 APPPATH\Controllers\Home.php(212): CodeIgniter\Debug\Exceptions->errorHandler(2, 'Undefined property: CodeIgniter\\HTTP\\IncomingRequest::$14', 'APPPATH\\Controllers\\Home.php', 212)
 2 SYSTEMPATH\CodeIgniter.php(904): App\Controllers\Home->AddCart1('1001')
 3 SYSTEMPATH\CodeIgniter.php(457): CodeIgniter\CodeIgniter->runController(Object(App\Controllers\Home))
 4 SYSTEMPATH\CodeIgniter.php(340): CodeIgniter\CodeIgniter->handleRequest(null, Object(Config\Cache), false)
 5 FCPATH\index.php(67): CodeIgniter\CodeIgniter->run()
CRITICAL - 2022-10-12 06:28:48 --> Undefined property: CodeIgniter\HTTP\IncomingRequest::$14
in APPPATH\Controllers\Home.php on line 212.
 1 APPPATH\Controllers\Home.php(212): CodeIgniter\Debug\Exceptions->errorHandler(2, 'Undefined property: CodeIgniter\\HTTP\\IncomingRequest::$14', 'APPPATH\\Controllers\\Home.php', 212)
 2 SYSTEMPATH\CodeIgniter.php(904): App\Controllers\Home->AddCart1('1001')
 3 SYSTEMPATH\CodeIgniter.php(457): CodeIgniter\CodeIgniter->runController(Object(App\Controllers\Home))
 4 SYSTEMPATH\CodeIgniter.php(340): CodeIgniter\CodeIgniter->handleRequest(null, Object(Config\Cache), false)
 5 FCPATH\index.php(67): CodeIgniter\CodeIgniter->run()
CRITICAL - 2022-10-12 06:28:53 --> Array to string conversion
in APPPATH\Controllers\Home.php on line 213.
 1 APPPATH\Controllers\Home.php(213): CodeIgniter\Debug\Exceptions->errorHandler(2, 'Array to string conversion', 'APPPATH\\Controllers\\Home.php', 213)
 2 SYSTEMPATH\CodeIgniter.php(904): App\Controllers\Home->AddCart1('1001')
 3 SYSTEMPATH\CodeIgniter.php(457): CodeIgniter\CodeIgniter->runController(Object(App\Controllers\Home))
 4 SYSTEMPATH\CodeIgniter.php(340): CodeIgniter\CodeIgniter->handleRequest(null, Object(Config\Cache), false)
 5 FCPATH\index.php(67): CodeIgniter\CodeIgniter->run()
CRITICAL - 2022-10-12 06:30:06 --> Undefined property: CodeIgniter\HTTP\IncomingRequest::$14
in APPPATH\Controllers\Home.php on line 215.
 1 APPPATH\Controllers\Home.php(215): CodeIgniter\Debug\Exceptions->errorHandler(2, 'Undefined property: CodeIgniter\\HTTP\\IncomingRequest::$14', 'APPPATH\\Controllers\\Home.php', 215)
 2 SYSTEMPATH\CodeIgniter.php(904): App\Controllers\Home->AddCart1('1001')
 3 SYSTEMPATH\CodeIgniter.php(457): CodeIgniter\CodeIgniter->runController(Object(App\Controllers\Home))
 4 SYSTEMPATH\CodeIgniter.php(340): CodeIgniter\CodeIgniter->handleRequest(null, Object(Config\Cache), false)
 5 FCPATH\index.php(67): CodeIgniter\CodeIgniter->run()
CRITICAL - 2022-10-12 06:30:14 --> Undefined property: CodeIgniter\HTTP\IncomingRequest::$1001
in APPPATH\Controllers\Home.php on line 216.
 1 APPPATH\Controllers\Home.php(216): CodeIgniter\Debug\Exceptions->errorHandler(2, 'Undefined property: CodeIgniter\\HTTP\\IncomingRequest::$1001', 'APPPATH\\Controllers\\Home.php', 216)
 2 SYSTEMPATH\CodeIgniter.php(904): App\Controllers\Home->AddCart1('1001')
 3 SYSTEMPATH\CodeIgniter.php(457): CodeIgniter\CodeIgniter->runController(Object(App\Controllers\Home))
 4 SYSTEMPATH\CodeIgniter.php(340): CodeIgniter\CodeIgniter->handleRequest(null, Object(Config\Cache), false)
 5 FCPATH\index.php(67): CodeIgniter\CodeIgniter->run()
CRITICAL - 2022-10-12 06:31:10 --> Undefined property: App\Controllers\Home::$post
in APPPATH\Controllers\Home.php on line 215.
 1 APPPATH\Controllers\Home.php(215): CodeIgniter\Debug\Exceptions->errorHandler(2, 'Undefined property: App\\Controllers\\Home::$post', 'APPPATH\\Controllers\\Home.php', 215)
 2 SYSTEMPATH\CodeIgniter.php(904): App\Controllers\Home->AddCart1('1001')
 3 SYSTEMPATH\CodeIgniter.php(457): CodeIgniter\CodeIgniter->runController(Object(App\Controllers\Home))
 4 SYSTEMPATH\CodeIgniter.php(340): CodeIgniter\CodeIgniter->handleRequest(null, Object(Config\Cache), false)
 5 FCPATH\index.php(67): CodeIgniter\CodeIgniter->run()
CRITICAL - 2022-10-12 06:33:26 --> Undefined property: App\Controllers\Home::$input
in APPPATH\Controllers\Home.php on line 215.
 1 APPPATH\Controllers\Home.php(215): CodeIgniter\Debug\Exceptions->errorHandler(2, 'Undefined property: App\\Controllers\\Home::$input', 'APPPATH\\Controllers\\Home.php', 215)
 2 SYSTEMPATH\CodeIgniter.php(904): App\Controllers\Home->AddCart1('1001')
 3 SYSTEMPATH\CodeIgniter.php(457): CodeIgniter\CodeIgniter->runController(Object(App\Controllers\Home))
 4 SYSTEMPATH\CodeIgniter.php(340): CodeIgniter\CodeIgniter->handleRequest(null, Object(Config\Cache), false)
 5 FCPATH\index.php(67): CodeIgniter\CodeIgniter->run()
CRITICAL - 2022-10-12 06:33:45 --> Undefined property: App\Controllers\Home::$input
in APPPATH\Controllers\Home.php on line 215.
 1 APPPATH\Controllers\Home.php(215): CodeIgniter\Debug\Exceptions->errorHandler(2, 'Undefined property: App\\Controllers\\Home::$input', 'APPPATH\\Controllers\\Home.php', 215)
 2 SYSTEMPATH\CodeIgniter.php(904): App\Controllers\Home->AddCart1('1001')
 3 SYSTEMPATH\CodeIgniter.php(457): CodeIgniter\CodeIgniter->runController(Object(App\Controllers\Home))
 4 SYSTEMPATH\CodeIgniter.php(340): CodeIgniter\CodeIgniter->handleRequest(null, Object(Config\Cache), false)
 5 FCPATH\index.php(67): CodeIgniter\CodeIgniter->run()
CRITICAL - 2022-10-12 06:34:14 --> Undefined property: App\Controllers\Home::$14
in APPPATH\Controllers\Home.php on line 215.
 1 APPPATH\Controllers\Home.php(215): CodeIgniter\Debug\Exceptions->errorHandler(2, 'Undefined property: App\\Controllers\\Home::$14', 'APPPATH\\Controllers\\Home.php', 215)
 2 SYSTEMPATH\CodeIgniter.php(904): App\Controllers\Home->AddCart1('1001')
 3 SYSTEMPATH\CodeIgniter.php(457): CodeIgniter\CodeIgniter->runController(Object(App\Controllers\Home))
 4 SYSTEMPATH\CodeIgniter.php(340): CodeIgniter\CodeIgniter->handleRequest(null, Object(Config\Cache), false)
 5 FCPATH\index.php(67): CodeIgniter\CodeIgniter->run()
CRITICAL - 2022-10-12 06:34:55 --> syntax error, unexpected token "=", expecting "]"
in APPPATH\Controllers\Home.php on line 215.
 1 SYSTEMPATH\Router\Router.php(499): CodeIgniter\Router\AutoRouter->getRoute('Home/AddCart1/1001')
 2 SYSTEMPATH\Router\Router.php(205): CodeIgniter\Router\Router->autoRoute('Home/AddCart1/1001')
 3 SYSTEMPATH\CodeIgniter.php(779): CodeIgniter\Router\Router->handle('Home/AddCart1/1001')
 4 SYSTEMPATH\CodeIgniter.php(406): CodeIgniter\CodeIgniter->tryToRouteIt(Object(CodeIgniter\Router\RouteCollection))
 5 SYSTEMPATH\CodeIgniter.php(340): CodeIgniter\CodeIgniter->handleRequest(null, Object(Config\Cache), false)
 6 FCPATH\index.php(67): CodeIgniter\CodeIgniter->run()
CRITICAL - 2022-10-12 06:36:21 --> Undefined property: CodeIgniter\HTTP\IncomingRequest::$14
in APPPATH\Controllers\Home.php on line 217.
 1 APPPATH\Controllers\Home.php(217): CodeIgniter\Debug\Exceptions->errorHandler(2, 'Undefined property: CodeIgniter\\HTTP\\IncomingRequest::$14', 'APPPATH\\Controllers\\Home.php', 217)
 2 SYSTEMPATH\CodeIgniter.php(904): App\Controllers\Home->AddCart1('1001')
 3 SYSTEMPATH\CodeIgniter.php(457): CodeIgniter\CodeIgniter->runController(Object(App\Controllers\Home))
 4 SYSTEMPATH\CodeIgniter.php(340): CodeIgniter\CodeIgniter->handleRequest(null, Object(Config\Cache), false)
 5 FCPATH\index.php(67): CodeIgniter\CodeIgniter->run()
CRITICAL - 2022-10-12 06:36:49 --> syntax error, unexpected token ";", expecting "]"
in APPPATH\Controllers\Home.php on line 214.
 1 SYSTEMPATH\Router\Router.php(499): CodeIgniter\Router\AutoRouter->getRoute('Home/AddCart1/1001')
 2 SYSTEMPATH\Router\Router.php(205): CodeIgniter\Router\Router->autoRoute('Home/AddCart1/1001')
 3 SYSTEMPATH\CodeIgniter.php(779): CodeIgniter\Router\Router->handle('Home/AddCart1/1001')
 4 SYSTEMPATH\CodeIgniter.php(406): CodeIgniter\CodeIgniter->tryToRouteIt(Object(CodeIgniter\Router\RouteCollection))
 5 SYSTEMPATH\CodeIgniter.php(340): CodeIgniter\CodeIgniter->handleRequest(null, Object(Config\Cache), false)
 6 FCPATH\index.php(67): CodeIgniter\CodeIgniter->run()
CRITICAL - 2022-10-12 06:37:18 --> Undefined variable $cartData
in APPPATH\Controllers\Home.php on line 219.
 1 APPPATH\Controllers\Home.php(219): CodeIgniter\Debug\Exceptions->errorHandler(2, 'Undefined variable $cartData', 'APPPATH\\Controllers\\Home.php', 219)
 2 SYSTEMPATH\CodeIgniter.php(904): App\Controllers\Home->AddCart1('1003')
 3 SYSTEMPATH\CodeIgniter.php(457): CodeIgniter\CodeIgniter->runController(Object(App\Controllers\Home))
 4 SYSTEMPATH\CodeIgniter.php(340): CodeIgniter\CodeIgniter->handleRequest(null, Object(Config\Cache), false)
 5 FCPATH\index.php(67): CodeIgniter\CodeIgniter->run()
CRITICAL - 2022-10-12 06:37:41 --> Too few arguments to function CodeIgniter\HTTP\RedirectResponse::to(), 0 passed in C:\xampp\htdocs\DarshenFYP\app\Controllers\Home.php on line 227 and at least 1 expected
in SYSTEMPATH\HTTP\RedirectResponse.php on line 32.
 1 APPPATH\Controllers\Home.php(227): CodeIgniter\HTTP\RedirectResponse->to()
 2 SYSTEMPATH\CodeIgniter.php(904): App\Controllers\Home->AddCart1('1003')
 3 SYSTEMPATH\CodeIgniter.php(457): CodeIgniter\CodeIgniter->runController(Object(App\Controllers\Home))
 4 SYSTEMPATH\CodeIgniter.php(340): CodeIgniter\CodeIgniter->handleRequest(null, Object(Config\Cache), false)
 5 FCPATH\index.php(67): CodeIgniter\CodeIgniter->run()
CRITICAL - 2022-10-12 06:38:21 --> Too few arguments to function CodeIgniter\HTTP\RedirectResponse::to(), 0 passed in C:\xampp\htdocs\DarshenFYP\app\Controllers\Home.php on line 227 and at least 1 expected
in SYSTEMPATH\HTTP\RedirectResponse.php on line 32.
 1 APPPATH\Controllers\Home.php(227): CodeIgniter\HTTP\RedirectResponse->to()
 2 SYSTEMPATH\CodeIgniter.php(904): App\Controllers\Home->AddCart1('1003')
 3 SYSTEMPATH\CodeIgniter.php(457): CodeIgniter\CodeIgniter->runController(Object(App\Controllers\Home))
 4 SYSTEMPATH\CodeIgniter.php(340): CodeIgniter\CodeIgniter->handleRequest(null, Object(Config\Cache), false)
 5 FCPATH\index.php(67): CodeIgniter\CodeIgniter->run()
CRITICAL - 2022-10-12 06:39:21 --> Too few arguments to function CodeIgniter\HTTP\RedirectResponse::to(), 0 passed in C:\xampp\htdocs\DarshenFYP\app\Controllers\Home.php on line 227 and at least 1 expected
in SYSTEMPATH\HTTP\RedirectResponse.php on line 32.
 1 APPPATH\Controllers\Home.php(227): CodeIgniter\HTTP\RedirectResponse->to()
 2 SYSTEMPATH\CodeIgniter.php(904): App\Controllers\Home->AddCart1('1003')
 3 SYSTEMPATH\CodeIgniter.php(457): CodeIgniter\CodeIgniter->runController(Object(App\Controllers\Home))
 4 SYSTEMPATH\CodeIgniter.php(340): CodeIgniter\CodeIgniter->handleRequest(null, Object(Config\Cache), false)
 5 FCPATH\index.php(67): CodeIgniter\CodeIgniter->run()
CRITICAL - 2022-10-12 06:39:56 --> Array to string conversion
in APPPATH\Controllers\Home.php on line 213.
 1 APPPATH\Controllers\Home.php(213): CodeIgniter\Debug\Exceptions->errorHandler(2, 'Array to string conversion', 'APPPATH\\Controllers\\Home.php', 213)
 2 SYSTEMPATH\CodeIgniter.php(904): App\Controllers\Home->AddCart1('1003')
 3 SYSTEMPATH\CodeIgniter.php(457): CodeIgniter\CodeIgniter->runController(Object(App\Controllers\Home))
 4 SYSTEMPATH\CodeIgniter.php(340): CodeIgniter\CodeIgniter->handleRequest(null, Object(Config\Cache), false)
 5 FCPATH\index.php(67): CodeIgniter\CodeIgniter->run()
CRITICAL - 2022-10-12 06:40:34 --> Undefined property: App\Controllers\Home::$1003
in APPPATH\Controllers\Home.php on line 213.
 1 APPPATH\Controllers\Home.php(213): CodeIgniter\Debug\Exceptions->errorHandler(2, 'Undefined property: App\\Controllers\\Home::$1003', 'APPPATH\\Controllers\\Home.php', 213)
 2 SYSTEMPATH\CodeIgniter.php(904): App\Controllers\Home->AddCart1('1003')
 3 SYSTEMPATH\CodeIgniter.php(457): CodeIgniter\CodeIgniter->runController(Object(App\Controllers\Home))
 4 SYSTEMPATH\CodeIgniter.php(340): CodeIgniter\CodeIgniter->handleRequest(null, Object(Config\Cache), false)
 5 FCPATH\index.php(67): CodeIgniter\CodeIgniter->run()
CRITICAL - 2022-10-12 06:41:43 --> Too few arguments to function CodeIgniter\HTTP\RedirectResponse::to(), 0 passed in C:\xampp\htdocs\DarshenFYP\app\Controllers\Home.php on line 227 and at least 1 expected
in SYSTEMPATH\HTTP\RedirectResponse.php on line 32.
 1 APPPATH\Controllers\Home.php(227): CodeIgniter\HTTP\RedirectResponse->to()
 2 SYSTEMPATH\CodeIgniter.php(904): App\Controllers\Home->AddCart1('1003')
 3 SYSTEMPATH\CodeIgniter.php(457): CodeIgniter\CodeIgniter->runController(Object(App\Controllers\Home))
 4 SYSTEMPATH\CodeIgniter.php(340): CodeIgniter\CodeIgniter->handleRequest(null, Object(Config\Cache), false)
 5 FCPATH\index.php(67): CodeIgniter\CodeIgniter->run()
CRITICAL - 2022-10-12 06:43:41 --> Too few arguments to function CodeIgniter\HTTP\RedirectResponse::to(), 0 passed in C:\xampp\htdocs\DarshenFYP\app\Controllers\Home.php on line 227 and at least 1 expected
in SYSTEMPATH\HTTP\RedirectResponse.php on line 32.
 1 APPPATH\Controllers\Home.php(227): CodeIgniter\HTTP\RedirectResponse->to()
 2 SYSTEMPATH\CodeIgniter.php(904): App\Controllers\Home->AddCart1('1003')
 3 SYSTEMPATH\CodeIgniter.php(457): CodeIgniter\CodeIgniter->runController(Object(App\Controllers\Home))
 4 SYSTEMPATH\CodeIgniter.php(340): CodeIgniter\CodeIgniter->handleRequest(null, Object(Config\Cache), false)
 5 FCPATH\index.php(67): CodeIgniter\CodeIgniter->run()
CRITICAL - 2022-10-12 06:48:09 --> Undefined variable $id
in APPPATH\Views\Home\ProductDetails.php on line 73.
 1 APPPATH\Views\Home\ProductDetails.php(73): CodeIgniter\Debug\Exceptions->errorHandler(2, 'Undefined variable $id', 'APPPATH\\Views\\Home\\ProductDetails.php', 73)
 2 SYSTEMPATH\View\View.php(213): include('APPPATH\\Views\\Home\\ProductDetails.php')
 3 SYSTEMPATH\View\View.php(216): CodeIgniter\View\View->CodeIgniter\View\{closure}()
 4 SYSTEMPATH\Common.php(1142): CodeIgniter\View\View->render('Home/ProductDetails.php', [], true)
 5 APPPATH\Controllers\Home.php(177): view('Home/ProductDetails.php', [...])
 6 SYSTEMPATH\CodeIgniter.php(904): App\Controllers\Home->ProductDetails('1003')
 7 SYSTEMPATH\CodeIgniter.php(457): CodeIgniter\CodeIgniter->runController(Object(App\Controllers\Home))
 8 SYSTEMPATH\CodeIgniter.php(340): CodeIgniter\CodeIgniter->handleRequest(null, Object(Config\Cache), false)
 9 FCPATH\index.php(67): CodeIgniter\CodeIgniter->run()
CRITICAL - 2022-10-12 06:48:16 --> Undefined variable $id
in APPPATH\Views\Home\ProductDetails.php on line 73.
 1 APPPATH\Views\Home\ProductDetails.php(73): CodeIgniter\Debug\Exceptions->errorHandler(2, 'Undefined variable $id', 'APPPATH\\Views\\Home\\ProductDetails.php', 73)
 2 SYSTEMPATH\View\View.php(213): include('APPPATH\\Views\\Home\\ProductDetails.php')
 3 SYSTEMPATH\View\View.php(216): CodeIgniter\View\View->CodeIgniter\View\{closure}()
 4 SYSTEMPATH\Common.php(1142): CodeIgniter\View\View->render('Home/ProductDetails.php', [], true)
 5 APPPATH\Controllers\Home.php(177): view('Home/ProductDetails.php', [...])
 6 SYSTEMPATH\CodeIgniter.php(904): App\Controllers\Home->ProductDetails('1001')
 7 SYSTEMPATH\CodeIgniter.php(457): CodeIgniter\CodeIgniter->runController(Object(App\Controllers\Home))
 8 SYSTEMPATH\CodeIgniter.php(340): CodeIgniter\CodeIgniter->handleRequest(null, Object(Config\Cache), false)
 9 FCPATH\index.php(67): CodeIgniter\CodeIgniter->run()
CRITICAL - 2022-10-12 06:48:33 --> Undefined variable $id
in APPPATH\Views\Home\ProductDetails.php on line 73.
 1 APPPATH\Views\Home\ProductDetails.php(73): CodeIgniter\Debug\Exceptions->errorHandler(2, 'Undefined variable $id', 'APPPATH\\Views\\Home\\ProductDetails.php', 73)
 2 SYSTEMPATH\View\View.php(213): include('APPPATH\\Views\\Home\\ProductDetails.php')
 3 SYSTEMPATH\View\View.php(216): CodeIgniter\View\View->CodeIgniter\View\{closure}()
 4 SYSTEMPATH\Common.php(1142): CodeIgniter\View\View->render('Home/ProductDetails.php', [], true)
 5 APPPATH\Controllers\Home.php(178): view('Home/ProductDetails.php', [...])
 6 SYSTEMPATH\CodeIgniter.php(904): App\Controllers\Home->ProductDetails('1001')
 7 SYSTEMPATH\CodeIgniter.php(457): CodeIgniter\CodeIgniter->runController(Object(App\Controllers\Home))
 8 SYSTEMPATH\CodeIgniter.php(340): CodeIgniter\CodeIgniter->handleRequest(null, Object(Config\Cache), false)
 9 FCPATH\index.php(67): CodeIgniter\CodeIgniter->run()
CRITICAL - 2022-10-12 06:49:53 --> Undefined variable $data
in APPPATH\Controllers\Home.php on line 175.
 1 APPPATH\Controllers\Home.php(175): CodeIgniter\Debug\Exceptions->errorHandler(2, 'Undefined variable $data', 'APPPATH\\Controllers\\Home.php', 175)
 2 SYSTEMPATH\CodeIgniter.php(904): App\Controllers\Home->ProductDetails('1001')
 3 SYSTEMPATH\CodeIgniter.php(457): CodeIgniter\CodeIgniter->runController(Object(App\Controllers\Home))
 4 SYSTEMPATH\CodeIgniter.php(340): CodeIgniter\CodeIgniter->handleRequest(null, Object(Config\Cache), false)
 5 FCPATH\index.php(67): CodeIgniter\CodeIgniter->run()
CRITICAL - 2022-10-12 06:50:07 --> Undefined variable $data
in APPPATH\Controllers\Home.php on line 175.
 1 APPPATH\Controllers\Home.php(175): CodeIgniter\Debug\Exceptions->errorHandler(2, 'Undefined variable $data', 'APPPATH\\Controllers\\Home.php', 175)
 2 SYSTEMPATH\CodeIgniter.php(904): App\Controllers\Home->ProductDetails('1001')
 3 SYSTEMPATH\CodeIgniter.php(457): CodeIgniter\CodeIgniter->runController(Object(App\Controllers\Home))
 4 SYSTEMPATH\CodeIgniter.php(340): CodeIgniter\CodeIgniter->handleRequest(null, Object(Config\Cache), false)
 5 FCPATH\index.php(67): CodeIgniter\CodeIgniter->run()
CRITICAL - 2022-10-12 06:51:14 --> Array to string conversion
in APPPATH\Views\Home\ProductDetails.php on line 73.
 1 APPPATH\Views\Home\ProductDetails.php(73): CodeIgniter\Debug\Exceptions->errorHandler(2, 'Array to string conversion', 'APPPATH\\Views\\Home\\ProductDetails.php', 73)
 2 SYSTEMPATH\View\View.php(213): include('APPPATH\\Views\\Home\\ProductDetails.php')
 3 SYSTEMPATH\View\View.php(216): CodeIgniter\View\View->CodeIgniter\View\{closure}()
 4 SYSTEMPATH\Common.php(1142): CodeIgniter\View\View->render('Home/ProductDetails.php', [], true)
 5 APPPATH\Controllers\Home.php(180): view('Home/ProductDetails.php', [...])
 6 SYSTEMPATH\CodeIgniter.php(904): App\Controllers\Home->ProductDetails('1001')
 7 SYSTEMPATH\CodeIgniter.php(457): CodeIgniter\CodeIgniter->runController(Object(App\Controllers\Home))
 8 SYSTEMPATH\CodeIgniter.php(340): CodeIgniter\CodeIgniter->handleRequest(null, Object(Config\Cache), false)
 9 FCPATH\index.php(67): CodeIgniter\CodeIgniter->run()
CRITICAL - 2022-10-12 06:52:19 --> syntax error, unexpected token "else"
in APPPATH\Views\Home\ProductDetails.php on line 76.
 1 SYSTEMPATH\View\View.php(216): CodeIgniter\View\View->CodeIgniter\View\{closure}()
 2 SYSTEMPATH\Common.php(1142): CodeIgniter\View\View->render('Home/ProductDetails.php', [], true)
 3 APPPATH\Controllers\Home.php(180): view('Home/ProductDetails.php', [...])
 4 SYSTEMPATH\CodeIgniter.php(904): App\Controllers\Home->ProductDetails('1001')
 5 SYSTEMPATH\CodeIgniter.php(457): CodeIgniter\CodeIgniter->runController(Object(App\Controllers\Home))
 6 SYSTEMPATH\CodeIgniter.php(340): CodeIgniter\CodeIgniter->handleRequest(null, Object(Config\Cache), false)
 7 FCPATH\index.php(67): CodeIgniter\CodeIgniter->run()
CRITICAL - 2022-10-12 06:55:03 --> Undefined variable $firstname
in APPPATH\Views\Home\ProductDetails.php on line 80.
 1 APPPATH\Views\Home\ProductDetails.php(80): CodeIgniter\Debug\Exceptions->errorHandler(2, 'Undefined variable $firstname', 'APPPATH\\Views\\Home\\ProductDetails.php', 80)
 2 SYSTEMPATH\View\View.php(213): include('APPPATH\\Views\\Home\\ProductDetails.php')
 3 SYSTEMPATH\View\View.php(216): CodeIgniter\View\View->CodeIgniter\View\{closure}()
 4 SYSTEMPATH\Common.php(1142): CodeIgniter\View\View->render('Home/ProductDetails.php', [], true)
 5 APPPATH\Controllers\Home.php(180): view('Home/ProductDetails.php', [...])
 6 SYSTEMPATH\CodeIgniter.php(904): App\Controllers\Home->ProductDetails('1001')
 7 SYSTEMPATH\CodeIgniter.php(457): CodeIgniter\CodeIgniter->runController(Object(App\Controllers\Home))
 8 SYSTEMPATH\CodeIgniter.php(340): CodeIgniter\CodeIgniter->handleRequest(null, Object(Config\Cache), false)
 9 FCPATH\index.php(67): CodeIgniter\CodeIgniter->run()
CRITICAL - 2022-10-12 06:55:25 --> Undefined variable $uID
in APPPATH\Views\Home\ProductDetails.php on line 77.
 1 APPPATH\Views\Home\ProductDetails.php(77): CodeIgniter\Debug\Exceptions->errorHandler(2, 'Undefined variable $uID', 'APPPATH\\Views\\Home\\ProductDetails.php', 77)
 2 SYSTEMPATH\View\View.php(213): include('APPPATH\\Views\\Home\\ProductDetails.php')
 3 SYSTEMPATH\View\View.php(216): CodeIgniter\View\View->CodeIgniter\View\{closure}()
 4 SYSTEMPATH\Common.php(1142): CodeIgniter\View\View->render('Home/ProductDetails.php', [], true)
 5 APPPATH\Controllers\Home.php(180): view('Home/ProductDetails.php', [...])
 6 SYSTEMPATH\CodeIgniter.php(904): App\Controllers\Home->ProductDetails('1001')
 7 SYSTEMPATH\CodeIgniter.php(457): CodeIgniter\CodeIgniter->runController(Object(App\Controllers\Home))
 8 SYSTEMPATH\CodeIgniter.php(340): CodeIgniter\CodeIgniter->handleRequest(null, Object(Config\Cache), false)
 9 FCPATH\index.php(67): CodeIgniter\CodeIgniter->run()
CRITICAL - 2022-10-12 06:55:32 --> Undefined variable $id
in APPPATH\Views\Home\ProductDetails.php on line 79.
 1 APPPATH\Views\Home\ProductDetails.php(79): CodeIgniter\Debug\Exceptions->errorHandler(2, 'Undefined variable $id', 'APPPATH\\Views\\Home\\ProductDetails.php', 79)
 2 SYSTEMPATH\View\View.php(213): include('APPPATH\\Views\\Home\\ProductDetails.php')
 3 SYSTEMPATH\View\View.php(216): CodeIgniter\View\View->CodeIgniter\View\{closure}()
 4 SYSTEMPATH\Common.php(1142): CodeIgniter\View\View->render('Home/ProductDetails.php', [], true)
 5 APPPATH\Controllers\Home.php(180): view('Home/ProductDetails.php', [...])
 6 SYSTEMPATH\CodeIgniter.php(904): App\Controllers\Home->ProductDetails('1001')
 7 SYSTEMPATH\CodeIgniter.php(457): CodeIgniter\CodeIgniter->runController(Object(App\Controllers\Home))
 8 SYSTEMPATH\CodeIgniter.php(340): CodeIgniter\CodeIgniter->handleRequest(null, Object(Config\Cache), false)
 9 FCPATH\index.php(67): CodeIgniter\CodeIgniter->run()
CRITICAL - 2022-10-12 06:55:56 --> Undefined variable $firstname
in APPPATH\Views\Home\ProductDetails.php on line 80.
 1 APPPATH\Views\Home\ProductDetails.php(80): CodeIgniter\Debug\Exceptions->errorHandler(2, 'Undefined variable $firstname', 'APPPATH\\Views\\Home\\ProductDetails.php', 80)
 2 SYSTEMPATH\View\View.php(213): include('APPPATH\\Views\\Home\\ProductDetails.php')
 3 SYSTEMPATH\View\View.php(216): CodeIgniter\View\View->CodeIgniter\View\{closure}()
 4 SYSTEMPATH\Common.php(1142): CodeIgniter\View\View->render('Home/ProductDetails.php', [], true)
 5 APPPATH\Controllers\Home.php(180): view('Home/ProductDetails.php', [...])
 6 SYSTEMPATH\CodeIgniter.php(904): App\Controllers\Home->ProductDetails('1001')
 7 SYSTEMPATH\CodeIgniter.php(457): CodeIgniter\CodeIgniter->runController(Object(App\Controllers\Home))
 8 SYSTEMPATH\CodeIgniter.php(340): CodeIgniter\CodeIgniter->handleRequest(null, Object(Config\Cache), false)
 9 FCPATH\index.php(67): CodeIgniter\CodeIgniter->run()
CRITICAL - 2022-10-12 06:57:47 --> Undefined variable $theItem
in APPPATH\Controllers\Home.php on line 203.
 1 APPPATH\Controllers\Home.php(203): CodeIgniter\Debug\Exceptions->errorHandler(2, 'Undefined variable $theItem', 'APPPATH\\Controllers\\Home.php', 203)
 2 SYSTEMPATH\CodeIgniter.php(904): App\Controllers\Home->AddCart1('1001')
 3 SYSTEMPATH\CodeIgniter.php(457): CodeIgniter\CodeIgniter->runController(Object(App\Controllers\Home))
 4 SYSTEMPATH\CodeIgniter.php(340): CodeIgniter\CodeIgniter->handleRequest(null, Object(Config\Cache), false)
 5 FCPATH\index.php(67): CodeIgniter\CodeIgniter->run()
CRITICAL - 2022-10-12 07:01:28 --> Too few arguments to function CodeIgniter\HTTP\RedirectResponse::to(), 0 passed in C:\xampp\htdocs\DarshenFYP\app\Controllers\Home.php on line 228 and at least 1 expected
in SYSTEMPATH\HTTP\RedirectResponse.php on line 32.
 1 APPPATH\Controllers\Home.php(228): CodeIgniter\HTTP\RedirectResponse->to()
 2 SYSTEMPATH\CodeIgniter.php(904): App\Controllers\Home->AddCart1('1001')
 3 SYSTEMPATH\CodeIgniter.php(457): CodeIgniter\CodeIgniter->runController(Object(App\Controllers\Home))
 4 SYSTEMPATH\CodeIgniter.php(340): CodeIgniter\CodeIgniter->handleRequest(null, Object(Config\Cache), false)
 5 FCPATH\index.php(67): CodeIgniter\CodeIgniter->run()
CRITICAL - 2022-10-12 07:02:43 --> Undefined property: CodeIgniter\HTTP\IncomingRequest::$1001
in APPPATH\Controllers\Home.php on line 214.
 1 APPPATH\Controllers\Home.php(214): CodeIgniter\Debug\Exceptions->errorHandler(2, 'Undefined property: CodeIgniter\\HTTP\\IncomingRequest::$1001', 'APPPATH\\Controllers\\Home.php', 214)
 2 SYSTEMPATH\CodeIgniter.php(904): App\Controllers\Home->AddCart1('1001')
 3 SYSTEMPATH\CodeIgniter.php(457): CodeIgniter\CodeIgniter->runController(Object(App\Controllers\Home))
 4 SYSTEMPATH\CodeIgniter.php(340): CodeIgniter\CodeIgniter->handleRequest(null, Object(Config\Cache), false)
 5 FCPATH\index.php(67): CodeIgniter\CodeIgniter->run()
CRITICAL - 2022-10-12 07:03:52 --> Undefined property: App\Controllers\Home::$1001
in APPPATH\Controllers\Home.php on line 214.
 1 APPPATH\Controllers\Home.php(214): CodeIgniter\Debug\Exceptions->errorHandler(2, 'Undefined property: App\\Controllers\\Home::$1001', 'APPPATH\\Controllers\\Home.php', 214)
 2 SYSTEMPATH\CodeIgniter.php(904): App\Controllers\Home->AddCart1('1001')
 3 SYSTEMPATH\CodeIgniter.php(457): CodeIgniter\CodeIgniter->runController(Object(App\Controllers\Home))
 4 SYSTEMPATH\CodeIgniter.php(340): CodeIgniter\CodeIgniter->handleRequest(null, Object(Config\Cache), false)
 5 FCPATH\index.php(67): CodeIgniter\CodeIgniter->run()
CRITICAL - 2022-10-12 07:04:13 --> syntax error, unexpected token "=", expecting "]"
in APPPATH\Controllers\Home.php on line 214.
 1 SYSTEMPATH\Router\Router.php(499): CodeIgniter\Router\AutoRouter->getRoute('Home/Products')
 2 SYSTEMPATH\Router\Router.php(205): CodeIgniter\Router\Router->autoRoute('Home/Products')
 3 SYSTEMPATH\CodeIgniter.php(779): CodeIgniter\Router\Router->handle('Home/Products')
 4 SYSTEMPATH\CodeIgniter.php(406): CodeIgniter\CodeIgniter->tryToRouteIt(Object(CodeIgniter\Router\RouteCollection))
 5 SYSTEMPATH\CodeIgniter.php(340): CodeIgniter\CodeIgniter->handleRequest(null, Object(Config\Cache), false)
 6 FCPATH\index.php(67): CodeIgniter\CodeIgniter->run()
CRITICAL - 2022-10-12 07:04:17 --> syntax error, unexpected token "=", expecting "]"
in APPPATH\Controllers\Home.php on line 214.
 1 SYSTEMPATH\Autoloader\Autoloader.php(259): CodeIgniter\Autoloader\Autoloader->includeFile('APPPATH\\Controllers\\Home.php')
 2 SYSTEMPATH\Autoloader\Autoloader.php(237): CodeIgniter\Autoloader\Autoloader->loadInNamespace('App\\Controllers\\Home')
 3 [internal function]: CodeIgniter\Autoloader\Autoloader->loadClass('App\\Controllers\\Home')
 4 SYSTEMPATH\CodeIgniter.php(854): class_exists('\\App\\Controllers\\Home', true)
 5 SYSTEMPATH\CodeIgniter.php(444): CodeIgniter\CodeIgniter->startController()
 6 SYSTEMPATH\CodeIgniter.php(340): CodeIgniter\CodeIgniter->handleRequest(null, Object(Config\Cache), false)
 7 FCPATH\index.php(67): CodeIgniter\CodeIgniter->run()
CRITICAL - 2022-10-12 07:04:19 --> syntax error, unexpected token "=", expecting "]"
in APPPATH\Controllers\Home.php on line 214.
 1 SYSTEMPATH\Router\Router.php(499): CodeIgniter\Router\AutoRouter->getRoute('Home/ProductDetails/1001')
 2 SYSTEMPATH\Router\Router.php(205): CodeIgniter\Router\Router->autoRoute('Home/ProductDetails/1001')
 3 SYSTEMPATH\CodeIgniter.php(779): CodeIgniter\Router\Router->handle('Home/ProductDetails/1001')
 4 SYSTEMPATH\CodeIgniter.php(406): CodeIgniter\CodeIgniter->tryToRouteIt(Object(CodeIgniter\Router\RouteCollection))
 5 SYSTEMPATH\CodeIgniter.php(340): CodeIgniter\CodeIgniter->handleRequest(null, Object(Config\Cache), false)
 6 FCPATH\index.php(67): CodeIgniter\CodeIgniter->run()
CRITICAL - 2022-10-12 07:04:41 --> syntax error, unexpected token "=", expecting "]"
in APPPATH\Controllers\Home.php on line 214.
 1 SYSTEMPATH\Router\Router.php(499): CodeIgniter\Router\AutoRouter->getRoute('Home/Products')
 2 SYSTEMPATH\Router\Router.php(205): CodeIgniter\Router\Router->autoRoute('Home/Products')
 3 SYSTEMPATH\CodeIgniter.php(779): CodeIgniter\Router\Router->handle('Home/Products')
 4 SYSTEMPATH\CodeIgniter.php(406): CodeIgniter\CodeIgniter->tryToRouteIt(Object(CodeIgniter\Router\RouteCollection))
 5 SYSTEMPATH\CodeIgniter.php(340): CodeIgniter\CodeIgniter->handleRequest(null, Object(Config\Cache), false)
 6 FCPATH\index.php(67): CodeIgniter\CodeIgniter->run()
CRITICAL - 2022-10-12 07:08:16 --> Too few arguments to function CodeIgniter\HTTP\RedirectResponse::to(), 0 passed in C:\xampp\htdocs\DarshenFYP\app\Controllers\Home.php on line 232 and at least 1 expected
in SYSTEMPATH\HTTP\RedirectResponse.php on line 32.
 1 APPPATH\Controllers\Home.php(232): CodeIgniter\HTTP\RedirectResponse->to()
 2 SYSTEMPATH\CodeIgniter.php(904): App\Controllers\Home->AddCart1('1001')
 3 SYSTEMPATH\CodeIgniter.php(457): CodeIgniter\CodeIgniter->runController(Object(App\Controllers\Home))
 4 SYSTEMPATH\CodeIgniter.php(340): CodeIgniter\CodeIgniter->handleRequest(null, Object(Config\Cache), false)
 5 FCPATH\index.php(67): CodeIgniter\CodeIgniter->run()
CRITICAL - 2022-10-12 07:11:24 --> There is no data to insert.
in SYSTEMPATH\BaseModel.php on line 718.
 1 SYSTEMPATH\BaseModel.php(718): CodeIgniter\Database\Exceptions\DataException::forEmptyDataset('insert')
 2 SYSTEMPATH\Model.php(667): CodeIgniter\BaseModel->insert([], false)
 3 SYSTEMPATH\BaseModel.php(658): CodeIgniter\Model->insert([...], false)
 4 APPPATH\Controllers\Home.php(224): CodeIgniter\BaseModel->save([...])
 5 SYSTEMPATH\CodeIgniter.php(904): App\Controllers\Home->AddCart1('1005')
 6 SYSTEMPATH\CodeIgniter.php(457): CodeIgniter\CodeIgniter->runController(Object(App\Controllers\Home))
 7 SYSTEMPATH\CodeIgniter.php(340): CodeIgniter\CodeIgniter->handleRequest(null, Object(Config\Cache), false)
 8 FCPATH\index.php(67): CodeIgniter\CodeIgniter->run()
CRITICAL - 2022-10-12 07:12:17 --> There is no data to insert.
in SYSTEMPATH\BaseModel.php on line 718.
 1 SYSTEMPATH\BaseModel.php(718): CodeIgniter\Database\Exceptions\DataException::forEmptyDataset('insert')
 2 SYSTEMPATH\Model.php(667): CodeIgniter\BaseModel->insert([], false)
 3 SYSTEMPATH\BaseModel.php(658): CodeIgniter\Model->insert([...], false)
 4 APPPATH\Controllers\Home.php(226): CodeIgniter\BaseModel->save([...])
 5 SYSTEMPATH\CodeIgniter.php(904): App\Controllers\Home->AddCart1('1005')
 6 SYSTEMPATH\CodeIgniter.php(457): CodeIgniter\CodeIgniter->runController(Object(App\Controllers\Home))
 7 SYSTEMPATH\CodeIgniter.php(340): CodeIgniter\CodeIgniter->handleRequest(null, Object(Config\Cache), false)
 8 FCPATH\index.php(67): CodeIgniter\CodeIgniter->run()
CRITICAL - 2022-10-12 07:12:53 --> There is no data to insert.
in SYSTEMPATH\BaseModel.php on line 718.
 1 SYSTEMPATH\BaseModel.php(718): CodeIgniter\Database\Exceptions\DataException::forEmptyDataset('insert')
 2 SYSTEMPATH\Model.php(667): CodeIgniter\BaseModel->insert([], false)
 3 SYSTEMPATH\BaseModel.php(658): CodeIgniter\Model->insert([...], false)
 4 APPPATH\Controllers\Home.php(225): CodeIgniter\BaseModel->save([...])
 5 SYSTEMPATH\CodeIgniter.php(904): App\Controllers\Home->AddCart1('1005')
 6 SYSTEMPATH\CodeIgniter.php(457): CodeIgniter\CodeIgniter->runController(Object(App\Controllers\Home))
 7 SYSTEMPATH\CodeIgniter.php(340): CodeIgniter\CodeIgniter->handleRequest(null, Object(Config\Cache), false)
 8 FCPATH\index.php(67): CodeIgniter\CodeIgniter->run()
CRITICAL - 2022-10-12 07:12:59 --> There is no data to insert.
in SYSTEMPATH\BaseModel.php on line 718.
 1 SYSTEMPATH\BaseModel.php(718): CodeIgniter\Database\Exceptions\DataException::forEmptyDataset('insert')
 2 SYSTEMPATH\Model.php(667): CodeIgniter\BaseModel->insert([], false)
 3 SYSTEMPATH\BaseModel.php(658): CodeIgniter\Model->insert([...], false)
 4 APPPATH\Controllers\Home.php(225): CodeIgniter\BaseModel->save([...])
 5 SYSTEMPATH\CodeIgniter.php(904): App\Controllers\Home->AddCart1('1005')
 6 SYSTEMPATH\CodeIgniter.php(457): CodeIgniter\CodeIgniter->runController(Object(App\Controllers\Home))
 7 SYSTEMPATH\CodeIgniter.php(340): CodeIgniter\CodeIgniter->handleRequest(null, Object(Config\Cache), false)
 8 FCPATH\index.php(67): CodeIgniter\CodeIgniter->run()
CRITICAL - 2022-10-12 07:13:56 --> Undefined array key "ProductId"
in APPPATH\Controllers\Home.php on line 204.
 1 APPPATH\Controllers\Home.php(204): CodeIgniter\Debug\Exceptions->errorHandler(2, 'Undefined array key "ProductId"', 'APPPATH\\Controllers\\Home.php', 204)
 2 SYSTEMPATH\CodeIgniter.php(904): App\Controllers\Home->AddCart1('1005')
 3 SYSTEMPATH\CodeIgniter.php(457): CodeIgniter\CodeIgniter->runController(Object(App\Controllers\Home))
 4 SYSTEMPATH\CodeIgniter.php(340): CodeIgniter\CodeIgniter->handleRequest(null, Object(Config\Cache), false)
 5 FCPATH\index.php(67): CodeIgniter\CodeIgniter->run()
CRITICAL - 2022-10-12 08:17:53 --> Undefined variable $ProductId
in APPPATH\Controllers\Home.php on line 201.
 1 APPPATH\Controllers\Home.php(201): CodeIgniter\Debug\Exceptions->errorHandler(2, 'Undefined variable $ProductId', 'APPPATH\\Controllers\\Home.php', 201)
 2 SYSTEMPATH\CodeIgniter.php(904): App\Controllers\Home->AddCart1('1004')
 3 SYSTEMPATH\CodeIgniter.php(457): CodeIgniter\CodeIgniter->runController(Object(App\Controllers\Home))
 4 SYSTEMPATH\CodeIgniter.php(340): CodeIgniter\CodeIgniter->handleRequest(null, Object(Config\Cache), false)
 5 FCPATH\index.php(67): CodeIgniter\CodeIgniter->run()
CRITICAL - 2022-10-12 08:19:22 --> syntax error, unexpected token "}"
in APPPATH\Controllers\Home.php on line 212.
 1 SYSTEMPATH\Router\Router.php(499): CodeIgniter\Router\AutoRouter->getRoute('Home/AddCart1/1004')
 2 SYSTEMPATH\Router\Router.php(205): CodeIgniter\Router\Router->autoRoute('Home/AddCart1/1004')
 3 SYSTEMPATH\CodeIgniter.php(779): CodeIgniter\Router\Router->handle('Home/AddCart1/1004')
 4 SYSTEMPATH\CodeIgniter.php(406): CodeIgniter\CodeIgniter->tryToRouteIt(Object(CodeIgniter\Router\RouteCollection))
 5 SYSTEMPATH\CodeIgniter.php(340): CodeIgniter\CodeIgniter->handleRequest(null, Object(Config\Cache), false)
 6 FCPATH\index.php(67): CodeIgniter\CodeIgniter->run()
CRITICAL - 2022-10-12 08:19:31 --> Cannot access offset of type string on string
in APPPATH\Controllers\Home.php on line 211.
 1 SYSTEMPATH\CodeIgniter.php(904): App\Controllers\Home->AddCart1('1004')
 2 SYSTEMPATH\CodeIgniter.php(457): CodeIgniter\CodeIgniter->runController(Object(App\Controllers\Home))
 3 SYSTEMPATH\CodeIgniter.php(340): CodeIgniter\CodeIgniter->handleRequest(null, Object(Config\Cache), false)
 4 FCPATH\index.php(67): CodeIgniter\CodeIgniter->run()
CRITICAL - 2022-10-12 08:21:16 --> Undefined variable $productCartId
in APPPATH\Controllers\Home.php on line 212.
 1 APPPATH\Controllers\Home.php(212): CodeIgniter\Debug\Exceptions->errorHandler(2, 'Undefined variable $productCartId', 'APPPATH\\Controllers\\Home.php', 212)
 2 SYSTEMPATH\CodeIgniter.php(904): App\Controllers\Home->AddCart1('1004')
 3 SYSTEMPATH\CodeIgniter.php(457): CodeIgniter\CodeIgniter->runController(Object(App\Controllers\Home))
 4 SYSTEMPATH\CodeIgniter.php(340): CodeIgniter\CodeIgniter->handleRequest(null, Object(Config\Cache), false)
 5 FCPATH\index.php(67): CodeIgniter\CodeIgniter->run()
CRITICAL - 2022-10-12 08:22:24 --> Too few arguments to function CodeIgniter\HTTP\RedirectResponse::to(), 0 passed in C:\xampp\htdocs\DarshenFYP\app\Controllers\Home.php on line 228 and at least 1 expected
in SYSTEMPATH\HTTP\RedirectResponse.php on line 32.
 1 APPPATH\Controllers\Home.php(228): CodeIgniter\HTTP\RedirectResponse->to()
 2 SYSTEMPATH\CodeIgniter.php(904): App\Controllers\Home->AddCart1('1004')
 3 SYSTEMPATH\CodeIgniter.php(457): CodeIgniter\CodeIgniter->runController(Object(App\Controllers\Home))
 4 SYSTEMPATH\CodeIgniter.php(340): CodeIgniter\CodeIgniter->handleRequest(null, Object(Config\Cache), false)
 5 FCPATH\index.php(67): CodeIgniter\CodeIgniter->run()
CRITICAL - 2022-10-12 08:25:41 --> Too few arguments to function CodeIgniter\HTTP\RedirectResponse::to(), 0 passed in C:\xampp\htdocs\DarshenFYP\app\Controllers\Home.php on line 229 and at least 1 expected
in SYSTEMPATH\HTTP\RedirectResponse.php on line 32.
 1 APPPATH\Controllers\Home.php(229): CodeIgniter\HTTP\RedirectResponse->to()
 2 SYSTEMPATH\CodeIgniter.php(904): App\Controllers\Home->AddCart1('1004')
 3 SYSTEMPATH\CodeIgniter.php(457): CodeIgniter\CodeIgniter->runController(Object(App\Controllers\Home))
 4 SYSTEMPATH\CodeIgniter.php(340): CodeIgniter\CodeIgniter->handleRequest(null, Object(Config\Cache), false)
 5 FCPATH\index.php(67): CodeIgniter\CodeIgniter->run()
CRITICAL - 2022-10-12 08:28:13 --> Too few arguments to function CodeIgniter\HTTP\RedirectResponse::to(), 0 passed in C:\xampp\htdocs\DarshenFYP\app\Controllers\Home.php on line 226 and at least 1 expected
in SYSTEMPATH\HTTP\RedirectResponse.php on line 32.
 1 APPPATH\Controllers\Home.php(226): CodeIgniter\HTTP\RedirectResponse->to()
 2 SYSTEMPATH\CodeIgniter.php(904): App\Controllers\Home->AddCart1('1004')
 3 SYSTEMPATH\CodeIgniter.php(457): CodeIgniter\CodeIgniter->runController(Object(App\Controllers\Home))
 4 SYSTEMPATH\CodeIgniter.php(340): CodeIgniter\CodeIgniter->handleRequest(null, Object(Config\Cache), false)
 5 FCPATH\index.php(67): CodeIgniter\CodeIgniter->run()
CRITICAL - 2022-10-12 08:29:52 --> Too few arguments to function CodeIgniter\HTTP\RedirectResponse::to(), 0 passed in C:\xampp\htdocs\DarshenFYP\app\Controllers\Home.php on line 226 and at least 1 expected
in SYSTEMPATH\HTTP\RedirectResponse.php on line 32.
 1 APPPATH\Controllers\Home.php(226): CodeIgniter\HTTP\RedirectResponse->to()
 2 SYSTEMPATH\CodeIgniter.php(904): App\Controllers\Home->AddCart1('1004')
 3 SYSTEMPATH\CodeIgniter.php(457): CodeIgniter\CodeIgniter->runController(Object(App\Controllers\Home))
 4 SYSTEMPATH\CodeIgniter.php(340): CodeIgniter\CodeIgniter->handleRequest(null, Object(Config\Cache), false)
 5 FCPATH\index.php(67): CodeIgniter\CodeIgniter->run()
CRITICAL - 2022-10-12 08:30:54 --> There is no data to insert.
in SYSTEMPATH\BaseModel.php on line 718.
 1 SYSTEMPATH\BaseModel.php(718): CodeIgniter\Database\Exceptions\DataException::forEmptyDataset('insert')
 2 SYSTEMPATH\Model.php(667): CodeIgniter\BaseModel->insert([], false)
 3 SYSTEMPATH\BaseModel.php(658): CodeIgniter\Model->insert([...], false)
 4 APPPATH\Controllers\Home.php(218): CodeIgniter\BaseModel->save([...])
 5 SYSTEMPATH\CodeIgniter.php(904): App\Controllers\Home->AddCart1('1004')
 6 SYSTEMPATH\CodeIgniter.php(457): CodeIgniter\CodeIgniter->runController(Object(App\Controllers\Home))
 7 SYSTEMPATH\CodeIgniter.php(340): CodeIgniter\CodeIgniter->handleRequest(null, Object(Config\Cache), false)
 8 FCPATH\index.php(67): CodeIgniter\CodeIgniter->run()
CRITICAL - 2022-10-12 08:31:12 --> syntax error, unexpected token "=", expecting "]"
in APPPATH\Controllers\Home.php on line 211.
 1 SYSTEMPATH\Router\Router.php(499): CodeIgniter\Router\AutoRouter->getRoute('Home/AddCart1/1004')
 2 SYSTEMPATH\Router\Router.php(205): CodeIgniter\Router\Router->autoRoute('Home/AddCart1/1004')
 3 SYSTEMPATH\CodeIgniter.php(779): CodeIgniter\Router\Router->handle('Home/AddCart1/1004')
 4 SYSTEMPATH\CodeIgniter.php(406): CodeIgniter\CodeIgniter->tryToRouteIt(Object(CodeIgniter\Router\RouteCollection))
 5 SYSTEMPATH\CodeIgniter.php(340): CodeIgniter\CodeIgniter->handleRequest(null, Object(Config\Cache), false)
 6 FCPATH\index.php(67): CodeIgniter\CodeIgniter->run()
CRITICAL - 2022-10-12 08:31:32 --> syntax error, unexpected token "=", expecting "]"
in APPPATH\Controllers\Home.php on line 211.
 1 SYSTEMPATH\Router\Router.php(499): CodeIgniter\Router\AutoRouter->getRoute('Home/AddCart1/1004')
 2 SYSTEMPATH\Router\Router.php(205): CodeIgniter\Router\Router->autoRoute('Home/AddCart1/1004')
 3 SYSTEMPATH\CodeIgniter.php(779): CodeIgniter\Router\Router->handle('Home/AddCart1/1004')
 4 SYSTEMPATH\CodeIgniter.php(406): CodeIgniter\CodeIgniter->tryToRouteIt(Object(CodeIgniter\Router\RouteCollection))
 5 SYSTEMPATH\CodeIgniter.php(340): CodeIgniter\CodeIgniter->handleRequest(null, Object(Config\Cache), false)
 6 FCPATH\index.php(67): CodeIgniter\CodeIgniter->run()
CRITICAL - 2022-10-12 08:31:43 --> There is no data to insert.
in SYSTEMPATH\BaseModel.php on line 718.
 1 SYSTEMPATH\BaseModel.php(718): CodeIgniter\Database\Exceptions\DataException::forEmptyDataset('insert')
 2 SYSTEMPATH\Model.php(667): CodeIgniter\BaseModel->insert([], false)
 3 SYSTEMPATH\BaseModel.php(658): CodeIgniter\Model->insert([...], false)
 4 APPPATH\Controllers\Home.php(218): CodeIgniter\BaseModel->save([...])
 5 SYSTEMPATH\CodeIgniter.php(904): App\Controllers\Home->AddCart1('1004')
 6 SYSTEMPATH\CodeIgniter.php(457): CodeIgniter\CodeIgniter->runController(Object(App\Controllers\Home))
 7 SYSTEMPATH\CodeIgniter.php(340): CodeIgniter\CodeIgniter->handleRequest(null, Object(Config\Cache), false)
 8 FCPATH\index.php(67): CodeIgniter\CodeIgniter->run()
ERROR - 2022-10-12 08:33:11 --> mysqli_sql_exception: Unknown column 'ProductName' in 'field list' in C:\xampp\htdocs\DarshenFYP\system\Database\MySQLi\Connection.php:292
Stack trace:
#0 C:\xampp\htdocs\DarshenFYP\system\Database\MySQLi\Connection.php(292): mysqli->query('INSERT INTO `ca...', 0)
#1 C:\xampp\htdocs\DarshenFYP\system\Database\BaseConnection.php(693): CodeIgniter\Database\MySQLi\Connection->execute('INSERT INTO `ca...')
#2 C:\xampp\htdocs\DarshenFYP\system\Database\BaseConnection.php(620): CodeIgniter\Database\BaseConnection->simpleQuery('INSERT INTO `ca...')
#3 C:\xampp\htdocs\DarshenFYP\system\Database\BaseBuilder.php(1916): CodeIgniter\Database\BaseConnection->query('INSERT INTO `ca...', Array, false)
#4 C:\xampp\htdocs\DarshenFYP\system\Model.php(279): CodeIgniter\Database\BaseBuilder->insert()
#5 C:\xampp\htdocs\DarshenFYP\system\BaseModel.php(738): CodeIgniter\Model->doInsert(Array)
#6 C:\xampp\htdocs\DarshenFYP\system\Model.php(667): CodeIgniter\BaseModel->insert(Array, false)
#7 C:\xampp\htdocs\DarshenFYP\system\BaseModel.php(658): CodeIgniter\Model->insert(Array, false)
#8 C:\xampp\htdocs\DarshenFYP\app\Controllers\Home.php(218): CodeIgniter\BaseModel->save(Array)
#9 C:\xampp\htdocs\DarshenFYP\system\CodeIgniter.php(904): App\Controllers\Home->AddCart1('1004')
#10 C:\xampp\htdocs\DarshenFYP\system\CodeIgniter.php(457): CodeIgniter\CodeIgniter->runController(Object(App\Controllers\Home))
#11 C:\xampp\htdocs\DarshenFYP\system\CodeIgniter.php(340): CodeIgniter\CodeIgniter->handleRequest(NULL, Object(Config\Cache), false)
#12 C:\xampp\htdocs\DarshenFYP\public\index.php(67): CodeIgniter\CodeIgniter->run()
#13 {main}
CRITICAL - 2022-10-12 08:33:11 --> Too few arguments to function CodeIgniter\HTTP\RedirectResponse::to(), 0 passed in C:\xampp\htdocs\DarshenFYP\app\Controllers\Home.php on line 226 and at least 1 expected
in SYSTEMPATH\HTTP\RedirectResponse.php on line 32.
 1 APPPATH\Controllers\Home.php(226): CodeIgniter\HTTP\RedirectResponse->to()
 2 SYSTEMPATH\CodeIgniter.php(904): App\Controllers\Home->AddCart1('1004')
 3 SYSTEMPATH\CodeIgniter.php(457): CodeIgniter\CodeIgniter->runController(Object(App\Controllers\Home))
 4 SYSTEMPATH\CodeIgniter.php(340): CodeIgniter\CodeIgniter->handleRequest(null, Object(Config\Cache), false)
 5 FCPATH\index.php(67): CodeIgniter\CodeIgniter->run()
CRITICAL - 2022-10-12 08:33:34 --> Allowed fields must be specified for model: App\Models\Cart_model
in SYSTEMPATH\BaseModel.php on line 1139.
 1 SYSTEMPATH\BaseModel.php(1139): CodeIgniter\Database\Exceptions\DataException::forInvalidAllowedFields('App\\Models\\Cart_model')
 2 SYSTEMPATH\BaseModel.php(713): CodeIgniter\BaseModel->doProtectFields([...])
 3 SYSTEMPATH\Model.php(667): CodeIgniter\BaseModel->insert([...], false)
 4 SYSTEMPATH\BaseModel.php(658): CodeIgniter\Model->insert([...], false)
 5 APPPATH\Controllers\Home.php(218): CodeIgniter\BaseModel->save([...])
 6 SYSTEMPATH\CodeIgniter.php(904): App\Controllers\Home->AddCart1('1004')
 7 SYSTEMPATH\CodeIgniter.php(457): CodeIgniter\CodeIgniter->runController(Object(App\Controllers\Home))
 8 SYSTEMPATH\CodeIgniter.php(340): CodeIgniter\CodeIgniter->handleRequest(null, Object(Config\Cache), false)
 9 FCPATH\index.php(67): CodeIgniter\CodeIgniter->run()
CRITICAL - 2022-10-12 08:33:59 --> Too few arguments to function CodeIgniter\HTTP\RedirectResponse::to(), 0 passed in C:\xampp\htdocs\DarshenFYP\app\Controllers\Home.php on line 226 and at least 1 expected
in SYSTEMPATH\HTTP\RedirectResponse.php on line 32.
 1 APPPATH\Controllers\Home.php(226): CodeIgniter\HTTP\RedirectResponse->to()
 2 SYSTEMPATH\CodeIgniter.php(904): App\Controllers\Home->AddCart1('1004')
 3 SYSTEMPATH\CodeIgniter.php(457): CodeIgniter\CodeIgniter->runController(Object(App\Controllers\Home))
 4 SYSTEMPATH\CodeIgniter.php(340): CodeIgniter\CodeIgniter->handleRequest(null, Object(Config\Cache), false)
 5 FCPATH\index.php(67): CodeIgniter\CodeIgniter->run()
CRITICAL - 2022-10-12 08:37:20 --> Too few arguments to function CodeIgniter\HTTP\RedirectResponse::to(), 0 passed in C:\xampp\htdocs\DarshenFYP\app\Controllers\Home.php on line 226 and at least 1 expected
in SYSTEMPATH\HTTP\RedirectResponse.php on line 32.
 1 APPPATH\Controllers\Home.php(226): CodeIgniter\HTTP\RedirectResponse->to()
 2 SYSTEMPATH\CodeIgniter.php(904): App\Controllers\Home->AddCart1('1001')
 3 SYSTEMPATH\CodeIgniter.php(457): CodeIgniter\CodeIgniter->runController(Object(App\Controllers\Home))
 4 SYSTEMPATH\CodeIgniter.php(340): CodeIgniter\CodeIgniter->handleRequest(null, Object(Config\Cache), false)
 5 FCPATH\index.php(67): CodeIgniter\CodeIgniter->run()
CRITICAL - 2022-10-12 08:38:19 --> Too few arguments to function CodeIgniter\HTTP\RedirectResponse::to(), 0 passed in C:\xampp\htdocs\DarshenFYP\app\Controllers\Home.php on line 226 and at least 1 expected
in SYSTEMPATH\HTTP\RedirectResponse.php on line 32.
 1 APPPATH\Controllers\Home.php(226): CodeIgniter\HTTP\RedirectResponse->to()
 2 SYSTEMPATH\CodeIgniter.php(904): App\Controllers\Home->AddCart1('1001')
 3 SYSTEMPATH\CodeIgniter.php(457): CodeIgniter\CodeIgniter->runController(Object(App\Controllers\Home))
 4 SYSTEMPATH\CodeIgniter.php(340): CodeIgniter\CodeIgniter->handleRequest(null, Object(Config\Cache), false)
 5 FCPATH\index.php(67): CodeIgniter\CodeIgniter->run()
CRITICAL - 2022-10-12 08:38:28 --> syntax error, unexpected token "echo", expecting "]"
in APPPATH\Controllers\Home.php on line 214.
 1 SYSTEMPATH\Router\Router.php(499): CodeIgniter\Router\AutoRouter->getRoute('Home/AddCart1/1001')
 2 SYSTEMPATH\Router\Router.php(205): CodeIgniter\Router\Router->autoRoute('Home/AddCart1/1001')
 3 SYSTEMPATH\CodeIgniter.php(779): CodeIgniter\Router\Router->handle('Home/AddCart1/1001')
 4 SYSTEMPATH\CodeIgniter.php(406): CodeIgniter\CodeIgniter->tryToRouteIt(Object(CodeIgniter\Router\RouteCollection))
 5 SYSTEMPATH\CodeIgniter.php(340): CodeIgniter\CodeIgniter->handleRequest(null, Object(Config\Cache), false)
 6 FCPATH\index.php(67): CodeIgniter\CodeIgniter->run()
CRITICAL - 2022-10-12 08:38:38 --> Too few arguments to function CodeIgniter\HTTP\RedirectResponse::to(), 0 passed in C:\xampp\htdocs\DarshenFYP\app\Controllers\Home.php on line 227 and at least 1 expected
in SYSTEMPATH\HTTP\RedirectResponse.php on line 32.
 1 APPPATH\Controllers\Home.php(227): CodeIgniter\HTTP\RedirectResponse->to()
 2 SYSTEMPATH\CodeIgniter.php(904): App\Controllers\Home->AddCart1('1001')
 3 SYSTEMPATH\CodeIgniter.php(457): CodeIgniter\CodeIgniter->runController(Object(App\Controllers\Home))
 4 SYSTEMPATH\CodeIgniter.php(340): CodeIgniter\CodeIgniter->handleRequest(null, Object(Config\Cache), false)
 5 FCPATH\index.php(67): CodeIgniter\CodeIgniter->run()
CRITICAL - 2022-10-12 08:39:52 --> syntax error, unexpected token "foreach", expecting "]"
in APPPATH\Controllers\Home.php on line 208.
 1 SYSTEMPATH\Router\Router.php(499): CodeIgniter\Router\AutoRouter->getRoute('Home/AddCart1/1001')
 2 SYSTEMPATH\Router\Router.php(205): CodeIgniter\Router\Router->autoRoute('Home/AddCart1/1001')
 3 SYSTEMPATH\CodeIgniter.php(779): CodeIgniter\Router\Router->handle('Home/AddCart1/1001')
 4 SYSTEMPATH\CodeIgniter.php(406): CodeIgniter\CodeIgniter->tryToRouteIt(Object(CodeIgniter\Router\RouteCollection))
 5 SYSTEMPATH\CodeIgniter.php(340): CodeIgniter\CodeIgniter->handleRequest(null, Object(Config\Cache), false)
 6 FCPATH\index.php(67): CodeIgniter\CodeIgniter->run()
CRITICAL - 2022-10-12 08:40:54 --> Too few arguments to function CodeIgniter\HTTP\RedirectResponse::to(), 0 passed in C:\xampp\htdocs\DarshenFYP\app\Controllers\Home.php on line 228 and at least 1 expected
in SYSTEMPATH\HTTP\RedirectResponse.php on line 32.
 1 APPPATH\Controllers\Home.php(228): CodeIgniter\HTTP\RedirectResponse->to()
 2 SYSTEMPATH\CodeIgniter.php(904): App\Controllers\Home->AddCart1('1001')
 3 SYSTEMPATH\CodeIgniter.php(457): CodeIgniter\CodeIgniter->runController(Object(App\Controllers\Home))
 4 SYSTEMPATH\CodeIgniter.php(340): CodeIgniter\CodeIgniter->handleRequest(null, Object(Config\Cache), false)
 5 FCPATH\index.php(67): CodeIgniter\CodeIgniter->run()
CRITICAL - 2022-10-12 08:41:45 --> Undefined variable $id
in APPPATH\Controllers\Home.php on line 207.
 1 APPPATH\Controllers\Home.php(207): CodeIgniter\Debug\Exceptions->errorHandler(2, 'Undefined variable $id', 'APPPATH\\Controllers\\Home.php', 207)
 2 SYSTEMPATH\CodeIgniter.php(904): App\Controllers\Home->AddCart1('1001')
 3 SYSTEMPATH\CodeIgniter.php(457): CodeIgniter\CodeIgniter->runController(Object(App\Controllers\Home))
 4 SYSTEMPATH\CodeIgniter.php(340): CodeIgniter\CodeIgniter->handleRequest(null, Object(Config\Cache), false)
 5 FCPATH\index.php(67): CodeIgniter\CodeIgniter->run()
CRITICAL - 2022-10-12 08:42:04 --> syntax error, unexpected token ";", expecting "]"
in APPPATH\Controllers\Home.php on line 207.
 1 SYSTEMPATH\Router\Router.php(499): CodeIgniter\Router\AutoRouter->getRoute('Home/AddCart1/1001')
 2 SYSTEMPATH\Router\Router.php(205): CodeIgniter\Router\Router->autoRoute('Home/AddCart1/1001')
 3 SYSTEMPATH\CodeIgniter.php(779): CodeIgniter\Router\Router->handle('Home/AddCart1/1001')
 4 SYSTEMPATH\CodeIgniter.php(406): CodeIgniter\CodeIgniter->tryToRouteIt(Object(CodeIgniter\Router\RouteCollection))
 5 SYSTEMPATH\CodeIgniter.php(340): CodeIgniter\CodeIgniter->handleRequest(null, Object(Config\Cache), false)
 6 FCPATH\index.php(67): CodeIgniter\CodeIgniter->run()
CRITICAL - 2022-10-12 08:42:14 --> Too few arguments to function CodeIgniter\HTTP\RedirectResponse::to(), 0 passed in C:\xampp\htdocs\DarshenFYP\app\Controllers\Home.php on line 226 and at least 1 expected
in SYSTEMPATH\HTTP\RedirectResponse.php on line 32.
 1 APPPATH\Controllers\Home.php(226): CodeIgniter\HTTP\RedirectResponse->to()
 2 SYSTEMPATH\CodeIgniter.php(904): App\Controllers\Home->AddCart1('1001')
 3 SYSTEMPATH\CodeIgniter.php(457): CodeIgniter\CodeIgniter->runController(Object(App\Controllers\Home))
 4 SYSTEMPATH\CodeIgniter.php(340): CodeIgniter\CodeIgniter->handleRequest(null, Object(Config\Cache), false)
 5 FCPATH\index.php(67): CodeIgniter\CodeIgniter->run()
CRITICAL - 2022-10-12 08:42:22 --> Too few arguments to function CodeIgniter\HTTP\RedirectResponse::to(), 0 passed in C:\xampp\htdocs\DarshenFYP\app\Controllers\Home.php on line 226 and at least 1 expected
in SYSTEMPATH\HTTP\RedirectResponse.php on line 32.
 1 APPPATH\Controllers\Home.php(226): CodeIgniter\HTTP\RedirectResponse->to()
 2 SYSTEMPATH\CodeIgniter.php(904): App\Controllers\Home->AddCart1('1001')
 3 SYSTEMPATH\CodeIgniter.php(457): CodeIgniter\CodeIgniter->runController(Object(App\Controllers\Home))
 4 SYSTEMPATH\CodeIgniter.php(340): CodeIgniter\CodeIgniter->handleRequest(null, Object(Config\Cache), false)
 5 FCPATH\index.php(67): CodeIgniter\CodeIgniter->run()
CRITICAL - 2022-10-12 08:42:39 --> Too few arguments to function CodeIgniter\HTTP\RedirectResponse::to(), 0 passed in C:\xampp\htdocs\DarshenFYP\app\Controllers\Home.php on line 227 and at least 1 expected
in SYSTEMPATH\HTTP\RedirectResponse.php on line 32.
 1 APPPATH\Controllers\Home.php(227): CodeIgniter\HTTP\RedirectResponse->to()
 2 SYSTEMPATH\CodeIgniter.php(904): App\Controllers\Home->AddCart1('1001')
 3 SYSTEMPATH\CodeIgniter.php(457): CodeIgniter\CodeIgniter->runController(Object(App\Controllers\Home))
 4 SYSTEMPATH\CodeIgniter.php(340): CodeIgniter\CodeIgniter->handleRequest(null, Object(Config\Cache), false)
 5 FCPATH\index.php(67): CodeIgniter\CodeIgniter->run()
CRITICAL - 2022-10-12 08:42:48 --> Too few arguments to function CodeIgniter\HTTP\RedirectResponse::to(), 0 passed in C:\xampp\htdocs\DarshenFYP\app\Controllers\Home.php on line 227 and at least 1 expected
in SYSTEMPATH\HTTP\RedirectResponse.php on line 32.
 1 APPPATH\Controllers\Home.php(227): CodeIgniter\HTTP\RedirectResponse->to()
 2 SYSTEMPATH\CodeIgniter.php(904): App\Controllers\Home->AddCart1('1001')
 3 SYSTEMPATH\CodeIgniter.php(457): CodeIgniter\CodeIgniter->runController(Object(App\Controllers\Home))
 4 SYSTEMPATH\CodeIgniter.php(340): CodeIgniter\CodeIgniter->handleRequest(null, Object(Config\Cache), false)
 5 FCPATH\index.php(67): CodeIgniter\CodeIgniter->run()
CRITICAL - 2022-10-12 08:45:14 --> syntax error, unexpected token "echo", expecting "]"
in APPPATH\Controllers\Home.php on line 210.
 1 SYSTEMPATH\Router\Router.php(499): CodeIgniter\Router\AutoRouter->getRoute('Home/AddCart1/1001')
 2 SYSTEMPATH\Router\Router.php(205): CodeIgniter\Router\Router->autoRoute('Home/AddCart1/1001')
 3 SYSTEMPATH\CodeIgniter.php(779): CodeIgniter\Router\Router->handle('Home/AddCart1/1001')
 4 SYSTEMPATH\CodeIgniter.php(406): CodeIgniter\CodeIgniter->tryToRouteIt(Object(CodeIgniter\Router\RouteCollection))
 5 SYSTEMPATH\CodeIgniter.php(340): CodeIgniter\CodeIgniter->handleRequest(null, Object(Config\Cache), false)
 6 FCPATH\index.php(67): CodeIgniter\CodeIgniter->run()
CRITICAL - 2022-10-12 08:45:48 --> Undefined array key "$id"
in APPPATH\Controllers\Home.php on line 209.
 1 APPPATH\Controllers\Home.php(209): CodeIgniter\Debug\Exceptions->errorHandler(2, 'Undefined array key "$id"', 'APPPATH\\Controllers\\Home.php', 209)
 2 SYSTEMPATH\CodeIgniter.php(904): App\Controllers\Home->AddCart1('1001')
 3 SYSTEMPATH\CodeIgniter.php(457): CodeIgniter\CodeIgniter->runController(Object(App\Controllers\Home))
 4 SYSTEMPATH\CodeIgniter.php(340): CodeIgniter\CodeIgniter->handleRequest(null, Object(Config\Cache), false)
 5 FCPATH\index.php(67): CodeIgniter\CodeIgniter->run()
CRITICAL - 2022-10-12 08:45:57 --> Too few arguments to function CodeIgniter\HTTP\RedirectResponse::to(), 0 passed in C:\xampp\htdocs\DarshenFYP\app\Controllers\Home.php on line 227 and at least 1 expected
in SYSTEMPATH\HTTP\RedirectResponse.php on line 32.
 1 APPPATH\Controllers\Home.php(227): CodeIgniter\HTTP\RedirectResponse->to()
 2 SYSTEMPATH\CodeIgniter.php(904): App\Controllers\Home->AddCart1('1001')
 3 SYSTEMPATH\CodeIgniter.php(457): CodeIgniter\CodeIgniter->runController(Object(App\Controllers\Home))
 4 SYSTEMPATH\CodeIgniter.php(340): CodeIgniter\CodeIgniter->handleRequest(null, Object(Config\Cache), false)
 5 FCPATH\index.php(67): CodeIgniter\CodeIgniter->run()
CRITICAL - 2022-10-12 08:48:05 --> Too few arguments to function CodeIgniter\HTTP\RedirectResponse::to(), 0 passed in C:\xampp\htdocs\DarshenFYP\app\Controllers\Home.php on line 227 and at least 1 expected
in SYSTEMPATH\HTTP\RedirectResponse.php on line 32.
 1 APPPATH\Controllers\Home.php(227): CodeIgniter\HTTP\RedirectResponse->to()
 2 SYSTEMPATH\CodeIgniter.php(904): App\Controllers\Home->AddCart1('1001')
 3 SYSTEMPATH\CodeIgniter.php(457): CodeIgniter\CodeIgniter->runController(Object(App\Controllers\Home))
 4 SYSTEMPATH\CodeIgniter.php(340): CodeIgniter\CodeIgniter->handleRequest(null, Object(Config\Cache), false)
 5 FCPATH\index.php(67): CodeIgniter\CodeIgniter->run()
CRITICAL - 2022-10-12 08:48:36 --> Too few arguments to function CodeIgniter\HTTP\RedirectResponse::to(), 0 passed in C:\xampp\htdocs\DarshenFYP\app\Controllers\Home.php on line 227 and at least 1 expected
in SYSTEMPATH\HTTP\RedirectResponse.php on line 32.
 1 APPPATH\Controllers\Home.php(227): CodeIgniter\HTTP\RedirectResponse->to()
 2 SYSTEMPATH\CodeIgniter.php(904): App\Controllers\Home->AddCart1('1001')
 3 SYSTEMPATH\CodeIgniter.php(457): CodeIgniter\CodeIgniter->runController(Object(App\Controllers\Home))
 4 SYSTEMPATH\CodeIgniter.php(340): CodeIgniter\CodeIgniter->handleRequest(null, Object(Config\Cache), false)
 5 FCPATH\index.php(67): CodeIgniter\CodeIgniter->run()
CRITICAL - 2022-10-12 08:48:57 --> Too few arguments to function CodeIgniter\HTTP\RedirectResponse::to(), 0 passed in C:\xampp\htdocs\DarshenFYP\app\Controllers\Home.php on line 226 and at least 1 expected
in SYSTEMPATH\HTTP\RedirectResponse.php on line 32.
 1 APPPATH\Controllers\Home.php(226): CodeIgniter\HTTP\RedirectResponse->to()
 2 SYSTEMPATH\CodeIgniter.php(904): App\Controllers\Home->AddCart1('1001')
 3 SYSTEMPATH\CodeIgniter.php(457): CodeIgniter\CodeIgniter->runController(Object(App\Controllers\Home))
 4 SYSTEMPATH\CodeIgniter.php(340): CodeIgniter\CodeIgniter->handleRequest(null, Object(Config\Cache), false)
 5 FCPATH\index.php(67): CodeIgniter\CodeIgniter->run()
CRITICAL - 2022-10-12 08:49:32 --> Array to string conversion
in APPPATH\Controllers\Home.php on line 216.
 1 APPPATH\Controllers\Home.php(216): CodeIgniter\Debug\Exceptions->errorHandler(2, 'Array to string conversion', 'APPPATH\\Controllers\\Home.php', 216)
 2 SYSTEMPATH\CodeIgniter.php(904): App\Controllers\Home->AddCart1('1001')
 3 SYSTEMPATH\CodeIgniter.php(457): CodeIgniter\CodeIgniter->runController(Object(App\Controllers\Home))
 4 SYSTEMPATH\CodeIgniter.php(340): CodeIgniter\CodeIgniter->handleRequest(null, Object(Config\Cache), false)
 5 FCPATH\index.php(67): CodeIgniter\CodeIgniter->run()
CRITICAL - 2022-10-12 08:50:50 --> syntax error, unexpected token "=>", expecting "]"
in APPPATH\Controllers\Home.php on line 209.
 1 SYSTEMPATH\Router\Router.php(499): CodeIgniter\Router\AutoRouter->getRoute('Home/AddCart1/1001')
 2 SYSTEMPATH\Router\Router.php(205): CodeIgniter\Router\Router->autoRoute('Home/AddCart1/1001')
 3 SYSTEMPATH\CodeIgniter.php(779): CodeIgniter\Router\Router->handle('Home/AddCart1/1001')
 4 SYSTEMPATH\CodeIgniter.php(406): CodeIgniter\CodeIgniter->tryToRouteIt(Object(CodeIgniter\Router\RouteCollection))
 5 SYSTEMPATH\CodeIgniter.php(340): CodeIgniter\CodeIgniter->handleRequest(null, Object(Config\Cache), false)
 6 FCPATH\index.php(67): CodeIgniter\CodeIgniter->run()
CRITICAL - 2022-10-12 08:52:00 --> Array to string conversion
in APPPATH\Controllers\Home.php on line 216.
 1 APPPATH\Controllers\Home.php(216): CodeIgniter\Debug\Exceptions->errorHandler(2, 'Array to string conversion', 'APPPATH\\Controllers\\Home.php', 216)
 2 SYSTEMPATH\CodeIgniter.php(904): App\Controllers\Home->AddCart1('1001')
 3 SYSTEMPATH\CodeIgniter.php(457): CodeIgniter\CodeIgniter->runController(Object(App\Controllers\Home))
 4 SYSTEMPATH\CodeIgniter.php(340): CodeIgniter\CodeIgniter->handleRequest(null, Object(Config\Cache), false)
 5 FCPATH\index.php(67): CodeIgniter\CodeIgniter->run()
ERROR - 2022-10-12 08:52:06 --> mysqli_sql_exception: Unknown column 'cart.id' in 'where clause' in C:\xampp\htdocs\DarshenFYP\system\Database\MySQLi\Connection.php:292
Stack trace:
#0 C:\xampp\htdocs\DarshenFYP\system\Database\MySQLi\Connection.php(292): mysqli->query('UPDATE `cart` S...', 0)
#1 C:\xampp\htdocs\DarshenFYP\system\Database\BaseConnection.php(693): CodeIgniter\Database\MySQLi\Connection->execute('UPDATE `cart` S...')
#2 C:\xampp\htdocs\DarshenFYP\system\Database\BaseConnection.php(620): CodeIgniter\Database\BaseConnection->simpleQuery('UPDATE `cart` S...')
#3 C:\xampp\htdocs\DarshenFYP\system\Database\BaseBuilder.php(2078): CodeIgniter\Database\BaseConnection->query('UPDATE `cart` S...', Array, false)
#4 C:\xampp\htdocs\DarshenFYP\system\Model.php(338): CodeIgniter\Database\BaseBuilder->update()
#5 C:\xampp\htdocs\DarshenFYP\system\BaseModel.php(865): CodeIgniter\Model->doUpdate(Array, Array)
#6 C:\xampp\htdocs\DarshenFYP\system\Model.php(693): CodeIgniter\BaseModel->update(Array, Array)
#7 C:\xampp\htdocs\DarshenFYP\system\BaseModel.php(656): CodeIgniter\Model->update('14', Array)
#8 C:\xampp\htdocs\DarshenFYP\app\Controllers\Home.php(219): CodeIgniter\BaseModel->save(Array)
#9 C:\xampp\htdocs\DarshenFYP\system\CodeIgniter.php(904): App\Controllers\Home->AddCart1('1001')
#10 C:\xampp\htdocs\DarshenFYP\system\CodeIgniter.php(457): CodeIgniter\CodeIgniter->runController(Object(App\Controllers\Home))
#11 C:\xampp\htdocs\DarshenFYP\system\CodeIgniter.php(340): CodeIgniter\CodeIgniter->handleRequest(NULL, Object(Config\Cache), false)
#12 C:\xampp\htdocs\DarshenFYP\public\index.php(67): CodeIgniter\CodeIgniter->run()
#13 {main}
CRITICAL - 2022-10-12 08:52:06 --> Too few arguments to function CodeIgniter\HTTP\RedirectResponse::to(), 0 passed in C:\xampp\htdocs\DarshenFYP\app\Controllers\Home.php on line 227 and at least 1 expected
in SYSTEMPATH\HTTP\RedirectResponse.php on line 32.
 1 APPPATH\Controllers\Home.php(227): CodeIgniter\HTTP\RedirectResponse->to()
 2 SYSTEMPATH\CodeIgniter.php(904): App\Controllers\Home->AddCart1('1001')
 3 SYSTEMPATH\CodeIgniter.php(457): CodeIgniter\CodeIgniter->runController(Object(App\Controllers\Home))
 4 SYSTEMPATH\CodeIgniter.php(340): CodeIgniter\CodeIgniter->handleRequest(null, Object(Config\Cache), false)
 5 FCPATH\index.php(67): CodeIgniter\CodeIgniter->run()
CRITICAL - 2022-10-12 08:52:14 --> There is no data to insert.
in SYSTEMPATH\BaseModel.php on line 718.
 1 SYSTEMPATH\BaseModel.php(718): CodeIgniter\Database\Exceptions\DataException::forEmptyDataset('insert')
 2 SYSTEMPATH\Model.php(667): CodeIgniter\BaseModel->insert([], false)
 3 SYSTEMPATH\BaseModel.php(658): CodeIgniter\Model->insert([...], false)
 4 APPPATH\Controllers\Home.php(219): CodeIgniter\BaseModel->save([...])
 5 SYSTEMPATH\CodeIgniter.php(904): App\Controllers\Home->AddCart1('1001')
 6 SYSTEMPATH\CodeIgniter.php(457): CodeIgniter\CodeIgniter->runController(Object(App\Controllers\Home))
 7 SYSTEMPATH\CodeIgniter.php(340): CodeIgniter\CodeIgniter->handleRequest(null, Object(Config\Cache), false)
 8 FCPATH\index.php(67): CodeIgniter\CodeIgniter->run()
CRITICAL - 2022-10-12 08:52:22 --> Too few arguments to function CodeIgniter\HTTP\RedirectResponse::to(), 0 passed in C:\xampp\htdocs\DarshenFYP\app\Controllers\Home.php on line 227 and at least 1 expected
in SYSTEMPATH\HTTP\RedirectResponse.php on line 32.
 1 APPPATH\Controllers\Home.php(227): CodeIgniter\HTTP\RedirectResponse->to()
 2 SYSTEMPATH\CodeIgniter.php(904): App\Controllers\Home->AddCart1('1001')
 3 SYSTEMPATH\CodeIgniter.php(457): CodeIgniter\CodeIgniter->runController(Object(App\Controllers\Home))
 4 SYSTEMPATH\CodeIgniter.php(340): CodeIgniter\CodeIgniter->handleRequest(null, Object(Config\Cache), false)
 5 FCPATH\index.php(67): CodeIgniter\CodeIgniter->run()
ERROR - 2022-10-12 08:53:04 --> mysqli_sql_exception: Unknown column 'id' in 'where clause' in C:\xampp\htdocs\DarshenFYP\system\Database\MySQLi\Connection.php:292
Stack trace:
#0 C:\xampp\htdocs\DarshenFYP\system\Database\MySQLi\Connection.php(292): mysqli->query('SELECT *\nFROM `...', 0)
#1 C:\xampp\htdocs\DarshenFYP\system\Database\BaseConnection.php(693): CodeIgniter\Database\MySQLi\Connection->execute('SELECT *\nFROM `...')
#2 C:\xampp\htdocs\DarshenFYP\system\Database\BaseConnection.php(620): CodeIgniter\Database\BaseConnection->simpleQuery('SELECT *\nFROM `...')
#3 C:\xampp\htdocs\DarshenFYP\system\Database\BaseBuilder.php(1585): CodeIgniter\Database\BaseConnection->query('SELECT *\nFROM `...', Array, false)
#4 C:\xampp\htdocs\DarshenFYP\system\Model.php(223): CodeIgniter\Database\BaseBuilder->get()
#5 C:\xampp\htdocs\DarshenFYP\system\BaseModel.php(584): CodeIgniter\Model->doFindAll(0, 0)
#6 C:\xampp\htdocs\DarshenFYP\app\Controllers\Home.php(238): CodeIgniter\BaseModel->findAll()
#7 C:\xampp\htdocs\DarshenFYP\system\CodeIgniter.php(904): App\Controllers\Home->Cart()
#8 C:\xampp\htdocs\DarshenFYP\system\CodeIgniter.php(457): CodeIgniter\CodeIgniter->runController(Object(App\Controllers\Home))
#9 C:\xampp\htdocs\DarshenFYP\system\CodeIgniter.php(340): CodeIgniter\CodeIgniter->handleRequest(NULL, Object(Config\Cache), false)
#10 C:\xampp\htdocs\DarshenFYP\public\index.php(67): CodeIgniter\CodeIgniter->run()
#11 {main}
CRITICAL - 2022-10-12 08:53:04 --> Call to a member function getResult() on bool
in SYSTEMPATH\Model.php on line 224.
 1 SYSTEMPATH\BaseModel.php(584): CodeIgniter\Model->doFindAll(0, 0)
 2 APPPATH\Controllers\Home.php(238): CodeIgniter\BaseModel->findAll()
 3 SYSTEMPATH\CodeIgniter.php(904): App\Controllers\Home->Cart()
 4 SYSTEMPATH\CodeIgniter.php(457): CodeIgniter\CodeIgniter->runController(Object(App\Controllers\Home))
 5 SYSTEMPATH\CodeIgniter.php(340): CodeIgniter\CodeIgniter->handleRequest(null, Object(Config\Cache), false)
 6 FCPATH\index.php(67): CodeIgniter\CodeIgniter->run()
ERROR - 2022-10-12 08:58:53 --> mysqli_sql_exception: Cannot add or update a child row: a foreign key constraint fails (`stellarpc`.`cart`, CONSTRAINT `cart_ibfk_2` FOREIGN KEY (`ProductId`) REFERENCES `product` (`ProductId`)) in C:\xampp\htdocs\DarshenFYP\system\Database\MySQLi\Connection.php:292
Stack trace:
#0 C:\xampp\htdocs\DarshenFYP\system\Database\MySQLi\Connection.php(292): mysqli->query('INSERT INTO `ca...', 0)
#1 C:\xampp\htdocs\DarshenFYP\system\Database\BaseConnection.php(693): CodeIgniter\Database\MySQLi\Connection->execute('INSERT INTO `ca...')
#2 C:\xampp\htdocs\DarshenFYP\system\Database\BaseConnection.php(620): CodeIgniter\Database\BaseConnection->simpleQuery('INSERT INTO `ca...')
#3 C:\xampp\htdocs\DarshenFYP\system\Database\BaseBuilder.php(1916): CodeIgniter\Database\BaseConnection->query('INSERT INTO `ca...', Array, false)
#4 C:\xampp\htdocs\DarshenFYP\system\Model.php(279): CodeIgniter\Database\BaseBuilder->insert()
#5 C:\xampp\htdocs\DarshenFYP\system\BaseModel.php(738): CodeIgniter\Model->doInsert(Array)
#6 C:\xampp\htdocs\DarshenFYP\system\Model.php(667): CodeIgniter\BaseModel->insert(Array, false)
#7 C:\xampp\htdocs\DarshenFYP\system\BaseModel.php(658): CodeIgniter\Model->insert(Array, false)
#8 C:\xampp\htdocs\DarshenFYP\app\Controllers\Home.php(256): CodeIgniter\BaseModel->save(Array)
#9 C:\xampp\htdocs\DarshenFYP\system\CodeIgniter.php(904): App\Controllers\Home->AddCart2('2')
#10 C:\xampp\htdocs\DarshenFYP\system\CodeIgniter.php(457): CodeIgniter\CodeIgniter->runController(Object(App\Controllers\Home))
#11 C:\xampp\htdocs\DarshenFYP\system\CodeIgniter.php(340): CodeIgniter\CodeIgniter->handleRequest(NULL, Object(Config\Cache), false)
#12 C:\xampp\htdocs\DarshenFYP\public\index.php(67): CodeIgniter\CodeIgniter->run()
#13 {main}
CRITICAL - 2022-10-12 09:03:02 --> Too few arguments to function CodeIgniter\HTTP\RedirectResponse::to(), 0 passed in C:\xampp\htdocs\DarshenFYP\app\Controllers\Home.php on line 258 and at least 1 expected
in SYSTEMPATH\HTTP\RedirectResponse.php on line 32.
 1 APPPATH\Controllers\Home.php(258): CodeIgniter\HTTP\RedirectResponse->to()
 2 SYSTEMPATH\CodeIgniter.php(904): App\Controllers\Home->AddCart2('2')
 3 SYSTEMPATH\CodeIgniter.php(457): CodeIgniter\CodeIgniter->runController(Object(App\Controllers\Home))
 4 SYSTEMPATH\CodeIgniter.php(340): CodeIgniter\CodeIgniter->handleRequest(null, Object(Config\Cache), false)
 5 FCPATH\index.php(67): CodeIgniter\CodeIgniter->run()
