CRITICAL - 2022-10-04 09:16:58 --> Undefined array key "ProductDetails"
in APPPATH\Views\Home\ProductDetails.php on line 34.
 1 APPPATH\Views\Home\ProductDetails.php(34): CodeIgniter\Debug\Exceptions->errorHandler(2, 'Undefined array key "ProductDetails"', 'APPPATH\\Views\\Home\\ProductDetails.php', 34)
 2 SYSTEMPATH\View\View.php(213): include('APPPATH\\Views\\Home\\ProductDetails.php')
 3 SYSTEMPATH\View\View.php(216): CodeIgniter\View\View->CodeIgniter\View\{closure}()
 4 SYSTEMPATH\Common.php(1142): CodeIgniter\View\View->render('Home/ProductDetails.php', [], true)
 5 APPPATH\Controllers\Home.php(133): view('Home/ProductDetails.php', [...])
 6 SYSTEMPATH\CodeIgniter.php(904): App\Controllers\Home->ProductDetails('1')
 7 SYSTEMPATH\CodeIgniter.php(457): CodeIgniter\CodeIgniter->runController(Object(App\Controllers\Home))
 8 SYSTEMPATH\CodeIgniter.php(340): CodeIgniter\CodeIgniter->handleRequest(null, Object(Config\Cache), false)
 9 FCPATH\index.php(67): CodeIgniter\CodeIgniter->run()
CRITICAL - 2022-10-04 09:24:26 --> Constant expression contains invalid operations
in APPPATH\Models\Product_model.php on line 8.
 1 [internal function]: CodeIgniter\Debug\Exceptions->shutdownHandler()
CRITICAL - 2022-10-04 09:25:35 --> Constant expression contains invalid operations
in APPPATH\Models\Product_model.php on line 8.
 1 [internal function]: CodeIgniter\Debug\Exceptions->shutdownHandler()
CRITICAL - 2022-10-04 09:26:02 --> Constant expression contains invalid operations
in APPPATH\Models\Product_model.php on line 8.
 1 [internal function]: CodeIgniter\Debug\Exceptions->shutdownHandler()
CRITICAL - 2022-10-04 09:26:45 --> Undefined array key "ProductPerformance"
in APPPATH\Views\Home\ProductDetails.php on line 69.
 1 APPPATH\Views\Home\ProductDetails.php(69): CodeIgniter\Debug\Exceptions->errorHandler(2, 'Undefined array key "ProductPerformance"', 'APPPATH\\Views\\Home\\ProductDetails.php', 69)
 2 SYSTEMPATH\View\View.php(213): include('APPPATH\\Views\\Home\\ProductDetails.php')
 3 SYSTEMPATH\View\View.php(216): CodeIgniter\View\View->CodeIgniter\View\{closure}()
 4 SYSTEMPATH\Common.php(1142): CodeIgniter\View\View->render('Home/ProductDetails.php', [], true)
 5 APPPATH\Controllers\Home.php(133): view('Home/ProductDetails.php', [...])
 6 SYSTEMPATH\CodeIgniter.php(904): App\Controllers\Home->ProductDetails('1')
 7 SYSTEMPATH\CodeIgniter.php(457): CodeIgniter\CodeIgniter->runController(Object(App\Controllers\Home))
 8 SYSTEMPATH\CodeIgniter.php(340): CodeIgniter\CodeIgniter->handleRequest(null, Object(Config\Cache), false)
 9 FCPATH\index.php(67): CodeIgniter\CodeIgniter->run()
CRITICAL - 2022-10-04 09:27:12 --> Undefined array key "ProductDetails"
in APPPATH\Views\Home\ProductDetails.php on line 104.
 1 APPPATH\Views\Home\ProductDetails.php(104): CodeIgniter\Debug\Exceptions->errorHandler(2, 'Undefined array key "ProductDetails"', 'APPPATH\\Views\\Home\\ProductDetails.php', 104)
 2 SYSTEMPATH\View\View.php(213): include('APPPATH\\Views\\Home\\ProductDetails.php')
 3 SYSTEMPATH\View\View.php(216): CodeIgniter\View\View->CodeIgniter\View\{closure}()
 4 SYSTEMPATH\Common.php(1142): CodeIgniter\View\View->render('Home/ProductDetails.php', [], true)
 5 APPPATH\Controllers\Home.php(133): view('Home/ProductDetails.php', [...])
 6 SYSTEMPATH\CodeIgniter.php(904): App\Controllers\Home->ProductDetails('1')
 7 SYSTEMPATH\CodeIgniter.php(457): CodeIgniter\CodeIgniter->runController(Object(App\Controllers\Home))
 8 SYSTEMPATH\CodeIgniter.php(340): CodeIgniter\CodeIgniter->handleRequest(null, Object(Config\Cache), false)
 9 FCPATH\index.php(67): CodeIgniter\CodeIgniter->run()
