ERROR - 2022-11-09 05:02:41 --> Error connecting to the database: mysqli_sql_exception: Unknown database 'stellarpc' in C:\xampp\htdocs\DarshenFYP\system\Database\MySQLi\Connection.php:171
Stack trace:
#0 C:\xampp\htdocs\DarshenFYP\system\Database\MySQLi\Connection.php(171): mysqli->real_connect('localhost', 'root', '', 'stellarpc', 3306, '', 0)
#1 C:\xampp\htdocs\DarshenFYP\system\Database\BaseConnection.php(382): CodeIgniter\Database\MySQLi\Connection->connect(false)
#2 C:\xampp\htdocs\DarshenFYP\system\Database\BaseConnection.php(588): CodeIgniter\Database\BaseConnection->initialize()
#3 C:\xampp\htdocs\DarshenFYP\system\Database\BaseBuilder.php(1585): CodeIgniter\Database\BaseConnection->query('SELECT *\nFROM `...', Array, false)
#4 C:\xampp\htdocs\DarshenFYP\system\Model.php(250): CodeIgniter\Database\BaseBuilder->get()
#5 C:\xampp\htdocs\DarshenFYP\system\BaseModel.php(622): CodeIgniter\Model->doFirst()
#6 C:\xampp\htdocs\DarshenFYP\app\Controllers\Home.php(23): CodeIgniter\BaseModel->first()
#7 C:\xampp\htdocs\DarshenFYP\system\CodeIgniter.php(904): App\Controllers\Home->index()
#8 C:\xampp\htdocs\DarshenFYP\system\CodeIgniter.php(457): CodeIgniter\CodeIgniter->runController(Object(App\Controllers\Home))
#9 C:\xampp\htdocs\DarshenFYP\system\CodeIgniter.php(340): CodeIgniter\CodeIgniter->handleRequest(NULL, Object(Config\Cache), false)
#10 C:\xampp\htdocs\DarshenFYP\public\index.php(67): CodeIgniter\CodeIgniter->run()
#11 {main}

Next CodeIgniter\Database\Exceptions\DatabaseException: Unknown database 'stellarpc' in C:\xampp\htdocs\DarshenFYP\system\Database\MySQLi\Connection.php:215
Stack trace:
#0 C:\xampp\htdocs\DarshenFYP\system\Database\BaseConnection.php(382): CodeIgniter\Database\MySQLi\Connection->connect(false)
#1 C:\xampp\htdocs\DarshenFYP\system\Database\BaseConnection.php(588): CodeIgniter\Database\BaseConnection->initialize()
#2 C:\xampp\htdocs\DarshenFYP\system\Database\BaseBuilder.php(1585): CodeIgniter\Database\BaseConnection->query('SELECT *\nFROM `...', Array, false)
#3 C:\xampp\htdocs\DarshenFYP\system\Model.php(250): CodeIgniter\Database\BaseBuilder->get()
#4 C:\xampp\htdocs\DarshenFYP\system\BaseModel.php(622): CodeIgniter\Model->doFirst()
#5 C:\xampp\htdocs\DarshenFYP\app\Controllers\Home.php(23): CodeIgniter\BaseModel->first()
#6 C:\xampp\htdocs\DarshenFYP\system\CodeIgniter.php(904): App\Controllers\Home->index()
#7 C:\xampp\htdocs\DarshenFYP\system\CodeIgniter.php(457): CodeIgniter\CodeIgniter->runController(Object(App\Controllers\Home))
#8 C:\xampp\htdocs\DarshenFYP\system\CodeIgniter.php(340): CodeIgniter\CodeIgniter->handleRequest(NULL, Object(Config\Cache), false)
#9 C:\xampp\htdocs\DarshenFYP\public\index.php(67): CodeIgniter\CodeIgniter->run()
#10 {main}
CRITICAL - 2022-11-09 05:02:41 --> Unable to connect to the database.
Main connection [MySQLi]: Unknown database 'stellarpc'
in SYSTEMPATH\Database\BaseConnection.php on line 418.
 1 SYSTEMPATH\Database\BaseConnection.php(588): CodeIgniter\Database\BaseConnection->initialize()
 2 SYSTEMPATH\Database\BaseBuilder.php(1585): CodeIgniter\Database\BaseConnection->query('SELECT *
FROM `product`
ORDER BY `ProductPrice` ASC
 LIMIT 1', [], false)
 3 SYSTEMPATH\Model.php(250): CodeIgniter\Database\BaseBuilder->get()
 4 SYSTEMPATH\BaseModel.php(622): CodeIgniter\Model->doFirst()
 5 APPPATH\Controllers\Home.php(23): CodeIgniter\BaseModel->first()
 6 SYSTEMPATH\CodeIgniter.php(904): App\Controllers\Home->index()
 7 SYSTEMPATH\CodeIgniter.php(457): CodeIgniter\CodeIgniter->runController(Object(App\Controllers\Home))
 8 SYSTEMPATH\CodeIgniter.php(340): CodeIgniter\CodeIgniter->handleRequest(null, Object(Config\Cache), false)
 9 FCPATH\index.php(67): CodeIgniter\CodeIgniter->run()
ERROR - 2022-11-09 05:04:07 --> mysqli_sql_exception: Table 'stellarpc.promotion' doesn't exist in C:\xampp\htdocs\DarshenFYP\system\Database\MySQLi\Connection.php:292
Stack trace:
#0 C:\xampp\htdocs\DarshenFYP\system\Database\MySQLi\Connection.php(292): mysqli->query('SELECT *\nFROM `...', 0)
#1 C:\xampp\htdocs\DarshenFYP\system\Database\BaseConnection.php(693): CodeIgniter\Database\MySQLi\Connection->execute('SELECT *\nFROM `...')
#2 C:\xampp\htdocs\DarshenFYP\system\Database\BaseConnection.php(620): CodeIgniter\Database\BaseConnection->simpleQuery('SELECT *\nFROM `...')
#3 C:\xampp\htdocs\DarshenFYP\system\Database\BaseBuilder.php(1585): CodeIgniter\Database\BaseConnection->query('SELECT *\nFROM `...', Array, false)
#4 C:\xampp\htdocs\DarshenFYP\system\Model.php(250): CodeIgniter\Database\BaseBuilder->get()
#5 C:\xampp\htdocs\DarshenFYP\system\BaseModel.php(622): CodeIgniter\Model->doFirst()
#6 C:\xampp\htdocs\DarshenFYP\app\Controllers\Home.php(24): CodeIgniter\BaseModel->first()
#7 C:\xampp\htdocs\DarshenFYP\system\CodeIgniter.php(904): App\Controllers\Home->index()
#8 C:\xampp\htdocs\DarshenFYP\system\CodeIgniter.php(457): CodeIgniter\CodeIgniter->runController(Object(App\Controllers\Home))
#9 C:\xampp\htdocs\DarshenFYP\system\CodeIgniter.php(340): CodeIgniter\CodeIgniter->handleRequest(NULL, Object(Config\Cache), false)
#10 C:\xampp\htdocs\DarshenFYP\public\index.php(67): CodeIgniter\CodeIgniter->run()
#11 {main}
CRITICAL - 2022-11-09 05:04:07 --> Call to a member function getFirstRow() on bool
in SYSTEMPATH\Model.php on line 250.
 1 SYSTEMPATH\BaseModel.php(622): CodeIgniter\Model->doFirst()
 2 APPPATH\Controllers\Home.php(24): CodeIgniter\BaseModel->first()
 3 SYSTEMPATH\CodeIgniter.php(904): App\Controllers\Home->index()
 4 SYSTEMPATH\CodeIgniter.php(457): CodeIgniter\CodeIgniter->runController(Object(App\Controllers\Home))
 5 SYSTEMPATH\CodeIgniter.php(340): CodeIgniter\CodeIgniter->handleRequest(null, Object(Config\Cache), false)
 6 FCPATH\index.php(67): CodeIgniter\CodeIgniter->run()
ERROR - 2022-11-09 05:04:09 --> mysqli_sql_exception: Table 'stellarpc.promotion' doesn't exist in C:\xampp\htdocs\DarshenFYP\system\Database\MySQLi\Connection.php:292
Stack trace:
#0 C:\xampp\htdocs\DarshenFYP\system\Database\MySQLi\Connection.php(292): mysqli->query('SELECT *\nFROM `...', 0)
#1 C:\xampp\htdocs\DarshenFYP\system\Database\BaseConnection.php(693): CodeIgniter\Database\MySQLi\Connection->execute('SELECT *\nFROM `...')
#2 C:\xampp\htdocs\DarshenFYP\system\Database\BaseConnection.php(620): CodeIgniter\Database\BaseConnection->simpleQuery('SELECT *\nFROM `...')
#3 C:\xampp\htdocs\DarshenFYP\system\Database\BaseBuilder.php(1585): CodeIgniter\Database\BaseConnection->query('SELECT *\nFROM `...', Array, false)
#4 C:\xampp\htdocs\DarshenFYP\system\Model.php(250): CodeIgniter\Database\BaseBuilder->get()
#5 C:\xampp\htdocs\DarshenFYP\system\BaseModel.php(622): CodeIgniter\Model->doFirst()
#6 C:\xampp\htdocs\DarshenFYP\app\Controllers\Home.php(24): CodeIgniter\BaseModel->first()
#7 C:\xampp\htdocs\DarshenFYP\system\CodeIgniter.php(904): App\Controllers\Home->index()
#8 C:\xampp\htdocs\DarshenFYP\system\CodeIgniter.php(457): CodeIgniter\CodeIgniter->runController(Object(App\Controllers\Home))
#9 C:\xampp\htdocs\DarshenFYP\system\CodeIgniter.php(340): CodeIgniter\CodeIgniter->handleRequest(NULL, Object(Config\Cache), false)
#10 C:\xampp\htdocs\DarshenFYP\public\index.php(67): CodeIgniter\CodeIgniter->run()
#11 {main}
CRITICAL - 2022-11-09 05:04:09 --> Call to a member function getFirstRow() on bool
in SYSTEMPATH\Model.php on line 250.
 1 SYSTEMPATH\BaseModel.php(622): CodeIgniter\Model->doFirst()
 2 APPPATH\Controllers\Home.php(24): CodeIgniter\BaseModel->first()
 3 SYSTEMPATH\CodeIgniter.php(904): App\Controllers\Home->index()
 4 SYSTEMPATH\CodeIgniter.php(457): CodeIgniter\CodeIgniter->runController(Object(App\Controllers\Home))
 5 SYSTEMPATH\CodeIgniter.php(340): CodeIgniter\CodeIgniter->handleRequest(null, Object(Config\Cache), false)
 6 FCPATH\index.php(67): CodeIgniter\CodeIgniter->run()
