CRITICAL - 2022-10-30 00:01:23 --> Call to undefined method App\Controllers\Admin::setUserSession()
in APPPATH\Controllers\Admin.php on line 119.
 1 SYSTEMPATH\CodeIgniter.php(904): App\Controllers\Admin->AdminLogin()
 2 SYSTEMPATH\CodeIgniter.php(457): CodeIgniter\CodeIgniter->runController(Object(App\Controllers\Admin))
 3 SYSTEMPATH\CodeIgniter.php(340): CodeIgniter\CodeIgniter->handleRequest(null, Object(Config\Cache), false)
 4 FCPATH\index.php(67): CodeIgniter\CodeIgniter->run()
CRITICAL - 2022-10-30 00:05:39 --> validateAdmin is not a valid rule.
in SYSTEMPATH\Validation\Validation.php on line 323.
 1 SYSTEMPATH\Validation\Validation.php(323): CodeIgniter\Validation\Exceptions\ValidationException::forRuleNotFound('validateAdmin')
 2 SYSTEMPATH\Validation\Validation.php(175): CodeIgniter\Validation\Validation->processRules('stafPassword', 'stafPassword', 'qqqqqqqq', [...], [...])
 3 SYSTEMPATH\Controller.php(140): CodeIgniter\Validation\Validation->run()
 4 APPPATH\Controllers\Admin.php(95): CodeIgniter\Controller->validate([...], [...])
 5 SYSTEMPATH\CodeIgniter.php(904): App\Controllers\Admin->AdminLogin()
 6 SYSTEMPATH\CodeIgniter.php(457): CodeIgniter\CodeIgniter->runController(Object(App\Controllers\Admin))
 7 SYSTEMPATH\CodeIgniter.php(340): CodeIgniter\CodeIgniter->handleRequest(null, Object(Config\Cache), false)
 8 FCPATH\index.php(67): CodeIgniter\CodeIgniter->run()
CRITICAL - 2022-10-30 00:06:03 --> Undefined array key "email"
in APPPATH\Validation\UserRules.php on line 10.
 1 APPPATH\Validation\UserRules.php(10): CodeIgniter\Debug\Exceptions->errorHandler(2, 'Undefined array key "email"', 'APPPATH\\Validation\\UserRules.php', 10)
 2 SYSTEMPATH\Validation\Validation.php(315): App\Validation\UserRules->validateUser('qqqqqqqq', 'staffEmail,stafPassword', [...], null)
 3 SYSTEMPATH\Validation\Validation.php(175): CodeIgniter\Validation\Validation->processRules('stafPassword', 'stafPassword', 'qqqqqqqq', [...], [...])
 4 SYSTEMPATH\Controller.php(140): CodeIgniter\Validation\Validation->run()
 5 APPPATH\Controllers\Admin.php(95): CodeIgniter\Controller->validate([...], [...])
 6 SYSTEMPATH\CodeIgniter.php(904): App\Controllers\Admin->AdminLogin()
 7 SYSTEMPATH\CodeIgniter.php(457): CodeIgniter\CodeIgniter->runController(Object(App\Controllers\Admin))
 8 SYSTEMPATH\CodeIgniter.php(340): CodeIgniter\CodeIgniter->handleRequest(null, Object(Config\Cache), false)
 9 FCPATH\index.php(67): CodeIgniter\CodeIgniter->run()
CRITICAL - 2022-10-30 00:15:41 --> validateAdmin is not a valid rule.
in SYSTEMPATH\Validation\Validation.php on line 323.
 1 SYSTEMPATH\Validation\Validation.php(323): CodeIgniter\Validation\Exceptions\ValidationException::forRuleNotFound('validateAdmin')
 2 SYSTEMPATH\Validation\Validation.php(175): CodeIgniter\Validation\Validation->processRules('stafPassword', 'stafPassword', 'qqqqqqqq', [...], [...])
 3 SYSTEMPATH\Controller.php(140): CodeIgniter\Validation\Validation->run()
 4 APPPATH\Controllers\Admin.php(95): CodeIgniter\Controller->validate([...], [...])
 5 SYSTEMPATH\CodeIgniter.php(904): App\Controllers\Admin->AdminLogin()
 6 SYSTEMPATH\CodeIgniter.php(457): CodeIgniter\CodeIgniter->runController(Object(App\Controllers\Admin))
 7 SYSTEMPATH\CodeIgniter.php(340): CodeIgniter\CodeIgniter->handleRequest(null, Object(Config\Cache), false)
 8 FCPATH\index.php(67): CodeIgniter\CodeIgniter->run()
CRITICAL - 2022-10-30 00:18:16 --> validateAdmin is not a valid rule.
in SYSTEMPATH\Validation\Validation.php on line 323.
 1 SYSTEMPATH\Validation\Validation.php(323): CodeIgniter\Validation\Exceptions\ValidationException::forRuleNotFound('validateAdmin')
 2 SYSTEMPATH\Validation\Validation.php(175): CodeIgniter\Validation\Validation->processRules('password', 'password', 'qqqqqqqq', [...], [...])
 3 SYSTEMPATH\Controller.php(140): CodeIgniter\Validation\Validation->run()
 4 APPPATH\Controllers\Admin.php(95): CodeIgniter\Controller->validate([...], [...])
 5 SYSTEMPATH\CodeIgniter.php(904): App\Controllers\Admin->AdminLogin()
 6 SYSTEMPATH\CodeIgniter.php(457): CodeIgniter\CodeIgniter->runController(Object(App\Controllers\Admin))
 7 SYSTEMPATH\CodeIgniter.php(340): CodeIgniter\CodeIgniter->handleRequest(null, Object(Config\Cache), false)
 8 FCPATH\index.php(67): CodeIgniter\CodeIgniter->run()
CRITICAL - 2022-10-30 00:20:21 --> validateAdmin is not a valid rule.
in SYSTEMPATH\Validation\Validation.php on line 323.
 1 SYSTEMPATH\Validation\Validation.php(323): CodeIgniter\Validation\Exceptions\ValidationException::forRuleNotFound('validateAdmin')
 2 SYSTEMPATH\Validation\Validation.php(175): CodeIgniter\Validation\Validation->processRules('stafPassword', 'stafPassword', 'qqqqqqqq', [...], [...])
 3 SYSTEMPATH\Controller.php(140): CodeIgniter\Validation\Validation->run()
 4 APPPATH\Controllers\Admin.php(95): CodeIgniter\Controller->validate([...], [...])
 5 SYSTEMPATH\CodeIgniter.php(904): App\Controllers\Admin->AdminLogin()
 6 SYSTEMPATH\CodeIgniter.php(457): CodeIgniter\CodeIgniter->runController(Object(App\Controllers\Admin))
 7 SYSTEMPATH\CodeIgniter.php(340): CodeIgniter\CodeIgniter->handleRequest(null, Object(Config\Cache), false)
 8 FCPATH\index.php(67): CodeIgniter\CodeIgniter->run()
CRITICAL - 2022-10-30 00:20:48 --> validateAdmin is not a valid rule.
in SYSTEMPATH\Validation\Validation.php on line 323.
 1 SYSTEMPATH\Validation\Validation.php(323): CodeIgniter\Validation\Exceptions\ValidationException::forRuleNotFound('validateAdmin')
 2 SYSTEMPATH\Validation\Validation.php(175): CodeIgniter\Validation\Validation->processRules('stafPassword', 'stafPassword', 'qqqqqqqq', [...], [...])
 3 SYSTEMPATH\Controller.php(140): CodeIgniter\Validation\Validation->run()
 4 APPPATH\Controllers\Admin.php(95): CodeIgniter\Controller->validate([...], [...])
 5 SYSTEMPATH\CodeIgniter.php(904): App\Controllers\Admin->AdminLogin()
 6 SYSTEMPATH\CodeIgniter.php(457): CodeIgniter\CodeIgniter->runController(Object(App\Controllers\Admin))
 7 SYSTEMPATH\CodeIgniter.php(340): CodeIgniter\CodeIgniter->handleRequest(null, Object(Config\Cache), false)
 8 FCPATH\index.php(67): CodeIgniter\CodeIgniter->run()
CRITICAL - 2022-10-30 00:27:47 --> validateAdmin is not a valid rule.
in SYSTEMPATH\Validation\Validation.php on line 323.
 1 SYSTEMPATH\Validation\Validation.php(323): CodeIgniter\Validation\Exceptions\ValidationException::forRuleNotFound('validateAdmin')
 2 SYSTEMPATH\Validation\Validation.php(175): CodeIgniter\Validation\Validation->processRules('stafPassword', 'stafPassword', 'qqqqqqqq', [...], [...])
 3 SYSTEMPATH\Controller.php(140): CodeIgniter\Validation\Validation->run()
 4 APPPATH\Controllers\Admin.php(95): CodeIgniter\Controller->validate([...], [...])
 5 SYSTEMPATH\CodeIgniter.php(904): App\Controllers\Admin->AdminLogin()
 6 SYSTEMPATH\CodeIgniter.php(457): CodeIgniter\CodeIgniter->runController(Object(App\Controllers\Admin))
 7 SYSTEMPATH\CodeIgniter.php(340): CodeIgniter\CodeIgniter->handleRequest(null, Object(Config\Cache), false)
 8 FCPATH\index.php(67): CodeIgniter\CodeIgniter->run()
CRITICAL - 2022-10-30 00:28:15 --> validateAdmin is not a valid rule.
in SYSTEMPATH\Validation\Validation.php on line 323.
 1 SYSTEMPATH\Validation\Validation.php(323): CodeIgniter\Validation\Exceptions\ValidationException::forRuleNotFound('validateAdmin')
 2 SYSTEMPATH\Validation\Validation.php(175): CodeIgniter\Validation\Validation->processRules('stafPassword', 'stafPassword', 'qqqqqqqq', [...], [...])
 3 SYSTEMPATH\Controller.php(140): CodeIgniter\Validation\Validation->run()
 4 APPPATH\Controllers\Admin.php(96): CodeIgniter\Controller->validate([...], [...])
 5 SYSTEMPATH\CodeIgniter.php(904): App\Controllers\Admin->AdminLogin()
 6 SYSTEMPATH\CodeIgniter.php(457): CodeIgniter\CodeIgniter->runController(Object(App\Controllers\Admin))
 7 SYSTEMPATH\CodeIgniter.php(340): CodeIgniter\CodeIgniter->handleRequest(null, Object(Config\Cache), false)
 8 FCPATH\index.php(67): CodeIgniter\CodeIgniter->run()
CRITICAL - 2022-10-30 00:28:23 --> validateAdmin is not a valid rule.
in SYSTEMPATH\Validation\Validation.php on line 323.
 1 SYSTEMPATH\Validation\Validation.php(323): CodeIgniter\Validation\Exceptions\ValidationException::forRuleNotFound('validateAdmin')
 2 SYSTEMPATH\Validation\Validation.php(175): CodeIgniter\Validation\Validation->processRules('stafPassword', 'stafPassword', 'qqqqqqqq', [...], [...])
 3 SYSTEMPATH\Controller.php(140): CodeIgniter\Validation\Validation->run()
 4 APPPATH\Controllers\Admin.php(96): CodeIgniter\Controller->validate([...], [...])
 5 SYSTEMPATH\CodeIgniter.php(904): App\Controllers\Admin->AdminLogin()
 6 SYSTEMPATH\CodeIgniter.php(457): CodeIgniter\CodeIgniter->runController(Object(App\Controllers\Admin))
 7 SYSTEMPATH\CodeIgniter.php(340): CodeIgniter\CodeIgniter->handleRequest(null, Object(Config\Cache), false)
 8 FCPATH\index.php(67): CodeIgniter\CodeIgniter->run()
CRITICAL - 2022-10-30 00:30:29 --> Undefined array key "email"
in APPPATH\Validation\UserRules.php on line 10.
 1 APPPATH\Validation\UserRules.php(10): CodeIgniter\Debug\Exceptions->errorHandler(2, 'Undefined array key "email"', 'APPPATH\\Validation\\UserRules.php', 10)
 2 SYSTEMPATH\Validation\Validation.php(315): App\Validation\UserRules->validateUser('qqqqqqqq', 'staffEmail,stafPassword', [...], null)
 3 SYSTEMPATH\Validation\Validation.php(175): CodeIgniter\Validation\Validation->processRules('stafPassword', 'stafPassword', 'qqqqqqqq', [...], [...])
 4 SYSTEMPATH\Controller.php(140): CodeIgniter\Validation\Validation->run()
 5 APPPATH\Controllers\Admin.php(96): CodeIgniter\Controller->validate([...], [...])
 6 SYSTEMPATH\CodeIgniter.php(904): App\Controllers\Admin->AdminLogin()
 7 SYSTEMPATH\CodeIgniter.php(457): CodeIgniter\CodeIgniter->runController(Object(App\Controllers\Admin))
 8 SYSTEMPATH\CodeIgniter.php(340): CodeIgniter\CodeIgniter->handleRequest(null, Object(Config\Cache), false)
 9 FCPATH\index.php(67): CodeIgniter\CodeIgniter->run()
CRITICAL - 2022-10-30 00:30:40 --> validateAdmin is not a valid rule.
in SYSTEMPATH\Validation\Validation.php on line 323.
 1 SYSTEMPATH\Validation\Validation.php(323): CodeIgniter\Validation\Exceptions\ValidationException::forRuleNotFound('validateAdmin')
 2 SYSTEMPATH\Validation\Validation.php(175): CodeIgniter\Validation\Validation->processRules('stafPassword', 'stafPassword', 'qqqqqqqq', [...], [...])
 3 SYSTEMPATH\Controller.php(140): CodeIgniter\Validation\Validation->run()
 4 APPPATH\Controllers\Admin.php(96): CodeIgniter\Controller->validate([...], [...])
 5 SYSTEMPATH\CodeIgniter.php(904): App\Controllers\Admin->AdminLogin()
 6 SYSTEMPATH\CodeIgniter.php(457): CodeIgniter\CodeIgniter->runController(Object(App\Controllers\Admin))
 7 SYSTEMPATH\CodeIgniter.php(340): CodeIgniter\CodeIgniter->handleRequest(null, Object(Config\Cache), false)
 8 FCPATH\index.php(67): CodeIgniter\CodeIgniter->run()
CRITICAL - 2022-10-30 00:34:48 --> Class "App\Validation\UserModel" not found
in APPPATH\Validation\AdminRules.php on line 9.
 1 SYSTEMPATH\Validation\Validation.php(315): App\Validation\AdminRules->validateAdmin('qqqqqqqq', 'staffEmail,stafPassword', [...], null)
 2 SYSTEMPATH\Validation\Validation.php(175): CodeIgniter\Validation\Validation->processRules('stafPassword', 'stafPassword', 'qqqqqqqq', [...], [...])
 3 SYSTEMPATH\Controller.php(140): CodeIgniter\Validation\Validation->run()
 4 APPPATH\Controllers\Admin.php(96): CodeIgniter\Controller->validate([...], [...])
 5 SYSTEMPATH\CodeIgniter.php(904): App\Controllers\Admin->AdminLogin()
 6 SYSTEMPATH\CodeIgniter.php(457): CodeIgniter\CodeIgniter->runController(Object(App\Controllers\Admin))
 7 SYSTEMPATH\CodeIgniter.php(340): CodeIgniter\CodeIgniter->handleRequest(null, Object(Config\Cache), false)
 8 FCPATH\index.php(67): CodeIgniter\CodeIgniter->run()
CRITICAL - 2022-10-30 00:35:19 --> Undefined variable $user
in APPPATH\Validation\AdminRules.php on line 16.
 1 APPPATH\Validation\AdminRules.php(16): CodeIgniter\Debug\Exceptions->errorHandler(2, 'Undefined variable $user', 'APPPATH\\Validation\\AdminRules.php', 16)
 2 SYSTEMPATH\Validation\Validation.php(315): App\Validation\AdminRules->validateAdmin('qqqqqqqq', 'staffEmail,stafPassword', [...], null)
 3 SYSTEMPATH\Validation\Validation.php(175): CodeIgniter\Validation\Validation->processRules('stafPassword', 'stafPassword', 'qqqqqqqq', [...], [...])
 4 SYSTEMPATH\Controller.php(140): CodeIgniter\Validation\Validation->run()
 5 APPPATH\Controllers\Admin.php(96): CodeIgniter\Controller->validate([...], [...])
 6 SYSTEMPATH\CodeIgniter.php(904): App\Controllers\Admin->AdminLogin()
 7 SYSTEMPATH\CodeIgniter.php(457): CodeIgniter\CodeIgniter->runController(Object(App\Controllers\Admin))
 8 SYSTEMPATH\CodeIgniter.php(340): CodeIgniter\CodeIgniter->handleRequest(null, Object(Config\Cache), false)
 9 FCPATH\index.php(67): CodeIgniter\CodeIgniter->run()
CRITICAL - 2022-10-30 00:35:38 --> Call to undefined method App\Controllers\Admin::setUserSession()
in APPPATH\Controllers\Admin.php on line 120.
 1 SYSTEMPATH\CodeIgniter.php(904): App\Controllers\Admin->AdminLogin()
 2 SYSTEMPATH\CodeIgniter.php(457): CodeIgniter\CodeIgniter->runController(Object(App\Controllers\Admin))
 3 SYSTEMPATH\CodeIgniter.php(340): CodeIgniter\CodeIgniter->handleRequest(null, Object(Config\Cache), false)
 4 FCPATH\index.php(67): CodeIgniter\CodeIgniter->run()
CRITICAL - 2022-10-30 00:38:15 --> Undefined variable $admin
in APPPATH\Controllers\Admin.php on line 120.
 1 APPPATH\Controllers\Admin.php(120): CodeIgniter\Debug\Exceptions->errorHandler(2, 'Undefined variable $admin', 'APPPATH\\Controllers\\Admin.php', 120)
 2 SYSTEMPATH\CodeIgniter.php(904): App\Controllers\Admin->AdminLogin()
 3 SYSTEMPATH\CodeIgniter.php(457): CodeIgniter\CodeIgniter->runController(Object(App\Controllers\Admin))
 4 SYSTEMPATH\CodeIgniter.php(340): CodeIgniter\CodeIgniter->handleRequest(null, Object(Config\Cache), false)
 5 FCPATH\index.php(67): CodeIgniter\CodeIgniter->run()
CRITICAL - 2022-10-30 01:01:43 --> Undefined variable $product_model
in APPPATH\Controllers\Admin.php on line 14.
 1 APPPATH\Controllers\Admin.php(14): CodeIgniter\Debug\Exceptions->errorHandler(2, 'Undefined variable $product_model', 'APPPATH\\Controllers\\Admin.php', 14)
 2 SYSTEMPATH\CodeIgniter.php(904): App\Controllers\Admin->index()
 3 SYSTEMPATH\CodeIgniter.php(457): CodeIgniter\CodeIgniter->runController(Object(App\Controllers\Admin))
 4 SYSTEMPATH\CodeIgniter.php(340): CodeIgniter\CodeIgniter->handleRequest(null, Object(Config\Cache), false)
 5 FCPATH\index.php(67): CodeIgniter\CodeIgniter->run()
CRITICAL - 2022-10-30 01:03:21 --> Undefined variable $adminData
in APPPATH\Views\sections\AdminNavBar.php on line 18.
 1 APPPATH\Views\sections\AdminNavBar.php(18): CodeIgniter\Debug\Exceptions->errorHandler(2, 'Undefined variable $adminData', 'APPPATH\\Views\\sections\\AdminNavBar.php', 18)
 2 SYSTEMPATH\View\View.php(213): include('APPPATH\\Views\\sections\\AdminNavBar.php')
 3 SYSTEMPATH\View\View.php(216): CodeIgniter\View\View->CodeIgniter\View\{closure}()
 4 SYSTEMPATH\Common.php(1142): CodeIgniter\View\View->render('sections/AdminNavBar.php', [], true)
 5 APPPATH\Controllers\Admin.php(19): view('sections/AdminNavBar.php')
 6 SYSTEMPATH\CodeIgniter.php(904): App\Controllers\Admin->index()
 7 SYSTEMPATH\CodeIgniter.php(457): CodeIgniter\CodeIgniter->runController(Object(App\Controllers\Admin))
 8 SYSTEMPATH\CodeIgniter.php(340): CodeIgniter\CodeIgniter->handleRequest(null, Object(Config\Cache), false)
 9 FCPATH\index.php(67): CodeIgniter\CodeIgniter->run()
ERROR - 2022-10-30 01:23:05 --> mysqli_sql_exception: Unknown column 'id' in 'order clause' in C:\xampp\htdocs\DarshenFYP\system\Database\MySQLi\Connection.php:292
Stack trace:
#0 C:\xampp\htdocs\DarshenFYP\system\Database\MySQLi\Connection.php(292): mysqli->query('SELECT *\nFROM `...', 0)
#1 C:\xampp\htdocs\DarshenFYP\system\Database\BaseConnection.php(693): CodeIgniter\Database\MySQLi\Connection->execute('SELECT *\nFROM `...')
#2 C:\xampp\htdocs\DarshenFYP\system\Database\BaseConnection.php(620): CodeIgniter\Database\BaseConnection->simpleQuery('SELECT *\nFROM `...')
#3 C:\xampp\htdocs\DarshenFYP\system\Database\BaseBuilder.php(1585): CodeIgniter\Database\BaseConnection->query('SELECT *\nFROM `...', Array, false)
#4 C:\xampp\htdocs\DarshenFYP\system\Model.php(223): CodeIgniter\Database\BaseBuilder->get()
#5 C:\xampp\htdocs\DarshenFYP\system\BaseModel.php(584): CodeIgniter\Model->doFindAll(0, 0)
#6 C:\xampp\htdocs\DarshenFYP\app\Controllers\Admin.php(27): CodeIgniter\BaseModel->findAll()
#7 C:\xampp\htdocs\DarshenFYP\system\CodeIgniter.php(904): App\Controllers\Admin->index()
#8 C:\xampp\htdocs\DarshenFYP\system\CodeIgniter.php(457): CodeIgniter\CodeIgniter->runController(Object(App\Controllers\Admin))
#9 C:\xampp\htdocs\DarshenFYP\system\CodeIgniter.php(340): CodeIgniter\CodeIgniter->handleRequest(NULL, Object(Config\Cache), false)
#10 C:\xampp\htdocs\DarshenFYP\public\index.php(67): CodeIgniter\CodeIgniter->run()
#11 {main}
CRITICAL - 2022-10-30 01:23:05 --> Call to a member function getResult() on bool
in SYSTEMPATH\Model.php on line 224.
 1 SYSTEMPATH\BaseModel.php(584): CodeIgniter\Model->doFindAll(0, 0)
 2 APPPATH\Controllers\Admin.php(27): CodeIgniter\BaseModel->findAll()
 3 SYSTEMPATH\CodeIgniter.php(904): App\Controllers\Admin->index()
 4 SYSTEMPATH\CodeIgniter.php(457): CodeIgniter\CodeIgniter->runController(Object(App\Controllers\Admin))
 5 SYSTEMPATH\CodeIgniter.php(340): CodeIgniter\CodeIgniter->handleRequest(null, Object(Config\Cache), false)
 6 FCPATH\index.php(67): CodeIgniter\CodeIgniter->run()
CRITICAL - 2022-10-30 01:23:50 --> count(): Argument #1 ($value) must be of type Countable|array, null given
in APPPATH\Views\Admin\index.php on line 18.
 1 SYSTEMPATH\View\View.php(213): include()
 2 SYSTEMPATH\View\View.php(216): CodeIgniter\View\View->CodeIgniter\View\{closure}()
 3 SYSTEMPATH\Common.php(1142): CodeIgniter\View\View->render('Admin/index.php', [], true)
 4 APPPATH\Controllers\Admin.php(35): view('Admin/index.php')
 5 SYSTEMPATH\CodeIgniter.php(904): App\Controllers\Admin->index()
 6 SYSTEMPATH\CodeIgniter.php(457): CodeIgniter\CodeIgniter->runController(Object(App\Controllers\Admin))
 7 SYSTEMPATH\CodeIgniter.php(340): CodeIgniter\CodeIgniter->handleRequest(null, Object(Config\Cache), false)
 8 FCPATH\index.php(67): CodeIgniter\CodeIgniter->run()
CRITICAL - 2022-10-30 01:24:02 --> count(): Argument #1 ($value) must be of type Countable|array, null given
in APPPATH\Views\Admin\index.php on line 18.
 1 SYSTEMPATH\View\View.php(213): include()
 2 SYSTEMPATH\View\View.php(216): CodeIgniter\View\View->CodeIgniter\View\{closure}()
 3 SYSTEMPATH\Common.php(1142): CodeIgniter\View\View->render('Admin/index.php', [], true)
 4 APPPATH\Controllers\Admin.php(35): view('Admin/index.php', [...])
 5 SYSTEMPATH\CodeIgniter.php(904): App\Controllers\Admin->index()
 6 SYSTEMPATH\CodeIgniter.php(457): CodeIgniter\CodeIgniter->runController(Object(App\Controllers\Admin))
 7 SYSTEMPATH\CodeIgniter.php(340): CodeIgniter\CodeIgniter->handleRequest(null, Object(Config\Cache), false)
 8 FCPATH\index.php(67): CodeIgniter\CodeIgniter->run()
CRITICAL - 2022-10-30 01:25:11 --> count(): Argument #1 ($value) must be of type Countable|array, App\Models\UserModel given
in APPPATH\Controllers\Admin.php on line 27.
 1 APPPATH\Controllers\Admin.php(27): count(Object(App\Models\UserModel))
 2 SYSTEMPATH\CodeIgniter.php(904): App\Controllers\Admin->index()
 3 SYSTEMPATH\CodeIgniter.php(457): CodeIgniter\CodeIgniter->runController(Object(App\Controllers\Admin))
 4 SYSTEMPATH\CodeIgniter.php(340): CodeIgniter\CodeIgniter->handleRequest(null, Object(Config\Cache), false)
 5 FCPATH\index.php(67): CodeIgniter\CodeIgniter->run()
CRITICAL - 2022-10-30 01:26:34 --> Undefined variable $abc
in APPPATH\Views\Admin\index.php on line 18.
 1 APPPATH\Views\Admin\index.php(18): CodeIgniter\Debug\Exceptions->errorHandler(2, 'Undefined variable $abc', 'APPPATH\\Views\\Admin\\index.php', 18)
 2 SYSTEMPATH\View\View.php(213): include('APPPATH\\Views\\Admin\\index.php')
 3 SYSTEMPATH\View\View.php(216): CodeIgniter\View\View->CodeIgniter\View\{closure}()
 4 SYSTEMPATH\Common.php(1142): CodeIgniter\View\View->render('Admin/index.php', [], true)
 5 APPPATH\Controllers\Admin.php(35): view('Admin/index.php', [...])
 6 SYSTEMPATH\CodeIgniter.php(904): App\Controllers\Admin->index()
 7 SYSTEMPATH\CodeIgniter.php(457): CodeIgniter\CodeIgniter->runController(Object(App\Controllers\Admin))
 8 SYSTEMPATH\CodeIgniter.php(340): CodeIgniter\CodeIgniter->handleRequest(null, Object(Config\Cache), false)
 9 FCPATH\index.php(67): CodeIgniter\CodeIgniter->run()
CRITICAL - 2022-10-30 01:27:34 --> Undefined variable $abc
in APPPATH\Views\Admin\index.php on line 18.
 1 APPPATH\Views\Admin\index.php(18): CodeIgniter\Debug\Exceptions->errorHandler(2, 'Undefined variable $abc', 'APPPATH\\Views\\Admin\\index.php', 18)
 2 SYSTEMPATH\View\View.php(213): include('APPPATH\\Views\\Admin\\index.php')
 3 SYSTEMPATH\View\View.php(216): CodeIgniter\View\View->CodeIgniter\View\{closure}()
 4 SYSTEMPATH\Common.php(1142): CodeIgniter\View\View->render('Admin/index.php', [], true)
 5 APPPATH\Controllers\Admin.php(35): view('Admin/index.php', [...])
 6 SYSTEMPATH\CodeIgniter.php(904): App\Controllers\Admin->index()
 7 SYSTEMPATH\CodeIgniter.php(457): CodeIgniter\CodeIgniter->runController(Object(App\Controllers\Admin))
 8 SYSTEMPATH\CodeIgniter.php(340): CodeIgniter\CodeIgniter->handleRequest(null, Object(Config\Cache), false)
 9 FCPATH\index.php(67): CodeIgniter\CodeIgniter->run()
CRITICAL - 2022-10-30 01:28:21 --> Undefined variable $data
in APPPATH\Controllers\Admin.php on line 35.
 1 APPPATH\Controllers\Admin.php(35): CodeIgniter\Debug\Exceptions->errorHandler(2, 'Undefined variable $data', 'APPPATH\\Controllers\\Admin.php', 35)
 2 SYSTEMPATH\CodeIgniter.php(904): App\Controllers\Admin->index()
 3 SYSTEMPATH\CodeIgniter.php(457): CodeIgniter\CodeIgniter->runController(Object(App\Controllers\Admin))
 4 SYSTEMPATH\CodeIgniter.php(340): CodeIgniter\CodeIgniter->handleRequest(null, Object(Config\Cache), false)
 5 FCPATH\index.php(67): CodeIgniter\CodeIgniter->run()
CRITICAL - 2022-10-30 01:28:27 --> Undefined variable $abc
in APPPATH\Views\Admin\index.php on line 18.
 1 APPPATH\Views\Admin\index.php(18): CodeIgniter\Debug\Exceptions->errorHandler(2, 'Undefined variable $abc', 'APPPATH\\Views\\Admin\\index.php', 18)
 2 SYSTEMPATH\View\View.php(213): include('APPPATH\\Views\\Admin\\index.php')
 3 SYSTEMPATH\View\View.php(216): CodeIgniter\View\View->CodeIgniter\View\{closure}()
 4 SYSTEMPATH\Common.php(1142): CodeIgniter\View\View->render('Admin/index.php', [], true)
 5 APPPATH\Controllers\Admin.php(35): view('Admin/index.php')
 6 SYSTEMPATH\CodeIgniter.php(904): App\Controllers\Admin->index()
 7 SYSTEMPATH\CodeIgniter.php(457): CodeIgniter\CodeIgniter->runController(Object(App\Controllers\Admin))
 8 SYSTEMPATH\CodeIgniter.php(340): CodeIgniter\CodeIgniter->handleRequest(null, Object(Config\Cache), false)
 9 FCPATH\index.php(67): CodeIgniter\CodeIgniter->run()
CRITICAL - 2022-10-30 01:28:33 --> Undefined variable $abc
in APPPATH\Views\Admin\index.php on line 18.
 1 APPPATH\Views\Admin\index.php(18): CodeIgniter\Debug\Exceptions->errorHandler(2, 'Undefined variable $abc', 'APPPATH\\Views\\Admin\\index.php', 18)
 2 SYSTEMPATH\View\View.php(213): include('APPPATH\\Views\\Admin\\index.php')
 3 SYSTEMPATH\View\View.php(216): CodeIgniter\View\View->CodeIgniter\View\{closure}()
 4 SYSTEMPATH\Common.php(1142): CodeIgniter\View\View->render('Admin/index.php', [], true)
 5 APPPATH\Controllers\Admin.php(35): view('Admin/index.php', [...])
 6 SYSTEMPATH\CodeIgniter.php(904): App\Controllers\Admin->index()
 7 SYSTEMPATH\CodeIgniter.php(457): CodeIgniter\CodeIgniter->runController(Object(App\Controllers\Admin))
 8 SYSTEMPATH\CodeIgniter.php(340): CodeIgniter\CodeIgniter->handleRequest(null, Object(Config\Cache), false)
 9 FCPATH\index.php(67): CodeIgniter\CodeIgniter->run()
CRITICAL - 2022-10-30 01:29:02 --> Undefined variable $abc
in APPPATH\Views\Admin\index.php on line 18.
 1 APPPATH\Views\Admin\index.php(18): CodeIgniter\Debug\Exceptions->errorHandler(2, 'Undefined variable $abc', 'APPPATH\\Views\\Admin\\index.php', 18)
 2 SYSTEMPATH\View\View.php(213): include('APPPATH\\Views\\Admin\\index.php')
 3 SYSTEMPATH\View\View.php(216): CodeIgniter\View\View->CodeIgniter\View\{closure}()
 4 SYSTEMPATH\Common.php(1142): CodeIgniter\View\View->render('Admin/index.php', [], true)
 5 APPPATH\Controllers\Admin.php(35): view('Admin/index.php', [...])
 6 SYSTEMPATH\CodeIgniter.php(904): App\Controllers\Admin->index()
 7 SYSTEMPATH\CodeIgniter.php(457): CodeIgniter\CodeIgniter->runController(Object(App\Controllers\Admin))
 8 SYSTEMPATH\CodeIgniter.php(340): CodeIgniter\CodeIgniter->handleRequest(null, Object(Config\Cache), false)
 9 FCPATH\index.php(67): CodeIgniter\CodeIgniter->run()
CRITICAL - 2022-10-30 01:30:34 --> syntax error, unexpected token ";", expecting ")"
in APPPATH\Views\Admin\index.php on line 19.
 1 SYSTEMPATH\View\View.php(216): CodeIgniter\View\View->CodeIgniter\View\{closure}()
 2 SYSTEMPATH\Common.php(1142): CodeIgniter\View\View->render('Admin/index.php', [], true)
 3 APPPATH\Controllers\Admin.php(34): view('Admin/index.php', [...])
 4 SYSTEMPATH\CodeIgniter.php(904): App\Controllers\Admin->index()
 5 SYSTEMPATH\CodeIgniter.php(457): CodeIgniter\CodeIgniter->runController(Object(App\Controllers\Admin))
 6 SYSTEMPATH\CodeIgniter.php(340): CodeIgniter\CodeIgniter->handleRequest(null, Object(Config\Cache), false)
 7 FCPATH\index.php(67): CodeIgniter\CodeIgniter->run()
CRITICAL - 2022-10-30 01:30:40 --> count(): Argument #1 ($value) must be of type Countable|array, string given
in APPPATH\Views\Admin\index.php on line 19.
 1 SYSTEMPATH\View\View.php(213): include()
 2 SYSTEMPATH\View\View.php(216): CodeIgniter\View\View->CodeIgniter\View\{closure}()
 3 SYSTEMPATH\Common.php(1142): CodeIgniter\View\View->render('Admin/index.php', [], true)
 4 APPPATH\Controllers\Admin.php(34): view('Admin/index.php', [...])
 5 SYSTEMPATH\CodeIgniter.php(904): App\Controllers\Admin->index()
 6 SYSTEMPATH\CodeIgniter.php(457): CodeIgniter\CodeIgniter->runController(Object(App\Controllers\Admin))
 7 SYSTEMPATH\CodeIgniter.php(340): CodeIgniter\CodeIgniter->handleRequest(null, Object(Config\Cache), false)
 8 FCPATH\index.php(67): CodeIgniter\CodeIgniter->run()
CRITICAL - 2022-10-30 01:30:46 --> syntax error, unexpected token ";", expecting ")"
in APPPATH\Views\Admin\index.php on line 19.
 1 SYSTEMPATH\View\View.php(216): CodeIgniter\View\View->CodeIgniter\View\{closure}()
 2 SYSTEMPATH\Common.php(1142): CodeIgniter\View\View->render('Admin/index.php', [], true)
 3 APPPATH\Controllers\Admin.php(34): view('Admin/index.php', [...])
 4 SYSTEMPATH\CodeIgniter.php(904): App\Controllers\Admin->index()
 5 SYSTEMPATH\CodeIgniter.php(457): CodeIgniter\CodeIgniter->runController(Object(App\Controllers\Admin))
 6 SYSTEMPATH\CodeIgniter.php(340): CodeIgniter\CodeIgniter->handleRequest(null, Object(Config\Cache), false)
 7 FCPATH\index.php(67): CodeIgniter\CodeIgniter->run()
CRITICAL - 2022-10-30 01:31:36 --> Undefined variable $data
in APPPATH\Views\Admin\index.php on line 18.
 1 APPPATH\Views\Admin\index.php(18): CodeIgniter\Debug\Exceptions->errorHandler(2, 'Undefined variable $data', 'APPPATH\\Views\\Admin\\index.php', 18)
 2 SYSTEMPATH\View\View.php(213): include('APPPATH\\Views\\Admin\\index.php')
 3 SYSTEMPATH\View\View.php(216): CodeIgniter\View\View->CodeIgniter\View\{closure}()
 4 SYSTEMPATH\Common.php(1142): CodeIgniter\View\View->render('Admin/index.php', [], true)
 5 APPPATH\Controllers\Admin.php(34): view('Admin/index.php', [...])
 6 SYSTEMPATH\CodeIgniter.php(904): App\Controllers\Admin->index()
 7 SYSTEMPATH\CodeIgniter.php(457): CodeIgniter\CodeIgniter->runController(Object(App\Controllers\Admin))
 8 SYSTEMPATH\CodeIgniter.php(340): CodeIgniter\CodeIgniter->handleRequest(null, Object(Config\Cache), false)
 9 FCPATH\index.php(67): CodeIgniter\CodeIgniter->run()
CRITICAL - 2022-10-30 01:32:43 --> Undefined variable $NumberOfUsers
in APPPATH\Views\Admin\index.php on line 18.
 1 APPPATH\Views\Admin\index.php(18): CodeIgniter\Debug\Exceptions->errorHandler(2, 'Undefined variable $NumberOfUsers', 'APPPATH\\Views\\Admin\\index.php', 18)
 2 SYSTEMPATH\View\View.php(213): include('APPPATH\\Views\\Admin\\index.php')
 3 SYSTEMPATH\View\View.php(216): CodeIgniter\View\View->CodeIgniter\View\{closure}()
 4 SYSTEMPATH\Common.php(1142): CodeIgniter\View\View->render('Admin/index.php', [], true)
 5 APPPATH\Controllers\Admin.php(36): view('Admin/index.php', [...])
 6 SYSTEMPATH\CodeIgniter.php(904): App\Controllers\Admin->index()
 7 SYSTEMPATH\CodeIgniter.php(457): CodeIgniter\CodeIgniter->runController(Object(App\Controllers\Admin))
 8 SYSTEMPATH\CodeIgniter.php(340): CodeIgniter\CodeIgniter->handleRequest(null, Object(Config\Cache), false)
 9 FCPATH\index.php(67): CodeIgniter\CodeIgniter->run()
CRITICAL - 2022-10-30 01:34:41 --> count(): Argument #1 ($value) must be of type Countable|array, int given
in APPPATH\Controllers\Admin.php on line 30.
 1 APPPATH\Controllers\Admin.php(30): count(1)
 2 SYSTEMPATH\CodeIgniter.php(904): App\Controllers\Admin->index()
 3 SYSTEMPATH\CodeIgniter.php(457): CodeIgniter\CodeIgniter->runController(Object(App\Controllers\Admin))
 4 SYSTEMPATH\CodeIgniter.php(340): CodeIgniter\CodeIgniter->handleRequest(null, Object(Config\Cache), false)
 5 FCPATH\index.php(67): CodeIgniter\CodeIgniter->run()
CRITICAL - 2022-10-30 01:34:56 --> Undefined variable $NumberOfUsers
in APPPATH\Views\Admin\index.php on line 18.
 1 APPPATH\Views\Admin\index.php(18): CodeIgniter\Debug\Exceptions->errorHandler(2, 'Undefined variable $NumberOfUsers', 'APPPATH\\Views\\Admin\\index.php', 18)
 2 SYSTEMPATH\View\View.php(213): include('APPPATH\\Views\\Admin\\index.php')
 3 SYSTEMPATH\View\View.php(216): CodeIgniter\View\View->CodeIgniter\View\{closure}()
 4 SYSTEMPATH\Common.php(1142): CodeIgniter\View\View->render('Admin/index.php', [], true)
 5 APPPATH\Controllers\Admin.php(36): view('Admin/index.php', [...])
 6 SYSTEMPATH\CodeIgniter.php(904): App\Controllers\Admin->index()
 7 SYSTEMPATH\CodeIgniter.php(457): CodeIgniter\CodeIgniter->runController(Object(App\Controllers\Admin))
 8 SYSTEMPATH\CodeIgniter.php(340): CodeIgniter\CodeIgniter->handleRequest(null, Object(Config\Cache), false)
 9 FCPATH\index.php(67): CodeIgniter\CodeIgniter->run()
CRITICAL - 2022-10-30 01:35:16 --> Undefined variable $usersQ
in APPPATH\Views\Admin\index.php on line 18.
 1 APPPATH\Views\Admin\index.php(18): CodeIgniter\Debug\Exceptions->errorHandler(2, 'Undefined variable $usersQ', 'APPPATH\\Views\\Admin\\index.php', 18)
 2 SYSTEMPATH\View\View.php(213): include('APPPATH\\Views\\Admin\\index.php')
 3 SYSTEMPATH\View\View.php(216): CodeIgniter\View\View->CodeIgniter\View\{closure}()
 4 SYSTEMPATH\Common.php(1142): CodeIgniter\View\View->render('Admin/index.php', [], true)
 5 APPPATH\Controllers\Admin.php(36): view('Admin/index.php', [...])
 6 SYSTEMPATH\CodeIgniter.php(904): App\Controllers\Admin->index()
 7 SYSTEMPATH\CodeIgniter.php(457): CodeIgniter\CodeIgniter->runController(Object(App\Controllers\Admin))
 8 SYSTEMPATH\CodeIgniter.php(340): CodeIgniter\CodeIgniter->handleRequest(null, Object(Config\Cache), false)
 9 FCPATH\index.php(67): CodeIgniter\CodeIgniter->run()
CRITICAL - 2022-10-30 01:35:36 --> Undefined variable $usersQ
in APPPATH\Views\Admin\index.php on line 18.
 1 APPPATH\Views\Admin\index.php(18): CodeIgniter\Debug\Exceptions->errorHandler(2, 'Undefined variable $usersQ', 'APPPATH\\Views\\Admin\\index.php', 18)
 2 SYSTEMPATH\View\View.php(213): include('APPPATH\\Views\\Admin\\index.php')
 3 SYSTEMPATH\View\View.php(216): CodeIgniter\View\View->CodeIgniter\View\{closure}()
 4 SYSTEMPATH\Common.php(1142): CodeIgniter\View\View->render('Admin/index.php', [], true)
 5 APPPATH\Controllers\Admin.php(36): view('Admin/index.php', [...])
 6 SYSTEMPATH\CodeIgniter.php(904): App\Controllers\Admin->index()
 7 SYSTEMPATH\CodeIgniter.php(457): CodeIgniter\CodeIgniter->runController(Object(App\Controllers\Admin))
 8 SYSTEMPATH\CodeIgniter.php(340): CodeIgniter\CodeIgniter->handleRequest(null, Object(Config\Cache), false)
 9 FCPATH\index.php(67): CodeIgniter\CodeIgniter->run()
CRITICAL - 2022-10-30 01:37:07 --> Undefined variable $data
in APPPATH\Controllers\Admin.php on line 33.
 1 APPPATH\Controllers\Admin.php(33): CodeIgniter\Debug\Exceptions->errorHandler(2, 'Undefined variable $data', 'APPPATH\\Controllers\\Admin.php', 33)
 2 SYSTEMPATH\CodeIgniter.php(904): App\Controllers\Admin->index()
 3 SYSTEMPATH\CodeIgniter.php(457): CodeIgniter\CodeIgniter->runController(Object(App\Controllers\Admin))
 4 SYSTEMPATH\CodeIgniter.php(340): CodeIgniter\CodeIgniter->handleRequest(null, Object(Config\Cache), false)
 5 FCPATH\index.php(67): CodeIgniter\CodeIgniter->run()
CRITICAL - 2022-10-30 01:37:13 --> Undefined variable $data
in APPPATH\Controllers\Admin.php on line 33.
 1 APPPATH\Controllers\Admin.php(33): CodeIgniter\Debug\Exceptions->errorHandler(2, 'Undefined variable $data', 'APPPATH\\Controllers\\Admin.php', 33)
 2 SYSTEMPATH\CodeIgniter.php(904): App\Controllers\Admin->index()
 3 SYSTEMPATH\CodeIgniter.php(457): CodeIgniter\CodeIgniter->runController(Object(App\Controllers\Admin))
 4 SYSTEMPATH\CodeIgniter.php(340): CodeIgniter\CodeIgniter->handleRequest(null, Object(Config\Cache), false)
 5 FCPATH\index.php(67): CodeIgniter\CodeIgniter->run()
CRITICAL - 2022-10-30 01:37:37 --> Undefined variable $NumberOfUsers
in APPPATH\Views\Admin\index.php on line 18.
 1 APPPATH\Views\Admin\index.php(18): CodeIgniter\Debug\Exceptions->errorHandler(2, 'Undefined variable $NumberOfUsers', 'APPPATH\\Views\\Admin\\index.php', 18)
 2 SYSTEMPATH\View\View.php(213): include('APPPATH\\Views\\Admin\\index.php')
 3 SYSTEMPATH\View\View.php(216): CodeIgniter\View\View->CodeIgniter\View\{closure}()
 4 SYSTEMPATH\Common.php(1142): CodeIgniter\View\View->render('Admin/index.php', [], true)
 5 APPPATH\Controllers\Admin.php(33): view('Admin/index.php')
 6 SYSTEMPATH\CodeIgniter.php(904): App\Controllers\Admin->index()
 7 SYSTEMPATH\CodeIgniter.php(457): CodeIgniter\CodeIgniter->runController(Object(App\Controllers\Admin))
 8 SYSTEMPATH\CodeIgniter.php(340): CodeIgniter\CodeIgniter->handleRequest(null, Object(Config\Cache), false)
 9 FCPATH\index.php(67): CodeIgniter\CodeIgniter->run()
CRITICAL - 2022-10-30 01:38:09 --> Undefined variable $NumberOfUsers
in APPPATH\Views\Admin\index.php on line 18.
 1 APPPATH\Views\Admin\index.php(18): CodeIgniter\Debug\Exceptions->errorHandler(2, 'Undefined variable $NumberOfUsers', 'APPPATH\\Views\\Admin\\index.php', 18)
 2 SYSTEMPATH\View\View.php(213): include('APPPATH\\Views\\Admin\\index.php')
 3 SYSTEMPATH\View\View.php(216): CodeIgniter\View\View->CodeIgniter\View\{closure}()
 4 SYSTEMPATH\Common.php(1142): CodeIgniter\View\View->render('Admin/index.php', [], true)
 5 APPPATH\Controllers\Admin.php(34): view('Admin/index.php', [])
 6 SYSTEMPATH\CodeIgniter.php(904): App\Controllers\Admin->index()
 7 SYSTEMPATH\CodeIgniter.php(457): CodeIgniter\CodeIgniter->runController(Object(App\Controllers\Admin))
 8 SYSTEMPATH\CodeIgniter.php(340): CodeIgniter\CodeIgniter->handleRequest(null, Object(Config\Cache), false)
 9 FCPATH\index.php(67): CodeIgniter\CodeIgniter->run()
CRITICAL - 2022-10-30 01:39:58 --> Undefined variable $UsersData
in APPPATH\Views\Admin\index.php on line 18.
 1 APPPATH\Views\Admin\index.php(18): CodeIgniter\Debug\Exceptions->errorHandler(2, 'Undefined variable $UsersData', 'APPPATH\\Views\\Admin\\index.php', 18)
 2 SYSTEMPATH\View\View.php(213): include('APPPATH\\Views\\Admin\\index.php')
 3 SYSTEMPATH\View\View.php(216): CodeIgniter\View\View->CodeIgniter\View\{closure}()
 4 SYSTEMPATH\Common.php(1142): CodeIgniter\View\View->render('Admin/index.php', [], true)
 5 APPPATH\Controllers\Admin.php(35): view('Admin/index.php', [...])
 6 SYSTEMPATH\CodeIgniter.php(904): App\Controllers\Admin->index()
 7 SYSTEMPATH\CodeIgniter.php(457): CodeIgniter\CodeIgniter->runController(Object(App\Controllers\Admin))
 8 SYSTEMPATH\CodeIgniter.php(340): CodeIgniter\CodeIgniter->handleRequest(null, Object(Config\Cache), false)
 9 FCPATH\index.php(67): CodeIgniter\CodeIgniter->run()
CRITICAL - 2022-10-30 01:40:09 --> Undefined variable $UsersData
in APPPATH\Views\Admin\index.php on line 18.
 1 APPPATH\Views\Admin\index.php(18): CodeIgniter\Debug\Exceptions->errorHandler(2, 'Undefined variable $UsersData', 'APPPATH\\Views\\Admin\\index.php', 18)
 2 SYSTEMPATH\View\View.php(213): include('APPPATH\\Views\\Admin\\index.php')
 3 SYSTEMPATH\View\View.php(216): CodeIgniter\View\View->CodeIgniter\View\{closure}()
 4 SYSTEMPATH\Common.php(1142): CodeIgniter\View\View->render('Admin/index.php', [], true)
 5 APPPATH\Controllers\Admin.php(35): view('Admin/index.php', [...])
 6 SYSTEMPATH\CodeIgniter.php(904): App\Controllers\Admin->index()
 7 SYSTEMPATH\CodeIgniter.php(457): CodeIgniter\CodeIgniter->runController(Object(App\Controllers\Admin))
 8 SYSTEMPATH\CodeIgniter.php(340): CodeIgniter\CodeIgniter->handleRequest(null, Object(Config\Cache), false)
 9 FCPATH\index.php(67): CodeIgniter\CodeIgniter->run()
CRITICAL - 2022-10-30 01:40:20 --> Undefined variable $adminData
in APPPATH\Views\sections\AdminNavBar.php on line 18.
 1 APPPATH\Views\sections\AdminNavBar.php(18): CodeIgniter\Debug\Exceptions->errorHandler(2, 'Undefined variable $adminData', 'APPPATH\\Views\\sections\\AdminNavBar.php', 18)
 2 SYSTEMPATH\View\View.php(213): include('APPPATH\\Views\\sections\\AdminNavBar.php')
 3 SYSTEMPATH\View\View.php(216): CodeIgniter\View\View->CodeIgniter\View\{closure}()
 4 SYSTEMPATH\Common.php(1142): CodeIgniter\View\View->render('sections/AdminNavBar.php', [], true)
 5 APPPATH\Controllers\Admin.php(34): view('sections/AdminNavBar.php')
 6 SYSTEMPATH\CodeIgniter.php(904): App\Controllers\Admin->index()
 7 SYSTEMPATH\CodeIgniter.php(457): CodeIgniter\CodeIgniter->runController(Object(App\Controllers\Admin))
 8 SYSTEMPATH\CodeIgniter.php(340): CodeIgniter\CodeIgniter->handleRequest(null, Object(Config\Cache), false)
 9 FCPATH\index.php(67): CodeIgniter\CodeIgniter->run()
CRITICAL - 2022-10-30 01:40:43 --> Undefined variable $UsersData
in APPPATH\Views\Admin\index.php on line 18.
 1 APPPATH\Views\Admin\index.php(18): CodeIgniter\Debug\Exceptions->errorHandler(2, 'Undefined variable $UsersData', 'APPPATH\\Views\\Admin\\index.php', 18)
 2 SYSTEMPATH\View\View.php(213): include('APPPATH\\Views\\Admin\\index.php')
 3 SYSTEMPATH\View\View.php(216): CodeIgniter\View\View->CodeIgniter\View\{closure}()
 4 SYSTEMPATH\Common.php(1142): CodeIgniter\View\View->render('Admin/index.php', [], true)
 5 APPPATH\Controllers\Admin.php(35): view('Admin/index.php', [...])
 6 SYSTEMPATH\CodeIgniter.php(904): App\Controllers\Admin->index()
 7 SYSTEMPATH\CodeIgniter.php(457): CodeIgniter\CodeIgniter->runController(Object(App\Controllers\Admin))
 8 SYSTEMPATH\CodeIgniter.php(340): CodeIgniter\CodeIgniter->handleRequest(null, Object(Config\Cache), false)
 9 FCPATH\index.php(67): CodeIgniter\CodeIgniter->run()
CRITICAL - 2022-10-30 01:41:01 --> Undefined variable $UsersData
in APPPATH\Views\Admin\index.php on line 18.
 1 APPPATH\Views\Admin\index.php(18): CodeIgniter\Debug\Exceptions->errorHandler(2, 'Undefined variable $UsersData', 'APPPATH\\Views\\Admin\\index.php', 18)
 2 SYSTEMPATH\View\View.php(213): include('APPPATH\\Views\\Admin\\index.php')
 3 SYSTEMPATH\View\View.php(216): CodeIgniter\View\View->CodeIgniter\View\{closure}()
 4 SYSTEMPATH\Common.php(1142): CodeIgniter\View\View->render('Admin/index.php', [], true)
 5 APPPATH\Controllers\Admin.php(36): view('Admin/index.php', [...])
 6 SYSTEMPATH\CodeIgniter.php(904): App\Controllers\Admin->index()
 7 SYSTEMPATH\CodeIgniter.php(457): CodeIgniter\CodeIgniter->runController(Object(App\Controllers\Admin))
 8 SYSTEMPATH\CodeIgniter.php(340): CodeIgniter\CodeIgniter->handleRequest(null, Object(Config\Cache), false)
 9 FCPATH\index.php(67): CodeIgniter\CodeIgniter->run()
CRITICAL - 2022-10-30 01:41:10 --> Undefined variable $UsersData
in APPPATH\Views\Admin\index.php on line 18.
 1 APPPATH\Views\Admin\index.php(18): CodeIgniter\Debug\Exceptions->errorHandler(2, 'Undefined variable $UsersData', 'APPPATH\\Views\\Admin\\index.php', 18)
 2 SYSTEMPATH\View\View.php(213): include('APPPATH\\Views\\Admin\\index.php')
 3 SYSTEMPATH\View\View.php(216): CodeIgniter\View\View->CodeIgniter\View\{closure}()
 4 SYSTEMPATH\Common.php(1142): CodeIgniter\View\View->render('Admin/index.php', [], true)
 5 APPPATH\Controllers\Admin.php(36): view('Admin/index.php', [...])
 6 SYSTEMPATH\CodeIgniter.php(904): App\Controllers\Admin->index()
 7 SYSTEMPATH\CodeIgniter.php(457): CodeIgniter\CodeIgniter->runController(Object(App\Controllers\Admin))
 8 SYSTEMPATH\CodeIgniter.php(340): CodeIgniter\CodeIgniter->handleRequest(null, Object(Config\Cache), false)
 9 FCPATH\index.php(67): CodeIgniter\CodeIgniter->run()
CRITICAL - 2022-10-30 01:42:00 --> Undefined variable $UsersData
in APPPATH\Views\Admin\index.php on line 18.
 1 APPPATH\Views\Admin\index.php(18): CodeIgniter\Debug\Exceptions->errorHandler(2, 'Undefined variable $UsersData', 'APPPATH\\Views\\Admin\\index.php', 18)
 2 SYSTEMPATH\View\View.php(213): include('APPPATH\\Views\\Admin\\index.php')
 3 SYSTEMPATH\View\View.php(216): CodeIgniter\View\View->CodeIgniter\View\{closure}()
 4 SYSTEMPATH\Common.php(1142): CodeIgniter\View\View->render('Admin/index.php', [], true)
 5 APPPATH\Controllers\Admin.php(36): view('Admin/index.php', [...])
 6 SYSTEMPATH\CodeIgniter.php(904): App\Controllers\Admin->index()
 7 SYSTEMPATH\CodeIgniter.php(457): CodeIgniter\CodeIgniter->runController(Object(App\Controllers\Admin))
 8 SYSTEMPATH\CodeIgniter.php(340): CodeIgniter\CodeIgniter->handleRequest(null, Object(Config\Cache), false)
 9 FCPATH\index.php(67): CodeIgniter\CodeIgniter->run()
CRITICAL - 2022-10-30 01:42:10 --> Undefined variable $UsersData
in APPPATH\Views\Admin\index.php on line 18.
 1 APPPATH\Views\Admin\index.php(18): CodeIgniter\Debug\Exceptions->errorHandler(2, 'Undefined variable $UsersData', 'APPPATH\\Views\\Admin\\index.php', 18)
 2 SYSTEMPATH\View\View.php(213): include('APPPATH\\Views\\Admin\\index.php')
 3 SYSTEMPATH\View\View.php(216): CodeIgniter\View\View->CodeIgniter\View\{closure}()
 4 SYSTEMPATH\Common.php(1142): CodeIgniter\View\View->render('Admin/index.php', [], true)
 5 APPPATH\Controllers\Admin.php(36): view('Admin/index.php', [...])
 6 SYSTEMPATH\CodeIgniter.php(904): App\Controllers\Admin->index()
 7 SYSTEMPATH\CodeIgniter.php(457): CodeIgniter\CodeIgniter->runController(Object(App\Controllers\Admin))
 8 SYSTEMPATH\CodeIgniter.php(340): CodeIgniter\CodeIgniter->handleRequest(null, Object(Config\Cache), false)
 9 FCPATH\index.php(67): CodeIgniter\CodeIgniter->run()
CRITICAL - 2022-10-30 01:42:18 --> Undefined variable $UsersData
in APPPATH\Views\Admin\index.php on line 18.
 1 APPPATH\Views\Admin\index.php(18): CodeIgniter\Debug\Exceptions->errorHandler(2, 'Undefined variable $UsersData', 'APPPATH\\Views\\Admin\\index.php', 18)
 2 SYSTEMPATH\View\View.php(213): include('APPPATH\\Views\\Admin\\index.php')
 3 SYSTEMPATH\View\View.php(216): CodeIgniter\View\View->CodeIgniter\View\{closure}()
 4 SYSTEMPATH\Common.php(1142): CodeIgniter\View\View->render('Admin/index.php', [], true)
 5 APPPATH\Controllers\Admin.php(36): view('Admin/index.php', [...])
 6 SYSTEMPATH\CodeIgniter.php(904): App\Controllers\Admin->index()
 7 SYSTEMPATH\CodeIgniter.php(457): CodeIgniter\CodeIgniter->runController(Object(App\Controllers\Admin))
 8 SYSTEMPATH\CodeIgniter.php(340): CodeIgniter\CodeIgniter->handleRequest(null, Object(Config\Cache), false)
 9 FCPATH\index.php(67): CodeIgniter\CodeIgniter->run()
CRITICAL - 2022-10-30 01:44:36 --> Undefined variable $UsersData
in APPPATH\Views\Admin\index.php on line 18.
 1 APPPATH\Views\Admin\index.php(18): CodeIgniter\Debug\Exceptions->errorHandler(2, 'Undefined variable $UsersData', 'APPPATH\\Views\\Admin\\index.php', 18)
 2 SYSTEMPATH\View\View.php(213): include('APPPATH\\Views\\Admin\\index.php')
 3 SYSTEMPATH\View\View.php(216): CodeIgniter\View\View->CodeIgniter\View\{closure}()
 4 SYSTEMPATH\Common.php(1142): CodeIgniter\View\View->render('Admin/index.php', [], true)
 5 APPPATH\Controllers\Admin.php(36): view('Admin/index.php', [...])
 6 SYSTEMPATH\CodeIgniter.php(904): App\Controllers\Admin->index()
 7 SYSTEMPATH\CodeIgniter.php(457): CodeIgniter\CodeIgniter->runController(Object(App\Controllers\Admin))
 8 SYSTEMPATH\CodeIgniter.php(340): CodeIgniter\CodeIgniter->handleRequest(null, Object(Config\Cache), false)
 9 FCPATH\index.php(67): CodeIgniter\CodeIgniter->run()
CRITICAL - 2022-10-30 01:45:37 --> Undefined variable $UsersData
in APPPATH\Views\Admin\index.php on line 18.
 1 APPPATH\Views\Admin\index.php(18): CodeIgniter\Debug\Exceptions->errorHandler(2, 'Undefined variable $UsersData', 'APPPATH\\Views\\Admin\\index.php', 18)
 2 SYSTEMPATH\View\View.php(213): include('APPPATH\\Views\\Admin\\index.php')
 3 SYSTEMPATH\View\View.php(216): CodeIgniter\View\View->CodeIgniter\View\{closure}()
 4 SYSTEMPATH\Common.php(1142): CodeIgniter\View\View->render('Admin/index.php', [], true)
 5 APPPATH\Controllers\Admin.php(36): view('Admin/index.php', [...])
 6 SYSTEMPATH\CodeIgniter.php(904): App\Controllers\Admin->index()
 7 SYSTEMPATH\CodeIgniter.php(457): CodeIgniter\CodeIgniter->runController(Object(App\Controllers\Admin))
 8 SYSTEMPATH\CodeIgniter.php(340): CodeIgniter\CodeIgniter->handleRequest(null, Object(Config\Cache), false)
 9 FCPATH\index.php(67): CodeIgniter\CodeIgniter->run()
CRITICAL - 2022-10-30 01:45:44 --> Undefined variable $UsersData
in APPPATH\Views\Admin\index.php on line 18.
 1 APPPATH\Views\Admin\index.php(18): CodeIgniter\Debug\Exceptions->errorHandler(2, 'Undefined variable $UsersData', 'APPPATH\\Views\\Admin\\index.php', 18)
 2 SYSTEMPATH\View\View.php(213): include('APPPATH\\Views\\Admin\\index.php')
 3 SYSTEMPATH\View\View.php(216): CodeIgniter\View\View->CodeIgniter\View\{closure}()
 4 SYSTEMPATH\Common.php(1142): CodeIgniter\View\View->render('Admin/index.php', [], true)
 5 APPPATH\Controllers\Admin.php(36): view('Admin/index.php', [...])
 6 SYSTEMPATH\CodeIgniter.php(904): App\Controllers\Admin->index()
 7 SYSTEMPATH\CodeIgniter.php(457): CodeIgniter\CodeIgniter->runController(Object(App\Controllers\Admin))
 8 SYSTEMPATH\CodeIgniter.php(340): CodeIgniter\CodeIgniter->handleRequest(null, Object(Config\Cache), false)
 9 FCPATH\index.php(67): CodeIgniter\CodeIgniter->run()
CRITICAL - 2022-10-30 01:46:19 --> Undefined variable $UsersData
in APPPATH\Views\Admin\index.php on line 18.
 1 APPPATH\Views\Admin\index.php(18): CodeIgniter\Debug\Exceptions->errorHandler(2, 'Undefined variable $UsersData', 'APPPATH\\Views\\Admin\\index.php', 18)
 2 SYSTEMPATH\View\View.php(213): include('APPPATH\\Views\\Admin\\index.php')
 3 SYSTEMPATH\View\View.php(216): CodeIgniter\View\View->CodeIgniter\View\{closure}()
 4 SYSTEMPATH\Common.php(1142): CodeIgniter\View\View->render('Admin/index.php', [], true)
 5 APPPATH\Controllers\Admin.php(36): view('Admin/index.php', [...])
 6 SYSTEMPATH\CodeIgniter.php(904): App\Controllers\Admin->index()
 7 SYSTEMPATH\CodeIgniter.php(457): CodeIgniter\CodeIgniter->runController(Object(App\Controllers\Admin))
 8 SYSTEMPATH\CodeIgniter.php(340): CodeIgniter\CodeIgniter->handleRequest(null, Object(Config\Cache), false)
 9 FCPATH\index.php(67): CodeIgniter\CodeIgniter->run()
CRITICAL - 2022-10-30 01:47:04 --> Undefined property: App\Controllers\Admin::$load
in APPPATH\Controllers\Admin.php on line 36.
 1 APPPATH\Controllers\Admin.php(36): CodeIgniter\Debug\Exceptions->errorHandler(2, 'Undefined property: App\\Controllers\\Admin::$load', 'APPPATH\\Controllers\\Admin.php', 36)
 2 SYSTEMPATH\CodeIgniter.php(904): App\Controllers\Admin->index()
 3 SYSTEMPATH\CodeIgniter.php(457): CodeIgniter\CodeIgniter->runController(Object(App\Controllers\Admin))
 4 SYSTEMPATH\CodeIgniter.php(340): CodeIgniter\CodeIgniter->handleRequest(null, Object(Config\Cache), false)
 5 FCPATH\index.php(67): CodeIgniter\CodeIgniter->run()
CRITICAL - 2022-10-30 01:47:12 --> Undefined variable $UsersData
in APPPATH\Views\Admin\index.php on line 18.
 1 APPPATH\Views\Admin\index.php(18): CodeIgniter\Debug\Exceptions->errorHandler(2, 'Undefined variable $UsersData', 'APPPATH\\Views\\Admin\\index.php', 18)
 2 SYSTEMPATH\View\View.php(213): include('APPPATH\\Views\\Admin\\index.php')
 3 SYSTEMPATH\View\View.php(216): CodeIgniter\View\View->CodeIgniter\View\{closure}()
 4 SYSTEMPATH\Common.php(1142): CodeIgniter\View\View->render('Admin/index.php', [], true)
 5 APPPATH\Controllers\Admin.php(36): view('Admin/index.php', [...])
 6 SYSTEMPATH\CodeIgniter.php(904): App\Controllers\Admin->index()
 7 SYSTEMPATH\CodeIgniter.php(457): CodeIgniter\CodeIgniter->runController(Object(App\Controllers\Admin))
 8 SYSTEMPATH\CodeIgniter.php(340): CodeIgniter\CodeIgniter->handleRequest(null, Object(Config\Cache), false)
 9 FCPATH\index.php(67): CodeIgniter\CodeIgniter->run()
CRITICAL - 2022-10-30 01:48:27 --> Undefined variable $UsersData
in APPPATH\Views\Admin\index.php on line 18.
 1 APPPATH\Views\Admin\index.php(18): CodeIgniter\Debug\Exceptions->errorHandler(2, 'Undefined variable $UsersData', 'APPPATH\\Views\\Admin\\index.php', 18)
 2 SYSTEMPATH\View\View.php(213): include('APPPATH\\Views\\Admin\\index.php')
 3 SYSTEMPATH\View\View.php(216): CodeIgniter\View\View->CodeIgniter\View\{closure}()
 4 SYSTEMPATH\Common.php(1142): CodeIgniter\View\View->render('Admin/index.php', [], true)
 5 APPPATH\Controllers\Admin.php(37): view('Admin/index.php', [...])
 6 SYSTEMPATH\CodeIgniter.php(904): App\Controllers\Admin->index()
 7 SYSTEMPATH\CodeIgniter.php(457): CodeIgniter\CodeIgniter->runController(Object(App\Controllers\Admin))
 8 SYSTEMPATH\CodeIgniter.php(340): CodeIgniter\CodeIgniter->handleRequest(null, Object(Config\Cache), false)
 9 FCPATH\index.php(67): CodeIgniter\CodeIgniter->run()
CRITICAL - 2022-10-30 01:50:14 --> Undefined variable $data
in APPPATH\Views\Admin\index.php on line 18.
 1 APPPATH\Views\Admin\index.php(18): CodeIgniter\Debug\Exceptions->errorHandler(2, 'Undefined variable $data', 'APPPATH\\Views\\Admin\\index.php', 18)
 2 SYSTEMPATH\View\View.php(213): include('APPPATH\\Views\\Admin\\index.php')
 3 SYSTEMPATH\View\View.php(216): CodeIgniter\View\View->CodeIgniter\View\{closure}()
 4 SYSTEMPATH\Common.php(1142): CodeIgniter\View\View->render('Admin/index.php', [], true)
 5 APPPATH\Controllers\Admin.php(37): view('Admin/index.php', [...])
 6 SYSTEMPATH\CodeIgniter.php(904): App\Controllers\Admin->index()
 7 SYSTEMPATH\CodeIgniter.php(457): CodeIgniter\CodeIgniter->runController(Object(App\Controllers\Admin))
 8 SYSTEMPATH\CodeIgniter.php(340): CodeIgniter\CodeIgniter->handleRequest(null, Object(Config\Cache), false)
 9 FCPATH\index.php(67): CodeIgniter\CodeIgniter->run()
CRITICAL - 2022-10-30 01:51:05 --> Undefined variable $UsersData
in APPPATH\Views\Admin\index.php on line 18.
 1 APPPATH\Views\Admin\index.php(18): CodeIgniter\Debug\Exceptions->errorHandler(2, 'Undefined variable $UsersData', 'APPPATH\\Views\\Admin\\index.php', 18)
 2 SYSTEMPATH\View\View.php(213): include('APPPATH\\Views\\Admin\\index.php')
 3 SYSTEMPATH\View\View.php(216): CodeIgniter\View\View->CodeIgniter\View\{closure}()
 4 SYSTEMPATH\Common.php(1142): CodeIgniter\View\View->render('Admin/index.php', [], true)
 5 APPPATH\Controllers\Admin.php(37): view('Admin/index.php', [...])
 6 SYSTEMPATH\CodeIgniter.php(904): App\Controllers\Admin->index()
 7 SYSTEMPATH\CodeIgniter.php(457): CodeIgniter\CodeIgniter->runController(Object(App\Controllers\Admin))
 8 SYSTEMPATH\CodeIgniter.php(340): CodeIgniter\CodeIgniter->handleRequest(null, Object(Config\Cache), false)
 9 FCPATH\index.php(67): CodeIgniter\CodeIgniter->run()
CRITICAL - 2022-10-30 01:51:14 --> Undefined variable $UsersData
in APPPATH\Views\Admin\index.php on line 18.
 1 APPPATH\Views\Admin\index.php(18): CodeIgniter\Debug\Exceptions->errorHandler(2, 'Undefined variable $UsersData', 'APPPATH\\Views\\Admin\\index.php', 18)
 2 SYSTEMPATH\View\View.php(213): include('APPPATH\\Views\\Admin\\index.php')
 3 SYSTEMPATH\View\View.php(216): CodeIgniter\View\View->CodeIgniter\View\{closure}()
 4 SYSTEMPATH\Common.php(1142): CodeIgniter\View\View->render('Admin/index.php', [], true)
 5 APPPATH\Controllers\Admin.php(37): view('Admin/index.php', [...])
 6 SYSTEMPATH\CodeIgniter.php(904): App\Controllers\Admin->index()
 7 SYSTEMPATH\CodeIgniter.php(457): CodeIgniter\CodeIgniter->runController(Object(App\Controllers\Admin))
 8 SYSTEMPATH\CodeIgniter.php(340): CodeIgniter\CodeIgniter->handleRequest(null, Object(Config\Cache), false)
 9 FCPATH\index.php(67): CodeIgniter\CodeIgniter->run()
CRITICAL - 2022-10-30 01:51:33 --> Undefined variable $UsersData
in APPPATH\Views\Admin\index.php on line 18.
 1 APPPATH\Views\Admin\index.php(18): CodeIgniter\Debug\Exceptions->errorHandler(2, 'Undefined variable $UsersData', 'APPPATH\\Views\\Admin\\index.php', 18)
 2 SYSTEMPATH\View\View.php(213): include('APPPATH\\Views\\Admin\\index.php')
 3 SYSTEMPATH\View\View.php(216): CodeIgniter\View\View->CodeIgniter\View\{closure}()
 4 SYSTEMPATH\Common.php(1142): CodeIgniter\View\View->render('Admin/index.php', [], true)
 5 APPPATH\Controllers\Admin.php(36): view('Admin/index.php', [...])
 6 SYSTEMPATH\CodeIgniter.php(904): App\Controllers\Admin->index()
 7 SYSTEMPATH\CodeIgniter.php(457): CodeIgniter\CodeIgniter->runController(Object(App\Controllers\Admin))
 8 SYSTEMPATH\CodeIgniter.php(340): CodeIgniter\CodeIgniter->handleRequest(null, Object(Config\Cache), false)
 9 FCPATH\index.php(67): CodeIgniter\CodeIgniter->run()
CRITICAL - 2022-10-30 01:51:57 --> Undefined variable $adminData
in APPPATH\Views\sections\AdminNavBar.php on line 18.
 1 APPPATH\Views\sections\AdminNavBar.php(18): CodeIgniter\Debug\Exceptions->errorHandler(2, 'Undefined variable $adminData', 'APPPATH\\Views\\sections\\AdminNavBar.php', 18)
 2 SYSTEMPATH\View\View.php(213): include('APPPATH\\Views\\sections\\AdminNavBar.php')
 3 SYSTEMPATH\View\View.php(216): CodeIgniter\View\View->CodeIgniter\View\{closure}()
 4 SYSTEMPATH\Common.php(1142): CodeIgniter\View\View->render('sections/AdminNavBar.php', [], true)
 5 APPPATH\Controllers\Admin.php(35): view('sections/AdminNavBar.php')
 6 SYSTEMPATH\CodeIgniter.php(904): App\Controllers\Admin->index()
 7 SYSTEMPATH\CodeIgniter.php(457): CodeIgniter\CodeIgniter->runController(Object(App\Controllers\Admin))
 8 SYSTEMPATH\CodeIgniter.php(340): CodeIgniter\CodeIgniter->handleRequest(null, Object(Config\Cache), false)
 9 FCPATH\index.php(67): CodeIgniter\CodeIgniter->run()
CRITICAL - 2022-10-30 01:52:13 --> Undefined variable $UsersData
in APPPATH\Views\Admin\index.php on line 18.
 1 APPPATH\Views\Admin\index.php(18): CodeIgniter\Debug\Exceptions->errorHandler(2, 'Undefined variable $UsersData', 'APPPATH\\Views\\Admin\\index.php', 18)
 2 SYSTEMPATH\View\View.php(213): include('APPPATH\\Views\\Admin\\index.php')
 3 SYSTEMPATH\View\View.php(216): CodeIgniter\View\View->CodeIgniter\View\{closure}()
 4 SYSTEMPATH\Common.php(1142): CodeIgniter\View\View->render('Admin/index.php', [], true)
 5 APPPATH\Controllers\Admin.php(36): view('Admin/index.php', [...])
 6 SYSTEMPATH\CodeIgniter.php(904): App\Controllers\Admin->index()
 7 SYSTEMPATH\CodeIgniter.php(457): CodeIgniter\CodeIgniter->runController(Object(App\Controllers\Admin))
 8 SYSTEMPATH\CodeIgniter.php(340): CodeIgniter\CodeIgniter->handleRequest(null, Object(Config\Cache), false)
 9 FCPATH\index.php(67): CodeIgniter\CodeIgniter->run()
CRITICAL - 2022-10-30 01:52:45 --> Undefined variable $adminData
in APPPATH\Views\sections\AdminNavBar.php on line 18.
 1 APPPATH\Views\sections\AdminNavBar.php(18): CodeIgniter\Debug\Exceptions->errorHandler(2, 'Undefined variable $adminData', 'APPPATH\\Views\\sections\\AdminNavBar.php', 18)
 2 SYSTEMPATH\View\View.php(213): include('APPPATH\\Views\\sections\\AdminNavBar.php')
 3 SYSTEMPATH\View\View.php(216): CodeIgniter\View\View->CodeIgniter\View\{closure}()
 4 SYSTEMPATH\Common.php(1142): CodeIgniter\View\View->render('sections/AdminNavBar.php', [], true)
 5 APPPATH\Controllers\Admin.php(35): view('sections/AdminNavBar.php')
 6 SYSTEMPATH\CodeIgniter.php(904): App\Controllers\Admin->index()
 7 SYSTEMPATH\CodeIgniter.php(457): CodeIgniter\CodeIgniter->runController(Object(App\Controllers\Admin))
 8 SYSTEMPATH\CodeIgniter.php(340): CodeIgniter\CodeIgniter->handleRequest(null, Object(Config\Cache), false)
 9 FCPATH\index.php(67): CodeIgniter\CodeIgniter->run()
CRITICAL - 2022-10-30 01:52:54 --> Undefined variable $UsersData
in APPPATH\Views\Admin\index.php on line 18.
 1 APPPATH\Views\Admin\index.php(18): CodeIgniter\Debug\Exceptions->errorHandler(2, 'Undefined variable $UsersData', 'APPPATH\\Views\\Admin\\index.php', 18)
 2 SYSTEMPATH\View\View.php(213): include('APPPATH\\Views\\Admin\\index.php')
 3 SYSTEMPATH\View\View.php(216): CodeIgniter\View\View->CodeIgniter\View\{closure}()
 4 SYSTEMPATH\Common.php(1142): CodeIgniter\View\View->render('Admin/index.php', [], true)
 5 APPPATH\Controllers\Admin.php(36): view('Admin/index.php', [...])
 6 SYSTEMPATH\CodeIgniter.php(904): App\Controllers\Admin->index()
 7 SYSTEMPATH\CodeIgniter.php(457): CodeIgniter\CodeIgniter->runController(Object(App\Controllers\Admin))
 8 SYSTEMPATH\CodeIgniter.php(340): CodeIgniter\CodeIgniter->handleRequest(null, Object(Config\Cache), false)
 9 FCPATH\index.php(67): CodeIgniter\CodeIgniter->run()
CRITICAL - 2022-10-30 01:54:13 --> Undefined variable $UsersData
in APPPATH\Views\Admin\index.php on line 18.
 1 APPPATH\Views\Admin\index.php(18): CodeIgniter\Debug\Exceptions->errorHandler(2, 'Undefined variable $UsersData', 'APPPATH\\Views\\Admin\\index.php', 18)
 2 SYSTEMPATH\View\View.php(213): include('APPPATH\\Views\\Admin\\index.php')
 3 SYSTEMPATH\View\View.php(216): CodeIgniter\View\View->CodeIgniter\View\{closure}()
 4 SYSTEMPATH\Common.php(1142): CodeIgniter\View\View->render('Admin/index.php', [], true)
 5 APPPATH\Controllers\Admin.php(36): view('Admin/index.php')
 6 SYSTEMPATH\CodeIgniter.php(904): App\Controllers\Admin->index()
 7 SYSTEMPATH\CodeIgniter.php(457): CodeIgniter\CodeIgniter->runController(Object(App\Controllers\Admin))
 8 SYSTEMPATH\CodeIgniter.php(340): CodeIgniter\CodeIgniter->handleRequest(null, Object(Config\Cache), false)
 9 FCPATH\index.php(67): CodeIgniter\CodeIgniter->run()
CRITICAL - 2022-10-30 01:54:45 --> Undefined variable $UsersData
in APPPATH\Views\Admin\index.php on line 18.
 1 APPPATH\Views\Admin\index.php(18): CodeIgniter\Debug\Exceptions->errorHandler(2, 'Undefined variable $UsersData', 'APPPATH\\Views\\Admin\\index.php', 18)
 2 SYSTEMPATH\View\View.php(213): include('APPPATH\\Views\\Admin\\index.php')
 3 SYSTEMPATH\View\View.php(216): CodeIgniter\View\View->CodeIgniter\View\{closure}()
 4 SYSTEMPATH\Common.php(1142): CodeIgniter\View\View->render('Admin/index.php', [], true)
 5 APPPATH\Controllers\Admin.php(36): view('Admin/index.php')
 6 SYSTEMPATH\CodeIgniter.php(904): App\Controllers\Admin->index()
 7 SYSTEMPATH\CodeIgniter.php(457): CodeIgniter\CodeIgniter->runController(Object(App\Controllers\Admin))
 8 SYSTEMPATH\CodeIgniter.php(340): CodeIgniter\CodeIgniter->handleRequest(null, Object(Config\Cache), false)
 9 FCPATH\index.php(67): CodeIgniter\CodeIgniter->run()
CRITICAL - 2022-10-30 01:55:16 --> Undefined variable $UsersData
in APPPATH\Views\Admin\index.php on line 18.
 1 APPPATH\Views\Admin\index.php(18): CodeIgniter\Debug\Exceptions->errorHandler(2, 'Undefined variable $UsersData', 'APPPATH\\Views\\Admin\\index.php', 18)
 2 SYSTEMPATH\View\View.php(213): include('APPPATH\\Views\\Admin\\index.php')
 3 SYSTEMPATH\View\View.php(216): CodeIgniter\View\View->CodeIgniter\View\{closure}()
 4 SYSTEMPATH\Common.php(1142): CodeIgniter\View\View->render('Admin/index.php', [], true)
 5 APPPATH\Controllers\Admin.php(36): view('Admin/index.php')
 6 SYSTEMPATH\CodeIgniter.php(904): App\Controllers\Admin->index()
 7 SYSTEMPATH\CodeIgniter.php(457): CodeIgniter\CodeIgniter->runController(Object(App\Controllers\Admin))
 8 SYSTEMPATH\CodeIgniter.php(340): CodeIgniter\CodeIgniter->handleRequest(null, Object(Config\Cache), false)
 9 FCPATH\index.php(67): CodeIgniter\CodeIgniter->run()
CRITICAL - 2022-10-30 01:57:17 --> Undefined variable $UsersData
in APPPATH\Views\Admin\index.php on line 18.
 1 APPPATH\Views\Admin\index.php(18): CodeIgniter\Debug\Exceptions->errorHandler(2, 'Undefined variable $UsersData', 'APPPATH\\Views\\Admin\\index.php', 18)
 2 SYSTEMPATH\View\View.php(213): include('APPPATH\\Views\\Admin\\index.php')
 3 SYSTEMPATH\View\View.php(216): CodeIgniter\View\View->CodeIgniter\View\{closure}()
 4 SYSTEMPATH\Common.php(1142): CodeIgniter\View\View->render('Admin/index.php', [], true)
 5 APPPATH\Controllers\Admin.php(36): view('Admin/index.php')
 6 SYSTEMPATH\CodeIgniter.php(904): App\Controllers\Admin->index()
 7 SYSTEMPATH\CodeIgniter.php(457): CodeIgniter\CodeIgniter->runController(Object(App\Controllers\Admin))
 8 SYSTEMPATH\CodeIgniter.php(340): CodeIgniter\CodeIgniter->handleRequest(null, Object(Config\Cache), false)
 9 FCPATH\index.php(67): CodeIgniter\CodeIgniter->run()
CRITICAL - 2022-10-30 01:58:26 --> Undefined variable $UsersData
in APPPATH\Views\Admin\index.php on line 18.
 1 APPPATH\Views\Admin\index.php(18): CodeIgniter\Debug\Exceptions->errorHandler(2, 'Undefined variable $UsersData', 'APPPATH\\Views\\Admin\\index.php', 18)
 2 SYSTEMPATH\View\View.php(213): include('APPPATH\\Views\\Admin\\index.php')
 3 SYSTEMPATH\View\View.php(216): CodeIgniter\View\View->CodeIgniter\View\{closure}()
 4 SYSTEMPATH\Common.php(1142): CodeIgniter\View\View->render('Admin/index.php', [], true)
 5 APPPATH\Controllers\Admin.php(36): view('Admin/index.php', [...])
 6 SYSTEMPATH\CodeIgniter.php(904): App\Controllers\Admin->index()
 7 SYSTEMPATH\CodeIgniter.php(457): CodeIgniter\CodeIgniter->runController(Object(App\Controllers\Admin))
 8 SYSTEMPATH\CodeIgniter.php(340): CodeIgniter\CodeIgniter->handleRequest(null, Object(Config\Cache), false)
 9 FCPATH\index.php(67): CodeIgniter\CodeIgniter->run()
CRITICAL - 2022-10-30 01:58:39 --> Undefined variable $UsersData
in APPPATH\Views\Admin\index.php on line 18.
 1 APPPATH\Views\Admin\index.php(18): CodeIgniter\Debug\Exceptions->errorHandler(2, 'Undefined variable $UsersData', 'APPPATH\\Views\\Admin\\index.php', 18)
 2 SYSTEMPATH\View\View.php(213): include('APPPATH\\Views\\Admin\\index.php')
 3 SYSTEMPATH\View\View.php(216): CodeIgniter\View\View->CodeIgniter\View\{closure}()
 4 SYSTEMPATH\Common.php(1142): CodeIgniter\View\View->render('Admin/index.php', [], true)
 5 APPPATH\Controllers\Admin.php(37): view('Admin/index.php', [...])
 6 SYSTEMPATH\CodeIgniter.php(904): App\Controllers\Admin->index()
 7 SYSTEMPATH\CodeIgniter.php(457): CodeIgniter\CodeIgniter->runController(Object(App\Controllers\Admin))
 8 SYSTEMPATH\CodeIgniter.php(340): CodeIgniter\CodeIgniter->handleRequest(null, Object(Config\Cache), false)
 9 FCPATH\index.php(67): CodeIgniter\CodeIgniter->run()
CRITICAL - 2022-10-30 02:08:09 --> Undefined variable $UsersData
in APPPATH\Views\Admin\index.php on line 18.
 1 APPPATH\Views\Admin\index.php(18): CodeIgniter\Debug\Exceptions->errorHandler(2, 'Undefined variable $UsersData', 'APPPATH\\Views\\Admin\\index.php', 18)
 2 SYSTEMPATH\View\View.php(213): include('APPPATH\\Views\\Admin\\index.php')
 3 SYSTEMPATH\View\View.php(216): CodeIgniter\View\View->CodeIgniter\View\{closure}()
 4 SYSTEMPATH\Common.php(1142): CodeIgniter\View\View->render('Admin/index.php', [], true)
 5 APPPATH\Controllers\Admin.php(37): view('Admin/index.php', [...])
 6 SYSTEMPATH\CodeIgniter.php(904): App\Controllers\Admin->index()
 7 SYSTEMPATH\CodeIgniter.php(457): CodeIgniter\CodeIgniter->runController(Object(App\Controllers\Admin))
 8 SYSTEMPATH\CodeIgniter.php(340): CodeIgniter\CodeIgniter->handleRequest(null, Object(Config\Cache), false)
 9 FCPATH\index.php(67): CodeIgniter\CodeIgniter->run()
CRITICAL - 2022-10-30 02:08:26 --> Undefined variable $UsersData
in APPPATH\Views\Admin\index.php on line 18.
 1 APPPATH\Views\Admin\index.php(18): CodeIgniter\Debug\Exceptions->errorHandler(2, 'Undefined variable $UsersData', 'APPPATH\\Views\\Admin\\index.php', 18)
 2 SYSTEMPATH\View\View.php(213): include('APPPATH\\Views\\Admin\\index.php')
 3 SYSTEMPATH\View\View.php(216): CodeIgniter\View\View->CodeIgniter\View\{closure}()
 4 SYSTEMPATH\Common.php(1142): CodeIgniter\View\View->render('Admin/index.php', [], true)
 5 APPPATH\Controllers\Admin.php(38): view('Admin/index.php', [...])
 6 SYSTEMPATH\CodeIgniter.php(904): App\Controllers\Admin->index()
 7 SYSTEMPATH\CodeIgniter.php(457): CodeIgniter\CodeIgniter->runController(Object(App\Controllers\Admin))
 8 SYSTEMPATH\CodeIgniter.php(340): CodeIgniter\CodeIgniter->handleRequest(null, Object(Config\Cache), false)
 9 FCPATH\index.php(67): CodeIgniter\CodeIgniter->run()
CRITICAL - 2022-10-30 02:08:43 --> Undefined variable $UserModel
in APPPATH\Views\Admin\index.php on line 18.
 1 APPPATH\Views\Admin\index.php(18): CodeIgniter\Debug\Exceptions->errorHandler(2, 'Undefined variable $UserModel', 'APPPATH\\Views\\Admin\\index.php', 18)
 2 SYSTEMPATH\View\View.php(213): include('APPPATH\\Views\\Admin\\index.php')
 3 SYSTEMPATH\View\View.php(216): CodeIgniter\View\View->CodeIgniter\View\{closure}()
 4 SYSTEMPATH\Common.php(1142): CodeIgniter\View\View->render('Admin/index.php', [], true)
 5 APPPATH\Controllers\Admin.php(37): view('Admin/index.php', [...])
 6 SYSTEMPATH\CodeIgniter.php(904): App\Controllers\Admin->index()
 7 SYSTEMPATH\CodeIgniter.php(457): CodeIgniter\CodeIgniter->runController(Object(App\Controllers\Admin))
 8 SYSTEMPATH\CodeIgniter.php(340): CodeIgniter\CodeIgniter->handleRequest(null, Object(Config\Cache), false)
 9 FCPATH\index.php(67): CodeIgniter\CodeIgniter->run()
CRITICAL - 2022-10-30 02:08:57 --> Class "UserModel" not found
in APPPATH\Views\Admin\index.php on line 18.
 1 SYSTEMPATH\View\View.php(213): include()
 2 SYSTEMPATH\View\View.php(216): CodeIgniter\View\View->CodeIgniter\View\{closure}()
 3 SYSTEMPATH\Common.php(1142): CodeIgniter\View\View->render('Admin/index.php', [], true)
 4 APPPATH\Controllers\Admin.php(37): view('Admin/index.php', [...])
 5 SYSTEMPATH\CodeIgniter.php(904): App\Controllers\Admin->index()
 6 SYSTEMPATH\CodeIgniter.php(457): CodeIgniter\CodeIgniter->runController(Object(App\Controllers\Admin))
 7 SYSTEMPATH\CodeIgniter.php(340): CodeIgniter\CodeIgniter->handleRequest(null, Object(Config\Cache), false)
 8 FCPATH\index.php(67): CodeIgniter\CodeIgniter->run()
CRITICAL - 2022-10-30 02:15:44 --> Cannot use [] for reading
in APPPATH\Views\Admin\index.php on line 18.
 1 [internal function]: CodeIgniter\Debug\Exceptions->shutdownHandler()
CRITICAL - 2022-10-30 02:16:02 --> Undefined variable $UsersData
in APPPATH\Views\Admin\index.php on line 18.
 1 APPPATH\Views\Admin\index.php(18): CodeIgniter\Debug\Exceptions->errorHandler(2, 'Undefined variable $UsersData', 'APPPATH\\Views\\Admin\\index.php', 18)
 2 SYSTEMPATH\View\View.php(213): include('APPPATH\\Views\\Admin\\index.php')
 3 SYSTEMPATH\View\View.php(216): CodeIgniter\View\View->CodeIgniter\View\{closure}()
 4 SYSTEMPATH\Common.php(1142): CodeIgniter\View\View->render('Admin/index.php', [], true)
 5 APPPATH\Controllers\Admin.php(37): view('Admin/index.php', [...])
 6 SYSTEMPATH\CodeIgniter.php(904): App\Controllers\Admin->index()
 7 SYSTEMPATH\CodeIgniter.php(457): CodeIgniter\CodeIgniter->runController(Object(App\Controllers\Admin))
 8 SYSTEMPATH\CodeIgniter.php(340): CodeIgniter\CodeIgniter->handleRequest(null, Object(Config\Cache), false)
 9 FCPATH\index.php(67): CodeIgniter\CodeIgniter->run()
CRITICAL - 2022-10-30 02:17:21 --> view(): Argument #2 ($data) must be of type array, int given, called in C:\xampp\htdocs\DarshenFYP\app\Controllers\Admin.php on line 36
in SYSTEMPATH\Common.php on line 1128.
 1 APPPATH\Controllers\Admin.php(36): view('sections/AdminNavBar.php', 2)
 2 SYSTEMPATH\CodeIgniter.php(904): App\Controllers\Admin->index()
 3 SYSTEMPATH\CodeIgniter.php(457): CodeIgniter\CodeIgniter->runController(Object(App\Controllers\Admin))
 4 SYSTEMPATH\CodeIgniter.php(340): CodeIgniter\CodeIgniter->handleRequest(null, Object(Config\Cache), false)
 5 FCPATH\index.php(67): CodeIgniter\CodeIgniter->run()
CRITICAL - 2022-10-30 02:18:46 --> Undefined variable $adminData
in APPPATH\Views\sections\AdminNavBar.php on line 18.
 1 APPPATH\Views\sections\AdminNavBar.php(18): CodeIgniter\Debug\Exceptions->errorHandler(2, 'Undefined variable $adminData', 'APPPATH\\Views\\sections\\AdminNavBar.php', 18)
 2 SYSTEMPATH\View\View.php(213): include('APPPATH\\Views\\sections\\AdminNavBar.php')
 3 SYSTEMPATH\View\View.php(216): CodeIgniter\View\View->CodeIgniter\View\{closure}()
 4 SYSTEMPATH\Common.php(1142): CodeIgniter\View\View->render('sections/AdminNavBar.php', [], true)
 5 APPPATH\Controllers\Admin.php(38): view('sections/AdminNavBar.php', [...])
 6 SYSTEMPATH\CodeIgniter.php(904): App\Controllers\Admin->index()
 7 SYSTEMPATH\CodeIgniter.php(457): CodeIgniter\CodeIgniter->runController(Object(App\Controllers\Admin))
 8 SYSTEMPATH\CodeIgniter.php(340): CodeIgniter\CodeIgniter->handleRequest(null, Object(Config\Cache), false)
 9 FCPATH\index.php(67): CodeIgniter\CodeIgniter->run()
CRITICAL - 2022-10-30 02:25:26 --> Cannot use object of type mysqli as array
in APPPATH\Controllers\Admin.php on line 41.
 1 SYSTEMPATH\CodeIgniter.php(904): App\Controllers\Admin->index()
 2 SYSTEMPATH\CodeIgniter.php(457): CodeIgniter\CodeIgniter->runController(Object(App\Controllers\Admin))
 3 SYSTEMPATH\CodeIgniter.php(340): CodeIgniter\CodeIgniter->handleRequest(null, Object(Config\Cache), false)
 4 FCPATH\index.php(67): CodeIgniter\CodeIgniter->run()
CRITICAL - 2022-10-30 02:26:09 --> Undefined variable $pymnt
in APPPATH\Views\Admin\index.php on line 47.
 1 APPPATH\Views\Admin\index.php(47): CodeIgniter\Debug\Exceptions->errorHandler(2, 'Undefined variable $pymnt', 'APPPATH\\Views\\Admin\\index.php', 47)
 2 SYSTEMPATH\View\View.php(213): include('APPPATH\\Views\\Admin\\index.php')
 3 SYSTEMPATH\View\View.php(216): CodeIgniter\View\View->CodeIgniter\View\{closure}()
 4 SYSTEMPATH\Common.php(1142): CodeIgniter\View\View->render('Admin/index.php', [], true)
 5 APPPATH\Controllers\Admin.php(42): view('Admin/index.php', [...])
 6 SYSTEMPATH\CodeIgniter.php(904): App\Controllers\Admin->index()
 7 SYSTEMPATH\CodeIgniter.php(457): CodeIgniter\CodeIgniter->runController(Object(App\Controllers\Admin))
 8 SYSTEMPATH\CodeIgniter.php(340): CodeIgniter\CodeIgniter->handleRequest(null, Object(Config\Cache), false)
 9 FCPATH\index.php(67): CodeIgniter\CodeIgniter->run()
CRITICAL - 2022-10-30 02:26:45 --> Cannot use object of type mysqli as array
in APPPATH\Views\Admin\index.php on line 48.
 1 SYSTEMPATH\View\View.php(213): include()
 2 SYSTEMPATH\View\View.php(216): CodeIgniter\View\View->CodeIgniter\View\{closure}()
 3 SYSTEMPATH\Common.php(1142): CodeIgniter\View\View->render('Admin/index.php', [], true)
 4 APPPATH\Controllers\Admin.php(42): view('Admin/index.php', [...])
 5 SYSTEMPATH\CodeIgniter.php(904): App\Controllers\Admin->index()
 6 SYSTEMPATH\CodeIgniter.php(457): CodeIgniter\CodeIgniter->runController(Object(App\Controllers\Admin))
 7 SYSTEMPATH\CodeIgniter.php(340): CodeIgniter\CodeIgniter->handleRequest(null, Object(Config\Cache), false)
 8 FCPATH\index.php(67): CodeIgniter\CodeIgniter->run()
CRITICAL - 2022-10-30 02:31:25 --> Call to undefined method App\Models\Payment_model::getResultArray
in SYSTEMPATH\Model.php on line 774.
 1 APPPATH\Controllers\Admin.php(37): CodeIgniter\Model->__call('getResultArray', [])
 2 SYSTEMPATH\CodeIgniter.php(904): App\Controllers\Admin->index()
 3 SYSTEMPATH\CodeIgniter.php(457): CodeIgniter\CodeIgniter->runController(Object(App\Controllers\Admin))
 4 SYSTEMPATH\CodeIgniter.php(340): CodeIgniter\CodeIgniter->handleRequest(null, Object(Config\Cache), false)
 5 FCPATH\index.php(67): CodeIgniter\CodeIgniter->run()
CRITICAL - 2022-10-30 02:32:44 --> Undefined variable $totalPaymnt
in APPPATH\Views\Admin\index.php on line 45.
 1 APPPATH\Views\Admin\index.php(45): CodeIgniter\Debug\Exceptions->errorHandler(2, 'Undefined variable $totalPaymnt', 'APPPATH\\Views\\Admin\\index.php', 45)
 2 SYSTEMPATH\View\View.php(213): include('APPPATH\\Views\\Admin\\index.php')
 3 SYSTEMPATH\View\View.php(216): CodeIgniter\View\View->CodeIgniter\View\{closure}()
 4 SYSTEMPATH\Common.php(1142): CodeIgniter\View\View->render('Admin/index.php', [], true)
 5 APPPATH\Controllers\Admin.php(42): view('Admin/index.php', [...])
 6 SYSTEMPATH\CodeIgniter.php(904): App\Controllers\Admin->index()
 7 SYSTEMPATH\CodeIgniter.php(457): CodeIgniter\CodeIgniter->runController(Object(App\Controllers\Admin))
 8 SYSTEMPATH\CodeIgniter.php(340): CodeIgniter\CodeIgniter->handleRequest(null, Object(Config\Cache), false)
 9 FCPATH\index.php(67): CodeIgniter\CodeIgniter->run()
CRITICAL - 2022-10-30 02:33:06 --> Undefined variable $totalPaymnt
in APPPATH\Views\Admin\index.php on line 46.
 1 APPPATH\Views\Admin\index.php(46): CodeIgniter\Debug\Exceptions->errorHandler(2, 'Undefined variable $totalPaymnt', 'APPPATH\\Views\\Admin\\index.php', 46)
 2 SYSTEMPATH\View\View.php(213): include('APPPATH\\Views\\Admin\\index.php')
 3 SYSTEMPATH\View\View.php(216): CodeIgniter\View\View->CodeIgniter\View\{closure}()
 4 SYSTEMPATH\Common.php(1142): CodeIgniter\View\View->render('Admin/index.php', [], true)
 5 APPPATH\Controllers\Admin.php(42): view('Admin/index.php', [...])
 6 SYSTEMPATH\CodeIgniter.php(904): App\Controllers\Admin->index()
 7 SYSTEMPATH\CodeIgniter.php(457): CodeIgniter\CodeIgniter->runController(Object(App\Controllers\Admin))
 8 SYSTEMPATH\CodeIgniter.php(340): CodeIgniter\CodeIgniter->handleRequest(null, Object(Config\Cache), false)
 9 FCPATH\index.php(67): CodeIgniter\CodeIgniter->run()
CRITICAL - 2022-10-30 03:25:13 --> Invalid file: sections/AdminFooterr.php
in SYSTEMPATH\Exceptions\FrameworkException.php on line 33.
 1 SYSTEMPATH\View\View.php(201): CodeIgniter\Exceptions\FrameworkException::forInvalidFile('sections/AdminFooterr.php')
 2 SYSTEMPATH\Common.php(1142): CodeIgniter\View\View->render('sections/AdminFooterr.php', [], true)
 3 APPPATH\Controllers\Admin.php(42): view('sections/AdminFooterr.php')
 4 SYSTEMPATH\CodeIgniter.php(904): App\Controllers\Admin->index()
 5 SYSTEMPATH\CodeIgniter.php(457): CodeIgniter\CodeIgniter->runController(Object(App\Controllers\Admin))
 6 SYSTEMPATH\CodeIgniter.php(340): CodeIgniter\CodeIgniter->handleRequest(null, Object(Config\Cache), false)
 7 FCPATH\index.php(67): CodeIgniter\CodeIgniter->run()
CRITICAL - 2022-10-30 03:25:56 --> Undefined variable $adminData
in APPPATH\Views\sections\AdminNavBar.php on line 18.
 1 APPPATH\Views\sections\AdminNavBar.php(18): CodeIgniter\Debug\Exceptions->errorHandler(2, 'Undefined variable $adminData', 'APPPATH\\Views\\sections\\AdminNavBar.php', 18)
 2 SYSTEMPATH\View\View.php(213): include('APPPATH\\Views\\sections\\AdminNavBar.php')
 3 SYSTEMPATH\View\View.php(216): CodeIgniter\View\View->CodeIgniter\View\{closure}()
 4 SYSTEMPATH\Common.php(1142): CodeIgniter\View\View->render('sections/AdminNavBar.php', [], true)
 5 APPPATH\Controllers\Admin.php(189): view('sections/AdminNavBar.php')
 6 SYSTEMPATH\CodeIgniter.php(904): App\Controllers\Admin->UsersTable()
 7 SYSTEMPATH\CodeIgniter.php(457): CodeIgniter\CodeIgniter->runController(Object(App\Controllers\Admin))
 8 SYSTEMPATH\CodeIgniter.php(340): CodeIgniter\CodeIgniter->handleRequest(null, Object(Config\Cache), false)
 9 FCPATH\index.php(67): CodeIgniter\CodeIgniter->run()
CRITICAL - 2022-10-30 03:26:47 --> Undefined variable $adminData
in APPPATH\Views\sections\AdminNavBar.php on line 18.
 1 APPPATH\Views\sections\AdminNavBar.php(18): CodeIgniter\Debug\Exceptions->errorHandler(2, 'Undefined variable $adminData', 'APPPATH\\Views\\sections\\AdminNavBar.php', 18)
 2 SYSTEMPATH\View\View.php(213): include('APPPATH\\Views\\sections\\AdminNavBar.php')
 3 SYSTEMPATH\View\View.php(216): CodeIgniter\View\View->CodeIgniter\View\{closure}()
 4 SYSTEMPATH\Common.php(1142): CodeIgniter\View\View->render('sections/AdminNavBar.php', [], true)
 5 APPPATH\Controllers\Admin.php(194): view('sections/AdminNavBar.php')
 6 SYSTEMPATH\CodeIgniter.php(904): App\Controllers\Admin->UsersTable()
 7 SYSTEMPATH\CodeIgniter.php(457): CodeIgniter\CodeIgniter->runController(Object(App\Controllers\Admin))
 8 SYSTEMPATH\CodeIgniter.php(340): CodeIgniter\CodeIgniter->handleRequest(null, Object(Config\Cache), false)
 9 FCPATH\index.php(67): CodeIgniter\CodeIgniter->run()
CRITICAL - 2022-10-30 04:17:18 --> Undefined variable $usersTable
in APPPATH\Views\Admin\ProductsTable.php on line 27.
 1 APPPATH\Views\Admin\ProductsTable.php(27): CodeIgniter\Debug\Exceptions->errorHandler(2, 'Undefined variable $usersTable', 'APPPATH\\Views\\Admin\\ProductsTable.php', 27)
 2 SYSTEMPATH\View\View.php(213): include('APPPATH\\Views\\Admin\\ProductsTable.php')
 3 SYSTEMPATH\View\View.php(216): CodeIgniter\View\View->CodeIgniter\View\{closure}()
 4 SYSTEMPATH\Common.php(1142): CodeIgniter\View\View->render('Admin/ProductsTable.php', [], true)
 5 APPPATH\Controllers\Admin.php(217): view('Admin/ProductsTable.php', [...])
 6 SYSTEMPATH\CodeIgniter.php(904): App\Controllers\Admin->ProductsTable()
 7 SYSTEMPATH\CodeIgniter.php(457): CodeIgniter\CodeIgniter->runController(Object(App\Controllers\Admin))
 8 SYSTEMPATH\CodeIgniter.php(340): CodeIgniter\CodeIgniter->handleRequest(null, Object(Config\Cache), false)
 9 FCPATH\index.php(67): CodeIgniter\CodeIgniter->run()
CRITICAL - 2022-10-30 04:17:30 --> Undefined variable $cart
in APPPATH\Views\Admin\ProductsTable.php on line 28.
 1 APPPATH\Views\Admin\ProductsTable.php(28): CodeIgniter\Debug\Exceptions->errorHandler(2, 'Undefined variable $cart', 'APPPATH\\Views\\Admin\\ProductsTable.php', 28)
 2 SYSTEMPATH\View\View.php(213): include('APPPATH\\Views\\Admin\\ProductsTable.php')
 3 SYSTEMPATH\View\View.php(216): CodeIgniter\View\View->CodeIgniter\View\{closure}()
 4 SYSTEMPATH\Common.php(1142): CodeIgniter\View\View->render('Admin/ProductsTable.php', [], true)
 5 APPPATH\Controllers\Admin.php(217): view('Admin/ProductsTable.php', [...])
 6 SYSTEMPATH\CodeIgniter.php(904): App\Controllers\Admin->ProductsTable()
 7 SYSTEMPATH\CodeIgniter.php(457): CodeIgniter\CodeIgniter->runController(Object(App\Controllers\Admin))
 8 SYSTEMPATH\CodeIgniter.php(340): CodeIgniter\CodeIgniter->handleRequest(null, Object(Config\Cache), false)
 9 FCPATH\index.php(67): CodeIgniter\CodeIgniter->run()
