CRITICAL - 2022-10-08 01:50:12 --> Class "App\Models\component_model" not found
in APPPATH\Controllers\Home.php on line 157.
 1 SYSTEMPATH\CodeIgniter.php(904): App\Controllers\Home->Build_PC()
 2 SYSTEMPATH\CodeIgniter.php(457): CodeIgniter\CodeIgniter->runController(Object(App\Controllers\Home))
 3 SYSTEMPATH\CodeIgniter.php(340): CodeIgniter\CodeIgniter->handleRequest(null, Object(Config\Cache), false)
 4 FCPATH\index.php(67): CodeIgniter\CodeIgniter->run()
CRITICAL - 2022-10-08 01:51:21 --> Class "App\Models\component_model" not found
in APPPATH\Controllers\Home.php on line 157.
 1 SYSTEMPATH\CodeIgniter.php(904): App\Controllers\Home->Build_PC()
 2 SYSTEMPATH\CodeIgniter.php(457): CodeIgniter\CodeIgniter->runController(Object(App\Controllers\Home))
 3 SYSTEMPATH\CodeIgniter.php(340): CodeIgniter\CodeIgniter->handleRequest(null, Object(Config\Cache), false)
 4 FCPATH\index.php(67): CodeIgniter\CodeIgniter->run()
CRITICAL - 2022-10-08 01:52:06 --> Class "App\Models\component_model" not found
in APPPATH\Controllers\Home.php on line 157.
 1 SYSTEMPATH\CodeIgniter.php(904): App\Controllers\Home->Build_PC()
 2 SYSTEMPATH\CodeIgniter.php(457): CodeIgniter\CodeIgniter->runController(Object(App\Controllers\Home))
 3 SYSTEMPATH\CodeIgniter.php(340): CodeIgniter\CodeIgniter->handleRequest(null, Object(Config\Cache), false)
 4 FCPATH\index.php(67): CodeIgniter\CodeIgniter->run()
CRITICAL - 2022-10-08 01:52:08 --> Class "App\Models\component_model" not found
in APPPATH\Controllers\Home.php on line 157.
 1 SYSTEMPATH\CodeIgniter.php(904): App\Controllers\Home->Build_PC()
 2 SYSTEMPATH\CodeIgniter.php(457): CodeIgniter\CodeIgniter->runController(Object(App\Controllers\Home))
 3 SYSTEMPATH\CodeIgniter.php(340): CodeIgniter\CodeIgniter->handleRequest(null, Object(Config\Cache), false)
 4 FCPATH\index.php(67): CodeIgniter\CodeIgniter->run()
CRITICAL - 2022-10-08 02:14:51 --> syntax error, unexpected token "endforeach"
in APPPATH\Views\Home\Build_PC.php on line 25.
 1 SYSTEMPATH\View\View.php(216): CodeIgniter\View\View->CodeIgniter\View\{closure}()
 2 SYSTEMPATH\Common.php(1142): CodeIgniter\View\View->render('Home/Build_PC.php', [], true)
 3 APPPATH\Controllers\Home.php(161): view('Home/Build_PC.php', [...])
 4 SYSTEMPATH\CodeIgniter.php(904): App\Controllers\Home->Build_PC()
 5 SYSTEMPATH\CodeIgniter.php(457): CodeIgniter\CodeIgniter->runController(Object(App\Controllers\Home))
 6 SYSTEMPATH\CodeIgniter.php(340): CodeIgniter\CodeIgniter->handleRequest(null, Object(Config\Cache), false)
 7 FCPATH\index.php(67): CodeIgniter\CodeIgniter->run()
CRITICAL - 2022-10-08 02:21:49 --> Cannot access offset of type string on string
in APPPATH\Views\Home\Build_PC.php on line 34.
 1 SYSTEMPATH\View\View.php(213): include()
 2 SYSTEMPATH\View\View.php(216): CodeIgniter\View\View->CodeIgniter\View\{closure}()
 3 SYSTEMPATH\Common.php(1142): CodeIgniter\View\View->render('Home/Build_PC.php', [], true)
 4 APPPATH\Controllers\Home.php(161): view('Home/Build_PC.php', [...])
 5 SYSTEMPATH\CodeIgniter.php(904): App\Controllers\Home->Build_PC()
 6 SYSTEMPATH\CodeIgniter.php(457): CodeIgniter\CodeIgniter->runController(Object(App\Controllers\Home))
 7 SYSTEMPATH\CodeIgniter.php(340): CodeIgniter\CodeIgniter->handleRequest(null, Object(Config\Cache), false)
 8 FCPATH\index.php(67): CodeIgniter\CodeIgniter->run()
CRITICAL - 2022-10-08 02:23:25 --> Cannot access offset of type string on string
in APPPATH\Views\Home\Build_PC.php on line 32.
 1 SYSTEMPATH\View\View.php(213): include()
 2 SYSTEMPATH\View\View.php(216): CodeIgniter\View\View->CodeIgniter\View\{closure}()
 3 SYSTEMPATH\Common.php(1142): CodeIgniter\View\View->render('Home/Build_PC.php', [], true)
 4 APPPATH\Controllers\Home.php(161): view('Home/Build_PC.php', [...])
 5 SYSTEMPATH\CodeIgniter.php(904): App\Controllers\Home->Build_PC()
 6 SYSTEMPATH\CodeIgniter.php(457): CodeIgniter\CodeIgniter->runController(Object(App\Controllers\Home))
 7 SYSTEMPATH\CodeIgniter.php(340): CodeIgniter\CodeIgniter->handleRequest(null, Object(Config\Cache), false)
 8 FCPATH\index.php(67): CodeIgniter\CodeIgniter->run()
CRITICAL - 2022-10-08 02:23:54 --> Cannot access offset of type string on string
in APPPATH\Views\Home\Build_PC.php on line 32.
 1 SYSTEMPATH\View\View.php(213): include()
 2 SYSTEMPATH\View\View.php(216): CodeIgniter\View\View->CodeIgniter\View\{closure}()
 3 SYSTEMPATH\Common.php(1142): CodeIgniter\View\View->render('Home/Build_PC.php', [], true)
 4 APPPATH\Controllers\Home.php(161): view('Home/Build_PC.php', [...])
 5 SYSTEMPATH\CodeIgniter.php(904): App\Controllers\Home->Build_PC()
 6 SYSTEMPATH\CodeIgniter.php(457): CodeIgniter\CodeIgniter->runController(Object(App\Controllers\Home))
 7 SYSTEMPATH\CodeIgniter.php(340): CodeIgniter\CodeIgniter->handleRequest(null, Object(Config\Cache), false)
 8 FCPATH\index.php(67): CodeIgniter\CodeIgniter->run()
CRITICAL - 2022-10-08 02:24:00 --> Undefined variable $components
in APPPATH\Views\Home\Build_PC.php on line 31.
 1 APPPATH\Views\Home\Build_PC.php(31): CodeIgniter\Debug\Exceptions->errorHandler(2, 'Undefined variable $components', 'APPPATH\\Views\\Home\\Build_PC.php', 31)
 2 SYSTEMPATH\View\View.php(213): include('APPPATH\\Views\\Home\\Build_PC.php')
 3 SYSTEMPATH\View\View.php(216): CodeIgniter\View\View->CodeIgniter\View\{closure}()
 4 SYSTEMPATH\Common.php(1142): CodeIgniter\View\View->render('Home/Build_PC.php', [], true)
 5 APPPATH\Controllers\Home.php(161): view('Home/Build_PC.php', [...])
 6 SYSTEMPATH\CodeIgniter.php(904): App\Controllers\Home->Build_PC()
 7 SYSTEMPATH\CodeIgniter.php(457): CodeIgniter\CodeIgniter->runController(Object(App\Controllers\Home))
 8 SYSTEMPATH\CodeIgniter.php(340): CodeIgniter\CodeIgniter->handleRequest(null, Object(Config\Cache), false)
 9 FCPATH\index.php(67): CodeIgniter\CodeIgniter->run()
CRITICAL - 2022-10-08 02:24:10 --> Undefined variable $components
in APPPATH\Views\Home\Build_PC.php on line 31.
 1 APPPATH\Views\Home\Build_PC.php(31): CodeIgniter\Debug\Exceptions->errorHandler(2, 'Undefined variable $components', 'APPPATH\\Views\\Home\\Build_PC.php', 31)
 2 SYSTEMPATH\View\View.php(213): include('APPPATH\\Views\\Home\\Build_PC.php')
 3 SYSTEMPATH\View\View.php(216): CodeIgniter\View\View->CodeIgniter\View\{closure}()
 4 SYSTEMPATH\Common.php(1142): CodeIgniter\View\View->render('Home/Build_PC.php', [], true)
 5 APPPATH\Controllers\Home.php(161): view('Home/Build_PC.php', [...])
 6 SYSTEMPATH\CodeIgniter.php(904): App\Controllers\Home->Build_PC()
 7 SYSTEMPATH\CodeIgniter.php(457): CodeIgniter\CodeIgniter->runController(Object(App\Controllers\Home))
 8 SYSTEMPATH\CodeIgniter.php(340): CodeIgniter\CodeIgniter->handleRequest(null, Object(Config\Cache), false)
 9 FCPATH\index.php(67): CodeIgniter\CodeIgniter->run()
CRITICAL - 2022-10-08 02:26:06 --> Undefined array key "ComponentType"
in APPPATH\Views\Home\Build_PC.php on line 23.
 1 APPPATH\Views\Home\Build_PC.php(23): CodeIgniter\Debug\Exceptions->errorHandler(2, 'Undefined array key "ComponentType"', 'APPPATH\\Views\\Home\\Build_PC.php', 23)
 2 SYSTEMPATH\View\View.php(213): include('APPPATH\\Views\\Home\\Build_PC.php')
 3 SYSTEMPATH\View\View.php(216): CodeIgniter\View\View->CodeIgniter\View\{closure}()
 4 SYSTEMPATH\Common.php(1142): CodeIgniter\View\View->render('Home/Build_PC.php', [], true)
 5 APPPATH\Controllers\Home.php(161): view('Home/Build_PC.php', [...])
 6 SYSTEMPATH\CodeIgniter.php(904): App\Controllers\Home->Build_PC()
 7 SYSTEMPATH\CodeIgniter.php(457): CodeIgniter\CodeIgniter->runController(Object(App\Controllers\Home))
 8 SYSTEMPATH\CodeIgniter.php(340): CodeIgniter\CodeIgniter->handleRequest(null, Object(Config\Cache), false)
 9 FCPATH\index.php(67): CodeIgniter\CodeIgniter->run()
CRITICAL - 2022-10-08 02:26:27 --> Cannot access offset of type string on string
in APPPATH\Views\Home\Build_PC.php on line 32.
 1 SYSTEMPATH\View\View.php(213): include()
 2 SYSTEMPATH\View\View.php(216): CodeIgniter\View\View->CodeIgniter\View\{closure}()
 3 SYSTEMPATH\Common.php(1142): CodeIgniter\View\View->render('Home/Build_PC.php', [], true)
 4 APPPATH\Controllers\Home.php(161): view('Home/Build_PC.php', [...])
 5 SYSTEMPATH\CodeIgniter.php(904): App\Controllers\Home->Build_PC()
 6 SYSTEMPATH\CodeIgniter.php(457): CodeIgniter\CodeIgniter->runController(Object(App\Controllers\Home))
 7 SYSTEMPATH\CodeIgniter.php(340): CodeIgniter\CodeIgniter->handleRequest(null, Object(Config\Cache), false)
 8 FCPATH\index.php(67): CodeIgniter\CodeIgniter->run()
CRITICAL - 2022-10-08 02:26:46 --> Cannot access offset of type string on string
in APPPATH\Views\Home\Build_PC.php on line 32.
 1 SYSTEMPATH\View\View.php(213): include()
 2 SYSTEMPATH\View\View.php(216): CodeIgniter\View\View->CodeIgniter\View\{closure}()
 3 SYSTEMPATH\Common.php(1142): CodeIgniter\View\View->render('Home/Build_PC.php', [], true)
 4 APPPATH\Controllers\Home.php(161): view('Home/Build_PC.php', [...])
 5 SYSTEMPATH\CodeIgniter.php(904): App\Controllers\Home->Build_PC()
 6 SYSTEMPATH\CodeIgniter.php(457): CodeIgniter\CodeIgniter->runController(Object(App\Controllers\Home))
 7 SYSTEMPATH\CodeIgniter.php(340): CodeIgniter\CodeIgniter->handleRequest(null, Object(Config\Cache), false)
 8 FCPATH\index.php(67): CodeIgniter\CodeIgniter->run()
CRITICAL - 2022-10-08 02:27:37 --> Cannot access offset of type string on string
in APPPATH\Views\Home\Build_PC.php on line 32.
 1 SYSTEMPATH\View\View.php(213): include()
 2 SYSTEMPATH\View\View.php(216): CodeIgniter\View\View->CodeIgniter\View\{closure}()
 3 SYSTEMPATH\Common.php(1142): CodeIgniter\View\View->render('Home/Build_PC.php', [], true)
 4 APPPATH\Controllers\Home.php(161): view('Home/Build_PC.php', [...])
 5 SYSTEMPATH\CodeIgniter.php(904): App\Controllers\Home->Build_PC()
 6 SYSTEMPATH\CodeIgniter.php(457): CodeIgniter\CodeIgniter->runController(Object(App\Controllers\Home))
 7 SYSTEMPATH\CodeIgniter.php(340): CodeIgniter\CodeIgniter->handleRequest(null, Object(Config\Cache), false)
 8 FCPATH\index.php(67): CodeIgniter\CodeIgniter->run()
CRITICAL - 2022-10-08 02:29:55 --> Cannot access offset of type string on string
in APPPATH\Views\Home\Build_PC.php on line 32.
 1 SYSTEMPATH\View\View.php(213): include()
 2 SYSTEMPATH\View\View.php(216): CodeIgniter\View\View->CodeIgniter\View\{closure}()
 3 SYSTEMPATH\Common.php(1142): CodeIgniter\View\View->render('Home/Build_PC.php', [], true)
 4 APPPATH\Controllers\Home.php(161): view('Home/Build_PC.php', [...])
 5 SYSTEMPATH\CodeIgniter.php(904): App\Controllers\Home->Build_PC()
 6 SYSTEMPATH\CodeIgniter.php(457): CodeIgniter\CodeIgniter->runController(Object(App\Controllers\Home))
 7 SYSTEMPATH\CodeIgniter.php(340): CodeIgniter\CodeIgniter->handleRequest(null, Object(Config\Cache), false)
 8 FCPATH\index.php(67): CodeIgniter\CodeIgniter->run()
CRITICAL - 2022-10-08 02:32:41 --> Undefined array key "ComponentType"
in APPPATH\Views\Home\Build_PC.php on line 23.
 1 APPPATH\Views\Home\Build_PC.php(23): CodeIgniter\Debug\Exceptions->errorHandler(2, 'Undefined array key "ComponentType"', 'APPPATH\\Views\\Home\\Build_PC.php', 23)
 2 SYSTEMPATH\View\View.php(213): include('APPPATH\\Views\\Home\\Build_PC.php')
 3 SYSTEMPATH\View\View.php(216): CodeIgniter\View\View->CodeIgniter\View\{closure}()
 4 SYSTEMPATH\Common.php(1142): CodeIgniter\View\View->render('Home/Build_PC.php', [], true)
 5 APPPATH\Controllers\Home.php(161): view('Home/Build_PC.php', [...])
 6 SYSTEMPATH\CodeIgniter.php(904): App\Controllers\Home->Build_PC()
 7 SYSTEMPATH\CodeIgniter.php(457): CodeIgniter\CodeIgniter->runController(Object(App\Controllers\Home))
 8 SYSTEMPATH\CodeIgniter.php(340): CodeIgniter\CodeIgniter->handleRequest(null, Object(Config\Cache), false)
 9 FCPATH\index.php(67): CodeIgniter\CodeIgniter->run()
CRITICAL - 2022-10-08 02:40:04 --> Trying to access array offset on value of type int
in APPPATH\Views\Home\Build_PC.php on line 23.
 1 APPPATH\Views\Home\Build_PC.php(23): CodeIgniter\Debug\Exceptions->errorHandler(2, 'Trying to access array offset on value of type int', 'APPPATH\\Views\\Home\\Build_PC.php', 23)
 2 SYSTEMPATH\View\View.php(213): include('APPPATH\\Views\\Home\\Build_PC.php')
 3 SYSTEMPATH\View\View.php(216): CodeIgniter\View\View->CodeIgniter\View\{closure}()
 4 SYSTEMPATH\Common.php(1142): CodeIgniter\View\View->render('Home/Build_PC.php', [], true)
 5 APPPATH\Controllers\Home.php(161): view('Home/Build_PC.php', [...])
 6 SYSTEMPATH\CodeIgniter.php(904): App\Controllers\Home->Build_PC()
 7 SYSTEMPATH\CodeIgniter.php(457): CodeIgniter\CodeIgniter->runController(Object(App\Controllers\Home))
 8 SYSTEMPATH\CodeIgniter.php(340): CodeIgniter\CodeIgniter->handleRequest(null, Object(Config\Cache), false)
 9 FCPATH\index.php(67): CodeIgniter\CodeIgniter->run()
CRITICAL - 2022-10-08 02:40:18 --> Trying to access array offset on value of type int
in APPPATH\Views\Home\Build_PC.php on line 24.
 1 APPPATH\Views\Home\Build_PC.php(24): CodeIgniter\Debug\Exceptions->errorHandler(2, 'Trying to access array offset on value of type int', 'APPPATH\\Views\\Home\\Build_PC.php', 24)
 2 SYSTEMPATH\View\View.php(213): include('APPPATH\\Views\\Home\\Build_PC.php')
 3 SYSTEMPATH\View\View.php(216): CodeIgniter\View\View->CodeIgniter\View\{closure}()
 4 SYSTEMPATH\Common.php(1142): CodeIgniter\View\View->render('Home/Build_PC.php', [], true)
 5 APPPATH\Controllers\Home.php(161): view('Home/Build_PC.php', [...])
 6 SYSTEMPATH\CodeIgniter.php(904): App\Controllers\Home->Build_PC()
 7 SYSTEMPATH\CodeIgniter.php(457): CodeIgniter\CodeIgniter->runController(Object(App\Controllers\Home))
 8 SYSTEMPATH\CodeIgniter.php(340): CodeIgniter\CodeIgniter->handleRequest(null, Object(Config\Cache), false)
 9 FCPATH\index.php(67): CodeIgniter\CodeIgniter->run()
CRITICAL - 2022-10-08 02:42:31 --> foreach() argument must be of type array|object, int given
in APPPATH\Views\Home\Build_PC.php on line 32.
 1 APPPATH\Views\Home\Build_PC.php(32): CodeIgniter\Debug\Exceptions->errorHandler(2, 'foreach() argument must be of type array|object, int given', 'APPPATH\\Views\\Home\\Build_PC.php', 32)
 2 SYSTEMPATH\View\View.php(213): include('APPPATH\\Views\\Home\\Build_PC.php')
 3 SYSTEMPATH\View\View.php(216): CodeIgniter\View\View->CodeIgniter\View\{closure}()
 4 SYSTEMPATH\Common.php(1142): CodeIgniter\View\View->render('Home/Build_PC.php', [], true)
 5 APPPATH\Controllers\Home.php(161): view('Home/Build_PC.php', [...])
 6 SYSTEMPATH\CodeIgniter.php(904): App\Controllers\Home->Build_PC()
 7 SYSTEMPATH\CodeIgniter.php(457): CodeIgniter\CodeIgniter->runController(Object(App\Controllers\Home))
 8 SYSTEMPATH\CodeIgniter.php(340): CodeIgniter\CodeIgniter->handleRequest(null, Object(Config\Cache), false)
 9 FCPATH\index.php(67): CodeIgniter\CodeIgniter->run()
CRITICAL - 2022-10-08 04:48:58 --> Trying to access array offset on value of type int
in APPPATH\Views\Home\Build_PC.php on line 111.
 1 APPPATH\Views\Home\Build_PC.php(111): CodeIgniter\Debug\Exceptions->errorHandler(2, 'Trying to access array offset on value of type int', 'APPPATH\\Views\\Home\\Build_PC.php', 111)
 2 SYSTEMPATH\View\View.php(213): include('APPPATH\\Views\\Home\\Build_PC.php')
 3 SYSTEMPATH\View\View.php(216): CodeIgniter\View\View->CodeIgniter\View\{closure}()
 4 SYSTEMPATH\Common.php(1142): CodeIgniter\View\View->render('Home/Build_PC.php', [], true)
 5 APPPATH\Controllers\Home.php(161): view('Home/Build_PC.php', [...])
 6 SYSTEMPATH\CodeIgniter.php(904): App\Controllers\Home->Build_PC()
 7 SYSTEMPATH\CodeIgniter.php(457): CodeIgniter\CodeIgniter->runController(Object(App\Controllers\Home))
 8 SYSTEMPATH\CodeIgniter.php(340): CodeIgniter\CodeIgniter->handleRequest(null, Object(Config\Cache), false)
 9 FCPATH\index.php(67): CodeIgniter\CodeIgniter->run()
