CRITICAL - 2022-09-16 02:42:09 --> Too few arguments to function App\Controllers\Home::ProductDetails(), 0 passed in C:\xampp\htdocs\DarshenFYP\system\CodeIgniter.php on line 904 and exactly 1 expected
in APPPATH\Controllers\Home.php on line 123.
 1 SYSTEMPATH\CodeIgniter.php(904): App\Controllers\Home->ProductDetails()
 2 SYSTEMPATH\CodeIgniter.php(457): CodeIgniter\CodeIgniter->runController(Object(App\Controllers\Home))
 3 SYSTEMPATH\CodeIgniter.php(340): CodeIgniter\CodeIgniter->handleRequest(null, Object(Config\Cache), false)
 4 FCPATH\index.php(67): CodeIgniter\CodeIgniter->run()
CRITICAL - 2022-09-16 02:58:53 --> Undefined property: App\Controllers\Home::$product_model
in APPPATH\Controllers\Home.php on line 124.
 1 APPPATH\Controllers\Home.php(124): CodeIgniter\Debug\Exceptions->errorHandler(2, 'Undefined property: App\\Controllers\\Home::$product_model', 'APPPATH\\Controllers\\Home.php', 124)
 2 SYSTEMPATH\CodeIgniter.php(904): App\Controllers\Home->ProductDetails('4')
 3 SYSTEMPATH\CodeIgniter.php(457): CodeIgniter\CodeIgniter->runController(Object(App\Controllers\Home))
 4 SYSTEMPATH\CodeIgniter.php(340): CodeIgniter\CodeIgniter->handleRequest(null, Object(Config\Cache), false)
 5 FCPATH\index.php(67): CodeIgniter\CodeIgniter->run()
CRITICAL - 2022-09-16 02:59:33 --> Undefined property: App\Controllers\Home::$product_model
in APPPATH\Controllers\Home.php on line 125.
 1 APPPATH\Controllers\Home.php(125): CodeIgniter\Debug\Exceptions->errorHandler(2, 'Undefined property: App\\Controllers\\Home::$product_model', 'APPPATH\\Controllers\\Home.php', 125)
 2 SYSTEMPATH\CodeIgniter.php(904): App\Controllers\Home->ProductDetails('4')
 3 SYSTEMPATH\CodeIgniter.php(457): CodeIgniter\CodeIgniter->runController(Object(App\Controllers\Home))
 4 SYSTEMPATH\CodeIgniter.php(340): CodeIgniter\CodeIgniter->handleRequest(null, Object(Config\Cache), false)
 5 FCPATH\index.php(67): CodeIgniter\CodeIgniter->run()
CRITICAL - 2022-09-16 02:59:38 --> Undefined property: App\Controllers\Home::$product_model
in APPPATH\Controllers\Home.php on line 125.
 1 APPPATH\Controllers\Home.php(125): CodeIgniter\Debug\Exceptions->errorHandler(2, 'Undefined property: App\\Controllers\\Home::$product_model', 'APPPATH\\Controllers\\Home.php', 125)
 2 SYSTEMPATH\CodeIgniter.php(904): App\Controllers\Home->ProductDetails('4')
 3 SYSTEMPATH\CodeIgniter.php(457): CodeIgniter\CodeIgniter->runController(Object(App\Controllers\Home))
 4 SYSTEMPATH\CodeIgniter.php(340): CodeIgniter\CodeIgniter->handleRequest(null, Object(Config\Cache), false)
 5 FCPATH\index.php(67): CodeIgniter\CodeIgniter->run()
CRITICAL - 2022-09-16 03:01:35 --> Undefined property: App\Controllers\Home::$product_model
in APPPATH\Controllers\Home.php on line 124.
 1 APPPATH\Controllers\Home.php(124): CodeIgniter\Debug\Exceptions->errorHandler(2, 'Undefined property: App\\Controllers\\Home::$product_model', 'APPPATH\\Controllers\\Home.php', 124)
 2 SYSTEMPATH\CodeIgniter.php(904): App\Controllers\Home->ProductDetails('4')
 3 SYSTEMPATH\CodeIgniter.php(457): CodeIgniter\CodeIgniter->runController(Object(App\Controllers\Home))
 4 SYSTEMPATH\CodeIgniter.php(340): CodeIgniter\CodeIgniter->handleRequest(null, Object(Config\Cache), false)
 5 FCPATH\index.php(67): CodeIgniter\CodeIgniter->run()
CRITICAL - 2022-09-16 03:02:52 --> Undefined property: App\Controllers\Home::$load
in APPPATH\Controllers\Home.php on line 126.
 1 APPPATH\Controllers\Home.php(126): CodeIgniter\Debug\Exceptions->errorHandler(2, 'Undefined property: App\\Controllers\\Home::$load', 'APPPATH\\Controllers\\Home.php', 126)
 2 SYSTEMPATH\CodeIgniter.php(904): App\Controllers\Home->ProductDetails('4')
 3 SYSTEMPATH\CodeIgniter.php(457): CodeIgniter\CodeIgniter->runController(Object(App\Controllers\Home))
 4 SYSTEMPATH\CodeIgniter.php(340): CodeIgniter\CodeIgniter->handleRequest(null, Object(Config\Cache), false)
 5 FCPATH\index.php(67): CodeIgniter\CodeIgniter->run()
CRITICAL - 2022-09-16 03:16:09 --> Cannot use object of type App\Models\Product_model as array
in APPPATH\Views\Home\ProductDetails.php on line 12.
 1 SYSTEMPATH\View\View.php(213): include()
 2 SYSTEMPATH\View\View.php(216): CodeIgniter\View\View->CodeIgniter\View\{closure}()
 3 SYSTEMPATH\Common.php(1142): CodeIgniter\View\View->render('Home/ProductDetails.php', [], true)
 4 APPPATH\Controllers\Home.php(126): view('Home/ProductDetails.php', [...])
 5 SYSTEMPATH\CodeIgniter.php(904): App\Controllers\Home->ProductDetails('4')
 6 SYSTEMPATH\CodeIgniter.php(457): CodeIgniter\CodeIgniter->runController(Object(App\Controllers\Home))
 7 SYSTEMPATH\CodeIgniter.php(340): CodeIgniter\CodeIgniter->handleRequest(null, Object(Config\Cache), false)
 8 FCPATH\index.php(67): CodeIgniter\CodeIgniter->run()
CRITICAL - 2022-09-16 03:16:54 --> Trying to access array offset on value of type null
in APPPATH\Views\Home\ProductDetails.php on line 12.
 1 APPPATH\Views\Home\ProductDetails.php(12): CodeIgniter\Debug\Exceptions->errorHandler(2, 'Trying to access array offset on value of type null', 'APPPATH\\Views\\Home\\ProductDetails.php', 12)
 2 SYSTEMPATH\View\View.php(213): include('APPPATH\\Views\\Home\\ProductDetails.php')
 3 SYSTEMPATH\View\View.php(216): CodeIgniter\View\View->CodeIgniter\View\{closure}()
 4 SYSTEMPATH\Common.php(1142): CodeIgniter\View\View->render('Home/ProductDetails.php', [], true)
 5 APPPATH\Controllers\Home.php(126): view('Home/ProductDetails.php', [...])
 6 SYSTEMPATH\CodeIgniter.php(904): App\Controllers\Home->ProductDetails('4')
 7 SYSTEMPATH\CodeIgniter.php(457): CodeIgniter\CodeIgniter->runController(Object(App\Controllers\Home))
 8 SYSTEMPATH\CodeIgniter.php(340): CodeIgniter\CodeIgniter->handleRequest(null, Object(Config\Cache), false)
 9 FCPATH\index.php(67): CodeIgniter\CodeIgniter->run()
CRITICAL - 2022-09-16 03:17:38 --> Trying to access array offset on value of type null
in APPPATH\Views\Home\ProductDetails.php on line 12.
 1 APPPATH\Views\Home\ProductDetails.php(12): CodeIgniter\Debug\Exceptions->errorHandler(2, 'Trying to access array offset on value of type null', 'APPPATH\\Views\\Home\\ProductDetails.php', 12)
 2 SYSTEMPATH\View\View.php(213): include('APPPATH\\Views\\Home\\ProductDetails.php')
 3 SYSTEMPATH\View\View.php(216): CodeIgniter\View\View->CodeIgniter\View\{closure}()
 4 SYSTEMPATH\Common.php(1142): CodeIgniter\View\View->render('Home/ProductDetails.php', [], true)
 5 APPPATH\Controllers\Home.php(126): view('Home/ProductDetails.php', [...])
 6 SYSTEMPATH\CodeIgniter.php(904): App\Controllers\Home->ProductDetails('4')
 7 SYSTEMPATH\CodeIgniter.php(457): CodeIgniter\CodeIgniter->runController(Object(App\Controllers\Home))
 8 SYSTEMPATH\CodeIgniter.php(340): CodeIgniter\CodeIgniter->handleRequest(null, Object(Config\Cache), false)
 9 FCPATH\index.php(67): CodeIgniter\CodeIgniter->run()
CRITICAL - 2022-09-16 03:17:40 --> Trying to access array offset on value of type null
in APPPATH\Views\Home\ProductDetails.php on line 12.
 1 APPPATH\Views\Home\ProductDetails.php(12): CodeIgniter\Debug\Exceptions->errorHandler(2, 'Trying to access array offset on value of type null', 'APPPATH\\Views\\Home\\ProductDetails.php', 12)
 2 SYSTEMPATH\View\View.php(213): include('APPPATH\\Views\\Home\\ProductDetails.php')
 3 SYSTEMPATH\View\View.php(216): CodeIgniter\View\View->CodeIgniter\View\{closure}()
 4 SYSTEMPATH\Common.php(1142): CodeIgniter\View\View->render('Home/ProductDetails.php', [], true)
 5 APPPATH\Controllers\Home.php(126): view('Home/ProductDetails.php', [...])
 6 SYSTEMPATH\CodeIgniter.php(904): App\Controllers\Home->ProductDetails('4')
 7 SYSTEMPATH\CodeIgniter.php(457): CodeIgniter\CodeIgniter->runController(Object(App\Controllers\Home))
 8 SYSTEMPATH\CodeIgniter.php(340): CodeIgniter\CodeIgniter->handleRequest(null, Object(Config\Cache), false)
 9 FCPATH\index.php(67): CodeIgniter\CodeIgniter->run()
CRITICAL - 2022-09-16 03:17:53 --> Trying to access array offset on value of type null
in APPPATH\Views\Home\ProductDetails.php on line 12.
 1 APPPATH\Views\Home\ProductDetails.php(12): CodeIgniter\Debug\Exceptions->errorHandler(2, 'Trying to access array offset on value of type null', 'APPPATH\\Views\\Home\\ProductDetails.php', 12)
 2 SYSTEMPATH\View\View.php(213): include('APPPATH\\Views\\Home\\ProductDetails.php')
 3 SYSTEMPATH\View\View.php(216): CodeIgniter\View\View->CodeIgniter\View\{closure}()
 4 SYSTEMPATH\Common.php(1142): CodeIgniter\View\View->render('Home/ProductDetails.php', [], true)
 5 APPPATH\Controllers\Home.php(126): view('Home/ProductDetails.php', [...])
 6 SYSTEMPATH\CodeIgniter.php(904): App\Controllers\Home->ProductDetails('4')
 7 SYSTEMPATH\CodeIgniter.php(457): CodeIgniter\CodeIgniter->runController(Object(App\Controllers\Home))
 8 SYSTEMPATH\CodeIgniter.php(340): CodeIgniter\CodeIgniter->handleRequest(null, Object(Config\Cache), false)
 9 FCPATH\index.php(67): CodeIgniter\CodeIgniter->run()
CRITICAL - 2022-09-16 03:17:54 --> Trying to access array offset on value of type null
in APPPATH\Views\Home\ProductDetails.php on line 12.
 1 APPPATH\Views\Home\ProductDetails.php(12): CodeIgniter\Debug\Exceptions->errorHandler(2, 'Trying to access array offset on value of type null', 'APPPATH\\Views\\Home\\ProductDetails.php', 12)
 2 SYSTEMPATH\View\View.php(213): include('APPPATH\\Views\\Home\\ProductDetails.php')
 3 SYSTEMPATH\View\View.php(216): CodeIgniter\View\View->CodeIgniter\View\{closure}()
 4 SYSTEMPATH\Common.php(1142): CodeIgniter\View\View->render('Home/ProductDetails.php', [], true)
 5 APPPATH\Controllers\Home.php(126): view('Home/ProductDetails.php', [...])
 6 SYSTEMPATH\CodeIgniter.php(904): App\Controllers\Home->ProductDetails('4')
 7 SYSTEMPATH\CodeIgniter.php(457): CodeIgniter\CodeIgniter->runController(Object(App\Controllers\Home))
 8 SYSTEMPATH\CodeIgniter.php(340): CodeIgniter\CodeIgniter->handleRequest(null, Object(Config\Cache), false)
 9 FCPATH\index.php(67): CodeIgniter\CodeIgniter->run()
CRITICAL - 2022-09-16 03:18:30 --> view(): Argument #2 ($data) must be of type array, string given, called in C:\xampp\htdocs\DarshenFYP\app\Controllers\Home.php on line 126
in SYSTEMPATH\Common.php on line 1128.
 1 APPPATH\Controllers\Home.php(126): view('Home/ProductDetails.php', '4')
 2 SYSTEMPATH\CodeIgniter.php(904): App\Controllers\Home->ProductDetails('4')
 3 SYSTEMPATH\CodeIgniter.php(457): CodeIgniter\CodeIgniter->runController(Object(App\Controllers\Home))
 4 SYSTEMPATH\CodeIgniter.php(340): CodeIgniter\CodeIgniter->handleRequest(null, Object(Config\Cache), false)
 5 FCPATH\index.php(67): CodeIgniter\CodeIgniter->run()
CRITICAL - 2022-09-16 03:18:38 --> Trying to access array offset on value of type null
in APPPATH\Views\Home\ProductDetails.php on line 12.
 1 APPPATH\Views\Home\ProductDetails.php(12): CodeIgniter\Debug\Exceptions->errorHandler(2, 'Trying to access array offset on value of type null', 'APPPATH\\Views\\Home\\ProductDetails.php', 12)
 2 SYSTEMPATH\View\View.php(213): include('APPPATH\\Views\\Home\\ProductDetails.php')
 3 SYSTEMPATH\View\View.php(216): CodeIgniter\View\View->CodeIgniter\View\{closure}()
 4 SYSTEMPATH\Common.php(1142): CodeIgniter\View\View->render('Home/ProductDetails.php', [], true)
 5 APPPATH\Controllers\Home.php(126): view('Home/ProductDetails.php', [...])
 6 SYSTEMPATH\CodeIgniter.php(904): App\Controllers\Home->ProductDetails('4')
 7 SYSTEMPATH\CodeIgniter.php(457): CodeIgniter\CodeIgniter->runController(Object(App\Controllers\Home))
 8 SYSTEMPATH\CodeIgniter.php(340): CodeIgniter\CodeIgniter->handleRequest(null, Object(Config\Cache), false)
 9 FCPATH\index.php(67): CodeIgniter\CodeIgniter->run()
CRITICAL - 2022-09-16 03:23:17 --> Undefined variable $ProductId
in APPPATH\Controllers\Home.php on line 125.
 1 APPPATH\Controllers\Home.php(125): CodeIgniter\Debug\Exceptions->errorHandler(2, 'Undefined variable $ProductId', 'APPPATH\\Controllers\\Home.php', 125)
 2 SYSTEMPATH\CodeIgniter.php(904): App\Controllers\Home->ProductDetails('4')
 3 SYSTEMPATH\CodeIgniter.php(457): CodeIgniter\CodeIgniter->runController(Object(App\Controllers\Home))
 4 SYSTEMPATH\CodeIgniter.php(340): CodeIgniter\CodeIgniter->handleRequest(null, Object(Config\Cache), false)
 5 FCPATH\index.php(67): CodeIgniter\CodeIgniter->run()
CRITICAL - 2022-09-16 03:26:59 --> Undefined variable $ProductId
in APPPATH\Controllers\Home.php on line 125.
 1 APPPATH\Controllers\Home.php(125): CodeIgniter\Debug\Exceptions->errorHandler(2, 'Undefined variable $ProductId', 'APPPATH\\Controllers\\Home.php', 125)
 2 SYSTEMPATH\CodeIgniter.php(904): App\Controllers\Home->ProductDetails('4')
 3 SYSTEMPATH\CodeIgniter.php(457): CodeIgniter\CodeIgniter->runController(Object(App\Controllers\Home))
 4 SYSTEMPATH\CodeIgniter.php(340): CodeIgniter\CodeIgniter->handleRequest(null, Object(Config\Cache), false)
 5 FCPATH\index.php(67): CodeIgniter\CodeIgniter->run()
CRITICAL - 2022-09-16 08:39:19 --> syntax error, unexpected end of file
in APPPATH\Views\Home\ProductDetails.php on line 29.
 1 SYSTEMPATH\View\View.php(216): CodeIgniter\View\View->CodeIgniter\View\{closure}()
 2 SYSTEMPATH\Common.php(1142): CodeIgniter\View\View->render('Home/ProductDetails.php', [], true)
 3 APPPATH\Controllers\Home.php(122): view('Home/ProductDetails.php', [...])
 4 SYSTEMPATH\CodeIgniter.php(904): App\Controllers\Home->ProductDetails('1')
 5 SYSTEMPATH\CodeIgniter.php(457): CodeIgniter\CodeIgniter->runController(Object(App\Controllers\Home))
 6 SYSTEMPATH\CodeIgniter.php(340): CodeIgniter\CodeIgniter->handleRequest(null, Object(Config\Cache), false)
 7 FCPATH\index.php(67): CodeIgniter\CodeIgniter->run()
CRITICAL - 2022-09-16 08:40:18 --> Undefined variable $ProductDetails
in APPPATH\Views\Home\ProductDetails.php on line 21.
 1 APPPATH\Views\Home\ProductDetails.php(21): CodeIgniter\Debug\Exceptions->errorHandler(2, 'Undefined variable $ProductDetails', 'APPPATH\\Views\\Home\\ProductDetails.php', 21)
 2 SYSTEMPATH\View\View.php(213): include('APPPATH\\Views\\Home\\ProductDetails.php')
 3 SYSTEMPATH\View\View.php(216): CodeIgniter\View\View->CodeIgniter\View\{closure}()
 4 SYSTEMPATH\Common.php(1142): CodeIgniter\View\View->render('Home/ProductDetails.php', [], true)
 5 APPPATH\Controllers\Home.php(122): view('Home/ProductDetails.php', [...])
 6 SYSTEMPATH\CodeIgniter.php(904): App\Controllers\Home->ProductDetails('1')
 7 SYSTEMPATH\CodeIgniter.php(457): CodeIgniter\CodeIgniter->runController(Object(App\Controllers\Home))
 8 SYSTEMPATH\CodeIgniter.php(340): CodeIgniter\CodeIgniter->handleRequest(null, Object(Config\Cache), false)
 9 FCPATH\index.php(67): CodeIgniter\CodeIgniter->run()
CRITICAL - 2022-09-16 09:12:14 --> syntax error, unexpected end of file
in APPPATH\Views\Home\ProductDetails.php on line 29.
 1 SYSTEMPATH\View\View.php(216): CodeIgniter\View\View->CodeIgniter\View\{closure}()
 2 SYSTEMPATH\Common.php(1142): CodeIgniter\View\View->render('Home/ProductDetails.php', [], true)
 3 APPPATH\Controllers\Home.php(122): view('Home/ProductDetails.php', [...])
 4 SYSTEMPATH\CodeIgniter.php(904): App\Controllers\Home->ProductDetails('1')
 5 SYSTEMPATH\CodeIgniter.php(457): CodeIgniter\CodeIgniter->runController(Object(App\Controllers\Home))
 6 SYSTEMPATH\CodeIgniter.php(340): CodeIgniter\CodeIgniter->handleRequest(null, Object(Config\Cache), false)
 7 FCPATH\index.php(67): CodeIgniter\CodeIgniter->run()
CRITICAL - 2022-09-16 09:17:13 --> Undefined array key "ProductDPerformance"
in APPPATH\Views\Home\ProductDetails.php on line 26.
 1 APPPATH\Views\Home\ProductDetails.php(26): CodeIgniter\Debug\Exceptions->errorHandler(2, 'Undefined array key "ProductDPerformance"', 'APPPATH\\Views\\Home\\ProductDetails.php', 26)
 2 SYSTEMPATH\View\View.php(213): include('APPPATH\\Views\\Home\\ProductDetails.php')
 3 SYSTEMPATH\View\View.php(216): CodeIgniter\View\View->CodeIgniter\View\{closure}()
 4 SYSTEMPATH\Common.php(1142): CodeIgniter\View\View->render('Home/ProductDetails.php', [], true)
 5 APPPATH\Controllers\Home.php(122): view('Home/ProductDetails.php', [...])
 6 SYSTEMPATH\CodeIgniter.php(904): App\Controllers\Home->ProductDetails('1')
 7 SYSTEMPATH\CodeIgniter.php(457): CodeIgniter\CodeIgniter->runController(Object(App\Controllers\Home))
 8 SYSTEMPATH\CodeIgniter.php(340): CodeIgniter\CodeIgniter->handleRequest(null, Object(Config\Cache), false)
 9 FCPATH\index.php(67): CodeIgniter\CodeIgniter->run()
