CRITICAL - 2022-11-01 10:24:59 --> Undefined variable $Result
in APPPATH\Controllers\Admin.php on line 686.
 1 APPPATH\Controllers\Admin.php(686): CodeIgniter\Debug\Exceptions->errorHandler(2, 'Undefined variable $Result', 'APPPATH\\Controllers\\Admin.php', 686)
 2 SYSTEMPATH\CodeIgniter.php(904): App\Controllers\Admin->AddReward()
 3 SYSTEMPATH\CodeIgniter.php(457): CodeIgniter\CodeIgniter->runController(Object(App\Controllers\Admin))
 4 SYSTEMPATH\CodeIgniter.php(340): CodeIgniter\CodeIgniter->handleRequest(null, Object(Config\Cache), false)
 5 FCPATH\index.php(67): CodeIgniter\CodeIgniter->run()
CRITICAL - 2022-11-01 10:26:03 --> Undefined variable $Result
in APPPATH\Controllers\Admin.php on line 686.
 1 APPPATH\Controllers\Admin.php(686): CodeIgniter\Debug\Exceptions->errorHandler(2, 'Undefined variable $Result', 'APPPATH\\Controllers\\Admin.php', 686)
 2 SYSTEMPATH\CodeIgniter.php(904): App\Controllers\Admin->AddReward()
 3 SYSTEMPATH\CodeIgniter.php(457): CodeIgniter\CodeIgniter->runController(Object(App\Controllers\Admin))
 4 SYSTEMPATH\CodeIgniter.php(340): CodeIgniter\CodeIgniter->handleRequest(null, Object(Config\Cache), false)
 5 FCPATH\index.php(67): CodeIgniter\CodeIgniter->run()
CRITICAL - 2022-11-01 10:26:50 --> Undefined variable $Result
in APPPATH\Controllers\Admin.php on line 686.
 1 APPPATH\Controllers\Admin.php(686): CodeIgniter\Debug\Exceptions->errorHandler(2, 'Undefined variable $Result', 'APPPATH\\Controllers\\Admin.php', 686)
 2 SYSTEMPATH\CodeIgniter.php(904): App\Controllers\Admin->AddReward()
 3 SYSTEMPATH\CodeIgniter.php(457): CodeIgniter\CodeIgniter->runController(Object(App\Controllers\Admin))
 4 SYSTEMPATH\CodeIgniter.php(340): CodeIgniter\CodeIgniter->handleRequest(null, Object(Config\Cache), false)
 5 FCPATH\index.php(67): CodeIgniter\CodeIgniter->run()
CRITICAL - 2022-11-01 10:30:12 --> syntax error, unexpected identifier "productDetailsImage", expecting "," or ";"
in APPPATH\Controllers\Admin.php on line 675.
 1 SYSTEMPATH\Autoloader\Autoloader.php(259): CodeIgniter\Autoloader\Autoloader->includeFile('APPPATH\\Controllers\\Admin.php')
 2 SYSTEMPATH\Autoloader\Autoloader.php(237): CodeIgniter\Autoloader\Autoloader->loadInNamespace('App\\Controllers\\Admin')
 3 [internal function]: CodeIgniter\Autoloader\Autoloader->loadClass('App\\Controllers\\Admin')
 4 SYSTEMPATH\CodeIgniter.php(854): class_exists('\\App\\Controllers\\Admin', true)
 5 SYSTEMPATH\CodeIgniter.php(444): CodeIgniter\CodeIgniter->startController()
 6 SYSTEMPATH\CodeIgniter.php(340): CodeIgniter\CodeIgniter->handleRequest(null, Object(Config\Cache), false)
 7 FCPATH\index.php(67): CodeIgniter\CodeIgniter->run()
CRITICAL - 2022-11-01 10:30:23 --> syntax error, unexpected identifier "data", expecting "," or ";"
in APPPATH\Controllers\Admin.php on line 675.
 1 SYSTEMPATH\Autoloader\Autoloader.php(259): CodeIgniter\Autoloader\Autoloader->includeFile('APPPATH\\Controllers\\Admin.php')
 2 SYSTEMPATH\Autoloader\Autoloader.php(237): CodeIgniter\Autoloader\Autoloader->loadInNamespace('App\\Controllers\\Admin')
 3 [internal function]: CodeIgniter\Autoloader\Autoloader->loadClass('App\\Controllers\\Admin')
 4 SYSTEMPATH\CodeIgniter.php(854): class_exists('\\App\\Controllers\\Admin', true)
 5 SYSTEMPATH\CodeIgniter.php(444): CodeIgniter\CodeIgniter->startController()
 6 SYSTEMPATH\CodeIgniter.php(340): CodeIgniter\CodeIgniter->handleRequest(null, Object(Config\Cache), false)
 7 FCPATH\index.php(67): CodeIgniter\CodeIgniter->run()
CRITICAL - 2022-11-01 10:31:09 --> syntax error, unexpected token "echo", expecting "," or ";"
in APPPATH\Controllers\Admin.php on line 676.
 1 SYSTEMPATH\Autoloader\Autoloader.php(259): CodeIgniter\Autoloader\Autoloader->includeFile('APPPATH\\Controllers\\Admin.php')
 2 SYSTEMPATH\Autoloader\Autoloader.php(237): CodeIgniter\Autoloader\Autoloader->loadInNamespace('App\\Controllers\\Admin')
 3 [internal function]: CodeIgniter\Autoloader\Autoloader->loadClass('App\\Controllers\\Admin')
 4 SYSTEMPATH\CodeIgniter.php(854): class_exists('\\App\\Controllers\\Admin', true)
 5 SYSTEMPATH\CodeIgniter.php(444): CodeIgniter\CodeIgniter->startController()
 6 SYSTEMPATH\CodeIgniter.php(340): CodeIgniter\CodeIgniter->handleRequest(null, Object(Config\Cache), false)
 7 FCPATH\index.php(67): CodeIgniter\CodeIgniter->run()
CRITICAL - 2022-11-01 10:31:16 --> Undefined variable $Result
in APPPATH\Controllers\Admin.php on line 695.
 1 APPPATH\Controllers\Admin.php(695): CodeIgniter\Debug\Exceptions->errorHandler(2, 'Undefined variable $Result', 'APPPATH\\Controllers\\Admin.php', 695)
 2 SYSTEMPATH\CodeIgniter.php(904): App\Controllers\Admin->AddReward()
 3 SYSTEMPATH\CodeIgniter.php(457): CodeIgniter\CodeIgniter->runController(Object(App\Controllers\Admin))
 4 SYSTEMPATH\CodeIgniter.php(340): CodeIgniter\CodeIgniter->handleRequest(null, Object(Config\Cache), false)
 5 FCPATH\index.php(67): CodeIgniter\CodeIgniter->run()
CRITICAL - 2022-11-01 10:31:54 --> Undefined variable $Result
in APPPATH\Controllers\Admin.php on line 695.
 1 APPPATH\Controllers\Admin.php(695): CodeIgniter\Debug\Exceptions->errorHandler(2, 'Undefined variable $Result', 'APPPATH\\Controllers\\Admin.php', 695)
 2 SYSTEMPATH\CodeIgniter.php(904): App\Controllers\Admin->AddReward()
 3 SYSTEMPATH\CodeIgniter.php(457): CodeIgniter\CodeIgniter->runController(Object(App\Controllers\Admin))
 4 SYSTEMPATH\CodeIgniter.php(340): CodeIgniter\CodeIgniter->handleRequest(null, Object(Config\Cache), false)
 5 FCPATH\index.php(67): CodeIgniter\CodeIgniter->run()
CRITICAL - 2022-11-01 10:33:57 --> Undefined variable $Result
in APPPATH\Controllers\Admin.php on line 695.
 1 APPPATH\Controllers\Admin.php(695): CodeIgniter\Debug\Exceptions->errorHandler(2, 'Undefined variable $Result', 'APPPATH\\Controllers\\Admin.php', 695)
 2 SYSTEMPATH\CodeIgniter.php(904): App\Controllers\Admin->AddReward()
 3 SYSTEMPATH\CodeIgniter.php(457): CodeIgniter\CodeIgniter->runController(Object(App\Controllers\Admin))
 4 SYSTEMPATH\CodeIgniter.php(340): CodeIgniter\CodeIgniter->handleRequest(null, Object(Config\Cache), false)
 5 FCPATH\index.php(67): CodeIgniter\CodeIgniter->run()
CRITICAL - 2022-11-01 10:35:26 --> Undefined variable $Result
in APPPATH\Controllers\Admin.php on line 695.
 1 APPPATH\Controllers\Admin.php(695): CodeIgniter\Debug\Exceptions->errorHandler(2, 'Undefined variable $Result', 'APPPATH\\Controllers\\Admin.php', 695)
 2 SYSTEMPATH\CodeIgniter.php(904): App\Controllers\Admin->AddReward()
 3 SYSTEMPATH\CodeIgniter.php(457): CodeIgniter\CodeIgniter->runController(Object(App\Controllers\Admin))
 4 SYSTEMPATH\CodeIgniter.php(340): CodeIgniter\CodeIgniter->handleRequest(null, Object(Config\Cache), false)
 5 FCPATH\index.php(67): CodeIgniter\CodeIgniter->run()
CRITICAL - 2022-11-01 10:40:07 --> Call to undefined method CodeIgniter\HTTP\IncomingRequest::file_get_contents()
in APPPATH\Controllers\Admin.php on line 673.
 1 SYSTEMPATH\CodeIgniter.php(904): App\Controllers\Admin->AddReward()
 2 SYSTEMPATH\CodeIgniter.php(457): CodeIgniter\CodeIgniter->runController(Object(App\Controllers\Admin))
 3 SYSTEMPATH\CodeIgniter.php(340): CodeIgniter\CodeIgniter->handleRequest(null, Object(Config\Cache), false)
 4 FCPATH\index.php(67): CodeIgniter\CodeIgniter->run()
CRITICAL - 2022-11-01 10:41:11 --> Undefined variable $Result
in APPPATH\Controllers\Admin.php on line 695.
 1 APPPATH\Controllers\Admin.php(695): CodeIgniter\Debug\Exceptions->errorHandler(2, 'Undefined variable $Result', 'APPPATH\\Controllers\\Admin.php', 695)
 2 SYSTEMPATH\CodeIgniter.php(904): App\Controllers\Admin->AddReward()
 3 SYSTEMPATH\CodeIgniter.php(457): CodeIgniter\CodeIgniter->runController(Object(App\Controllers\Admin))
 4 SYSTEMPATH\CodeIgniter.php(340): CodeIgniter\CodeIgniter->handleRequest(null, Object(Config\Cache), false)
 5 FCPATH\index.php(67): CodeIgniter\CodeIgniter->run()
CRITICAL - 2022-11-01 10:41:19 --> Undefined variable $Result
in APPPATH\Controllers\Admin.php on line 695.
 1 APPPATH\Controllers\Admin.php(695): CodeIgniter\Debug\Exceptions->errorHandler(2, 'Undefined variable $Result', 'APPPATH\\Controllers\\Admin.php', 695)
 2 SYSTEMPATH\CodeIgniter.php(904): App\Controllers\Admin->AddReward()
 3 SYSTEMPATH\CodeIgniter.php(457): CodeIgniter\CodeIgniter->runController(Object(App\Controllers\Admin))
 4 SYSTEMPATH\CodeIgniter.php(340): CodeIgniter\CodeIgniter->handleRequest(null, Object(Config\Cache), false)
 5 FCPATH\index.php(67): CodeIgniter\CodeIgniter->run()
CRITICAL - 2022-11-01 10:42:05 --> Undefined variable $Result
in APPPATH\Controllers\Admin.php on line 695.
 1 APPPATH\Controllers\Admin.php(695): CodeIgniter\Debug\Exceptions->errorHandler(2, 'Undefined variable $Result', 'APPPATH\\Controllers\\Admin.php', 695)
 2 SYSTEMPATH\CodeIgniter.php(904): App\Controllers\Admin->AddReward()
 3 SYSTEMPATH\CodeIgniter.php(457): CodeIgniter\CodeIgniter->runController(Object(App\Controllers\Admin))
 4 SYSTEMPATH\CodeIgniter.php(340): CodeIgniter\CodeIgniter->handleRequest(null, Object(Config\Cache), false)
 5 FCPATH\index.php(67): CodeIgniter\CodeIgniter->run()
CRITICAL - 2022-11-01 10:42:58 --> Too few arguments to function CodeIgniter\HTTP\RedirectResponse::to(), 0 passed in C:\xampp\htdocs\DarshenFYP\app\Controllers\Admin.php on line 693 and at least 1 expected
in SYSTEMPATH\HTTP\RedirectResponse.php on line 32.
 1 APPPATH\Controllers\Admin.php(693): CodeIgniter\HTTP\RedirectResponse->to()
 2 SYSTEMPATH\CodeIgniter.php(904): App\Controllers\Admin->AddReward()
 3 SYSTEMPATH\CodeIgniter.php(457): CodeIgniter\CodeIgniter->runController(Object(App\Controllers\Admin))
 4 SYSTEMPATH\CodeIgniter.php(340): CodeIgniter\CodeIgniter->handleRequest(null, Object(Config\Cache), false)
 5 FCPATH\index.php(67): CodeIgniter\CodeIgniter->run()
CRITICAL - 2022-11-01 11:54:18 --> syntax error, unexpected token "."
in APPPATH\Views\Admin\ModifyUser.php on line 30.
 1 SYSTEMPATH\View\View.php(216): CodeIgniter\View\View->CodeIgniter\View\{closure}()
 2 SYSTEMPATH\Common.php(1142): CodeIgniter\View\View->render('Admin/ModifyUser.php', [], true)
 3 APPPATH\Controllers\Admin.php(907): view('Admin/ModifyUser.php', [...])
 4 SYSTEMPATH\CodeIgniter.php(904): App\Controllers\Admin->ModifyUser()
 5 SYSTEMPATH\CodeIgniter.php(457): CodeIgniter\CodeIgniter->runController(Object(App\Controllers\Admin))
 6 SYSTEMPATH\CodeIgniter.php(340): CodeIgniter\CodeIgniter->handleRequest(null, Object(Config\Cache), false)
 7 FCPATH\index.php(67): CodeIgniter\CodeIgniter->run()
CRITICAL - 2022-11-01 11:57:19 --> password_hash() expects at least 2 arguments, 1 given
in APPPATH\Views\Admin\ModifyUser.php on line 30.
 1 APPPATH\Views\Admin\ModifyUser.php(30): password_hash('$2y$10$fqljNQEJ5kaOgvoLQ9n.1Okk0e6nPISC3ahe2Cb7mkQzyjhP7ilou')
 2 SYSTEMPATH\View\View.php(213): include('APPPATH\\Views\\Admin\\ModifyUser.php')
 3 SYSTEMPATH\View\View.php(216): CodeIgniter\View\View->CodeIgniter\View\{closure}()
 4 SYSTEMPATH\Common.php(1142): CodeIgniter\View\View->render('Admin/ModifyUser.php', [], true)
 5 APPPATH\Controllers\Admin.php(907): view('Admin/ModifyUser.php', [...])
 6 SYSTEMPATH\CodeIgniter.php(904): App\Controllers\Admin->ModifyUser()
 7 SYSTEMPATH\CodeIgniter.php(457): CodeIgniter\CodeIgniter->runController(Object(App\Controllers\Admin))
 8 SYSTEMPATH\CodeIgniter.php(340): CodeIgniter\CodeIgniter->handleRequest(null, Object(Config\Cache), false)
 9 FCPATH\index.php(67): CodeIgniter\CodeIgniter->run()
