CRITICAL - 2022-11-30 12:47:50 --> Too few arguments to function CodeIgniter\HTTP\RedirectResponse::to(), 0 passed in C:\xampp\htdocs\DarshenFYP\app\Controllers\Home.php on line 1042 and at least 1 expected
in SYSTEMPATH\HTTP\RedirectResponse.php on line 32.
 1 APPPATH\Controllers\Home.php(1042): CodeIgniter\HTTP\RedirectResponse->to()
 2 SYSTEMPATH\CodeIgniter.php(904): App\Controllers\Home->CODPayment()
 3 SYSTEMPATH\CodeIgniter.php(457): CodeIgniter\CodeIgniter->runController(Object(App\Controllers\Home))
 4 SYSTEMPATH\CodeIgniter.php(340): CodeIgniter\CodeIgniter->handleRequest(null, Object(Config\Cache), false)
 5 FCPATH\index.php(67): CodeIgniter\CodeIgniter->run()
CRITICAL - 2022-11-30 12:48:41 --> Undefined constant "App\Controllers\v"
in APPPATH\Controllers\Home.php on line 985.
 1 SYSTEMPATH\CodeIgniter.php(904): App\Controllers\Home->CODPayment()
 2 SYSTEMPATH\CodeIgniter.php(457): CodeIgniter\CodeIgniter->runController(Object(App\Controllers\Home))
 3 SYSTEMPATH\CodeIgniter.php(340): CodeIgniter\CodeIgniter->handleRequest(null, Object(Config\Cache), false)
 4 FCPATH\index.php(67): CodeIgniter\CodeIgniter->run()
CRITICAL - 2022-11-30 12:48:55 --> Too few arguments to function CodeIgniter\HTTP\RedirectResponse::to(), 0 passed in C:\xampp\htdocs\DarshenFYP\app\Controllers\Home.php on line 1043 and at least 1 expected
in SYSTEMPATH\HTTP\RedirectResponse.php on line 32.
 1 APPPATH\Controllers\Home.php(1043): CodeIgniter\HTTP\RedirectResponse->to()
 2 SYSTEMPATH\CodeIgniter.php(904): App\Controllers\Home->CODPayment()
 3 SYSTEMPATH\CodeIgniter.php(457): CodeIgniter\CodeIgniter->runController(Object(App\Controllers\Home))
 4 SYSTEMPATH\CodeIgniter.php(340): CodeIgniter\CodeIgniter->handleRequest(null, Object(Config\Cache), false)
 5 FCPATH\index.php(67): CodeIgniter\CodeIgniter->run()
