ERROR - 2022-11-04 11:37:42 --> mysqli_sql_exception: Unknown column 'id' in 'where clause' in C:\xampp\htdocs\DarshenFYP\system\Database\MySQLi\Connection.php:292
Stack trace:
#0 C:\xampp\htdocs\DarshenFYP\system\Database\MySQLi\Connection.php(292): mysqli->query('SELECT *\nFROM `...', 0)
#1 C:\xampp\htdocs\DarshenFYP\system\Database\BaseConnection.php(693): CodeIgniter\Database\MySQLi\Connection->execute('SELECT *\nFROM `...')
#2 C:\xampp\htdocs\DarshenFYP\system\Database\BaseConnection.php(620): CodeIgniter\Database\BaseConnection->simpleQuery('SELECT *\nFROM `...')
#3 C:\xampp\htdocs\DarshenFYP\system\Database\BaseBuilder.php(1585): CodeIgniter\Database\BaseConnection->query('SELECT *\nFROM `...', Array, false)
#4 C:\xampp\htdocs\DarshenFYP\system\Model.php(250): CodeIgniter\Database\BaseBuilder->get()
#5 C:\xampp\htdocs\DarshenFYP\system\BaseModel.php(622): CodeIgniter\Model->doFirst()
#6 C:\xampp\htdocs\DarshenFYP\app\Controllers\Admin.php(925): CodeIgniter\BaseModel->first()
#7 C:\xampp\htdocs\DarshenFYP\system\CodeIgniter.php(904): App\Controllers\Admin->ModifyProducts()
#8 C:\xampp\htdocs\DarshenFYP\system\CodeIgniter.php(457): CodeIgniter\CodeIgniter->runController(Object(App\Controllers\Admin))
#9 C:\xampp\htdocs\DarshenFYP\system\CodeIgniter.php(340): CodeIgniter\CodeIgniter->handleRequest(NULL, Object(Config\Cache), false)
#10 C:\xampp\htdocs\DarshenFYP\public\index.php(67): CodeIgniter\CodeIgniter->run()
#11 {main}
CRITICAL - 2022-11-04 11:37:42 --> Call to a member function getFirstRow() on bool
in SYSTEMPATH\Model.php on line 250.
 1 SYSTEMPATH\BaseModel.php(622): CodeIgniter\Model->doFirst()
 2 APPPATH\Controllers\Admin.php(925): CodeIgniter\BaseModel->first()
 3 SYSTEMPATH\CodeIgniter.php(904): App\Controllers\Admin->ModifyProducts()
 4 SYSTEMPATH\CodeIgniter.php(457): CodeIgniter\CodeIgniter->runController(Object(App\Controllers\Admin))
 5 SYSTEMPATH\CodeIgniter.php(340): CodeIgniter\CodeIgniter->handleRequest(null, Object(Config\Cache), false)
 6 FCPATH\index.php(67): CodeIgniter\CodeIgniter->run()
CRITICAL - 2022-11-04 11:38:42 --> Undefined variable $viewproduct
in APPPATH\Views\Admin\ModifyProducts.php on line 10.
 1 APPPATH\Views\Admin\ModifyProducts.php(10): CodeIgniter\Debug\Exceptions->errorHandler(2, 'Undefined variable $viewproduct', 'APPPATH\\Views\\Admin\\ModifyProducts.php', 10)
 2 SYSTEMPATH\View\View.php(213): include('APPPATH\\Views\\Admin\\ModifyProducts.php')
 3 SYSTEMPATH\View\View.php(216): CodeIgniter\View\View->CodeIgniter\View\{closure}()
 4 SYSTEMPATH\Common.php(1142): CodeIgniter\View\View->render('Admin/ModifyProducts.php', [], true)
 5 APPPATH\Controllers\Admin.php(925): view('Admin/ModifyProducts.php', [])
 6 SYSTEMPATH\CodeIgniter.php(904): App\Controllers\Admin->ModifyProducts()
 7 SYSTEMPATH\CodeIgniter.php(457): CodeIgniter\CodeIgniter->runController(Object(App\Controllers\Admin))
 8 SYSTEMPATH\CodeIgniter.php(340): CodeIgniter\CodeIgniter->handleRequest(null, Object(Config\Cache), false)
 9 FCPATH\index.php(67): CodeIgniter\CodeIgniter->run()
CRITICAL - 2022-11-04 11:39:10 --> Undefined array key "productname"
in APPPATH\Views\Admin\ModifyProducts.php on line 10.
 1 APPPATH\Views\Admin\ModifyProducts.php(10): CodeIgniter\Debug\Exceptions->errorHandler(2, 'Undefined array key "productname"', 'APPPATH\\Views\\Admin\\ModifyProducts.php', 10)
 2 SYSTEMPATH\View\View.php(213): include('APPPATH\\Views\\Admin\\ModifyProducts.php')
 3 SYSTEMPATH\View\View.php(216): CodeIgniter\View\View->CodeIgniter\View\{closure}()
 4 SYSTEMPATH\Common.php(1142): CodeIgniter\View\View->render('Admin/ModifyProducts.php', [], true)
 5 APPPATH\Controllers\Admin.php(929): view('Admin/ModifyProducts.php', [...])
 6 SYSTEMPATH\CodeIgniter.php(904): App\Controllers\Admin->ModifyProducts()
 7 SYSTEMPATH\CodeIgniter.php(457): CodeIgniter\CodeIgniter->runController(Object(App\Controllers\Admin))
 8 SYSTEMPATH\CodeIgniter.php(340): CodeIgniter\CodeIgniter->handleRequest(null, Object(Config\Cache), false)
 9 FCPATH\index.php(67): CodeIgniter\CodeIgniter->run()
CRITICAL - 2022-11-04 11:39:24 --> Undefined array key "productname"
in APPPATH\Views\Admin\ModifyProducts.php on line 10.
 1 APPPATH\Views\Admin\ModifyProducts.php(10): CodeIgniter\Debug\Exceptions->errorHandler(2, 'Undefined array key "productname"', 'APPPATH\\Views\\Admin\\ModifyProducts.php', 10)
 2 SYSTEMPATH\View\View.php(213): include('APPPATH\\Views\\Admin\\ModifyProducts.php')
 3 SYSTEMPATH\View\View.php(216): CodeIgniter\View\View->CodeIgniter\View\{closure}()
 4 SYSTEMPATH\Common.php(1142): CodeIgniter\View\View->render('Admin/ModifyProducts.php', [], true)
 5 APPPATH\Controllers\Admin.php(929): view('Admin/ModifyProducts.php', [...])
 6 SYSTEMPATH\CodeIgniter.php(904): App\Controllers\Admin->ModifyProducts()
 7 SYSTEMPATH\CodeIgniter.php(457): CodeIgniter\CodeIgniter->runController(Object(App\Controllers\Admin))
 8 SYSTEMPATH\CodeIgniter.php(340): CodeIgniter\CodeIgniter->handleRequest(null, Object(Config\Cache), false)
 9 FCPATH\index.php(67): CodeIgniter\CodeIgniter->run()
CRITICAL - 2022-11-04 11:39:33 --> Undefined array key "productname"
in APPPATH\Views\Admin\ModifyProducts.php on line 10.
 1 APPPATH\Views\Admin\ModifyProducts.php(10): CodeIgniter\Debug\Exceptions->errorHandler(2, 'Undefined array key "productname"', 'APPPATH\\Views\\Admin\\ModifyProducts.php', 10)
 2 SYSTEMPATH\View\View.php(213): include('APPPATH\\Views\\Admin\\ModifyProducts.php')
 3 SYSTEMPATH\View\View.php(216): CodeIgniter\View\View->CodeIgniter\View\{closure}()
 4 SYSTEMPATH\Common.php(1142): CodeIgniter\View\View->render('Admin/ModifyProducts.php', [], true)
 5 APPPATH\Controllers\Admin.php(929): view('Admin/ModifyProducts.php', [...])
 6 SYSTEMPATH\CodeIgniter.php(904): App\Controllers\Admin->ModifyProducts()
 7 SYSTEMPATH\CodeIgniter.php(457): CodeIgniter\CodeIgniter->runController(Object(App\Controllers\Admin))
 8 SYSTEMPATH\CodeIgniter.php(340): CodeIgniter\CodeIgniter->handleRequest(null, Object(Config\Cache), false)
 9 FCPATH\index.php(67): CodeIgniter\CodeIgniter->run()
CRITICAL - 2022-11-04 11:40:20 --> Undefined variable $viewproduct
in APPPATH\Controllers\Admin.php on line 926.
 1 APPPATH\Controllers\Admin.php(926): CodeIgniter\Debug\Exceptions->errorHandler(2, 'Undefined variable $viewproduct', 'APPPATH\\Controllers\\Admin.php', 926)
 2 SYSTEMPATH\CodeIgniter.php(904): App\Controllers\Admin->ModifyProducts()
 3 SYSTEMPATH\CodeIgniter.php(457): CodeIgniter\CodeIgniter->runController(Object(App\Controllers\Admin))
 4 SYSTEMPATH\CodeIgniter.php(340): CodeIgniter\CodeIgniter->handleRequest(null, Object(Config\Cache), false)
 5 FCPATH\index.php(67): CodeIgniter\CodeIgniter->run()
CRITICAL - 2022-11-04 11:41:24 --> Undefined variable $viewproduct
in APPPATH\Controllers\Admin.php on line 927.
 1 APPPATH\Controllers\Admin.php(927): CodeIgniter\Debug\Exceptions->errorHandler(2, 'Undefined variable $viewproduct', 'APPPATH\\Controllers\\Admin.php', 927)
 2 SYSTEMPATH\CodeIgniter.php(904): App\Controllers\Admin->ModifyProducts()
 3 SYSTEMPATH\CodeIgniter.php(457): CodeIgniter\CodeIgniter->runController(Object(App\Controllers\Admin))
 4 SYSTEMPATH\CodeIgniter.php(340): CodeIgniter\CodeIgniter->handleRequest(null, Object(Config\Cache), false)
 5 FCPATH\index.php(67): CodeIgniter\CodeIgniter->run()
CRITICAL - 2022-11-04 11:41:58 --> Undefined variable $viewproduct
in APPPATH\Controllers\Admin.php on line 926.
 1 APPPATH\Controllers\Admin.php(926): CodeIgniter\Debug\Exceptions->errorHandler(2, 'Undefined variable $viewproduct', 'APPPATH\\Controllers\\Admin.php', 926)
 2 SYSTEMPATH\CodeIgniter.php(904): App\Controllers\Admin->ModifyProducts()
 3 SYSTEMPATH\CodeIgniter.php(457): CodeIgniter\CodeIgniter->runController(Object(App\Controllers\Admin))
 4 SYSTEMPATH\CodeIgniter.php(340): CodeIgniter\CodeIgniter->handleRequest(null, Object(Config\Cache), false)
 5 FCPATH\index.php(67): CodeIgniter\CodeIgniter->run()
CRITICAL - 2022-11-04 11:43:02 --> Undefined array key "productname"
in APPPATH\Views\Admin\ModifyProducts.php on line 10.
 1 APPPATH\Views\Admin\ModifyProducts.php(10): CodeIgniter\Debug\Exceptions->errorHandler(2, 'Undefined array key "productname"', 'APPPATH\\Views\\Admin\\ModifyProducts.php', 10)
 2 SYSTEMPATH\View\View.php(213): include('APPPATH\\Views\\Admin\\ModifyProducts.php')
 3 SYSTEMPATH\View\View.php(216): CodeIgniter\View\View->CodeIgniter\View\{closure}()
 4 SYSTEMPATH\Common.php(1142): CodeIgniter\View\View->render('Admin/ModifyProducts.php', [], true)
 5 APPPATH\Controllers\Admin.php(930): view('Admin/ModifyProducts.php', [...])
 6 SYSTEMPATH\CodeIgniter.php(904): App\Controllers\Admin->ModifyProducts()
 7 SYSTEMPATH\CodeIgniter.php(457): CodeIgniter\CodeIgniter->runController(Object(App\Controllers\Admin))
 8 SYSTEMPATH\CodeIgniter.php(340): CodeIgniter\CodeIgniter->handleRequest(null, Object(Config\Cache), false)
 9 FCPATH\index.php(67): CodeIgniter\CodeIgniter->run()
CRITICAL - 2022-11-04 11:43:08 --> Undefined array key "productname"
in APPPATH\Views\Admin\ModifyProducts.php on line 10.
 1 APPPATH\Views\Admin\ModifyProducts.php(10): CodeIgniter\Debug\Exceptions->errorHandler(2, 'Undefined array key "productname"', 'APPPATH\\Views\\Admin\\ModifyProducts.php', 10)
 2 SYSTEMPATH\View\View.php(213): include('APPPATH\\Views\\Admin\\ModifyProducts.php')
 3 SYSTEMPATH\View\View.php(216): CodeIgniter\View\View->CodeIgniter\View\{closure}()
 4 SYSTEMPATH\Common.php(1142): CodeIgniter\View\View->render('Admin/ModifyProducts.php', [], true)
 5 APPPATH\Controllers\Admin.php(930): view('Admin/ModifyProducts.php', [...])
 6 SYSTEMPATH\CodeIgniter.php(904): App\Controllers\Admin->ModifyProducts()
 7 SYSTEMPATH\CodeIgniter.php(457): CodeIgniter\CodeIgniter->runController(Object(App\Controllers\Admin))
 8 SYSTEMPATH\CodeIgniter.php(340): CodeIgniter\CodeIgniter->handleRequest(null, Object(Config\Cache), false)
 9 FCPATH\index.php(67): CodeIgniter\CodeIgniter->run()
CRITICAL - 2022-11-04 11:44:49 --> Undefined array key "productname"
in APPPATH\Views\Admin\ModifyProducts.php on line 10.
 1 APPPATH\Views\Admin\ModifyProducts.php(10): CodeIgniter\Debug\Exceptions->errorHandler(2, 'Undefined array key "productname"', 'APPPATH\\Views\\Admin\\ModifyProducts.php', 10)
 2 SYSTEMPATH\View\View.php(213): include('APPPATH\\Views\\Admin\\ModifyProducts.php')
 3 SYSTEMPATH\View\View.php(216): CodeIgniter\View\View->CodeIgniter\View\{closure}()
 4 SYSTEMPATH\Common.php(1142): CodeIgniter\View\View->render('Admin/ModifyProducts.php', [], true)
 5 APPPATH\Controllers\Admin.php(930): view('Admin/ModifyProducts.php', [...])
 6 SYSTEMPATH\CodeIgniter.php(904): App\Controllers\Admin->ModifyProducts()
 7 SYSTEMPATH\CodeIgniter.php(457): CodeIgniter\CodeIgniter->runController(Object(App\Controllers\Admin))
 8 SYSTEMPATH\CodeIgniter.php(340): CodeIgniter\CodeIgniter->handleRequest(null, Object(Config\Cache), false)
 9 FCPATH\index.php(67): CodeIgniter\CodeIgniter->run()
CRITICAL - 2022-11-04 11:45:05 --> Undefined array key "productname"
in APPPATH\Views\Admin\ModifyProducts.php on line 10.
 1 APPPATH\Views\Admin\ModifyProducts.php(10): CodeIgniter\Debug\Exceptions->errorHandler(2, 'Undefined array key "productname"', 'APPPATH\\Views\\Admin\\ModifyProducts.php', 10)
 2 SYSTEMPATH\View\View.php(213): include('APPPATH\\Views\\Admin\\ModifyProducts.php')
 3 SYSTEMPATH\View\View.php(216): CodeIgniter\View\View->CodeIgniter\View\{closure}()
 4 SYSTEMPATH\Common.php(1142): CodeIgniter\View\View->render('Admin/ModifyProducts.php', [], true)
 5 APPPATH\Controllers\Admin.php(931): view('Admin/ModifyProducts.php', [...])
 6 SYSTEMPATH\CodeIgniter.php(904): App\Controllers\Admin->ModifyProducts()
 7 SYSTEMPATH\CodeIgniter.php(457): CodeIgniter\CodeIgniter->runController(Object(App\Controllers\Admin))
 8 SYSTEMPATH\CodeIgniter.php(340): CodeIgniter\CodeIgniter->handleRequest(null, Object(Config\Cache), false)
 9 FCPATH\index.php(67): CodeIgniter\CodeIgniter->run()
CRITICAL - 2022-11-04 11:45:08 --> Undefined array key "productname"
in APPPATH\Views\Admin\ModifyProducts.php on line 10.
 1 APPPATH\Views\Admin\ModifyProducts.php(10): CodeIgniter\Debug\Exceptions->errorHandler(2, 'Undefined array key "productname"', 'APPPATH\\Views\\Admin\\ModifyProducts.php', 10)
 2 SYSTEMPATH\View\View.php(213): include('APPPATH\\Views\\Admin\\ModifyProducts.php')
 3 SYSTEMPATH\View\View.php(216): CodeIgniter\View\View->CodeIgniter\View\{closure}()
 4 SYSTEMPATH\Common.php(1142): CodeIgniter\View\View->render('Admin/ModifyProducts.php', [], true)
 5 APPPATH\Controllers\Admin.php(931): view('Admin/ModifyProducts.php', [...])
 6 SYSTEMPATH\CodeIgniter.php(904): App\Controllers\Admin->ModifyProducts()
 7 SYSTEMPATH\CodeIgniter.php(457): CodeIgniter\CodeIgniter->runController(Object(App\Controllers\Admin))
 8 SYSTEMPATH\CodeIgniter.php(340): CodeIgniter\CodeIgniter->handleRequest(null, Object(Config\Cache), false)
 9 FCPATH\index.php(67): CodeIgniter\CodeIgniter->run()
CRITICAL - 2022-11-04 11:46:36 --> Undefined array key "productname"
in APPPATH\Views\Admin\ModifyProducts.php on line 10.
 1 APPPATH\Views\Admin\ModifyProducts.php(10): CodeIgniter\Debug\Exceptions->errorHandler(2, 'Undefined array key "productname"', 'APPPATH\\Views\\Admin\\ModifyProducts.php', 10)
 2 SYSTEMPATH\View\View.php(213): include('APPPATH\\Views\\Admin\\ModifyProducts.php')
 3 SYSTEMPATH\View\View.php(216): CodeIgniter\View\View->CodeIgniter\View\{closure}()
 4 SYSTEMPATH\Common.php(1142): CodeIgniter\View\View->render('Admin/ModifyProducts.php', [], true)
 5 APPPATH\Controllers\Admin.php(931): view('Admin/ModifyProducts.php', [...])
 6 SYSTEMPATH\CodeIgniter.php(904): App\Controllers\Admin->ModifyProducts()
 7 SYSTEMPATH\CodeIgniter.php(457): CodeIgniter\CodeIgniter->runController(Object(App\Controllers\Admin))
 8 SYSTEMPATH\CodeIgniter.php(340): CodeIgniter\CodeIgniter->handleRequest(null, Object(Config\Cache), false)
 9 FCPATH\index.php(67): CodeIgniter\CodeIgniter->run()
CRITICAL - 2022-11-04 11:47:06 --> Undefined array key "productprice"
in APPPATH\Views\Admin\ModifyProducts.php on line 22.
 1 APPPATH\Views\Admin\ModifyProducts.php(22): CodeIgniter\Debug\Exceptions->errorHandler(2, 'Undefined array key "productprice"', 'APPPATH\\Views\\Admin\\ModifyProducts.php', 22)
 2 SYSTEMPATH\View\View.php(213): include('APPPATH\\Views\\Admin\\ModifyProducts.php')
 3 SYSTEMPATH\View\View.php(216): CodeIgniter\View\View->CodeIgniter\View\{closure}()
 4 SYSTEMPATH\Common.php(1142): CodeIgniter\View\View->render('Admin/ModifyProducts.php', [], true)
 5 APPPATH\Controllers\Admin.php(931): view('Admin/ModifyProducts.php', [...])
 6 SYSTEMPATH\CodeIgniter.php(904): App\Controllers\Admin->ModifyProducts()
 7 SYSTEMPATH\CodeIgniter.php(457): CodeIgniter\CodeIgniter->runController(Object(App\Controllers\Admin))
 8 SYSTEMPATH\CodeIgniter.php(340): CodeIgniter\CodeIgniter->handleRequest(null, Object(Config\Cache), false)
 9 FCPATH\index.php(67): CodeIgniter\CodeIgniter->run()
CRITICAL - 2022-11-04 11:48:00 --> Undefined array key "productname"
in APPPATH\Views\Admin\ModifyProducts.php on line 10.
 1 APPPATH\Views\Admin\ModifyProducts.php(10): CodeIgniter\Debug\Exceptions->errorHandler(2, 'Undefined array key "productname"', 'APPPATH\\Views\\Admin\\ModifyProducts.php', 10)
 2 SYSTEMPATH\View\View.php(213): include('APPPATH\\Views\\Admin\\ModifyProducts.php')
 3 SYSTEMPATH\View\View.php(216): CodeIgniter\View\View->CodeIgniter\View\{closure}()
 4 SYSTEMPATH\Common.php(1142): CodeIgniter\View\View->render('Admin/ModifyProducts.php', [], true)
 5 APPPATH\Controllers\Admin.php(931): view('Admin/ModifyProducts.php', [...])
 6 SYSTEMPATH\CodeIgniter.php(904): App\Controllers\Admin->ModifyProducts()
 7 SYSTEMPATH\CodeIgniter.php(457): CodeIgniter\CodeIgniter->runController(Object(App\Controllers\Admin))
 8 SYSTEMPATH\CodeIgniter.php(340): CodeIgniter\CodeIgniter->handleRequest(null, Object(Config\Cache), false)
 9 FCPATH\index.php(67): CodeIgniter\CodeIgniter->run()
CRITICAL - 2022-11-04 11:48:09 --> Undefined array key "productprice"
in APPPATH\Views\Admin\ModifyProducts.php on line 22.
 1 APPPATH\Views\Admin\ModifyProducts.php(22): CodeIgniter\Debug\Exceptions->errorHandler(2, 'Undefined array key "productprice"', 'APPPATH\\Views\\Admin\\ModifyProducts.php', 22)
 2 SYSTEMPATH\View\View.php(213): include('APPPATH\\Views\\Admin\\ModifyProducts.php')
 3 SYSTEMPATH\View\View.php(216): CodeIgniter\View\View->CodeIgniter\View\{closure}()
 4 SYSTEMPATH\Common.php(1142): CodeIgniter\View\View->render('Admin/ModifyProducts.php', [], true)
 5 APPPATH\Controllers\Admin.php(931): view('Admin/ModifyProducts.php', [...])
 6 SYSTEMPATH\CodeIgniter.php(904): App\Controllers\Admin->ModifyProducts()
 7 SYSTEMPATH\CodeIgniter.php(457): CodeIgniter\CodeIgniter->runController(Object(App\Controllers\Admin))
 8 SYSTEMPATH\CodeIgniter.php(340): CodeIgniter\CodeIgniter->handleRequest(null, Object(Config\Cache), false)
 9 FCPATH\index.php(67): CodeIgniter\CodeIgniter->run()
CRITICAL - 2022-11-04 11:49:25 --> Undefined array key "productprice"
in APPPATH\Views\Admin\ModifyProducts.php on line 22.
 1 APPPATH\Views\Admin\ModifyProducts.php(22): CodeIgniter\Debug\Exceptions->errorHandler(2, 'Undefined array key "productprice"', 'APPPATH\\Views\\Admin\\ModifyProducts.php', 22)
 2 SYSTEMPATH\View\View.php(213): include('APPPATH\\Views\\Admin\\ModifyProducts.php')
 3 SYSTEMPATH\View\View.php(216): CodeIgniter\View\View->CodeIgniter\View\{closure}()
 4 SYSTEMPATH\Common.php(1142): CodeIgniter\View\View->render('Admin/ModifyProducts.php', [], true)
 5 APPPATH\Controllers\Admin.php(931): view('Admin/ModifyProducts.php', [...])
 6 SYSTEMPATH\CodeIgniter.php(904): App\Controllers\Admin->ModifyProducts()
 7 SYSTEMPATH\CodeIgniter.php(457): CodeIgniter\CodeIgniter->runController(Object(App\Controllers\Admin))
 8 SYSTEMPATH\CodeIgniter.php(340): CodeIgniter\CodeIgniter->handleRequest(null, Object(Config\Cache), false)
 9 FCPATH\index.php(67): CodeIgniter\CodeIgniter->run()
CRITICAL - 2022-11-04 12:02:08 --> Undefined variable $viewproduct
in APPPATH\Views\Admin\ModifyPromotion.php on line 10.
 1 APPPATH\Views\Admin\ModifyPromotion.php(10): CodeIgniter\Debug\Exceptions->errorHandler(2, 'Undefined variable $viewproduct', 'APPPATH\\Views\\Admin\\ModifyPromotion.php', 10)
 2 SYSTEMPATH\View\View.php(213): include('APPPATH\\Views\\Admin\\ModifyPromotion.php')
 3 SYSTEMPATH\View\View.php(216): CodeIgniter\View\View->CodeIgniter\View\{closure}()
 4 SYSTEMPATH\Common.php(1142): CodeIgniter\View\View->render('Admin/ModifyPromotion.php', [], true)
 5 APPPATH\Controllers\Admin.php(953): view('Admin/ModifyPromotion.php', [...])
 6 SYSTEMPATH\CodeIgniter.php(904): App\Controllers\Admin->ModifyPromotion()
 7 SYSTEMPATH\CodeIgniter.php(457): CodeIgniter\CodeIgniter->runController(Object(App\Controllers\Admin))
 8 SYSTEMPATH\CodeIgniter.php(340): CodeIgniter\CodeIgniter->handleRequest(null, Object(Config\Cache), false)
 9 FCPATH\index.php(67): CodeIgniter\CodeIgniter->run()
CRITICAL - 2022-11-04 12:03:02 --> Undefined array key "ProductImage"
in APPPATH\Views\Admin\ModifyPromotion.php on line 25.
 1 APPPATH\Views\Admin\ModifyPromotion.php(25): CodeIgniter\Debug\Exceptions->errorHandler(2, 'Undefined array key "ProductImage"', 'APPPATH\\Views\\Admin\\ModifyPromotion.php', 25)
 2 SYSTEMPATH\View\View.php(213): include('APPPATH\\Views\\Admin\\ModifyPromotion.php')
 3 SYSTEMPATH\View\View.php(216): CodeIgniter\View\View->CodeIgniter\View\{closure}()
 4 SYSTEMPATH\Common.php(1142): CodeIgniter\View\View->render('Admin/ModifyPromotion.php', [], true)
 5 APPPATH\Controllers\Admin.php(953): view('Admin/ModifyPromotion.php', [...])
 6 SYSTEMPATH\CodeIgniter.php(904): App\Controllers\Admin->ModifyPromotion()
 7 SYSTEMPATH\CodeIgniter.php(457): CodeIgniter\CodeIgniter->runController(Object(App\Controllers\Admin))
 8 SYSTEMPATH\CodeIgniter.php(340): CodeIgniter\CodeIgniter->handleRequest(null, Object(Config\Cache), false)
 9 FCPATH\index.php(67): CodeIgniter\CodeIgniter->run()
CRITICAL - 2022-11-04 12:13:37 --> Cannot redeclare App\Controllers\Admin::ModifyComponents()
in APPPATH\Controllers\Admin.php on line 983.
 1 [internal function]: CodeIgniter\Debug\Exceptions->shutdownHandler()
CRITICAL - 2022-11-04 12:13:44 --> Cannot redeclare App\Controllers\Admin::ModifyComponents()
in APPPATH\Controllers\Admin.php on line 983.
 1 [internal function]: CodeIgniter\Debug\Exceptions->shutdownHandler()
CRITICAL - 2022-11-04 12:15:01 --> Undefined variable $viewpromotion
in APPPATH\Views\Admin\ModifyComponents.php on line 46.
 1 APPPATH\Views\Admin\ModifyComponents.php(46): CodeIgniter\Debug\Exceptions->errorHandler(2, 'Undefined variable $viewpromotion', 'APPPATH\\Views\\Admin\\ModifyComponents.php', 46)
 2 SYSTEMPATH\View\View.php(213): include('APPPATH\\Views\\Admin\\ModifyComponents.php')
 3 SYSTEMPATH\View\View.php(216): CodeIgniter\View\View->CodeIgniter\View\{closure}()
 4 SYSTEMPATH\Common.php(1142): CodeIgniter\View\View->render('Admin/ModifyComponents.php', [], true)
 5 APPPATH\Controllers\Admin.php(976): view('Admin/ModifyComponents.php', [...])
 6 SYSTEMPATH\CodeIgniter.php(904): App\Controllers\Admin->ModifyComponents()
 7 SYSTEMPATH\CodeIgniter.php(457): CodeIgniter\CodeIgniter->runController(Object(App\Controllers\Admin))
 8 SYSTEMPATH\CodeIgniter.php(340): CodeIgniter\CodeIgniter->handleRequest(null, Object(Config\Cache), false)
 9 FCPATH\index.php(67): CodeIgniter\CodeIgniter->run()
CRITICAL - 2022-11-04 12:15:15 --> Undefined variable $viewpromotion
in APPPATH\Views\Admin\ModifyComponents.php on line 46.
 1 APPPATH\Views\Admin\ModifyComponents.php(46): CodeIgniter\Debug\Exceptions->errorHandler(2, 'Undefined variable $viewpromotion', 'APPPATH\\Views\\Admin\\ModifyComponents.php', 46)
 2 SYSTEMPATH\View\View.php(213): include('APPPATH\\Views\\Admin\\ModifyComponents.php')
 3 SYSTEMPATH\View\View.php(216): CodeIgniter\View\View->CodeIgniter\View\{closure}()
 4 SYSTEMPATH\Common.php(1142): CodeIgniter\View\View->render('Admin/ModifyComponents.php', [], true)
 5 APPPATH\Controllers\Admin.php(976): view('Admin/ModifyComponents.php', [...])
 6 SYSTEMPATH\CodeIgniter.php(904): App\Controllers\Admin->ModifyComponents()
 7 SYSTEMPATH\CodeIgniter.php(457): CodeIgniter\CodeIgniter->runController(Object(App\Controllers\Admin))
 8 SYSTEMPATH\CodeIgniter.php(340): CodeIgniter\CodeIgniter->handleRequest(null, Object(Config\Cache), false)
 9 FCPATH\index.php(67): CodeIgniter\CodeIgniter->run()
ERROR - 2022-11-04 12:32:28 --> mysqli_sql_exception: Unknown column 'RewardID' in 'where clause' in C:\xampp\htdocs\DarshenFYP\system\Database\MySQLi\Connection.php:292
Stack trace:
#0 C:\xampp\htdocs\DarshenFYP\system\Database\MySQLi\Connection.php(292): mysqli->query('SELECT *\nFROM `...', 0)
#1 C:\xampp\htdocs\DarshenFYP\system\Database\BaseConnection.php(693): CodeIgniter\Database\MySQLi\Connection->execute('SELECT *\nFROM `...')
#2 C:\xampp\htdocs\DarshenFYP\system\Database\BaseConnection.php(620): CodeIgniter\Database\BaseConnection->simpleQuery('SELECT *\nFROM `...')
#3 C:\xampp\htdocs\DarshenFYP\system\Database\BaseBuilder.php(1585): CodeIgniter\Database\BaseConnection->query('SELECT *\nFROM `...', Array, false)
#4 C:\xampp\htdocs\DarshenFYP\system\Model.php(250): CodeIgniter\Database\BaseBuilder->get()
#5 C:\xampp\htdocs\DarshenFYP\system\BaseModel.php(622): CodeIgniter\Model->doFirst()
#6 C:\xampp\htdocs\DarshenFYP\app\Controllers\Admin.php(1017): CodeIgniter\BaseModel->first()
#7 C:\xampp\htdocs\DarshenFYP\system\CodeIgniter.php(904): App\Controllers\Admin->ViewPayment()
#8 C:\xampp\htdocs\DarshenFYP\system\CodeIgniter.php(457): CodeIgniter\CodeIgniter->runController(Object(App\Controllers\Admin))
#9 C:\xampp\htdocs\DarshenFYP\system\CodeIgniter.php(340): CodeIgniter\CodeIgniter->handleRequest(NULL, Object(Config\Cache), false)
#10 C:\xampp\htdocs\DarshenFYP\public\index.php(67): CodeIgniter\CodeIgniter->run()
#11 {main}
CRITICAL - 2022-11-04 12:32:28 --> Call to a member function getFirstRow() on bool
in SYSTEMPATH\Model.php on line 250.
 1 SYSTEMPATH\BaseModel.php(622): CodeIgniter\Model->doFirst()
 2 APPPATH\Controllers\Admin.php(1017): CodeIgniter\BaseModel->first()
 3 SYSTEMPATH\CodeIgniter.php(904): App\Controllers\Admin->ViewPayment()
 4 SYSTEMPATH\CodeIgniter.php(457): CodeIgniter\CodeIgniter->runController(Object(App\Controllers\Admin))
 5 SYSTEMPATH\CodeIgniter.php(340): CodeIgniter\CodeIgniter->handleRequest(null, Object(Config\Cache), false)
 6 FCPATH\index.php(67): CodeIgniter\CodeIgniter->run()
ERROR - 2022-11-04 12:32:55 --> mysqli_sql_exception: Unknown column 'RewardID' in 'where clause' in C:\xampp\htdocs\DarshenFYP\system\Database\MySQLi\Connection.php:292
Stack trace:
#0 C:\xampp\htdocs\DarshenFYP\system\Database\MySQLi\Connection.php(292): mysqli->query('SELECT *\nFROM `...', 0)
#1 C:\xampp\htdocs\DarshenFYP\system\Database\BaseConnection.php(693): CodeIgniter\Database\MySQLi\Connection->execute('SELECT *\nFROM `...')
#2 C:\xampp\htdocs\DarshenFYP\system\Database\BaseConnection.php(620): CodeIgniter\Database\BaseConnection->simpleQuery('SELECT *\nFROM `...')
#3 C:\xampp\htdocs\DarshenFYP\system\Database\BaseBuilder.php(1585): CodeIgniter\Database\BaseConnection->query('SELECT *\nFROM `...', Array, false)
#4 C:\xampp\htdocs\DarshenFYP\system\Model.php(250): CodeIgniter\Database\BaseBuilder->get()
#5 C:\xampp\htdocs\DarshenFYP\system\BaseModel.php(622): CodeIgniter\Model->doFirst()
#6 C:\xampp\htdocs\DarshenFYP\app\Controllers\Admin.php(1017): CodeIgniter\BaseModel->first()
#7 C:\xampp\htdocs\DarshenFYP\system\CodeIgniter.php(904): App\Controllers\Admin->ViewPayment()
#8 C:\xampp\htdocs\DarshenFYP\system\CodeIgniter.php(457): CodeIgniter\CodeIgniter->runController(Object(App\Controllers\Admin))
#9 C:\xampp\htdocs\DarshenFYP\system\CodeIgniter.php(340): CodeIgniter\CodeIgniter->handleRequest(NULL, Object(Config\Cache), false)
#10 C:\xampp\htdocs\DarshenFYP\public\index.php(67): CodeIgniter\CodeIgniter->run()
#11 {main}
CRITICAL - 2022-11-04 12:32:55 --> Call to a member function getFirstRow() on bool
in SYSTEMPATH\Model.php on line 250.
 1 SYSTEMPATH\BaseModel.php(622): CodeIgniter\Model->doFirst()
 2 APPPATH\Controllers\Admin.php(1017): CodeIgniter\BaseModel->first()
 3 SYSTEMPATH\CodeIgniter.php(904): App\Controllers\Admin->ViewPayment()
 4 SYSTEMPATH\CodeIgniter.php(457): CodeIgniter\CodeIgniter->runController(Object(App\Controllers\Admin))
 5 SYSTEMPATH\CodeIgniter.php(340): CodeIgniter\CodeIgniter->handleRequest(null, Object(Config\Cache), false)
 6 FCPATH\index.php(67): CodeIgniter\CodeIgniter->run()
CRITICAL - 2022-11-04 12:41:46 --> Undefined array key "ProduorderIdctId"
in APPPATH\Views\Admin\OrdersTable.php on line 37.
 1 APPPATH\Views\Admin\OrdersTable.php(37): CodeIgniter\Debug\Exceptions->errorHandler(2, 'Undefined array key "ProduorderIdctId"', 'APPPATH\\Views\\Admin\\OrdersTable.php', 37)
 2 SYSTEMPATH\View\View.php(213): include('APPPATH\\Views\\Admin\\OrdersTable.php')
 3 SYSTEMPATH\View\View.php(216): CodeIgniter\View\View->CodeIgniter\View\{closure}()
 4 SYSTEMPATH\Common.php(1142): CodeIgniter\View\View->render('Admin/OrdersTable.php', [], true)
 5 APPPATH\Controllers\Admin.php(294): view('Admin/OrdersTable.php', [...])
 6 SYSTEMPATH\CodeIgniter.php(904): App\Controllers\Admin->OrdersTable()
 7 SYSTEMPATH\CodeIgniter.php(457): CodeIgniter\CodeIgniter->runController(Object(App\Controllers\Admin))
 8 SYSTEMPATH\CodeIgniter.php(340): CodeIgniter\CodeIgniter->handleRequest(null, Object(Config\Cache), false)
 9 FCPATH\index.php(67): CodeIgniter\CodeIgniter->run()
CRITICAL - 2022-11-04 12:41:55 --> Undefined array key "ProduorderIdctId"
in APPPATH\Views\Admin\OrdersTable.php on line 37.
 1 APPPATH\Views\Admin\OrdersTable.php(37): CodeIgniter\Debug\Exceptions->errorHandler(2, 'Undefined array key "ProduorderIdctId"', 'APPPATH\\Views\\Admin\\OrdersTable.php', 37)
 2 SYSTEMPATH\View\View.php(213): include('APPPATH\\Views\\Admin\\OrdersTable.php')
 3 SYSTEMPATH\View\View.php(216): CodeIgniter\View\View->CodeIgniter\View\{closure}()
 4 SYSTEMPATH\Common.php(1142): CodeIgniter\View\View->render('Admin/OrdersTable.php', [], true)
 5 APPPATH\Controllers\Admin.php(294): view('Admin/OrdersTable.php', [...])
 6 SYSTEMPATH\CodeIgniter.php(904): App\Controllers\Admin->OrdersTable()
 7 SYSTEMPATH\CodeIgniter.php(457): CodeIgniter\CodeIgniter->runController(Object(App\Controllers\Admin))
 8 SYSTEMPATH\CodeIgniter.php(340): CodeIgniter\CodeIgniter->handleRequest(null, Object(Config\Cache), false)
 9 FCPATH\index.php(67): CodeIgniter\CodeIgniter->run()
ERROR - 2022-11-04 12:48:06 --> mysqli_sql_exception: Unknown column 'orderId' in 'where clause' in C:\xampp\htdocs\DarshenFYP\system\Database\MySQLi\Connection.php:292
Stack trace:
#0 C:\xampp\htdocs\DarshenFYP\system\Database\MySQLi\Connection.php(292): mysqli->query('SELECT *\nFROM `...', 0)
#1 C:\xampp\htdocs\DarshenFYP\system\Database\BaseConnection.php(693): CodeIgniter\Database\MySQLi\Connection->execute('SELECT *\nFROM `...')
#2 C:\xampp\htdocs\DarshenFYP\system\Database\BaseConnection.php(620): CodeIgniter\Database\BaseConnection->simpleQuery('SELECT *\nFROM `...')
#3 C:\xampp\htdocs\DarshenFYP\system\Database\BaseBuilder.php(1585): CodeIgniter\Database\BaseConnection->query('SELECT *\nFROM `...', Array, false)
#4 C:\xampp\htdocs\DarshenFYP\system\Model.php(250): CodeIgniter\Database\BaseBuilder->get()
#5 C:\xampp\htdocs\DarshenFYP\system\BaseModel.php(622): CodeIgniter\Model->doFirst()
#6 C:\xampp\htdocs\DarshenFYP\app\Controllers\Admin.php(1069): CodeIgniter\BaseModel->first()
#7 C:\xampp\htdocs\DarshenFYP\system\CodeIgniter.php(904): App\Controllers\Admin->ModifyCPU()
#8 C:\xampp\htdocs\DarshenFYP\system\CodeIgniter.php(457): CodeIgniter\CodeIgniter->runController(Object(App\Controllers\Admin))
#9 C:\xampp\htdocs\DarshenFYP\system\CodeIgniter.php(340): CodeIgniter\CodeIgniter->handleRequest(NULL, Object(Config\Cache), false)
#10 C:\xampp\htdocs\DarshenFYP\public\index.php(67): CodeIgniter\CodeIgniter->run()
#11 {main}
CRITICAL - 2022-11-04 12:48:06 --> Call to a member function getFirstRow() on bool
in SYSTEMPATH\Model.php on line 250.
 1 SYSTEMPATH\BaseModel.php(622): CodeIgniter\Model->doFirst()
 2 APPPATH\Controllers\Admin.php(1069): CodeIgniter\BaseModel->first()
 3 SYSTEMPATH\CodeIgniter.php(904): App\Controllers\Admin->ModifyCPU()
 4 SYSTEMPATH\CodeIgniter.php(457): CodeIgniter\CodeIgniter->runController(Object(App\Controllers\Admin))
 5 SYSTEMPATH\CodeIgniter.php(340): CodeIgniter\CodeIgniter->handleRequest(null, Object(Config\Cache), false)
 6 FCPATH\index.php(67): CodeIgniter\CodeIgniter->run()
CRITICAL - 2022-11-04 12:51:11 --> Undefined array key "cpuUpdatedDate"
in APPPATH\Views\Admin\ModifyGPU.php on line 17.
 1 APPPATH\Views\Admin\ModifyGPU.php(17): CodeIgniter\Debug\Exceptions->errorHandler(2, 'Undefined array key "cpuUpdatedDate"', 'APPPATH\\Views\\Admin\\ModifyGPU.php', 17)
 2 SYSTEMPATH\View\View.php(213): include('APPPATH\\Views\\Admin\\ModifyGPU.php')
 3 SYSTEMPATH\View\View.php(216): CodeIgniter\View\View->CodeIgniter\View\{closure}()
 4 SYSTEMPATH\Common.php(1142): CodeIgniter\View\View->render('Admin/ModifyGPU.php', [], true)
 5 APPPATH\Controllers\Admin.php(1098): view('Admin/ModifyGPU.php', [...])
 6 SYSTEMPATH\CodeIgniter.php(904): App\Controllers\Admin->ModifyGPU()
 7 SYSTEMPATH\CodeIgniter.php(457): CodeIgniter\CodeIgniter->runController(Object(App\Controllers\Admin))
 8 SYSTEMPATH\CodeIgniter.php(340): CodeIgniter\CodeIgniter->handleRequest(null, Object(Config\Cache), false)
 9 FCPATH\index.php(67): CodeIgniter\CodeIgniter->run()
CRITICAL - 2022-11-04 12:57:06 --> Cannot redeclare App\Controllers\Admin::ModifyAdmin()
in APPPATH\Controllers\Admin.php on line 1129.
 1 [internal function]: CodeIgniter\Debug\Exceptions->shutdownHandler()
CRITICAL - 2022-11-04 12:57:28 --> Undefined array key "firstname"
in APPPATH\Views\Admin\ModifyAdmin.php on line 25.
 1 APPPATH\Views\Admin\ModifyAdmin.php(25): CodeIgniter\Debug\Exceptions->errorHandler(2, 'Undefined array key "firstname"', 'APPPATH\\Views\\Admin\\ModifyAdmin.php', 25)
 2 SYSTEMPATH\View\View.php(213): include('APPPATH\\Views\\Admin\\ModifyAdmin.php')
 3 SYSTEMPATH\View\View.php(216): CodeIgniter\View\View->CodeIgniter\View\{closure}()
 4 SYSTEMPATH\Common.php(1142): CodeIgniter\View\View->render('Admin/ModifyAdmin.php', [], true)
 5 APPPATH\Controllers\Admin.php(1120): view('Admin/ModifyAdmin.php', [...])
 6 SYSTEMPATH\CodeIgniter.php(904): App\Controllers\Admin->ModifyAdmin()
 7 SYSTEMPATH\CodeIgniter.php(457): CodeIgniter\CodeIgniter->runController(Object(App\Controllers\Admin))
 8 SYSTEMPATH\CodeIgniter.php(340): CodeIgniter\CodeIgniter->handleRequest(null, Object(Config\Cache), false)
 9 FCPATH\index.php(67): CodeIgniter\CodeIgniter->run()
