CRITICAL - 2022-10-14 02:42:23 --> Too few arguments to function CodeIgniter\HTTP\RedirectResponse::to(), 0 passed in C:\xampp\htdocs\DarshenFYP\app\Controllers\Home.php on line 259 and at least 1 expected
in SYSTEMPATH\HTTP\RedirectResponse.php on line 32.
 1 APPPATH\Controllers\Home.php(259): CodeIgniter\HTTP\RedirectResponse->to()
 2 SYSTEMPATH\CodeIgniter.php(904): App\Controllers\Home->AddCart1('1005')
 3 SYSTEMPATH\CodeIgniter.php(457): CodeIgniter\CodeIgniter->runController(Object(App\Controllers\Home))
 4 SYSTEMPATH\CodeIgniter.php(340): CodeIgniter\CodeIgniter->handleRequest(null, Object(Config\Cache), false)
 5 FCPATH\index.php(67): CodeIgniter\CodeIgniter->run()
CRITICAL - 2022-10-14 02:43:13 --> syntax error, unexpected token "else"
in APPPATH\Controllers\Home.php on line 261.
 1 SYSTEMPATH\Router\Router.php(499): CodeIgniter\Router\AutoRouter->getRoute('Home/ProductDetails/1005')
 2 SYSTEMPATH\Router\Router.php(205): CodeIgniter\Router\Router->autoRoute('Home/ProductDetails/1005')
 3 SYSTEMPATH\CodeIgniter.php(779): CodeIgniter\Router\Router->handle('Home/ProductDetails/1005')
 4 SYSTEMPATH\CodeIgniter.php(406): CodeIgniter\CodeIgniter->tryToRouteIt(Object(CodeIgniter\Router\RouteCollection))
 5 SYSTEMPATH\CodeIgniter.php(340): CodeIgniter\CodeIgniter->handleRequest(null, Object(Config\Cache), false)
 6 FCPATH\index.php(67): CodeIgniter\CodeIgniter->run()
CRITICAL - 2022-10-14 02:44:35 --> Too few arguments to function CodeIgniter\HTTP\RedirectResponse::to(), 0 passed in C:\xampp\htdocs\DarshenFYP\app\Controllers\Home.php on line 268 and at least 1 expected
in SYSTEMPATH\HTTP\RedirectResponse.php on line 32.
 1 APPPATH\Controllers\Home.php(268): CodeIgniter\HTTP\RedirectResponse->to()
 2 SYSTEMPATH\CodeIgniter.php(904): App\Controllers\Home->AddCart1('1005')
 3 SYSTEMPATH\CodeIgniter.php(457): CodeIgniter\CodeIgniter->runController(Object(App\Controllers\Home))
 4 SYSTEMPATH\CodeIgniter.php(340): CodeIgniter\CodeIgniter->handleRequest(null, Object(Config\Cache), false)
 5 FCPATH\index.php(67): CodeIgniter\CodeIgniter->run()
CRITICAL - 2022-10-14 02:45:34 --> Too few arguments to function CodeIgniter\HTTP\RedirectResponse::to(), 0 passed in C:\xampp\htdocs\DarshenFYP\app\Controllers\Home.php on line 243 and at least 1 expected
in SYSTEMPATH\HTTP\RedirectResponse.php on line 32.
 1 APPPATH\Controllers\Home.php(243): CodeIgniter\HTTP\RedirectResponse->to()
 2 SYSTEMPATH\CodeIgniter.php(904): App\Controllers\Home->AddCart1('1005')
 3 SYSTEMPATH\CodeIgniter.php(457): CodeIgniter\CodeIgniter->runController(Object(App\Controllers\Home))
 4 SYSTEMPATH\CodeIgniter.php(340): CodeIgniter\CodeIgniter->handleRequest(null, Object(Config\Cache), false)
 5 FCPATH\index.php(67): CodeIgniter\CodeIgniter->run()
CRITICAL - 2022-10-14 02:46:20 --> syntax error, unexpected token "else"
in APPPATH\Controllers\Home.php on line 233.
 1 SYSTEMPATH\Autoloader\Autoloader.php(259): CodeIgniter\Autoloader\Autoloader->includeFile('APPPATH\\Controllers\\Home.php')
 2 SYSTEMPATH\Autoloader\Autoloader.php(237): CodeIgniter\Autoloader\Autoloader->loadInNamespace('App\\Controllers\\Home')
 3 [internal function]: CodeIgniter\Autoloader\Autoloader->loadClass('App\\Controllers\\Home')
 4 SYSTEMPATH\CodeIgniter.php(854): class_exists('\\App\\Controllers\\Home', true)
 5 SYSTEMPATH\CodeIgniter.php(444): CodeIgniter\CodeIgniter->startController()
 6 SYSTEMPATH\CodeIgniter.php(340): CodeIgniter\CodeIgniter->handleRequest(null, Object(Config\Cache), false)
 7 FCPATH\index.php(67): CodeIgniter\CodeIgniter->run()
CRITICAL - 2022-10-14 02:46:59 --> Too few arguments to function CodeIgniter\HTTP\RedirectResponse::to(), 0 passed in C:\xampp\htdocs\DarshenFYP\app\Controllers\Home.php on line 241 and at least 1 expected
in SYSTEMPATH\HTTP\RedirectResponse.php on line 32.
 1 APPPATH\Controllers\Home.php(241): CodeIgniter\HTTP\RedirectResponse->to()
 2 SYSTEMPATH\CodeIgniter.php(904): App\Controllers\Home->AddCart1('1005')
 3 SYSTEMPATH\CodeIgniter.php(457): CodeIgniter\CodeIgniter->runController(Object(App\Controllers\Home))
 4 SYSTEMPATH\CodeIgniter.php(340): CodeIgniter\CodeIgniter->handleRequest(null, Object(Config\Cache), false)
 5 FCPATH\index.php(67): CodeIgniter\CodeIgniter->run()
CRITICAL - 2022-10-14 02:48:05 --> Too few arguments to function CodeIgniter\HTTP\RedirectResponse::to(), 0 passed in C:\xampp\htdocs\DarshenFYP\app\Controllers\Home.php on line 287 and at least 1 expected
in SYSTEMPATH\HTTP\RedirectResponse.php on line 32.
 1 APPPATH\Controllers\Home.php(287): CodeIgniter\HTTP\RedirectResponse->to()
 2 SYSTEMPATH\CodeIgniter.php(904): App\Controllers\Home->AddCart1('1001')
 3 SYSTEMPATH\CodeIgniter.php(457): CodeIgniter\CodeIgniter->runController(Object(App\Controllers\Home))
 4 SYSTEMPATH\CodeIgniter.php(340): CodeIgniter\CodeIgniter->handleRequest(null, Object(Config\Cache), false)
 5 FCPATH\index.php(67): CodeIgniter\CodeIgniter->run()
CRITICAL - 2022-10-14 02:48:10 --> Too few arguments to function CodeIgniter\HTTP\RedirectResponse::to(), 0 passed in C:\xampp\htdocs\DarshenFYP\app\Controllers\Home.php on line 287 and at least 1 expected
in SYSTEMPATH\HTTP\RedirectResponse.php on line 32.
 1 APPPATH\Controllers\Home.php(287): CodeIgniter\HTTP\RedirectResponse->to()
 2 SYSTEMPATH\CodeIgniter.php(904): App\Controllers\Home->AddCart1('1005')
 3 SYSTEMPATH\CodeIgniter.php(457): CodeIgniter\CodeIgniter->runController(Object(App\Controllers\Home))
 4 SYSTEMPATH\CodeIgniter.php(340): CodeIgniter\CodeIgniter->handleRequest(null, Object(Config\Cache), false)
 5 FCPATH\index.php(67): CodeIgniter\CodeIgniter->run()
CRITICAL - 2022-10-14 02:48:34 --> Too few arguments to function CodeIgniter\HTTP\RedirectResponse::to(), 0 passed in C:\xampp\htdocs\DarshenFYP\app\Controllers\Home.php on line 269 and at least 1 expected
in SYSTEMPATH\HTTP\RedirectResponse.php on line 32.
 1 APPPATH\Controllers\Home.php(269): CodeIgniter\HTTP\RedirectResponse->to()
 2 SYSTEMPATH\CodeIgniter.php(904): App\Controllers\Home->AddCart1('1005')
 3 SYSTEMPATH\CodeIgniter.php(457): CodeIgniter\CodeIgniter->runController(Object(App\Controllers\Home))
 4 SYSTEMPATH\CodeIgniter.php(340): CodeIgniter\CodeIgniter->handleRequest(null, Object(Config\Cache), false)
 5 FCPATH\index.php(67): CodeIgniter\CodeIgniter->run()
CRITICAL - 2022-10-14 02:49:36 --> Too few arguments to function CodeIgniter\HTTP\RedirectResponse::to(), 0 passed in C:\xampp\htdocs\DarshenFYP\app\Controllers\Home.php on line 271 and at least 1 expected
in SYSTEMPATH\HTTP\RedirectResponse.php on line 32.
 1 APPPATH\Controllers\Home.php(271): CodeIgniter\HTTP\RedirectResponse->to()
 2 SYSTEMPATH\CodeIgniter.php(904): App\Controllers\Home->AddCart1('1005')
 3 SYSTEMPATH\CodeIgniter.php(457): CodeIgniter\CodeIgniter->runController(Object(App\Controllers\Home))
 4 SYSTEMPATH\CodeIgniter.php(340): CodeIgniter\CodeIgniter->handleRequest(null, Object(Config\Cache), false)
 5 FCPATH\index.php(67): CodeIgniter\CodeIgniter->run()
CRITICAL - 2022-10-14 02:49:47 --> Too few arguments to function CodeIgniter\HTTP\RedirectResponse::to(), 0 passed in C:\xampp\htdocs\DarshenFYP\app\Controllers\Home.php on line 271 and at least 1 expected
in SYSTEMPATH\HTTP\RedirectResponse.php on line 32.
 1 APPPATH\Controllers\Home.php(271): CodeIgniter\HTTP\RedirectResponse->to()
 2 SYSTEMPATH\CodeIgniter.php(904): App\Controllers\Home->AddCart1('1005')
 3 SYSTEMPATH\CodeIgniter.php(457): CodeIgniter\CodeIgniter->runController(Object(App\Controllers\Home))
 4 SYSTEMPATH\CodeIgniter.php(340): CodeIgniter\CodeIgniter->handleRequest(null, Object(Config\Cache), false)
 5 FCPATH\index.php(67): CodeIgniter\CodeIgniter->run()
CRITICAL - 2022-10-14 02:49:59 --> Too few arguments to function CodeIgniter\HTTP\RedirectResponse::to(), 0 passed in C:\xampp\htdocs\DarshenFYP\app\Controllers\Home.php on line 271 and at least 1 expected
in SYSTEMPATH\HTTP\RedirectResponse.php on line 32.
 1 APPPATH\Controllers\Home.php(271): CodeIgniter\HTTP\RedirectResponse->to()
 2 SYSTEMPATH\CodeIgniter.php(904): App\Controllers\Home->AddCart1('1005')
 3 SYSTEMPATH\CodeIgniter.php(457): CodeIgniter\CodeIgniter->runController(Object(App\Controllers\Home))
 4 SYSTEMPATH\CodeIgniter.php(340): CodeIgniter\CodeIgniter->handleRequest(null, Object(Config\Cache), false)
 5 FCPATH\index.php(67): CodeIgniter\CodeIgniter->run()
CRITICAL - 2022-10-14 02:50:04 --> Too few arguments to function CodeIgniter\HTTP\RedirectResponse::to(), 0 passed in C:\xampp\htdocs\DarshenFYP\app\Controllers\Home.php on line 271 and at least 1 expected
in SYSTEMPATH\HTTP\RedirectResponse.php on line 32.
 1 APPPATH\Controllers\Home.php(271): CodeIgniter\HTTP\RedirectResponse->to()
 2 SYSTEMPATH\CodeIgniter.php(904): App\Controllers\Home->AddCart1('1001')
 3 SYSTEMPATH\CodeIgniter.php(457): CodeIgniter\CodeIgniter->runController(Object(App\Controllers\Home))
 4 SYSTEMPATH\CodeIgniter.php(340): CodeIgniter\CodeIgniter->handleRequest(null, Object(Config\Cache), false)
 5 FCPATH\index.php(67): CodeIgniter\CodeIgniter->run()
CRITICAL - 2022-10-14 02:50:59 --> Too few arguments to function CodeIgniter\HTTP\RedirectResponse::to(), 0 passed in C:\xampp\htdocs\DarshenFYP\app\Controllers\Home.php on line 223 and at least 1 expected
in SYSTEMPATH\HTTP\RedirectResponse.php on line 32.
 1 APPPATH\Controllers\Home.php(223): CodeIgniter\HTTP\RedirectResponse->to()
 2 SYSTEMPATH\CodeIgniter.php(904): App\Controllers\Home->AddCart1('1001')
 3 SYSTEMPATH\CodeIgniter.php(457): CodeIgniter\CodeIgniter->runController(Object(App\Controllers\Home))
 4 SYSTEMPATH\CodeIgniter.php(340): CodeIgniter\CodeIgniter->handleRequest(null, Object(Config\Cache), false)
 5 FCPATH\index.php(67): CodeIgniter\CodeIgniter->run()
CRITICAL - 2022-10-14 02:51:16 --> Too few arguments to function CodeIgniter\HTTP\RedirectResponse::to(), 0 passed in C:\xampp\htdocs\DarshenFYP\app\Controllers\Home.php on line 221 and at least 1 expected
in SYSTEMPATH\HTTP\RedirectResponse.php on line 32.
 1 APPPATH\Controllers\Home.php(221): CodeIgniter\HTTP\RedirectResponse->to()
 2 SYSTEMPATH\CodeIgniter.php(904): App\Controllers\Home->AddCart1('1001')
 3 SYSTEMPATH\CodeIgniter.php(457): CodeIgniter\CodeIgniter->runController(Object(App\Controllers\Home))
 4 SYSTEMPATH\CodeIgniter.php(340): CodeIgniter\CodeIgniter->handleRequest(null, Object(Config\Cache), false)
 5 FCPATH\index.php(67): CodeIgniter\CodeIgniter->run()
CRITICAL - 2022-10-14 02:53:08 --> Too few arguments to function CodeIgniter\HTTP\RedirectResponse::to(), 0 passed in C:\xampp\htdocs\DarshenFYP\app\Controllers\Home.php on line 225 and at least 1 expected
in SYSTEMPATH\HTTP\RedirectResponse.php on line 32.
 1 APPPATH\Controllers\Home.php(225): CodeIgniter\HTTP\RedirectResponse->to()
 2 SYSTEMPATH\CodeIgniter.php(904): App\Controllers\Home->AddCart1('1001')
 3 SYSTEMPATH\CodeIgniter.php(457): CodeIgniter\CodeIgniter->runController(Object(App\Controllers\Home))
 4 SYSTEMPATH\CodeIgniter.php(340): CodeIgniter\CodeIgniter->handleRequest(null, Object(Config\Cache), false)
 5 FCPATH\index.php(67): CodeIgniter\CodeIgniter->run()
CRITICAL - 2022-10-14 02:53:19 --> Too few arguments to function CodeIgniter\HTTP\RedirectResponse::to(), 0 passed in C:\xampp\htdocs\DarshenFYP\app\Controllers\Home.php on line 225 and at least 1 expected
in SYSTEMPATH\HTTP\RedirectResponse.php on line 32.
 1 APPPATH\Controllers\Home.php(225): CodeIgniter\HTTP\RedirectResponse->to()
 2 SYSTEMPATH\CodeIgniter.php(904): App\Controllers\Home->AddCart1('1003')
 3 SYSTEMPATH\CodeIgniter.php(457): CodeIgniter\CodeIgniter->runController(Object(App\Controllers\Home))
 4 SYSTEMPATH\CodeIgniter.php(340): CodeIgniter\CodeIgniter->handleRequest(null, Object(Config\Cache), false)
 5 FCPATH\index.php(67): CodeIgniter\CodeIgniter->run()
CRITICAL - 2022-10-14 02:53:45 --> Too few arguments to function CodeIgniter\HTTP\RedirectResponse::to(), 0 passed in C:\xampp\htdocs\DarshenFYP\app\Controllers\Home.php on line 231 and at least 1 expected
in SYSTEMPATH\HTTP\RedirectResponse.php on line 32.
 1 APPPATH\Controllers\Home.php(231): CodeIgniter\HTTP\RedirectResponse->to()
 2 SYSTEMPATH\CodeIgniter.php(904): App\Controllers\Home->AddCart1('1003')
 3 SYSTEMPATH\CodeIgniter.php(457): CodeIgniter\CodeIgniter->runController(Object(App\Controllers\Home))
 4 SYSTEMPATH\CodeIgniter.php(340): CodeIgniter\CodeIgniter->handleRequest(null, Object(Config\Cache), false)
 5 FCPATH\index.php(67): CodeIgniter\CodeIgniter->run()
CRITICAL - 2022-10-14 02:53:48 --> Too few arguments to function CodeIgniter\HTTP\RedirectResponse::to(), 0 passed in C:\xampp\htdocs\DarshenFYP\app\Controllers\Home.php on line 231 and at least 1 expected
in SYSTEMPATH\HTTP\RedirectResponse.php on line 32.
 1 APPPATH\Controllers\Home.php(231): CodeIgniter\HTTP\RedirectResponse->to()
 2 SYSTEMPATH\CodeIgniter.php(904): App\Controllers\Home->AddCart1('1003')
 3 SYSTEMPATH\CodeIgniter.php(457): CodeIgniter\CodeIgniter->runController(Object(App\Controllers\Home))
 4 SYSTEMPATH\CodeIgniter.php(340): CodeIgniter\CodeIgniter->handleRequest(null, Object(Config\Cache), false)
 5 FCPATH\index.php(67): CodeIgniter\CodeIgniter->run()
CRITICAL - 2022-10-14 02:54:36 --> Too few arguments to function CodeIgniter\HTTP\RedirectResponse::to(), 0 passed in C:\xampp\htdocs\DarshenFYP\app\Controllers\Home.php on line 240 and at least 1 expected
in SYSTEMPATH\HTTP\RedirectResponse.php on line 32.
 1 APPPATH\Controllers\Home.php(240): CodeIgniter\HTTP\RedirectResponse->to()
 2 SYSTEMPATH\CodeIgniter.php(904): App\Controllers\Home->AddCart1('1001')
 3 SYSTEMPATH\CodeIgniter.php(457): CodeIgniter\CodeIgniter->runController(Object(App\Controllers\Home))
 4 SYSTEMPATH\CodeIgniter.php(340): CodeIgniter\CodeIgniter->handleRequest(null, Object(Config\Cache), false)
 5 FCPATH\index.php(67): CodeIgniter\CodeIgniter->run()
CRITICAL - 2022-10-14 02:56:58 --> syntax error, unexpected token ")"
in APPPATH\Controllers\Home.php on line 216.
 1 SYSTEMPATH\Autoloader\Autoloader.php(259): CodeIgniter\Autoloader\Autoloader->includeFile('APPPATH\\Controllers\\Home.php')
 2 SYSTEMPATH\Autoloader\Autoloader.php(237): CodeIgniter\Autoloader\Autoloader->loadInNamespace('App\\Controllers\\Home')
 3 [internal function]: CodeIgniter\Autoloader\Autoloader->loadClass('App\\Controllers\\Home')
 4 SYSTEMPATH\CodeIgniter.php(854): class_exists('\\App\\Controllers\\Home', true)
 5 SYSTEMPATH\CodeIgniter.php(444): CodeIgniter\CodeIgniter->startController()
 6 SYSTEMPATH\CodeIgniter.php(340): CodeIgniter\CodeIgniter->handleRequest(null, Object(Config\Cache), false)
 7 FCPATH\index.php(67): CodeIgniter\CodeIgniter->run()
CRITICAL - 2022-10-14 02:57:12 --> Too few arguments to function CodeIgniter\HTTP\RedirectResponse::to(), 0 passed in C:\xampp\htdocs\DarshenFYP\app\Controllers\Home.php on line 242 and at least 1 expected
in SYSTEMPATH\HTTP\RedirectResponse.php on line 32.
 1 APPPATH\Controllers\Home.php(242): CodeIgniter\HTTP\RedirectResponse->to()
 2 SYSTEMPATH\CodeIgniter.php(904): App\Controllers\Home->AddCart1('1001')
 3 SYSTEMPATH\CodeIgniter.php(457): CodeIgniter\CodeIgniter->runController(Object(App\Controllers\Home))
 4 SYSTEMPATH\CodeIgniter.php(340): CodeIgniter\CodeIgniter->handleRequest(null, Object(Config\Cache), false)
 5 FCPATH\index.php(67): CodeIgniter\CodeIgniter->run()
CRITICAL - 2022-10-14 02:57:48 --> Too few arguments to function CodeIgniter\HTTP\RedirectResponse::to(), 0 passed in C:\xampp\htdocs\DarshenFYP\app\Controllers\Home.php on line 225 and at least 1 expected
in SYSTEMPATH\HTTP\RedirectResponse.php on line 32.
 1 APPPATH\Controllers\Home.php(225): CodeIgniter\HTTP\RedirectResponse->to()
 2 SYSTEMPATH\CodeIgniter.php(904): App\Controllers\Home->AddCart1('1001')
 3 SYSTEMPATH\CodeIgniter.php(457): CodeIgniter\CodeIgniter->runController(Object(App\Controllers\Home))
 4 SYSTEMPATH\CodeIgniter.php(340): CodeIgniter\CodeIgniter->handleRequest(null, Object(Config\Cache), false)
 5 FCPATH\index.php(67): CodeIgniter\CodeIgniter->run()
CRITICAL - 2022-10-14 02:59:03 --> Too few arguments to function CodeIgniter\HTTP\RedirectResponse::to(), 0 passed in C:\xampp\htdocs\DarshenFYP\app\Controllers\Home.php on line 227 and at least 1 expected
in SYSTEMPATH\HTTP\RedirectResponse.php on line 32.
 1 APPPATH\Controllers\Home.php(227): CodeIgniter\HTTP\RedirectResponse->to()
 2 SYSTEMPATH\CodeIgniter.php(904): App\Controllers\Home->AddCart1('1001')
 3 SYSTEMPATH\CodeIgniter.php(457): CodeIgniter\CodeIgniter->runController(Object(App\Controllers\Home))
 4 SYSTEMPATH\CodeIgniter.php(340): CodeIgniter\CodeIgniter->handleRequest(null, Object(Config\Cache), false)
 5 FCPATH\index.php(67): CodeIgniter\CodeIgniter->run()
CRITICAL - 2022-10-14 02:59:09 --> Too few arguments to function CodeIgniter\HTTP\RedirectResponse::to(), 0 passed in C:\xampp\htdocs\DarshenFYP\app\Controllers\Home.php on line 227 and at least 1 expected
in SYSTEMPATH\HTTP\RedirectResponse.php on line 32.
 1 APPPATH\Controllers\Home.php(227): CodeIgniter\HTTP\RedirectResponse->to()
 2 SYSTEMPATH\CodeIgniter.php(904): App\Controllers\Home->AddCart1('1001')
 3 SYSTEMPATH\CodeIgniter.php(457): CodeIgniter\CodeIgniter->runController(Object(App\Controllers\Home))
 4 SYSTEMPATH\CodeIgniter.php(340): CodeIgniter\CodeIgniter->handleRequest(null, Object(Config\Cache), false)
 5 FCPATH\index.php(67): CodeIgniter\CodeIgniter->run()
CRITICAL - 2022-10-14 03:00:00 --> Too few arguments to function CodeIgniter\HTTP\RedirectResponse::to(), 0 passed in C:\xampp\htdocs\DarshenFYP\app\Controllers\Home.php on line 225 and at least 1 expected
in SYSTEMPATH\HTTP\RedirectResponse.php on line 32.
 1 APPPATH\Controllers\Home.php(225): CodeIgniter\HTTP\RedirectResponse->to()
 2 SYSTEMPATH\CodeIgniter.php(904): App\Controllers\Home->AddCart1('1001')
 3 SYSTEMPATH\CodeIgniter.php(457): CodeIgniter\CodeIgniter->runController(Object(App\Controllers\Home))
 4 SYSTEMPATH\CodeIgniter.php(340): CodeIgniter\CodeIgniter->handleRequest(null, Object(Config\Cache), false)
 5 FCPATH\index.php(67): CodeIgniter\CodeIgniter->run()
CRITICAL - 2022-10-14 03:02:58 --> syntax error, unexpected token ","
in APPPATH\Controllers\Home.php on line 206.
 1 SYSTEMPATH\Autoloader\Autoloader.php(259): CodeIgniter\Autoloader\Autoloader->includeFile('APPPATH\\Controllers\\Home.php')
 2 SYSTEMPATH\Autoloader\Autoloader.php(237): CodeIgniter\Autoloader\Autoloader->loadInNamespace('App\\Controllers\\Home')
 3 [internal function]: CodeIgniter\Autoloader\Autoloader->loadClass('App\\Controllers\\Home')
 4 SYSTEMPATH\CodeIgniter.php(854): class_exists('\\App\\Controllers\\Home', true)
 5 SYSTEMPATH\CodeIgniter.php(444): CodeIgniter\CodeIgniter->startController()
 6 SYSTEMPATH\CodeIgniter.php(340): CodeIgniter\CodeIgniter->handleRequest(null, Object(Config\Cache), false)
 7 FCPATH\index.php(67): CodeIgniter\CodeIgniter->run()
CRITICAL - 2022-10-14 03:03:03 --> Too few arguments to function CodeIgniter\HTTP\RedirectResponse::to(), 0 passed in C:\xampp\htdocs\DarshenFYP\app\Controllers\Home.php on line 220 and at least 1 expected
in SYSTEMPATH\HTTP\RedirectResponse.php on line 32.
 1 APPPATH\Controllers\Home.php(220): CodeIgniter\HTTP\RedirectResponse->to()
 2 SYSTEMPATH\CodeIgniter.php(904): App\Controllers\Home->AddCart1('1001')
 3 SYSTEMPATH\CodeIgniter.php(457): CodeIgniter\CodeIgniter->runController(Object(App\Controllers\Home))
 4 SYSTEMPATH\CodeIgniter.php(340): CodeIgniter\CodeIgniter->handleRequest(null, Object(Config\Cache), false)
 5 FCPATH\index.php(67): CodeIgniter\CodeIgniter->run()
CRITICAL - 2022-10-14 03:03:23 --> Too few arguments to function CodeIgniter\HTTP\RedirectResponse::to(), 0 passed in C:\xampp\htdocs\DarshenFYP\app\Controllers\Home.php on line 220 and at least 1 expected
in SYSTEMPATH\HTTP\RedirectResponse.php on line 32.
 1 APPPATH\Controllers\Home.php(220): CodeIgniter\HTTP\RedirectResponse->to()
 2 SYSTEMPATH\CodeIgniter.php(904): App\Controllers\Home->AddCart1('1001')
 3 SYSTEMPATH\CodeIgniter.php(457): CodeIgniter\CodeIgniter->runController(Object(App\Controllers\Home))
 4 SYSTEMPATH\CodeIgniter.php(340): CodeIgniter\CodeIgniter->handleRequest(null, Object(Config\Cache), false)
 5 FCPATH\index.php(67): CodeIgniter\CodeIgniter->run()
CRITICAL - 2022-10-14 03:04:19 --> Undefined variable $productCartitem
in APPPATH\Controllers\Home.php on line 202.
 1 APPPATH\Controllers\Home.php(202): CodeIgniter\Debug\Exceptions->errorHandler(2, 'Undefined variable $productCartitem', 'APPPATH\\Controllers\\Home.php', 202)
 2 SYSTEMPATH\CodeIgniter.php(904): App\Controllers\Home->AddCart1('1001')
 3 SYSTEMPATH\CodeIgniter.php(457): CodeIgniter\CodeIgniter->runController(Object(App\Controllers\Home))
 4 SYSTEMPATH\CodeIgniter.php(340): CodeIgniter\CodeIgniter->handleRequest(null, Object(Config\Cache), false)
 5 FCPATH\index.php(67): CodeIgniter\CodeIgniter->run()
CRITICAL - 2022-10-14 03:05:46 --> Too few arguments to function CodeIgniter\HTTP\RedirectResponse::to(), 0 passed in C:\xampp\htdocs\DarshenFYP\app\Controllers\Home.php on line 225 and at least 1 expected
in SYSTEMPATH\HTTP\RedirectResponse.php on line 32.
 1 APPPATH\Controllers\Home.php(225): CodeIgniter\HTTP\RedirectResponse->to()
 2 SYSTEMPATH\CodeIgniter.php(904): App\Controllers\Home->AddCart1('1001')
 3 SYSTEMPATH\CodeIgniter.php(457): CodeIgniter\CodeIgniter->runController(Object(App\Controllers\Home))
 4 SYSTEMPATH\CodeIgniter.php(340): CodeIgniter\CodeIgniter->handleRequest(null, Object(Config\Cache), false)
 5 FCPATH\index.php(67): CodeIgniter\CodeIgniter->run()
CRITICAL - 2022-10-14 03:06:16 --> Too few arguments to function CodeIgniter\HTTP\RedirectResponse::to(), 0 passed in C:\xampp\htdocs\DarshenFYP\app\Controllers\Home.php on line 223 and at least 1 expected
in SYSTEMPATH\HTTP\RedirectResponse.php on line 32.
 1 APPPATH\Controllers\Home.php(223): CodeIgniter\HTTP\RedirectResponse->to()
 2 SYSTEMPATH\CodeIgniter.php(904): App\Controllers\Home->AddCart1('1001')
 3 SYSTEMPATH\CodeIgniter.php(457): CodeIgniter\CodeIgniter->runController(Object(App\Controllers\Home))
 4 SYSTEMPATH\CodeIgniter.php(340): CodeIgniter\CodeIgniter->handleRequest(null, Object(Config\Cache), false)
 5 FCPATH\index.php(67): CodeIgniter\CodeIgniter->run()
CRITICAL - 2022-10-14 03:06:34 --> Too few arguments to function CodeIgniter\HTTP\RedirectResponse::to(), 0 passed in C:\xampp\htdocs\DarshenFYP\app\Controllers\Home.php on line 225 and at least 1 expected
in SYSTEMPATH\HTTP\RedirectResponse.php on line 32.
 1 APPPATH\Controllers\Home.php(225): CodeIgniter\HTTP\RedirectResponse->to()
 2 SYSTEMPATH\CodeIgniter.php(904): App\Controllers\Home->AddCart1('1001')
 3 SYSTEMPATH\CodeIgniter.php(457): CodeIgniter\CodeIgniter->runController(Object(App\Controllers\Home))
 4 SYSTEMPATH\CodeIgniter.php(340): CodeIgniter\CodeIgniter->handleRequest(null, Object(Config\Cache), false)
 5 FCPATH\index.php(67): CodeIgniter\CodeIgniter->run()
CRITICAL - 2022-10-14 03:08:43 --> Unclosed '{' on line 208 does not match ')'
in APPPATH\Controllers\Home.php on line 210.
 1 SYSTEMPATH\Autoloader\Autoloader.php(259): CodeIgniter\Autoloader\Autoloader->includeFile('APPPATH\\Controllers\\Home.php')
 2 SYSTEMPATH\Autoloader\Autoloader.php(237): CodeIgniter\Autoloader\Autoloader->loadInNamespace('App\\Controllers\\Home')
 3 [internal function]: CodeIgniter\Autoloader\Autoloader->loadClass('App\\Controllers\\Home')
 4 SYSTEMPATH\CodeIgniter.php(854): class_exists('\\App\\Controllers\\Home', true)
 5 SYSTEMPATH\CodeIgniter.php(444): CodeIgniter\CodeIgniter->startController()
 6 SYSTEMPATH\CodeIgniter.php(340): CodeIgniter\CodeIgniter->handleRequest(null, Object(Config\Cache), false)
 7 FCPATH\index.php(67): CodeIgniter\CodeIgniter->run()
CRITICAL - 2022-10-14 03:08:50 --> Call to a member function num_rows() on string
in APPPATH\Controllers\Home.php on line 210.
 1 SYSTEMPATH\CodeIgniter.php(904): App\Controllers\Home->AddCart1('1001')
 2 SYSTEMPATH\CodeIgniter.php(457): CodeIgniter\CodeIgniter->runController(Object(App\Controllers\Home))
 3 SYSTEMPATH\CodeIgniter.php(340): CodeIgniter\CodeIgniter->handleRequest(null, Object(Config\Cache), false)
 4 FCPATH\index.php(67): CodeIgniter\CodeIgniter->run()
CRITICAL - 2022-10-14 03:09:22 --> Call to a member function num_rows() on array
in APPPATH\Controllers\Home.php on line 210.
 1 SYSTEMPATH\CodeIgniter.php(904): App\Controllers\Home->AddCart1('1001')
 2 SYSTEMPATH\CodeIgniter.php(457): CodeIgniter\CodeIgniter->runController(Object(App\Controllers\Home))
 3 SYSTEMPATH\CodeIgniter.php(340): CodeIgniter\CodeIgniter->handleRequest(null, Object(Config\Cache), false)
 4 FCPATH\index.php(67): CodeIgniter\CodeIgniter->run()
CRITICAL - 2022-10-14 03:09:40 --> Call to a member function num() on array
in APPPATH\Controllers\Home.php on line 210.
 1 SYSTEMPATH\CodeIgniter.php(904): App\Controllers\Home->AddCart1('1001')
 2 SYSTEMPATH\CodeIgniter.php(457): CodeIgniter\CodeIgniter->runController(Object(App\Controllers\Home))
 3 SYSTEMPATH\CodeIgniter.php(340): CodeIgniter\CodeIgniter->handleRequest(null, Object(Config\Cache), false)
 4 FCPATH\index.php(67): CodeIgniter\CodeIgniter->run()
CRITICAL - 2022-10-14 03:09:52 --> Too few arguments to function CodeIgniter\HTTP\RedirectResponse::to(), 0 passed in C:\xampp\htdocs\DarshenFYP\app\Controllers\Home.php on line 225 and at least 1 expected
in SYSTEMPATH\HTTP\RedirectResponse.php on line 32.
 1 APPPATH\Controllers\Home.php(225): CodeIgniter\HTTP\RedirectResponse->to()
 2 SYSTEMPATH\CodeIgniter.php(904): App\Controllers\Home->AddCart1('1001')
 3 SYSTEMPATH\CodeIgniter.php(457): CodeIgniter\CodeIgniter->runController(Object(App\Controllers\Home))
 4 SYSTEMPATH\CodeIgniter.php(340): CodeIgniter\CodeIgniter->handleRequest(null, Object(Config\Cache), false)
 5 FCPATH\index.php(67): CodeIgniter\CodeIgniter->run()
CRITICAL - 2022-10-14 03:10:05 --> Too few arguments to function CodeIgniter\HTTP\RedirectResponse::to(), 0 passed in C:\xampp\htdocs\DarshenFYP\app\Controllers\Home.php on line 225 and at least 1 expected
in SYSTEMPATH\HTTP\RedirectResponse.php on line 32.
 1 APPPATH\Controllers\Home.php(225): CodeIgniter\HTTP\RedirectResponse->to()
 2 SYSTEMPATH\CodeIgniter.php(904): App\Controllers\Home->AddCart1('1001')
 3 SYSTEMPATH\CodeIgniter.php(457): CodeIgniter\CodeIgniter->runController(Object(App\Controllers\Home))
 4 SYSTEMPATH\CodeIgniter.php(340): CodeIgniter\CodeIgniter->handleRequest(null, Object(Config\Cache), false)
 5 FCPATH\index.php(67): CodeIgniter\CodeIgniter->run()
CRITICAL - 2022-10-14 03:10:07 --> Too few arguments to function CodeIgniter\HTTP\RedirectResponse::to(), 0 passed in C:\xampp\htdocs\DarshenFYP\app\Controllers\Home.php on line 225 and at least 1 expected
in SYSTEMPATH\HTTP\RedirectResponse.php on line 32.
 1 APPPATH\Controllers\Home.php(225): CodeIgniter\HTTP\RedirectResponse->to()
 2 SYSTEMPATH\CodeIgniter.php(904): App\Controllers\Home->AddCart1('1001')
 3 SYSTEMPATH\CodeIgniter.php(457): CodeIgniter\CodeIgniter->runController(Object(App\Controllers\Home))
 4 SYSTEMPATH\CodeIgniter.php(340): CodeIgniter\CodeIgniter->handleRequest(null, Object(Config\Cache), false)
 5 FCPATH\index.php(67): CodeIgniter\CodeIgniter->run()
CRITICAL - 2022-10-14 03:10:18 --> Too few arguments to function CodeIgniter\HTTP\RedirectResponse::to(), 0 passed in C:\xampp\htdocs\DarshenFYP\app\Controllers\Home.php on line 225 and at least 1 expected
in SYSTEMPATH\HTTP\RedirectResponse.php on line 32.
 1 APPPATH\Controllers\Home.php(225): CodeIgniter\HTTP\RedirectResponse->to()
 2 SYSTEMPATH\CodeIgniter.php(904): App\Controllers\Home->AddCart1('1001')
 3 SYSTEMPATH\CodeIgniter.php(457): CodeIgniter\CodeIgniter->runController(Object(App\Controllers\Home))
 4 SYSTEMPATH\CodeIgniter.php(340): CodeIgniter\CodeIgniter->handleRequest(null, Object(Config\Cache), false)
 5 FCPATH\index.php(67): CodeIgniter\CodeIgniter->run()
CRITICAL - 2022-10-14 03:10:51 --> Too few arguments to function CodeIgniter\HTTP\RedirectResponse::to(), 0 passed in C:\xampp\htdocs\DarshenFYP\app\Controllers\Home.php on line 225 and at least 1 expected
in SYSTEMPATH\HTTP\RedirectResponse.php on line 32.
 1 APPPATH\Controllers\Home.php(225): CodeIgniter\HTTP\RedirectResponse->to()
 2 SYSTEMPATH\CodeIgniter.php(904): App\Controllers\Home->AddCart1('1001')
 3 SYSTEMPATH\CodeIgniter.php(457): CodeIgniter\CodeIgniter->runController(Object(App\Controllers\Home))
 4 SYSTEMPATH\CodeIgniter.php(340): CodeIgniter\CodeIgniter->handleRequest(null, Object(Config\Cache), false)
 5 FCPATH\index.php(67): CodeIgniter\CodeIgniter->run()
CRITICAL - 2022-10-14 03:10:58 --> Too few arguments to function CodeIgniter\HTTP\RedirectResponse::to(), 0 passed in C:\xampp\htdocs\DarshenFYP\app\Controllers\Home.php on line 225 and at least 1 expected
in SYSTEMPATH\HTTP\RedirectResponse.php on line 32.
 1 APPPATH\Controllers\Home.php(225): CodeIgniter\HTTP\RedirectResponse->to()
 2 SYSTEMPATH\CodeIgniter.php(904): App\Controllers\Home->AddCart1('1001')
 3 SYSTEMPATH\CodeIgniter.php(457): CodeIgniter\CodeIgniter->runController(Object(App\Controllers\Home))
 4 SYSTEMPATH\CodeIgniter.php(340): CodeIgniter\CodeIgniter->handleRequest(null, Object(Config\Cache), false)
 5 FCPATH\index.php(67): CodeIgniter\CodeIgniter->run()
CRITICAL - 2022-10-14 03:11:05 --> Too few arguments to function CodeIgniter\HTTP\RedirectResponse::to(), 0 passed in C:\xampp\htdocs\DarshenFYP\app\Controllers\Home.php on line 225 and at least 1 expected
in SYSTEMPATH\HTTP\RedirectResponse.php on line 32.
 1 APPPATH\Controllers\Home.php(225): CodeIgniter\HTTP\RedirectResponse->to()
 2 SYSTEMPATH\CodeIgniter.php(904): App\Controllers\Home->AddCart1('1001')
 3 SYSTEMPATH\CodeIgniter.php(457): CodeIgniter\CodeIgniter->runController(Object(App\Controllers\Home))
 4 SYSTEMPATH\CodeIgniter.php(340): CodeIgniter\CodeIgniter->handleRequest(null, Object(Config\Cache), false)
 5 FCPATH\index.php(67): CodeIgniter\CodeIgniter->run()
CRITICAL - 2022-10-14 03:11:08 --> Too few arguments to function CodeIgniter\HTTP\RedirectResponse::to(), 0 passed in C:\xampp\htdocs\DarshenFYP\app\Controllers\Home.php on line 225 and at least 1 expected
in SYSTEMPATH\HTTP\RedirectResponse.php on line 32.
 1 APPPATH\Controllers\Home.php(225): CodeIgniter\HTTP\RedirectResponse->to()
 2 SYSTEMPATH\CodeIgniter.php(904): App\Controllers\Home->AddCart1('1001')
 3 SYSTEMPATH\CodeIgniter.php(457): CodeIgniter\CodeIgniter->runController(Object(App\Controllers\Home))
 4 SYSTEMPATH\CodeIgniter.php(340): CodeIgniter\CodeIgniter->handleRequest(null, Object(Config\Cache), false)
 5 FCPATH\index.php(67): CodeIgniter\CodeIgniter->run()
CRITICAL - 2022-10-14 03:12:49 --> Too few arguments to function CodeIgniter\HTTP\RedirectResponse::to(), 0 passed in C:\xampp\htdocs\DarshenFYP\app\Controllers\Home.php on line 225 and at least 1 expected
in SYSTEMPATH\HTTP\RedirectResponse.php on line 32.
 1 APPPATH\Controllers\Home.php(225): CodeIgniter\HTTP\RedirectResponse->to()
 2 SYSTEMPATH\CodeIgniter.php(904): App\Controllers\Home->AddCart1('1001')
 3 SYSTEMPATH\CodeIgniter.php(457): CodeIgniter\CodeIgniter->runController(Object(App\Controllers\Home))
 4 SYSTEMPATH\CodeIgniter.php(340): CodeIgniter\CodeIgniter->handleRequest(null, Object(Config\Cache), false)
 5 FCPATH\index.php(67): CodeIgniter\CodeIgniter->run()
CRITICAL - 2022-10-14 03:13:03 --> Too few arguments to function CodeIgniter\HTTP\RedirectResponse::to(), 0 passed in C:\xampp\htdocs\DarshenFYP\app\Controllers\Home.php on line 225 and at least 1 expected
in SYSTEMPATH\HTTP\RedirectResponse.php on line 32.
 1 APPPATH\Controllers\Home.php(225): CodeIgniter\HTTP\RedirectResponse->to()
 2 SYSTEMPATH\CodeIgniter.php(904): App\Controllers\Home->AddCart1('1001')
 3 SYSTEMPATH\CodeIgniter.php(457): CodeIgniter\CodeIgniter->runController(Object(App\Controllers\Home))
 4 SYSTEMPATH\CodeIgniter.php(340): CodeIgniter\CodeIgniter->handleRequest(null, Object(Config\Cache), false)
 5 FCPATH\index.php(67): CodeIgniter\CodeIgniter->run()
CRITICAL - 2022-10-14 03:13:12 --> Too few arguments to function CodeIgniter\HTTP\RedirectResponse::to(), 0 passed in C:\xampp\htdocs\DarshenFYP\app\Controllers\Home.php on line 226 and at least 1 expected
in SYSTEMPATH\HTTP\RedirectResponse.php on line 32.
 1 APPPATH\Controllers\Home.php(226): CodeIgniter\HTTP\RedirectResponse->to()
 2 SYSTEMPATH\CodeIgniter.php(904): App\Controllers\Home->AddCart1('1001')
 3 SYSTEMPATH\CodeIgniter.php(457): CodeIgniter\CodeIgniter->runController(Object(App\Controllers\Home))
 4 SYSTEMPATH\CodeIgniter.php(340): CodeIgniter\CodeIgniter->handleRequest(null, Object(Config\Cache), false)
 5 FCPATH\index.php(67): CodeIgniter\CodeIgniter->run()
CRITICAL - 2022-10-14 03:13:18 --> Too few arguments to function CodeIgniter\HTTP\RedirectResponse::to(), 0 passed in C:\xampp\htdocs\DarshenFYP\app\Controllers\Home.php on line 226 and at least 1 expected
in SYSTEMPATH\HTTP\RedirectResponse.php on line 32.
 1 APPPATH\Controllers\Home.php(226): CodeIgniter\HTTP\RedirectResponse->to()
 2 SYSTEMPATH\CodeIgniter.php(904): App\Controllers\Home->AddCart1('1001')
 3 SYSTEMPATH\CodeIgniter.php(457): CodeIgniter\CodeIgniter->runController(Object(App\Controllers\Home))
 4 SYSTEMPATH\CodeIgniter.php(340): CodeIgniter\CodeIgniter->handleRequest(null, Object(Config\Cache), false)
 5 FCPATH\index.php(67): CodeIgniter\CodeIgniter->run()
CRITICAL - 2022-10-14 03:13:49 --> Too few arguments to function CodeIgniter\HTTP\RedirectResponse::to(), 0 passed in C:\xampp\htdocs\DarshenFYP\app\Controllers\Home.php on line 226 and at least 1 expected
in SYSTEMPATH\HTTP\RedirectResponse.php on line 32.
 1 APPPATH\Controllers\Home.php(226): CodeIgniter\HTTP\RedirectResponse->to()
 2 SYSTEMPATH\CodeIgniter.php(904): App\Controllers\Home->AddCart1('1001')
 3 SYSTEMPATH\CodeIgniter.php(457): CodeIgniter\CodeIgniter->runController(Object(App\Controllers\Home))
 4 SYSTEMPATH\CodeIgniter.php(340): CodeIgniter\CodeIgniter->handleRequest(null, Object(Config\Cache), false)
 5 FCPATH\index.php(67): CodeIgniter\CodeIgniter->run()
CRITICAL - 2022-10-14 03:14:17 --> Too few arguments to function CodeIgniter\HTTP\RedirectResponse::to(), 0 passed in C:\xampp\htdocs\DarshenFYP\app\Controllers\Home.php on line 226 and at least 1 expected
in SYSTEMPATH\HTTP\RedirectResponse.php on line 32.
 1 APPPATH\Controllers\Home.php(226): CodeIgniter\HTTP\RedirectResponse->to()
 2 SYSTEMPATH\CodeIgniter.php(904): App\Controllers\Home->AddCart1('1001')
 3 SYSTEMPATH\CodeIgniter.php(457): CodeIgniter\CodeIgniter->runController(Object(App\Controllers\Home))
 4 SYSTEMPATH\CodeIgniter.php(340): CodeIgniter\CodeIgniter->handleRequest(null, Object(Config\Cache), false)
 5 FCPATH\index.php(67): CodeIgniter\CodeIgniter->run()
CRITICAL - 2022-10-14 03:14:24 --> Too few arguments to function CodeIgniter\HTTP\RedirectResponse::to(), 0 passed in C:\xampp\htdocs\DarshenFYP\app\Controllers\Home.php on line 226 and at least 1 expected
in SYSTEMPATH\HTTP\RedirectResponse.php on line 32.
 1 APPPATH\Controllers\Home.php(226): CodeIgniter\HTTP\RedirectResponse->to()
 2 SYSTEMPATH\CodeIgniter.php(904): App\Controllers\Home->AddCart1('1001')
 3 SYSTEMPATH\CodeIgniter.php(457): CodeIgniter\CodeIgniter->runController(Object(App\Controllers\Home))
 4 SYSTEMPATH\CodeIgniter.php(340): CodeIgniter\CodeIgniter->handleRequest(null, Object(Config\Cache), false)
 5 FCPATH\index.php(67): CodeIgniter\CodeIgniter->run()
CRITICAL - 2022-10-14 03:14:52 --> Too few arguments to function CodeIgniter\HTTP\RedirectResponse::to(), 0 passed in C:\xampp\htdocs\DarshenFYP\app\Controllers\Home.php on line 226 and at least 1 expected
in SYSTEMPATH\HTTP\RedirectResponse.php on line 32.
 1 APPPATH\Controllers\Home.php(226): CodeIgniter\HTTP\RedirectResponse->to()
 2 SYSTEMPATH\CodeIgniter.php(904): App\Controllers\Home->AddCart1('1001')
 3 SYSTEMPATH\CodeIgniter.php(457): CodeIgniter\CodeIgniter->runController(Object(App\Controllers\Home))
 4 SYSTEMPATH\CodeIgniter.php(340): CodeIgniter\CodeIgniter->handleRequest(null, Object(Config\Cache), false)
 5 FCPATH\index.php(67): CodeIgniter\CodeIgniter->run()
CRITICAL - 2022-10-14 03:14:58 --> Too few arguments to function CodeIgniter\HTTP\RedirectResponse::to(), 0 passed in C:\xampp\htdocs\DarshenFYP\app\Controllers\Home.php on line 226 and at least 1 expected
in SYSTEMPATH\HTTP\RedirectResponse.php on line 32.
 1 APPPATH\Controllers\Home.php(226): CodeIgniter\HTTP\RedirectResponse->to()
 2 SYSTEMPATH\CodeIgniter.php(904): App\Controllers\Home->AddCart1('1001')
 3 SYSTEMPATH\CodeIgniter.php(457): CodeIgniter\CodeIgniter->runController(Object(App\Controllers\Home))
 4 SYSTEMPATH\CodeIgniter.php(340): CodeIgniter\CodeIgniter->handleRequest(null, Object(Config\Cache), false)
 5 FCPATH\index.php(67): CodeIgniter\CodeIgniter->run()
CRITICAL - 2022-10-14 03:17:41 --> syntax error, unexpected variable "$data"
in APPPATH\Controllers\Home.php on line 207.
 1 SYSTEMPATH\Autoloader\Autoloader.php(259): CodeIgniter\Autoloader\Autoloader->includeFile('APPPATH\\Controllers\\Home.php')
 2 SYSTEMPATH\Autoloader\Autoloader.php(237): CodeIgniter\Autoloader\Autoloader->loadInNamespace('App\\Controllers\\Home')
 3 [internal function]: CodeIgniter\Autoloader\Autoloader->loadClass('App\\Controllers\\Home')
 4 SYSTEMPATH\CodeIgniter.php(854): class_exists('\\App\\Controllers\\Home', true)
 5 SYSTEMPATH\CodeIgniter.php(444): CodeIgniter\CodeIgniter->startController()
 6 SYSTEMPATH\CodeIgniter.php(340): CodeIgniter\CodeIgniter->handleRequest(null, Object(Config\Cache), false)
 7 FCPATH\index.php(67): CodeIgniter\CodeIgniter->run()
CRITICAL - 2022-10-14 03:18:10 --> syntax error, unexpected variable "$cart_model"
in APPPATH\Controllers\Home.php on line 207.
 1 SYSTEMPATH\Autoloader\Autoloader.php(259): CodeIgniter\Autoloader\Autoloader->includeFile('APPPATH\\Controllers\\Home.php')
 2 SYSTEMPATH\Autoloader\Autoloader.php(237): CodeIgniter\Autoloader\Autoloader->loadInNamespace('App\\Controllers\\Home')
 3 [internal function]: CodeIgniter\Autoloader\Autoloader->loadClass('App\\Controllers\\Home')
 4 SYSTEMPATH\CodeIgniter.php(854): class_exists('\\App\\Controllers\\Home', true)
 5 SYSTEMPATH\CodeIgniter.php(444): CodeIgniter\CodeIgniter->startController()
 6 SYSTEMPATH\CodeIgniter.php(340): CodeIgniter\CodeIgniter->handleRequest(null, Object(Config\Cache), false)
 7 FCPATH\index.php(67): CodeIgniter\CodeIgniter->run()
CRITICAL - 2022-10-14 03:18:30 --> Undefined array key "cart"
in APPPATH\Controllers\Home.php on line 208.
 1 APPPATH\Controllers\Home.php(208): CodeIgniter\Debug\Exceptions->errorHandler(2, 'Undefined array key "cart"', 'APPPATH\\Controllers\\Home.php', 208)
 2 SYSTEMPATH\CodeIgniter.php(904): App\Controllers\Home->AddCart1('1001')
 3 SYSTEMPATH\CodeIgniter.php(457): CodeIgniter\CodeIgniter->runController(Object(App\Controllers\Home))
 4 SYSTEMPATH\CodeIgniter.php(340): CodeIgniter\CodeIgniter->handleRequest(null, Object(Config\Cache), false)
 5 FCPATH\index.php(67): CodeIgniter\CodeIgniter->run()
CRITICAL - 2022-10-14 03:20:49 --> Object of class App\Models\Cart_model could not be converted to int
in APPPATH\Controllers\Home.php on line 212.
 1 APPPATH\Controllers\Home.php(212): CodeIgniter\Debug\Exceptions->errorHandler(8, 'Object of class App\\Models\\Cart_model could not be converted to int', 'APPPATH\\Controllers\\Home.php', 212)
 2 SYSTEMPATH\CodeIgniter.php(904): App\Controllers\Home->AddCart1('1001')
 3 SYSTEMPATH\CodeIgniter.php(457): CodeIgniter\CodeIgniter->runController(Object(App\Controllers\Home))
 4 SYSTEMPATH\CodeIgniter.php(340): CodeIgniter\CodeIgniter->handleRequest(null, Object(Config\Cache), false)
 5 FCPATH\index.php(67): CodeIgniter\CodeIgniter->run()
CRITICAL - 2022-10-14 03:21:12 --> Trying to access array offset on value of type null
in APPPATH\Controllers\Home.php on line 212.
 1 APPPATH\Controllers\Home.php(212): CodeIgniter\Debug\Exceptions->errorHandler(2, 'Trying to access array offset on value of type null', 'APPPATH\\Controllers\\Home.php', 212)
 2 SYSTEMPATH\CodeIgniter.php(904): App\Controllers\Home->AddCart1('1001')
 3 SYSTEMPATH\CodeIgniter.php(457): CodeIgniter\CodeIgniter->runController(Object(App\Controllers\Home))
 4 SYSTEMPATH\CodeIgniter.php(340): CodeIgniter\CodeIgniter->handleRequest(null, Object(Config\Cache), false)
 5 FCPATH\index.php(67): CodeIgniter\CodeIgniter->run()
CRITICAL - 2022-10-14 03:21:54 --> Trying to access array offset on value of type null
in APPPATH\Controllers\Home.php on line 213.
 1 APPPATH\Controllers\Home.php(213): CodeIgniter\Debug\Exceptions->errorHandler(2, 'Trying to access array offset on value of type null', 'APPPATH\\Controllers\\Home.php', 213)
 2 SYSTEMPATH\CodeIgniter.php(904): App\Controllers\Home->AddCart1('1001')
 3 SYSTEMPATH\CodeIgniter.php(457): CodeIgniter\CodeIgniter->runController(Object(App\Controllers\Home))
 4 SYSTEMPATH\CodeIgniter.php(340): CodeIgniter\CodeIgniter->handleRequest(null, Object(Config\Cache), false)
 5 FCPATH\index.php(67): CodeIgniter\CodeIgniter->run()
CRITICAL - 2022-10-14 03:22:08 --> Trying to access array offset on value of type null
in APPPATH\Controllers\Home.php on line 212.
 1 APPPATH\Controllers\Home.php(212): CodeIgniter\Debug\Exceptions->errorHandler(2, 'Trying to access array offset on value of type null', 'APPPATH\\Controllers\\Home.php', 212)
 2 SYSTEMPATH\CodeIgniter.php(904): App\Controllers\Home->AddCart1('1001')
 3 SYSTEMPATH\CodeIgniter.php(457): CodeIgniter\CodeIgniter->runController(Object(App\Controllers\Home))
 4 SYSTEMPATH\CodeIgniter.php(340): CodeIgniter\CodeIgniter->handleRequest(null, Object(Config\Cache), false)
 5 FCPATH\index.php(67): CodeIgniter\CodeIgniter->run()
CRITICAL - 2022-10-14 03:22:17 --> Trying to access array offset on value of type null
in APPPATH\Controllers\Home.php on line 214.
 1 APPPATH\Controllers\Home.php(214): CodeIgniter\Debug\Exceptions->errorHandler(2, 'Trying to access array offset on value of type null', 'APPPATH\\Controllers\\Home.php', 214)
 2 SYSTEMPATH\CodeIgniter.php(904): App\Controllers\Home->AddCart1('1001')
 3 SYSTEMPATH\CodeIgniter.php(457): CodeIgniter\CodeIgniter->runController(Object(App\Controllers\Home))
 4 SYSTEMPATH\CodeIgniter.php(340): CodeIgniter\CodeIgniter->handleRequest(null, Object(Config\Cache), false)
 5 FCPATH\index.php(67): CodeIgniter\CodeIgniter->run()
CRITICAL - 2022-10-14 03:22:31 --> Trying to access array offset on value of type null
in APPPATH\Controllers\Home.php on line 212.
 1 APPPATH\Controllers\Home.php(212): CodeIgniter\Debug\Exceptions->errorHandler(2, 'Trying to access array offset on value of type null', 'APPPATH\\Controllers\\Home.php', 212)
 2 SYSTEMPATH\CodeIgniter.php(904): App\Controllers\Home->AddCart1('1001')
 3 SYSTEMPATH\CodeIgniter.php(457): CodeIgniter\CodeIgniter->runController(Object(App\Controllers\Home))
 4 SYSTEMPATH\CodeIgniter.php(340): CodeIgniter\CodeIgniter->handleRequest(null, Object(Config\Cache), false)
 5 FCPATH\index.php(67): CodeIgniter\CodeIgniter->run()
CRITICAL - 2022-10-14 03:22:43 --> Trying to access array offset on value of type null
in APPPATH\Controllers\Home.php on line 212.
 1 APPPATH\Controllers\Home.php(212): CodeIgniter\Debug\Exceptions->errorHandler(2, 'Trying to access array offset on value of type null', 'APPPATH\\Controllers\\Home.php', 212)
 2 SYSTEMPATH\CodeIgniter.php(904): App\Controllers\Home->AddCart1('1001')
 3 SYSTEMPATH\CodeIgniter.php(457): CodeIgniter\CodeIgniter->runController(Object(App\Controllers\Home))
 4 SYSTEMPATH\CodeIgniter.php(340): CodeIgniter\CodeIgniter->handleRequest(null, Object(Config\Cache), false)
 5 FCPATH\index.php(67): CodeIgniter\CodeIgniter->run()
CRITICAL - 2022-10-14 03:24:04 --> Too few arguments to function CodeIgniter\HTTP\RedirectResponse::to(), 0 passed in C:\xampp\htdocs\DarshenFYP\app\Controllers\Home.php on line 229 and at least 1 expected
in SYSTEMPATH\HTTP\RedirectResponse.php on line 32.
 1 APPPATH\Controllers\Home.php(229): CodeIgniter\HTTP\RedirectResponse->to()
 2 SYSTEMPATH\CodeIgniter.php(904): App\Controllers\Home->AddCart1('1001')
 3 SYSTEMPATH\CodeIgniter.php(457): CodeIgniter\CodeIgniter->runController(Object(App\Controllers\Home))
 4 SYSTEMPATH\CodeIgniter.php(340): CodeIgniter\CodeIgniter->handleRequest(null, Object(Config\Cache), false)
 5 FCPATH\index.php(67): CodeIgniter\CodeIgniter->run()
CRITICAL - 2022-10-14 03:24:50 --> Unsupported operand types: string + string
in APPPATH\Controllers\Home.php on line 212.
 1 SYSTEMPATH\CodeIgniter.php(904): App\Controllers\Home->AddCart1('1001')
 2 SYSTEMPATH\CodeIgniter.php(457): CodeIgniter\CodeIgniter->runController(Object(App\Controllers\Home))
 3 SYSTEMPATH\CodeIgniter.php(340): CodeIgniter\CodeIgniter->handleRequest(null, Object(Config\Cache), false)
 4 FCPATH\index.php(67): CodeIgniter\CodeIgniter->run()
CRITICAL - 2022-10-14 03:24:59 --> Too few arguments to function CodeIgniter\HTTP\RedirectResponse::to(), 0 passed in C:\xampp\htdocs\DarshenFYP\app\Controllers\Home.php on line 229 and at least 1 expected
in SYSTEMPATH\HTTP\RedirectResponse.php on line 32.
 1 APPPATH\Controllers\Home.php(229): CodeIgniter\HTTP\RedirectResponse->to()
 2 SYSTEMPATH\CodeIgniter.php(904): App\Controllers\Home->AddCart1('1001')
 3 SYSTEMPATH\CodeIgniter.php(457): CodeIgniter\CodeIgniter->runController(Object(App\Controllers\Home))
 4 SYSTEMPATH\CodeIgniter.php(340): CodeIgniter\CodeIgniter->handleRequest(null, Object(Config\Cache), false)
 5 FCPATH\index.php(67): CodeIgniter\CodeIgniter->run()
CRITICAL - 2022-10-14 03:25:42 --> Too few arguments to function CodeIgniter\HTTP\RedirectResponse::to(), 0 passed in C:\xampp\htdocs\DarshenFYP\app\Controllers\Home.php on line 228 and at least 1 expected
in SYSTEMPATH\HTTP\RedirectResponse.php on line 32.
 1 APPPATH\Controllers\Home.php(228): CodeIgniter\HTTP\RedirectResponse->to()
 2 SYSTEMPATH\CodeIgniter.php(904): App\Controllers\Home->AddCart1('1003')
 3 SYSTEMPATH\CodeIgniter.php(457): CodeIgniter\CodeIgniter->runController(Object(App\Controllers\Home))
 4 SYSTEMPATH\CodeIgniter.php(340): CodeIgniter\CodeIgniter->handleRequest(null, Object(Config\Cache), false)
 5 FCPATH\index.php(67): CodeIgniter\CodeIgniter->run()
CRITICAL - 2022-10-14 03:25:49 --> Too few arguments to function CodeIgniter\HTTP\RedirectResponse::to(), 0 passed in C:\xampp\htdocs\DarshenFYP\app\Controllers\Home.php on line 228 and at least 1 expected
in SYSTEMPATH\HTTP\RedirectResponse.php on line 32.
 1 APPPATH\Controllers\Home.php(228): CodeIgniter\HTTP\RedirectResponse->to()
 2 SYSTEMPATH\CodeIgniter.php(904): App\Controllers\Home->AddCart1('1003')
 3 SYSTEMPATH\CodeIgniter.php(457): CodeIgniter\CodeIgniter->runController(Object(App\Controllers\Home))
 4 SYSTEMPATH\CodeIgniter.php(340): CodeIgniter\CodeIgniter->handleRequest(null, Object(Config\Cache), false)
 5 FCPATH\index.php(67): CodeIgniter\CodeIgniter->run()
CRITICAL - 2022-10-14 03:26:03 --> Too few arguments to function CodeIgniter\HTTP\RedirectResponse::to(), 0 passed in C:\xampp\htdocs\DarshenFYP\app\Controllers\Home.php on line 228 and at least 1 expected
in SYSTEMPATH\HTTP\RedirectResponse.php on line 32.
 1 APPPATH\Controllers\Home.php(228): CodeIgniter\HTTP\RedirectResponse->to()
 2 SYSTEMPATH\CodeIgniter.php(904): App\Controllers\Home->AddCart1('1003')
 3 SYSTEMPATH\CodeIgniter.php(457): CodeIgniter\CodeIgniter->runController(Object(App\Controllers\Home))
 4 SYSTEMPATH\CodeIgniter.php(340): CodeIgniter\CodeIgniter->handleRequest(null, Object(Config\Cache), false)
 5 FCPATH\index.php(67): CodeIgniter\CodeIgniter->run()
CRITICAL - 2022-10-14 03:26:15 --> Too few arguments to function CodeIgniter\HTTP\RedirectResponse::to(), 0 passed in C:\xampp\htdocs\DarshenFYP\app\Controllers\Home.php on line 228 and at least 1 expected
in SYSTEMPATH\HTTP\RedirectResponse.php on line 32.
 1 APPPATH\Controllers\Home.php(228): CodeIgniter\HTTP\RedirectResponse->to()
 2 SYSTEMPATH\CodeIgniter.php(904): App\Controllers\Home->AddCart1('1003')
 3 SYSTEMPATH\CodeIgniter.php(457): CodeIgniter\CodeIgniter->runController(Object(App\Controllers\Home))
 4 SYSTEMPATH\CodeIgniter.php(340): CodeIgniter\CodeIgniter->handleRequest(null, Object(Config\Cache), false)
 5 FCPATH\index.php(67): CodeIgniter\CodeIgniter->run()
CRITICAL - 2022-10-14 03:26:23 --> Too few arguments to function CodeIgniter\HTTP\RedirectResponse::to(), 0 passed in C:\xampp\htdocs\DarshenFYP\app\Controllers\Home.php on line 228 and at least 1 expected
in SYSTEMPATH\HTTP\RedirectResponse.php on line 32.
 1 APPPATH\Controllers\Home.php(228): CodeIgniter\HTTP\RedirectResponse->to()
 2 SYSTEMPATH\CodeIgniter.php(904): App\Controllers\Home->AddCart1('1003')
 3 SYSTEMPATH\CodeIgniter.php(457): CodeIgniter\CodeIgniter->runController(Object(App\Controllers\Home))
 4 SYSTEMPATH\CodeIgniter.php(340): CodeIgniter\CodeIgniter->handleRequest(null, Object(Config\Cache), false)
 5 FCPATH\index.php(67): CodeIgniter\CodeIgniter->run()
CRITICAL - 2022-10-14 03:28:01 --> Unclosed '{' on line 204 does not match ')'
in APPPATH\Controllers\Home.php on line 210.
 1 SYSTEMPATH\Autoloader\Autoloader.php(259): CodeIgniter\Autoloader\Autoloader->includeFile('APPPATH\\Controllers\\Home.php')
 2 SYSTEMPATH\Autoloader\Autoloader.php(237): CodeIgniter\Autoloader\Autoloader->loadInNamespace('App\\Controllers\\Home')
 3 [internal function]: CodeIgniter\Autoloader\Autoloader->loadClass('App\\Controllers\\Home')
 4 SYSTEMPATH\CodeIgniter.php(854): class_exists('\\App\\Controllers\\Home', true)
 5 SYSTEMPATH\CodeIgniter.php(444): CodeIgniter\CodeIgniter->startController()
 6 SYSTEMPATH\CodeIgniter.php(340): CodeIgniter\CodeIgniter->handleRequest(null, Object(Config\Cache), false)
 7 FCPATH\index.php(67): CodeIgniter\CodeIgniter->run()
CRITICAL - 2022-10-14 03:28:07 --> Call to a member function num_rows() on array
in APPPATH\Controllers\Home.php on line 210.
 1 SYSTEMPATH\CodeIgniter.php(904): App\Controllers\Home->AddCart1('1003')
 2 SYSTEMPATH\CodeIgniter.php(457): CodeIgniter\CodeIgniter->runController(Object(App\Controllers\Home))
 3 SYSTEMPATH\CodeIgniter.php(340): CodeIgniter\CodeIgniter->handleRequest(null, Object(Config\Cache), false)
 4 FCPATH\index.php(67): CodeIgniter\CodeIgniter->run()
CRITICAL - 2022-10-14 03:28:43 --> Too few arguments to function CodeIgniter\HTTP\RedirectResponse::to(), 0 passed in C:\xampp\htdocs\DarshenFYP\app\Controllers\Home.php on line 231 and at least 1 expected
in SYSTEMPATH\HTTP\RedirectResponse.php on line 32.
 1 APPPATH\Controllers\Home.php(231): CodeIgniter\HTTP\RedirectResponse->to()
 2 SYSTEMPATH\CodeIgniter.php(904): App\Controllers\Home->AddCart1('1003')
 3 SYSTEMPATH\CodeIgniter.php(457): CodeIgniter\CodeIgniter->runController(Object(App\Controllers\Home))
 4 SYSTEMPATH\CodeIgniter.php(340): CodeIgniter\CodeIgniter->handleRequest(null, Object(Config\Cache), false)
 5 FCPATH\index.php(67): CodeIgniter\CodeIgniter->run()
CRITICAL - 2022-10-14 03:28:54 --> Too few arguments to function CodeIgniter\HTTP\RedirectResponse::to(), 0 passed in C:\xampp\htdocs\DarshenFYP\app\Controllers\Home.php on line 231 and at least 1 expected
in SYSTEMPATH\HTTP\RedirectResponse.php on line 32.
 1 APPPATH\Controllers\Home.php(231): CodeIgniter\HTTP\RedirectResponse->to()
 2 SYSTEMPATH\CodeIgniter.php(904): App\Controllers\Home->AddCart1('1003')
 3 SYSTEMPATH\CodeIgniter.php(457): CodeIgniter\CodeIgniter->runController(Object(App\Controllers\Home))
 4 SYSTEMPATH\CodeIgniter.php(340): CodeIgniter\CodeIgniter->handleRequest(null, Object(Config\Cache), false)
 5 FCPATH\index.php(67): CodeIgniter\CodeIgniter->run()
CRITICAL - 2022-10-14 03:29:04 --> Array to string conversion
in APPPATH\Controllers\Home.php on line 211.
 1 APPPATH\Controllers\Home.php(211): CodeIgniter\Debug\Exceptions->errorHandler(2, 'Array to string conversion', 'APPPATH\\Controllers\\Home.php', 211)
 2 SYSTEMPATH\CodeIgniter.php(904): App\Controllers\Home->AddCart1('1003')
 3 SYSTEMPATH\CodeIgniter.php(457): CodeIgniter\CodeIgniter->runController(Object(App\Controllers\Home))
 4 SYSTEMPATH\CodeIgniter.php(340): CodeIgniter\CodeIgniter->handleRequest(null, Object(Config\Cache), false)
 5 FCPATH\index.php(67): CodeIgniter\CodeIgniter->run()
CRITICAL - 2022-10-14 03:30:17 --> Too few arguments to function CodeIgniter\HTTP\RedirectResponse::to(), 0 passed in C:\xampp\htdocs\DarshenFYP\app\Controllers\Home.php on line 258 and at least 1 expected
in SYSTEMPATH\HTTP\RedirectResponse.php on line 32.
 1 APPPATH\Controllers\Home.php(258): CodeIgniter\HTTP\RedirectResponse->to()
 2 SYSTEMPATH\CodeIgniter.php(904): App\Controllers\Home->AddCart1('1003')
 3 SYSTEMPATH\CodeIgniter.php(457): CodeIgniter\CodeIgniter->runController(Object(App\Controllers\Home))
 4 SYSTEMPATH\CodeIgniter.php(340): CodeIgniter\CodeIgniter->handleRequest(null, Object(Config\Cache), false)
 5 FCPATH\index.php(67): CodeIgniter\CodeIgniter->run()
CRITICAL - 2022-10-14 03:30:54 --> Too few arguments to function CodeIgniter\HTTP\RedirectResponse::to(), 0 passed in C:\xampp\htdocs\DarshenFYP\app\Controllers\Home.php on line 267 and at least 1 expected
in SYSTEMPATH\HTTP\RedirectResponse.php on line 32.
 1 APPPATH\Controllers\Home.php(267): CodeIgniter\HTTP\RedirectResponse->to()
 2 SYSTEMPATH\CodeIgniter.php(904): App\Controllers\Home->AddCart1('1001')
 3 SYSTEMPATH\CodeIgniter.php(457): CodeIgniter\CodeIgniter->runController(Object(App\Controllers\Home))
 4 SYSTEMPATH\CodeIgniter.php(340): CodeIgniter\CodeIgniter->handleRequest(null, Object(Config\Cache), false)
 5 FCPATH\index.php(67): CodeIgniter\CodeIgniter->run()
CRITICAL - 2022-10-14 03:32:20 --> Too few arguments to function CodeIgniter\HTTP\RedirectResponse::to(), 0 passed in C:\xampp\htdocs\DarshenFYP\app\Controllers\Home.php on line 289 and at least 1 expected
in SYSTEMPATH\HTTP\RedirectResponse.php on line 32.
 1 APPPATH\Controllers\Home.php(289): CodeIgniter\HTTP\RedirectResponse->to()
 2 SYSTEMPATH\CodeIgniter.php(904): App\Controllers\Home->AddCart1('1001')
 3 SYSTEMPATH\CodeIgniter.php(457): CodeIgniter\CodeIgniter->runController(Object(App\Controllers\Home))
 4 SYSTEMPATH\CodeIgniter.php(340): CodeIgniter\CodeIgniter->handleRequest(null, Object(Config\Cache), false)
 5 FCPATH\index.php(67): CodeIgniter\CodeIgniter->run()
CRITICAL - 2022-10-14 03:32:35 --> syntax error, unexpected token "else"
in APPPATH\Controllers\Home.php on line 236.
 1 SYSTEMPATH\Autoloader\Autoloader.php(259): CodeIgniter\Autoloader\Autoloader->includeFile('APPPATH\\Controllers\\Home.php')
 2 SYSTEMPATH\Autoloader\Autoloader.php(237): CodeIgniter\Autoloader\Autoloader->loadInNamespace('App\\Controllers\\Home')
 3 [internal function]: CodeIgniter\Autoloader\Autoloader->loadClass('App\\Controllers\\Home')
 4 SYSTEMPATH\CodeIgniter.php(854): class_exists('\\App\\Controllers\\Home', true)
 5 SYSTEMPATH\CodeIgniter.php(444): CodeIgniter\CodeIgniter->startController()
 6 SYSTEMPATH\CodeIgniter.php(340): CodeIgniter\CodeIgniter->handleRequest(null, Object(Config\Cache), false)
 7 FCPATH\index.php(67): CodeIgniter\CodeIgniter->run()
CRITICAL - 2022-10-14 03:33:18 --> Too few arguments to function CodeIgniter\HTTP\RedirectResponse::to(), 0 passed in C:\xampp\htdocs\DarshenFYP\app\Controllers\Home.php on line 223 and at least 1 expected
in SYSTEMPATH\HTTP\RedirectResponse.php on line 32.
 1 APPPATH\Controllers\Home.php(223): CodeIgniter\HTTP\RedirectResponse->to()
 2 SYSTEMPATH\CodeIgniter.php(904): App\Controllers\Home->AddCart1('1001')
 3 SYSTEMPATH\CodeIgniter.php(457): CodeIgniter\CodeIgniter->runController(Object(App\Controllers\Home))
 4 SYSTEMPATH\CodeIgniter.php(340): CodeIgniter\CodeIgniter->handleRequest(null, Object(Config\Cache), false)
 5 FCPATH\index.php(67): CodeIgniter\CodeIgniter->run()
ERROR - 2022-10-14 03:38:57 --> mysqli_sql_exception: Unknown column 'id' in 'where clause' in C:\xampp\htdocs\DarshenFYP\system\Database\MySQLi\Connection.php:292
Stack trace:
#0 C:\xampp\htdocs\DarshenFYP\system\Database\MySQLi\Connection.php(292): mysqli->query('UPDATE `cart` S...', 0)
#1 C:\xampp\htdocs\DarshenFYP\system\Database\BaseConnection.php(693): CodeIgniter\Database\MySQLi\Connection->execute('UPDATE `cart` S...')
#2 C:\xampp\htdocs\DarshenFYP\system\Database\BaseConnection.php(620): CodeIgniter\Database\BaseConnection->simpleQuery('UPDATE `cart` S...')
#3 C:\xampp\htdocs\DarshenFYP\system\Database\BaseBuilder.php(2078): CodeIgniter\Database\BaseConnection->query('UPDATE `cart` S...', Array, false)
#4 C:\xampp\htdocs\DarshenFYP\system\Model.php(338): CodeIgniter\Database\BaseBuilder->update()
#5 C:\xampp\htdocs\DarshenFYP\system\BaseModel.php(865): CodeIgniter\Model->doUpdate(NULL, Array)
#6 C:\xampp\htdocs\DarshenFYP\system\Model.php(693): CodeIgniter\BaseModel->update(NULL, Array)
#7 C:\xampp\htdocs\DarshenFYP\app\Controllers\Home.php(224): CodeIgniter\Model->update()
#8 C:\xampp\htdocs\DarshenFYP\system\CodeIgniter.php(904): App\Controllers\Home->AddCart1('1001')
#9 C:\xampp\htdocs\DarshenFYP\system\CodeIgniter.php(457): CodeIgniter\CodeIgniter->runController(Object(App\Controllers\Home))
#10 C:\xampp\htdocs\DarshenFYP\system\CodeIgniter.php(340): CodeIgniter\CodeIgniter->handleRequest(NULL, Object(Config\Cache), false)
#11 C:\xampp\htdocs\DarshenFYP\public\index.php(67): CodeIgniter\CodeIgniter->run()
#12 {main}
CRITICAL - 2022-10-14 03:38:57 --> Too few arguments to function CodeIgniter\HTTP\RedirectResponse::to(), 0 passed in C:\xampp\htdocs\DarshenFYP\app\Controllers\Home.php on line 285 and at least 1 expected
in SYSTEMPATH\HTTP\RedirectResponse.php on line 32.
 1 APPPATH\Controllers\Home.php(285): CodeIgniter\HTTP\RedirectResponse->to()
 2 SYSTEMPATH\CodeIgniter.php(904): App\Controllers\Home->AddCart1('1001')
 3 SYSTEMPATH\CodeIgniter.php(457): CodeIgniter\CodeIgniter->runController(Object(App\Controllers\Home))
 4 SYSTEMPATH\CodeIgniter.php(340): CodeIgniter\CodeIgniter->handleRequest(null, Object(Config\Cache), false)
 5 FCPATH\index.php(67): CodeIgniter\CodeIgniter->run()
CRITICAL - 2022-10-14 03:42:02 --> syntax error, unexpected token ";", expecting ")"
in APPPATH\Controllers\Home.php on line 376.
 1 SYSTEMPATH\Router\Router.php(499): CodeIgniter\Router\AutoRouter->getRoute('Home/Payment')
 2 SYSTEMPATH\Router\Router.php(205): CodeIgniter\Router\Router->autoRoute('Home/Payment')
 3 SYSTEMPATH\CodeIgniter.php(779): CodeIgniter\Router\Router->handle('Home/Payment')
 4 SYSTEMPATH\CodeIgniter.php(406): CodeIgniter\CodeIgniter->tryToRouteIt(Object(CodeIgniter\Router\RouteCollection))
 5 SYSTEMPATH\CodeIgniter.php(340): CodeIgniter\CodeIgniter->handleRequest(null, Object(Config\Cache), false)
 6 FCPATH\index.php(67): CodeIgniter\CodeIgniter->run()
CRITICAL - 2022-10-14 03:48:37 --> Call to undefined function set_value()
in APPPATH\Views\Home\Payment.php on line 27.
 1 SYSTEMPATH\View\View.php(213): include()
 2 SYSTEMPATH\View\View.php(216): CodeIgniter\View\View->CodeIgniter\View\{closure}()
 3 SYSTEMPATH\Common.php(1142): CodeIgniter\View\View->render('Home/Payment.php', [], true)
 4 APPPATH\Controllers\Home.php(376): view('Home/Payment.php')
 5 SYSTEMPATH\CodeIgniter.php(904): App\Controllers\Home->Payment()
 6 SYSTEMPATH\CodeIgniter.php(457): CodeIgniter\CodeIgniter->runController(Object(App\Controllers\Home))
 7 SYSTEMPATH\CodeIgniter.php(340): CodeIgniter\CodeIgniter->handleRequest(null, Object(Config\Cache), false)
 8 FCPATH\index.php(67): CodeIgniter\CodeIgniter->run()
CRITICAL - 2022-10-14 04:18:57 --> Unclosed '{' on line 14
in APPPATH\Controllers\Home.php on line 382.
 1 SYSTEMPATH\Router\Router.php(499): CodeIgniter\Router\AutoRouter->getRoute('Home/Payment')
 2 SYSTEMPATH\Router\Router.php(205): CodeIgniter\Router\Router->autoRoute('Home/Payment')
 3 SYSTEMPATH\CodeIgniter.php(779): CodeIgniter\Router\Router->handle('Home/Payment')
 4 SYSTEMPATH\CodeIgniter.php(406): CodeIgniter\CodeIgniter->tryToRouteIt(Object(CodeIgniter\Router\RouteCollection))
 5 SYSTEMPATH\CodeIgniter.php(340): CodeIgniter\CodeIgniter->handleRequest(null, Object(Config\Cache), false)
 6 FCPATH\index.php(67): CodeIgniter\CodeIgniter->run()
CRITICAL - 2022-10-14 04:20:57 --> Too few arguments to function CodeIgniter\HTTP\RedirectResponse::to(), 0 passed in C:\xampp\htdocs\DarshenFYP\app\Controllers\Home.php on line 285 and at least 1 expected
in SYSTEMPATH\HTTP\RedirectResponse.php on line 32.
 1 APPPATH\Controllers\Home.php(285): CodeIgniter\HTTP\RedirectResponse->to()
 2 SYSTEMPATH\CodeIgniter.php(904): App\Controllers\Home->AddCart1('1005')
 3 SYSTEMPATH\CodeIgniter.php(457): CodeIgniter\CodeIgniter->runController(Object(App\Controllers\Home))
 4 SYSTEMPATH\CodeIgniter.php(340): CodeIgniter\CodeIgniter->handleRequest(null, Object(Config\Cache), false)
 5 FCPATH\index.php(67): CodeIgniter\CodeIgniter->run()
CRITICAL - 2022-10-14 04:26:02 --> syntax error, unexpected token "echo"
in APPPATH\Views\Home\Payment.php on line 107.
 1 SYSTEMPATH\View\View.php(216): CodeIgniter\View\View->CodeIgniter\View\{closure}()
 2 SYSTEMPATH\Common.php(1142): CodeIgniter\View\View->render('Home/Payment.php', [], true)
 3 APPPATH\Controllers\Home.php(380): view('Home/Payment.php', [...])
 4 SYSTEMPATH\CodeIgniter.php(904): App\Controllers\Home->Payment()
 5 SYSTEMPATH\CodeIgniter.php(457): CodeIgniter\CodeIgniter->runController(Object(App\Controllers\Home))
 6 SYSTEMPATH\CodeIgniter.php(340): CodeIgniter\CodeIgniter->handleRequest(null, Object(Config\Cache), false)
 7 FCPATH\index.php(67): CodeIgniter\CodeIgniter->run()
CRITICAL - 2022-10-14 04:26:11 --> Unmatched '}'
in APPPATH\Views\Home\Payment.php on line 108.
 1 SYSTEMPATH\View\View.php(216): CodeIgniter\View\View->CodeIgniter\View\{closure}()
 2 SYSTEMPATH\Common.php(1142): CodeIgniter\View\View->render('Home/Payment.php', [], true)
 3 APPPATH\Controllers\Home.php(380): view('Home/Payment.php', [...])
 4 SYSTEMPATH\CodeIgniter.php(904): App\Controllers\Home->Payment()
 5 SYSTEMPATH\CodeIgniter.php(457): CodeIgniter\CodeIgniter->runController(Object(App\Controllers\Home))
 6 SYSTEMPATH\CodeIgniter.php(340): CodeIgniter\CodeIgniter->handleRequest(null, Object(Config\Cache), false)
 7 FCPATH\index.php(67): CodeIgniter\CodeIgniter->run()
CRITICAL - 2022-10-14 04:26:17 --> Undefined variable $cartSum
in APPPATH\Views\Home\Payment.php on line 103.
 1 APPPATH\Views\Home\Payment.php(103): CodeIgniter\Debug\Exceptions->errorHandler(2, 'Undefined variable $cartSum', 'APPPATH\\Views\\Home\\Payment.php', 103)
 2 SYSTEMPATH\View\View.php(213): include('APPPATH\\Views\\Home\\Payment.php')
 3 SYSTEMPATH\View\View.php(216): CodeIgniter\View\View->CodeIgniter\View\{closure}()
 4 SYSTEMPATH\Common.php(1142): CodeIgniter\View\View->render('Home/Payment.php', [], true)
 5 APPPATH\Controllers\Home.php(380): view('Home/Payment.php', [...])
 6 SYSTEMPATH\CodeIgniter.php(904): App\Controllers\Home->Payment()
 7 SYSTEMPATH\CodeIgniter.php(457): CodeIgniter\CodeIgniter->runController(Object(App\Controllers\Home))
 8 SYSTEMPATH\CodeIgniter.php(340): CodeIgniter\CodeIgniter->handleRequest(null, Object(Config\Cache), false)
 9 FCPATH\index.php(67): CodeIgniter\CodeIgniter->run()
